2025-07-14 12:05:37,935 - property_scraper - INFO - Starting property scraper...
2025-07-14 12:05:37,936 - property_scraper - INFO - Using DEMO MODE for reliable operation.
2025-07-14 12:05:37,936 - property_scraper - INFO - Starting property scraper in DEMO MODE...
2025-07-14 12:05:37,936 - property_scraper - INFO - Skipping village Colaba as it's already processed.
2025-07-14 12:05:37,936 - property_scraper - INFO - Skipping doc number 0 as it's already processed.
2025-07-14 12:05:37,936 - property_scraper - INFO - Skipping doc number 1 as it's already processed.
2025-07-14 12:05:37,937 - property_scraper - INFO - Processing combination: 2025_Mumbai_Mumbai City_Fort_2
2025-07-14 12:05:37,937 - property_scraper - INFO - Processing in DEMO MODE: Year=2025, District=Mumbai, Taluka=Mumbai City, Village=Fort, Doc#=2
2025-07-14 12:05:37,938 - property_scraper - INFO - Simulating navigation to https://pay2igr.igrmaharashtra.gov.in/eDisplay/Propertydetails/index
2025-07-14 12:05:38,439 - property_scraper - INFO - Simulating selecting Year: 2025
2025-07-14 12:05:38,439 - property_scraper - INFO - Simulating selecting District: Mumbai
2025-07-14 12:05:38,439 - property_scraper - INFO - Simulating selecting Taluka: Mumbai City
2025-07-14 12:05:38,439 - property_scraper - INFO - Simulating selecting Village: Fort
2025-07-14 12:05:38,440 - property_scraper - INFO - Simulating entering Document Number: 2
2025-07-14 12:05:38,440 - property_scraper - INFO - Simulating captcha solving...
2025-07-14 12:05:39,441 - property_scraper - INFO - Captcha solved: FCPS2H
2025-07-14 12:05:39,441 - property_scraper - INFO - Simulating clicking Search button...
2025-07-14 12:05:39,953 - property_scraper - INFO - Found 5 entries with 'List No. 2' buttons in the search results table
2025-07-14 12:05:39,954 - property_scraper - INFO - Clicking on 'List No. 2' button for entry #1...
2025-07-14 12:05:40,755 - property_scraper - INFO - Downloaded PDF from 'List No. 2' button: 2025_List_No_2_property_doc_750.pdf
2025-07-14 12:05:40,756 - property_scraper - INFO - Clicking on 'List No. 2' button for entry #2...
2025-07-14 12:05:41,557 - property_scraper - INFO - Downloaded PDF from 'List No. 2' button: 2025_List_No_2_property_doc_133.pdf
2025-07-14 12:05:41,557 - property_scraper - INFO - Clicking on 'List No. 2' button for entry #3...
2025-07-14 12:05:42,360 - property_scraper - INFO - Downloaded PDF from 'List No. 2' button: 2025_List_No_2_property_doc_657.pdf
2025-07-14 12:05:42,360 - property_scraper - INFO - Clicking on 'List No. 2' button for entry #4...
2025-07-14 12:05:43,161 - property_scraper - INFO - Downloaded PDF from 'List No. 2' button: 2025_List_No_2_property_doc_747.pdf
2025-07-14 12:05:43,162 - property_scraper - INFO - Clicking on 'List No. 2' button for entry #5...
2025-07-14 12:05:43,962 - property_scraper - INFO - Downloaded PDF from 'List No. 2' button: 2025_List_No_2_property_doc_381.pdf
2025-07-14 12:05:43,963 - property_scraper - INFO - Successfully downloaded 5 PDFs from 'List No. 2' buttons
2025-07-14 12:05:43,964 - property_scraper - INFO - Successfully processed combination: 2025_Mumbai_Mumbai City_Fort_2
2025-07-14 12:05:43,964 - property_scraper - INFO - Daily requests: 1/5
2025-07-14 12:05:43,964 - property_scraper - INFO - Waiting 6.15 seconds before next request...
2025-07-14 12:05:50,116 - property_scraper - INFO - Processing combination: 2025_Mumbai_Mumbai Suburban_Andheri_0
2025-07-14 12:05:50,117 - property_scraper - INFO - Processing in DEMO MODE: Year=2025, District=Mumbai, Taluka=Mumbai Suburban, Village=Andheri, Doc#=0
2025-07-14 12:05:50,117 - property_scraper - INFO - Simulating navigation to https://pay2igr.igrmaharashtra.gov.in/eDisplay/Propertydetails/index
2025-07-14 12:05:50,618 - property_scraper - INFO - Simulating selecting Year: 2025
2025-07-14 12:05:50,618 - property_scraper - INFO - Simulating selecting District: Mumbai
2025-07-14 12:05:50,618 - property_scraper - INFO - Simulating selecting Taluka: Mumbai Suburban
2025-07-14 12:05:50,618 - property_scraper - INFO - Simulating selecting Village: Andheri
2025-07-14 12:05:50,619 - property_scraper - INFO - Simulating entering Document Number: 0
2025-07-14 12:05:50,619 - property_scraper - INFO - Simulating captcha solving...
2025-07-14 12:05:51,620 - property_scraper - ERROR - Failed to solve captcha
2025-07-14 12:05:51,620 - property_scraper - ERROR - Failed to handle captcha. Retrying...
2025-07-14 12:05:51,620 - property_scraper - INFO - Simulating captcha solving...
2025-07-14 12:05:52,621 - property_scraper - INFO - Captcha solved: DDT5OK
2025-07-14 12:05:52,621 - property_scraper - INFO - Simulating clicking Search button...
2025-07-14 12:05:53,123 - property_scraper - INFO - Found 4 entries with 'List No. 2' buttons in the search results table
2025-07-14 12:05:53,123 - property_scraper - INFO - Clicking on 'List No. 2' button for entry #1...
2025-07-14 12:05:53,924 - property_scraper - WARNING - Failed to download PDF for entry #1. The download link may be broken.
2025-07-14 12:05:53,924 - property_scraper - INFO - Clicking on 'List No. 2' button for entry #2...
2025-07-14 12:05:54,726 - property_scraper - INFO - Downloaded PDF from 'List No. 2' button: 2025_List_No_2_property_doc_647.pdf
2025-07-14 12:05:54,726 - property_scraper - INFO - Clicking on 'List No. 2' button for entry #3...
2025-07-14 12:05:55,624 - property_scraper - INFO - Downloaded PDF from 'List No. 2' button: 2025_List_No_2_property_doc_259.pdf
2025-07-14 12:05:55,624 - property_scraper - INFO - Clicking on 'List No. 2' button for entry #4...
2025-07-14 12:05:56,427 - property_scraper - INFO - Downloaded PDF from 'List No. 2' button: 2025_List_No_2_property_doc_461.pdf
2025-07-14 12:05:56,427 - property_scraper - INFO - Successfully downloaded 3 PDFs from 'List No. 2' buttons
2025-07-14 12:05:56,428 - property_scraper - INFO - Successfully processed combination: 2025_Mumbai_Mumbai Suburban_Andheri_0
2025-07-14 12:05:56,428 - property_scraper - INFO - Daily requests: 2/5
2025-07-14 12:05:56,428 - property_scraper - INFO - Waiting 6.27 seconds before next request...
2025-07-14 12:06:02,700 - property_scraper - INFO - Processing combination: 2025_Mumbai_Mumbai Suburban_Andheri_1
2025-07-14 12:06:02,700 - property_scraper - INFO - Processing in DEMO MODE: Year=2025, District=Mumbai, Taluka=Mumbai Suburban, Village=Andheri, Doc#=1
2025-07-14 12:06:02,701 - property_scraper - INFO - Simulating navigation to https://pay2igr.igrmaharashtra.gov.in/eDisplay/Propertydetails/index
2025-07-14 12:06:03,203 - property_scraper - INFO - Simulating selecting Year: 2025
2025-07-14 12:06:03,203 - property_scraper - INFO - Simulating selecting District: Mumbai
2025-07-14 12:06:03,203 - property_scraper - INFO - Simulating selecting Taluka: Mumbai Suburban
2025-07-14 12:06:03,203 - property_scraper - INFO - Simulating selecting Village: Andheri
2025-07-14 12:06:03,204 - property_scraper - INFO - Simulating entering Document Number: 1
2025-07-14 12:06:03,204 - property_scraper - INFO - Simulating captcha solving...
2025-07-14 12:06:04,205 - property_scraper - INFO - Captcha solved: OAZAEW
2025-07-14 12:06:04,205 - property_scraper - INFO - Simulating clicking Search button...
2025-07-14 12:06:04,707 - property_scraper - INFO - Found 4 entries with 'List No. 2' buttons in the search results table
2025-07-14 12:06:04,707 - property_scraper - INFO - Clicking on 'List No. 2' button for entry #1...
2025-07-14 12:06:05,507 - property_scraper - INFO - Downloaded PDF from 'List No. 2' button: 2025_List_No_2_property_doc_860.pdf
2025-07-14 12:06:05,508 - property_scraper - INFO - Clicking on 'List No. 2' button for entry #2...
2025-07-14 12:06:06,309 - property_scraper - INFO - Downloaded PDF from 'List No. 2' button: 2025_List_No_2_property_doc_257.pdf
2025-07-14 12:06:06,310 - property_scraper - INFO - Clicking on 'List No. 2' button for entry #3...
2025-07-14 12:06:07,112 - property_scraper - INFO - Downloaded PDF from 'List No. 2' button: 2025_List_No_2_property_doc_869.pdf
2025-07-14 12:06:07,113 - property_scraper - INFO - Clicking on 'List No. 2' button for entry #4...
2025-07-14 12:06:07,914 - property_scraper - INFO - Downloaded PDF from 'List No. 2' button: 2025_List_No_2_property_doc_945.pdf
2025-07-14 12:06:07,914 - property_scraper - INFO - Successfully downloaded 4 PDFs from 'List No. 2' buttons
2025-07-14 12:06:07,914 - property_scraper - INFO - Successfully processed combination: 2025_Mumbai_Mumbai Suburban_Andheri_1
2025-07-14 12:06:07,915 - property_scraper - INFO - Daily requests: 3/5
2025-07-14 12:06:07,915 - property_scraper - INFO - Waiting 6.25 seconds before next request...
2025-07-14 12:06:14,166 - property_scraper - INFO - Processing combination: 2025_Mumbai_Mumbai Suburban_Andheri_2
2025-07-14 12:06:14,167 - property_scraper - INFO - Processing in DEMO MODE: Year=2025, District=Mumbai, Taluka=Mumbai Suburban, Village=Andheri, Doc#=2
2025-07-14 12:06:14,167 - property_scraper - INFO - Simulating navigation to https://pay2igr.igrmaharashtra.gov.in/eDisplay/Propertydetails/index
2025-07-14 12:06:14,668 - property_scraper - INFO - Simulating selecting Year: 2025
2025-07-14 12:06:14,668 - property_scraper - INFO - Simulating selecting District: Mumbai
2025-07-14 12:06:14,668 - property_scraper - INFO - Simulating selecting Taluka: Mumbai Suburban
2025-07-14 12:06:14,668 - property_scraper - INFO - Simulating selecting Village: Andheri
2025-07-14 12:06:14,669 - property_scraper - INFO - Simulating entering Document Number: 2
2025-07-14 12:06:14,669 - property_scraper - INFO - Simulating captcha solving...
2025-07-14 12:06:15,670 - property_scraper - INFO - Captcha solved: RJRRRW
2025-07-14 12:06:15,670 - property_scraper - INFO - Simulating clicking Search button...
2025-07-14 12:06:16,171 - property_scraper - INFO - Found 2 entries with 'List No. 2' buttons in the search results table
2025-07-14 12:06:16,171 - property_scraper - INFO - Clicking on 'List No. 2' button for entry #1...
2025-07-14 12:06:16,973 - property_scraper - INFO - Downloaded PDF from 'List No. 2' button: 2025_List_No_2_property_doc_715.pdf
2025-07-14 12:06:16,974 - property_scraper - INFO - Clicking on 'List No. 2' button for entry #2...
2025-07-14 12:06:17,775 - property_scraper - INFO - Downloaded PDF from 'List No. 2' button: 2025_List_No_2_property_doc_507.pdf
2025-07-14 12:06:17,776 - property_scraper - INFO - Successfully downloaded 2 PDFs from 'List No. 2' buttons
2025-07-14 12:06:17,776 - property_scraper - INFO - Successfully processed combination: 2025_Mumbai_Mumbai Suburban_Andheri_2
2025-07-14 12:06:17,777 - property_scraper - INFO - Daily requests: 4/5
2025-07-14 12:06:17,777 - property_scraper - INFO - Waiting 4.32 seconds before next request...
2025-07-14 12:06:22,101 - property_scraper - INFO - Processing combination: 2025_Mumbai_Mumbai Suburban_Bandra_0
2025-07-14 12:06:22,102 - property_scraper - INFO - Processing in DEMO MODE: Year=2025, District=Mumbai, Taluka=Mumbai Suburban, Village=Bandra, Doc#=0
2025-07-14 12:06:22,102 - property_scraper - INFO - Simulating navigation to https://pay2igr.igrmaharashtra.gov.in/eDisplay/Propertydetails/index
2025-07-14 12:06:22,603 - property_scraper - INFO - Simulating selecting Year: 2025
2025-07-14 12:06:22,603 - property_scraper - INFO - Simulating selecting District: Mumbai
2025-07-14 12:06:22,603 - property_scraper - INFO - Simulating selecting Taluka: Mumbai Suburban
2025-07-14 12:06:22,604 - property_scraper - INFO - Simulating selecting Village: Bandra
2025-07-14 12:06:22,604 - property_scraper - INFO - Simulating entering Document Number: 0
2025-07-14 12:06:22,604 - property_scraper - INFO - Simulating captcha solving...
2025-07-14 12:06:23,605 - property_scraper - INFO - Captcha solved: OVT2WW
2025-07-14 12:06:23,605 - property_scraper - INFO - Simulating clicking Search button...
2025-07-14 12:06:24,106 - property_scraper - INFO - Found 4 entries with 'List No. 2' buttons in the search results table
2025-07-14 12:06:24,106 - property_scraper - INFO - Clicking on 'List No. 2' button for entry #1...
2025-07-14 12:06:24,908 - property_scraper - INFO - Downloaded PDF from 'List No. 2' button: 2025_List_No_2_property_doc_912.pdf
2025-07-14 12:06:24,908 - property_scraper - INFO - Clicking on 'List No. 2' button for entry #2...
2025-07-14 12:06:25,710 - property_scraper - INFO - Downloaded PDF from 'List No. 2' button: 2025_List_No_2_property_doc_597.pdf
2025-07-14 12:06:25,710 - property_scraper - INFO - Clicking on 'List No. 2' button for entry #3...
2025-07-14 12:06:26,511 - property_scraper - WARNING - Failed to download PDF for entry #3. The download link may be broken.
2025-07-14 12:06:26,511 - property_scraper - INFO - Clicking on 'List No. 2' button for entry #4...
2025-07-14 12:06:27,312 - property_scraper - INFO - Downloaded PDF from 'List No. 2' button: 2025_List_No_2_property_doc_213.pdf
2025-07-14 12:06:27,313 - property_scraper - INFO - Successfully downloaded 3 PDFs from 'List No. 2' buttons
2025-07-14 12:06:27,313 - property_scraper - INFO - Successfully processed combination: 2025_Mumbai_Mumbai Suburban_Bandra_0
2025-07-14 12:06:27,314 - property_scraper - INFO - Daily requests: 5/5
2025-07-14 12:06:27,314 - property_scraper - INFO - Waiting 3.13 seconds before next request...
2025-07-14 12:06:30,445 - property_scraper - INFO - Processing combination: 2025_Mumbai_Mumbai Suburban_Bandra_1
2025-07-14 12:06:30,445 - property_scraper - INFO - Daily limit of 5 requests reached.
2025-07-14 12:06:30,445 - property_scraper - INFO - Daily limit reached. Stopping processing.
2025-07-14 12:06:30,445 - property_scraper - INFO - Daily limit of 5 requests reached.
2025-07-14 12:06:30,445 - property_scraper - INFO - Daily limit reached. Exiting.
