2025-07-14 12:14:48,076 - property_scraper - INFO - Starting property scraper...
2025-07-14 12:14:48,076 - property_scraper - INFO - Using DEMO MODE for reliable operation.
2025-07-14 12:14:48,076 - property_scraper - INFO - Starting property scraper in DEMO MODE...
2025-07-14 12:14:48,076 - property_scraper - INFO - Skipping district Mumbai as it's already processed.
2025-07-14 12:14:48,077 - property_scraper - INFO - Skipping district Pune as it's already processed.
2025-07-14 12:14:48,077 - property_scraper - INFO - Skipping district Nagpur as it's already processed.
2025-07-14 12:14:48,077 - property_scraper - INFO - Skipping doc number 0 as it's already processed.
2025-07-14 12:14:48,077 - property_scraper - INFO - Processing combination: 2025_Thane_Thane_Naupada_1
2025-07-14 12:14:48,140 - property_scraper - INFO - Processing in DEMO MODE: Year=2025, District=Thane, Taluka=Thane, Village=Naupada, Doc#=1
2025-07-14 12:14:48,141 - property_scraper - INFO - Simulating navigation to https://pay2igr.igrmaharashtra.gov.in/eDisplay/Propertydetails/index
2025-07-14 12:14:48,642 - property_scraper - INFO - Simulating selecting Year: 2025
2025-07-14 12:14:48,642 - property_scraper - INFO - Simulating selecting District: Thane
2025-07-14 12:14:48,642 - property_scraper - INFO - Simulating selecting Taluka: Thane
2025-07-14 12:14:48,643 - property_scraper - INFO - Simulating selecting Village: Naupada
2025-07-14 12:14:48,643 - property_scraper - INFO - Simulating entering Document Number: 1
2025-07-14 12:14:48,643 - property_scraper - INFO - Simulating captcha solving...
2025-07-14 12:14:49,644 - property_scraper - INFO - Captcha solved: S2ZU5A
2025-07-14 12:14:49,644 - property_scraper - INFO - Simulating clicking Search button...
2025-07-14 12:14:50,146 - property_scraper - INFO - Found 5 entries with 'List No. 2' buttons in the search results table
2025-07-14 12:14:50,146 - property_scraper - INFO - Clicking on 'List No. 2' button for entry #1...
2025-07-14 12:14:50,947 - property_scraper - WARNING - Failed to open PDF for entry #1 in new tab. The link may be broken.
2025-07-14 12:14:50,947 - property_scraper - INFO - Clicking on 'List No. 2' button for entry #2...
2025-07-14 12:14:51,748 - property_scraper - INFO - PDF opened in new tab: Doc Reg. No. THN5-9321-2025
2025-07-14 12:14:51,748 - property_scraper - INFO - Downloading PDF from new tab...
2025-07-14 12:14:52,751 - property_scraper - INFO - Downloaded PDF: 9321-2025-IndexII_copy.pdf
2025-07-14 12:14:52,751 - property_scraper - INFO - Clicking on 'List No. 2' button for entry #3...
2025-07-14 12:14:53,551 - property_scraper - INFO - PDF opened in new tab: Doc Reg. No. PUN1-6183-2025
2025-07-14 12:14:53,551 - property_scraper - INFO - Downloading PDF from new tab...
2025-07-14 12:14:54,553 - property_scraper - INFO - Downloaded PDF: 6183-2025-IndexII_copy.pdf
2025-07-14 12:14:54,553 - property_scraper - INFO - Clicking on 'List No. 2' button for entry #4...
2025-07-14 12:14:55,354 - property_scraper - INFO - PDF opened in new tab: Doc Reg. No. BRL1-5418-2025
2025-07-14 12:14:55,354 - property_scraper - INFO - Downloading PDF from new tab...
2025-07-14 12:14:56,356 - property_scraper - INFO - Downloaded PDF: 5418-2025-IndexII_copy.pdf
2025-07-14 12:14:56,356 - property_scraper - INFO - Clicking on 'List No. 2' button for entry #5...
2025-07-14 12:14:57,158 - property_scraper - INFO - PDF opened in new tab: Doc Reg. No. NGP4-5908-2025
2025-07-14 12:14:57,158 - property_scraper - INFO - Downloading PDF from new tab...
2025-07-14 12:14:58,160 - property_scraper - INFO - Downloaded PDF: 5908-2025-IndexII_copy.pdf
2025-07-14 12:14:58,160 - property_scraper - INFO - Successfully downloaded 4 PDFs from 'List No. 2' buttons
2025-07-14 12:14:58,160 - property_scraper - INFO - Successfully processed combination: 2025_Thane_Thane_Naupada_1
2025-07-14 12:14:58,161 - property_scraper - INFO - Daily requests: 1/5
2025-07-14 12:14:58,161 - property_scraper - INFO - Waiting 5.24 seconds before next request...
2025-07-14 12:15:03,399 - property_scraper - INFO - Processing combination: 2025_Thane_Thane_Naupada_2
2025-07-14 12:15:03,399 - property_scraper - INFO - Processing in DEMO MODE: Year=2025, District=Thane, Taluka=Thane, Village=Naupada, Doc#=2
2025-07-14 12:15:03,400 - property_scraper - INFO - Simulating navigation to https://pay2igr.igrmaharashtra.gov.in/eDisplay/Propertydetails/index
2025-07-14 12:15:03,902 - property_scraper - INFO - Simulating selecting Year: 2025
2025-07-14 12:15:03,917 - property_scraper - INFO - Simulating selecting District: Thane
2025-07-14 12:15:03,935 - property_scraper - INFO - Simulating selecting Taluka: Thane
2025-07-14 12:15:03,935 - property_scraper - INFO - Simulating selecting Village: Naupada
2025-07-14 12:15:03,937 - property_scraper - INFO - Simulating entering Document Number: 2
2025-07-14 12:15:03,938 - property_scraper - INFO - Simulating captcha solving...
2025-07-14 12:15:04,939 - property_scraper - INFO - Captcha solved: W0KDIW
2025-07-14 12:15:04,939 - property_scraper - INFO - Simulating clicking Search button...
2025-07-14 12:15:05,440 - property_scraper - INFO - Found 5 entries with 'List No. 2' buttons in the search results table
2025-07-14 12:15:05,440 - property_scraper - INFO - Clicking on 'List No. 2' button for entry #1...
2025-07-14 12:15:06,241 - property_scraper - INFO - PDF opened in new tab: Doc Reg. No. AND5-7920-2025
2025-07-14 12:15:06,241 - property_scraper - INFO - Downloading PDF from new tab...
2025-07-14 12:15:07,244 - property_scraper - INFO - Downloaded PDF: 7920-2025-IndexII_copy.pdf
2025-07-14 12:15:07,244 - property_scraper - INFO - Clicking on 'List No. 2' button for entry #2...
2025-07-14 12:15:08,045 - property_scraper - INFO - PDF opened in new tab: Doc Reg. No. NGP3-5949-2025
2025-07-14 12:15:08,045 - property_scraper - INFO - Downloading PDF from new tab...
2025-07-14 12:15:09,056 - property_scraper - INFO - Downloaded PDF: 5949-2025-IndexII_copy.pdf
2025-07-14 12:15:09,069 - property_scraper - INFO - Clicking on 'List No. 2' button for entry #3...
2025-07-14 12:15:09,894 - property_scraper - INFO - PDF opened in new tab: Doc Reg. No. THN3-8692-2025
2025-07-14 12:15:09,894 - property_scraper - INFO - Downloading PDF from new tab...
2025-07-14 12:15:10,896 - property_scraper - INFO - Downloaded PDF: 8692-2025-IndexII_copy.pdf
2025-07-14 12:15:10,897 - property_scraper - INFO - Clicking on 'List No. 2' button for entry #4...
2025-07-14 12:15:11,697 - property_scraper - INFO - PDF opened in new tab: Doc Reg. No. NGP5-2523-2025
2025-07-14 12:15:11,697 - property_scraper - INFO - Downloading PDF from new tab...
2025-07-14 12:15:12,699 - property_scraper - INFO - Downloaded PDF: 2523-2025-IndexII_copy.pdf
2025-07-14 12:15:12,699 - property_scraper - INFO - Clicking on 'List No. 2' button for entry #5...
2025-07-14 12:15:13,500 - property_scraper - WARNING - Failed to open PDF for entry #5 in new tab. The link may be broken.
2025-07-14 12:15:13,504 - property_scraper - INFO - Successfully downloaded 4 PDFs from 'List No. 2' buttons
2025-07-14 12:15:13,505 - property_scraper - INFO - Successfully processed combination: 2025_Thane_Thane_Naupada_2
2025-07-14 12:15:13,506 - property_scraper - INFO - Daily requests: 2/5
2025-07-14 12:15:13,507 - property_scraper - INFO - Waiting 4.52 seconds before next request...
2025-07-14 12:15:18,033 - property_scraper - INFO - Skipping village Majiwada as it's already processed.
2025-07-14 12:15:18,033 - property_scraper - INFO - Skipping taluka Kalyan as it's already processed.
2025-07-14 12:15:18,033 - property_scraper - INFO - Skipping year 2024 as it's already processed.
2025-07-14 12:15:18,033 - property_scraper - INFO - Skipping year 2022 as it's already processed.
2025-07-14 12:15:18,034 - property_scraper - INFO - Skipping year 2023 as it's already processed.
2025-07-14 12:15:18,034 - property_scraper - INFO - Demo scraper completed.
