2025-07-14 11:51:59,695 - property_scraper - INFO - Starting property scraper...
2025-07-14 11:51:59,696 - property_scraper - INFO - Using DEMO MODE for reliable operation.
2025-07-14 11:51:59,696 - property_scraper - INFO - Starting property scraper in DEMO MODE...
2025-07-14 11:51:59,696 - property_scraper - INFO - Processing combination: 2020_Mumbai_Mumbai City_Colaba_0
2025-07-14 11:51:59,697 - property_scraper - INFO - Processing in DEMO MODE: Year=2020, District=Mumbai, Taluka=Mumbai City, Village=Colaba, Doc#=0
2025-07-14 11:51:59,698 - property_scraper - INFO - Simulating navigation to https://pay2igr.igrmaharashtra.gov.in/eDisplay/Propertydetails/index
2025-07-14 11:52:00,200 - property_scraper - INFO - Simulating selecting Year: 2020
2025-07-14 11:52:00,200 - property_scraper - INFO - Simulating selecting District: Mumbai
2025-07-14 11:52:00,201 - property_scraper - INFO - Simulating selecting Taluka: Mumbai City
2025-07-14 11:52:00,201 - property_scraper - INFO - Simulating selecting Village: Colaba
2025-07-14 11:52:00,201 - property_scraper - INFO - Simulating entering Document Number: 0
2025-07-14 11:52:00,201 - property_scraper - INFO - Simulating captcha solving...
2025-07-14 11:52:01,203 - property_scraper - INFO - Captcha solved: 7UHQPE
2025-07-14 11:52:01,203 - property_scraper - INFO - Simulating clicking Search button...
2025-07-14 11:52:01,712 - property_scraper - INFO - Simulating download of 3 PDFs...
2025-07-14 11:52:02,214 - property_scraper - INFO - Created simulated PDF: property_doc_7844.pdf
2025-07-14 11:52:02,715 - property_scraper - INFO - Created simulated PDF: property_doc_8692.pdf
2025-07-14 11:52:03,216 - property_scraper - INFO - Created simulated PDF: property_doc_6688.pdf
2025-07-14 11:52:03,217 - property_scraper - INFO - Successfully processed combination: 2020_Mumbai_Mumbai City_Colaba_0
2025-07-14 11:52:03,217 - property_scraper - INFO - Daily requests: 1/5
2025-07-14 11:52:03,218 - property_scraper - INFO - Waiting 3.13 seconds before next request...
2025-07-14 11:52:06,344 - property_scraper - INFO - Processing combination: 2020_Mumbai_Mumbai City_Colaba_1
2025-07-14 11:52:06,345 - property_scraper - INFO - Processing in DEMO MODE: Year=2020, District=Mumbai, Taluka=Mumbai City, Village=Colaba, Doc#=1
2025-07-14 11:52:06,345 - property_scraper - INFO - Simulating navigation to https://pay2igr.igrmaharashtra.gov.in/eDisplay/Propertydetails/index
2025-07-14 11:52:06,847 - property_scraper - INFO - Simulating selecting Year: 2020
2025-07-14 11:52:06,847 - property_scraper - INFO - Simulating selecting District: Mumbai
2025-07-14 11:52:06,847 - property_scraper - INFO - Simulating selecting Taluka: Mumbai City
2025-07-14 11:52:06,847 - property_scraper - INFO - Simulating selecting Village: Colaba
2025-07-14 11:52:06,848 - property_scraper - INFO - Simulating entering Document Number: 1
2025-07-14 11:52:06,848 - property_scraper - INFO - Simulating captcha solving...
2025-07-14 11:52:07,849 - property_scraper - INFO - Captcha solved: OUXV5X
2025-07-14 11:52:07,849 - property_scraper - INFO - Simulating clicking Search button...
2025-07-14 11:52:08,350 - property_scraper - INFO - Simulating download of 1 PDFs...
2025-07-14 11:52:08,850 - property_scraper - INFO - Created simulated PDF: property_doc_1918.pdf
2025-07-14 11:52:08,851 - property_scraper - INFO - Successfully processed combination: 2020_Mumbai_Mumbai City_Colaba_1
2025-07-14 11:52:08,851 - property_scraper - INFO - Daily requests: 2/5
2025-07-14 11:52:08,851 - property_scraper - INFO - Waiting 4.58 seconds before next request...
2025-07-14 11:52:13,430 - property_scraper - INFO - Processing combination: 2020_Mumbai_Mumbai City_Colaba_2
2025-07-14 11:52:13,430 - property_scraper - INFO - Processing in DEMO MODE: Year=2020, District=Mumbai, Taluka=Mumbai City, Village=Colaba, Doc#=2
2025-07-14 11:52:13,431 - property_scraper - INFO - Simulating navigation to https://pay2igr.igrmaharashtra.gov.in/eDisplay/Propertydetails/index
2025-07-14 11:52:13,933 - property_scraper - INFO - Simulating selecting Year: 2020
2025-07-14 11:52:13,933 - property_scraper - INFO - Simulating selecting District: Mumbai
2025-07-14 11:52:13,933 - property_scraper - INFO - Simulating selecting Taluka: Mumbai City
2025-07-14 11:52:13,933 - property_scraper - INFO - Simulating selecting Village: Colaba
2025-07-14 11:52:13,933 - property_scraper - INFO - Simulating entering Document Number: 2
2025-07-14 11:52:13,933 - property_scraper - INFO - Simulating captcha solving...
2025-07-14 11:52:14,934 - property_scraper - INFO - Captcha solved: S0ZDJ1
2025-07-14 11:52:14,934 - property_scraper - INFO - Simulating clicking Search button...
2025-07-14 11:52:15,435 - property_scraper - INFO - Simulating download of 3 PDFs...
2025-07-14 11:52:15,937 - property_scraper - INFO - Created simulated PDF: property_doc_6578.pdf
2025-07-14 11:52:16,439 - property_scraper - INFO - Created simulated PDF: property_doc_4278.pdf
2025-07-14 11:52:16,940 - property_scraper - INFO - Created simulated PDF: property_doc_8371.pdf
2025-07-14 11:52:16,941 - property_scraper - INFO - Successfully processed combination: 2020_Mumbai_Mumbai City_Colaba_2
2025-07-14 11:52:16,942 - property_scraper - INFO - Daily requests: 3/5
2025-07-14 11:52:16,942 - property_scraper - INFO - Waiting 5.24 seconds before next request...
2025-07-14 11:52:22,181 - property_scraper - INFO - Processing combination: 2020_Mumbai_Mumbai City_Fort_0
2025-07-14 11:52:22,182 - property_scraper - INFO - Processing in DEMO MODE: Year=2020, District=Mumbai, Taluka=Mumbai City, Village=Fort, Doc#=0
2025-07-14 11:52:22,182 - property_scraper - INFO - Simulating navigation to https://pay2igr.igrmaharashtra.gov.in/eDisplay/Propertydetails/index
2025-07-14 11:52:22,683 - property_scraper - INFO - Simulating selecting Year: 2020
2025-07-14 11:52:22,683 - property_scraper - INFO - Simulating selecting District: Mumbai
2025-07-14 11:52:22,683 - property_scraper - INFO - Simulating selecting Taluka: Mumbai City
2025-07-14 11:52:22,683 - property_scraper - INFO - Simulating selecting Village: Fort
2025-07-14 11:52:22,684 - property_scraper - INFO - Simulating entering Document Number: 0
2025-07-14 11:52:22,684 - property_scraper - INFO - Simulating captcha solving...
2025-07-14 11:52:23,686 - property_scraper - INFO - Captcha solved: 5WHRA2
2025-07-14 11:52:23,686 - property_scraper - INFO - Simulating clicking Search button...
2025-07-14 11:52:24,186 - property_scraper - INFO - Simulating download of 2 PDFs...
2025-07-14 11:52:24,688 - property_scraper - INFO - Created simulated PDF: property_doc_3807.pdf
2025-07-14 11:52:25,190 - property_scraper - INFO - Created simulated PDF: property_doc_5299.pdf
2025-07-14 11:52:25,190 - property_scraper - INFO - Successfully processed combination: 2020_Mumbai_Mumbai City_Fort_0
2025-07-14 11:52:25,190 - property_scraper - INFO - Daily requests: 4/5
2025-07-14 11:52:25,191 - property_scraper - INFO - Waiting 3.97 seconds before next request...
2025-07-14 11:52:29,166 - property_scraper - INFO - Processing combination: 2020_Mumbai_Mumbai City_Fort_1
2025-07-14 11:52:29,166 - property_scraper - INFO - Processing in DEMO MODE: Year=2020, District=Mumbai, Taluka=Mumbai City, Village=Fort, Doc#=1
2025-07-14 11:52:29,167 - property_scraper - INFO - Simulating navigation to https://pay2igr.igrmaharashtra.gov.in/eDisplay/Propertydetails/index
2025-07-14 11:52:29,670 - property_scraper - INFO - Simulating selecting Year: 2020
2025-07-14 11:52:29,670 - property_scraper - INFO - Simulating selecting District: Mumbai
2025-07-14 11:52:29,670 - property_scraper - INFO - Simulating selecting Taluka: Mumbai City
2025-07-14 11:52:29,670 - property_scraper - INFO - Simulating selecting Village: Fort
2025-07-14 11:52:29,670 - property_scraper - INFO - Simulating entering Document Number: 1
2025-07-14 11:52:29,671 - property_scraper - INFO - Simulating captcha solving...
2025-07-14 11:52:30,672 - property_scraper - INFO - Captcha solved: KXCY6L
2025-07-14 11:52:30,672 - property_scraper - INFO - Simulating clicking Search button...
2025-07-14 11:52:31,173 - property_scraper - INFO - Simulating download of 2 PDFs...
2025-07-14 11:52:31,674 - property_scraper - INFO - Created simulated PDF: property_doc_7259.pdf
2025-07-14 11:52:32,176 - property_scraper - INFO - Created simulated PDF: property_doc_1799.pdf
2025-07-14 11:52:32,177 - property_scraper - INFO - Successfully processed combination: 2020_Mumbai_Mumbai City_Fort_1
2025-07-14 11:52:32,177 - property_scraper - INFO - Daily requests: 5/5
2025-07-14 11:52:32,178 - property_scraper - INFO - Waiting 6.75 seconds before next request...
2025-07-14 11:52:38,928 - property_scraper - INFO - Processing combination: 2020_Mumbai_Mumbai City_Fort_2
2025-07-14 11:52:38,928 - property_scraper - INFO - Daily limit of 5 requests reached.
2025-07-14 11:52:38,928 - property_scraper - INFO - Daily limit reached. Stopping processing.
2025-07-14 11:52:38,929 - property_scraper - INFO - Daily limit of 5 requests reached.
2025-07-14 11:52:38,929 - property_scraper - INFO - Daily limit reached. Exiting.
