2025-07-14 13:03:54,463 - property_scraper - INFO - Starting property scraper with automated dropdown selection...
2025-07-14 13:03:54,463 - property_scraper - INFO - Using DEMO MODE for reliable operation.
2025-07-14 13:03:54,463 - property_scraper - INFO - Starting property scraper in DEMO MODE with automatic dropdown selection...
2025-07-14 13:03:54,464 - property_scraper - INFO - Automatically selecting values from dropdowns...
2025-07-14 13:03:54,464 - property_scraper - INFO - Fetching options for dropdown 'year'...
2025-07-14 13:03:54,765 - property_scraper - INFO - Selected Year: 2022
2025-07-14 13:03:54,765 - property_scraper - INFO - Fetching options for dropdown 'district'...
2025-07-14 13:03:55,067 - property_scraper - INFO - Selected District: Mumbai
2025-07-14 13:03:55,067 - property_scraper - INFO - Fetching options for dropdown 'taluka'...
2025-07-14 13:03:55,393 - property_scraper - INFO - Selected Taluka: Mumbai Suburban
2025-07-14 13:03:55,413 - property_scraper - INFO - Fetching options for dropdown 'village'...
2025-07-14 13:03:55,757 - property_scraper - INFO - Selected Village: Andheri
2025-07-14 13:03:55,803 - property_scraper - INFO - Selected Document Number: 1
2025-07-14 13:03:55,804 - property_scraper - INFO - Processing combination: 2022_Mumbai_Mumbai Suburban_Andheri_1
2025-07-14 13:03:55,806 - property_scraper - INFO - Processing in DEMO MODE: Year=2022, District=Mumbai, Taluka=Mumbai Suburban, Village=Andheri, Doc#=1
2025-07-14 13:03:55,807 - property_scraper - INFO - Simulating navigation to https://pay2igr.igrmaharashtra.gov.in/eDisplay/Propertydetails/index
2025-07-14 13:03:56,312 - property_scraper - INFO - Simulating selecting Year: 2022
2025-07-14 13:03:56,312 - property_scraper - INFO - Simulating selecting District: Mumbai
2025-07-14 13:03:56,312 - property_scraper - INFO - Simulating selecting Taluka: Mumbai Suburban
2025-07-14 13:03:56,313 - property_scraper - INFO - Simulating selecting Village: Andheri
2025-07-14 13:03:56,313 - property_scraper - INFO - Simulating entering Document Number: 1
2025-07-14 13:03:56,313 - property_scraper - INFO - Simulating captcha solving...
2025-07-14 13:03:57,315 - property_scraper - INFO - Captcha solved: L7UAT1
2025-07-14 13:03:57,315 - property_scraper - INFO - Simulating clicking Search button...
2025-07-14 13:03:57,816 - property_scraper - INFO - Selecting 'All' entries per page from dropdown...
2025-07-14 13:03:58,317 - property_scraper - INFO - Page refreshed with All entries per page
2025-07-14 13:03:59,117 - property_scraper - INFO - Found 2019 entries with 'List No. 2' buttons in the search results table
2025-07-14 13:03:59,117 - property_scraper - INFO - For demo purposes, downloading only 5 PDFs out of 2019 entries
2025-07-14 13:03:59,118 - property_scraper - INFO - In real usage, you could download all PDFs by processing them in batches
2025-07-14 13:03:59,118 - property_scraper - INFO - Clicking on 'List No. 2' button for entry #1...
2025-07-14 13:03:59,920 - property_scraper - WARNING - Failed to open PDF for entry #1 in new tab. The link may be broken.
2025-07-14 13:03:59,920 - property_scraper - INFO - Clicking on 'List No. 2' button for entry #2...
2025-07-14 13:04:00,721 - property_scraper - INFO - PDF opened in new tab: Doc Reg. No. THN8-8360-2022
2025-07-14 13:04:00,721 - property_scraper - INFO - Downloading PDF from new tab...
2025-07-14 13:04:01,722 - property_scraper - INFO - Downloaded PDF: 8360-2022-IndexII_copy.pdf
2025-07-14 13:04:01,723 - property_scraper - INFO - Clicking on 'List No. 2' button for entry #3...
2025-07-14 13:04:02,524 - property_scraper - INFO - PDF opened in new tab: Doc Reg. No. PUN1-3760-2022
2025-07-14 13:04:02,524 - property_scraper - INFO - Downloading PDF from new tab...
2025-07-14 13:04:03,526 - property_scraper - INFO - Downloaded PDF: 3760-2022-IndexII_copy.pdf
2025-07-14 13:04:03,526 - property_scraper - INFO - Clicking on 'List No. 2' button for entry #4...
2025-07-14 13:04:04,327 - property_scraper - WARNING - Failed to open PDF for entry #4 in new tab. The link may be broken.
2025-07-14 13:04:04,327 - property_scraper - INFO - Clicking on 'List No. 2' button for entry #5...
2025-07-14 13:04:05,128 - property_scraper - INFO - PDF opened in new tab: Doc Reg. No. BRL7-8216-2022
2025-07-14 13:04:05,128 - property_scraper - INFO - Downloading PDF from new tab...
2025-07-14 13:04:06,196 - property_scraper - INFO - Downloaded PDF: 8216-2022-IndexII_copy.pdf
2025-07-14 13:04:06,196 - property_scraper - INFO - Successfully downloaded 3 PDFs from 'List No. 2' buttons
2025-07-14 13:04:06,197 - property_scraper - INFO - Successfully processed combination: 2022_Mumbai_Mumbai Suburban_Andheri_1
2025-07-14 13:04:06,197 - property_scraper - INFO - Daily requests: 1/5
2025-07-14 13:04:06,198 - property_scraper - INFO - Waiting 5.90 seconds before next request...
2025-07-14 13:04:12,103 - property_scraper - INFO - Automatically selecting values from dropdowns...
2025-07-14 13:04:12,103 - property_scraper - INFO - Fetching options for dropdown 'year'...
2025-07-14 13:04:12,404 - property_scraper - INFO - Selected Year: 2024
2025-07-14 13:04:12,404 - property_scraper - INFO - Fetching options for dropdown 'district'...
2025-07-14 13:04:12,705 - property_scraper - INFO - Selected District: Thane
2025-07-14 13:04:12,705 - property_scraper - INFO - Fetching options for dropdown 'taluka'...
2025-07-14 13:04:13,011 - property_scraper - INFO - Selected Taluka: Thane
2025-07-14 13:04:13,024 - property_scraper - INFO - Fetching options for dropdown 'village'...
2025-07-14 13:04:13,333 - property_scraper - INFO - Selected Village: Majiwada
2025-07-14 13:04:13,348 - property_scraper - INFO - Selected Document Number: 4
2025-07-14 13:04:13,372 - property_scraper - INFO - Processing combination: 2024_Thane_Thane_Majiwada_4
2025-07-14 13:04:13,383 - property_scraper - INFO - Processing in DEMO MODE: Year=2024, District=Thane, Taluka=Thane, Village=Majiwada, Doc#=4
2025-07-14 13:04:13,383 - property_scraper - INFO - Simulating navigation to https://pay2igr.igrmaharashtra.gov.in/eDisplay/Propertydetails/index
2025-07-14 13:04:13,886 - property_scraper - INFO - Simulating selecting Year: 2024
2025-07-14 13:04:13,886 - property_scraper - INFO - Simulating selecting District: Thane
2025-07-14 13:04:13,886 - property_scraper - INFO - Simulating selecting Taluka: Thane
2025-07-14 13:04:13,886 - property_scraper - INFO - Simulating selecting Village: Majiwada
2025-07-14 13:04:13,887 - property_scraper - INFO - Simulating entering Document Number: 4
2025-07-14 13:04:13,887 - property_scraper - INFO - Simulating captcha solving...
2025-07-14 13:04:14,888 - property_scraper - INFO - Captcha solved: KU6RLM
2025-07-14 13:04:14,888 - property_scraper - INFO - Simulating clicking Search button...
2025-07-14 13:04:15,389 - property_scraper - INFO - Selecting 'All' entries per page from dropdown...
2025-07-14 13:04:15,890 - property_scraper - INFO - Page refreshed with All entries per page
2025-07-14 13:04:16,691 - property_scraper - INFO - Found 1923 entries with 'List No. 2' buttons in the search results table
2025-07-14 13:04:16,691 - property_scraper - INFO - For demo purposes, downloading only 5 PDFs out of 1923 entries
2025-07-14 13:04:16,691 - property_scraper - INFO - In real usage, you could download all PDFs by processing them in batches
2025-07-14 13:04:16,691 - property_scraper - INFO - Clicking on 'List No. 2' button for entry #1...
2025-07-14 13:04:17,492 - property_scraper - INFO - PDF opened in new tab: Doc Reg. No. BRL5-4373-2024
2025-07-14 13:04:17,492 - property_scraper - INFO - Downloading PDF from new tab...
2025-07-14 13:04:18,493 - property_scraper - INFO - Downloaded PDF: 4373-2024-IndexII_copy.pdf
2025-07-14 13:04:18,495 - property_scraper - INFO - Clicking on 'List No. 2' button for entry #2...
2025-07-14 13:04:19,321 - property_scraper - WARNING - Failed to open PDF for entry #2 in new tab. The link may be broken.
2025-07-14 13:04:19,333 - property_scraper - INFO - Clicking on 'List No. 2' button for entry #3...
2025-07-14 13:04:20,135 - property_scraper - INFO - PDF opened in new tab: Doc Reg. No. PUN2-2114-2024
2025-07-14 13:04:20,135 - property_scraper - INFO - Downloading PDF from new tab...
2025-07-14 13:04:21,136 - property_scraper - INFO - Downloaded PDF: 2114-2024-IndexII_copy.pdf
2025-07-14 13:04:21,136 - property_scraper - INFO - Clicking on 'List No. 2' button for entry #4...
2025-07-14 13:04:21,938 - property_scraper - WARNING - Failed to open PDF for entry #4 in new tab. The link may be broken.
2025-07-14 13:04:21,938 - property_scraper - INFO - Clicking on 'List No. 2' button for entry #5...
2025-07-14 13:04:22,739 - property_scraper - INFO - PDF opened in new tab: Doc Reg. No. NGP9-7945-2024
2025-07-14 13:04:22,739 - property_scraper - INFO - Downloading PDF from new tab...
2025-07-14 13:04:23,741 - property_scraper - INFO - Downloaded PDF: 7945-2024-IndexII_copy.pdf
2025-07-14 13:04:23,741 - property_scraper - INFO - Successfully downloaded 3 PDFs from 'List No. 2' buttons
2025-07-14 13:04:23,742 - property_scraper - INFO - Successfully processed combination: 2024_Thane_Thane_Majiwada_4
2025-07-14 13:04:23,742 - property_scraper - INFO - Daily requests: 2/5
2025-07-14 13:04:23,743 - property_scraper - INFO - Waiting 5.51 seconds before next request...
2025-07-14 13:04:29,258 - property_scraper - INFO - Automatically selecting values from dropdowns...
2025-07-14 13:04:29,258 - property_scraper - INFO - Fetching options for dropdown 'year'...
2025-07-14 13:04:29,560 - property_scraper - INFO - Selected Year: 2024
2025-07-14 13:04:29,560 - property_scraper - INFO - Fetching options for dropdown 'district'...
2025-07-14 13:04:29,875 - property_scraper - INFO - Selected District: Thane
2025-07-14 13:04:29,907 - property_scraper - INFO - Fetching options for dropdown 'taluka'...
2025-07-14 13:04:30,252 - property_scraper - INFO - Selected Taluka: Kalyan
2025-07-14 13:04:30,277 - property_scraper - INFO - Fetching options for dropdown 'village'...
2025-07-14 13:04:30,580 - property_scraper - INFO - Selected Village: Kalyan East
2025-07-14 13:04:30,580 - property_scraper - INFO - Selected Document Number: 6
2025-07-14 13:04:30,580 - property_scraper - INFO - Processing combination: 2024_Thane_Kalyan_Kalyan East_6
2025-07-14 13:04:30,581 - property_scraper - INFO - Processing in DEMO MODE: Year=2024, District=Thane, Taluka=Kalyan, Village=Kalyan East, Doc#=6
2025-07-14 13:04:30,582 - property_scraper - INFO - Simulating navigation to https://pay2igr.igrmaharashtra.gov.in/eDisplay/Propertydetails/index
2025-07-14 13:04:31,083 - property_scraper - INFO - Simulating selecting Year: 2024
2025-07-14 13:04:31,083 - property_scraper - INFO - Simulating selecting District: Thane
2025-07-14 13:04:31,083 - property_scraper - INFO - Simulating selecting Taluka: Kalyan
2025-07-14 13:04:31,083 - property_scraper - INFO - Simulating selecting Village: Kalyan East
2025-07-14 13:04:31,084 - property_scraper - INFO - Simulating entering Document Number: 6
2025-07-14 13:04:31,084 - property_scraper - INFO - Simulating captcha solving...
2025-07-14 13:04:32,085 - property_scraper - INFO - Captcha solved: MIOPT9
2025-07-14 13:04:32,085 - property_scraper - INFO - Simulating clicking Search button...
2025-07-14 13:04:32,586 - property_scraper - INFO - Selecting 'All' entries per page from dropdown...
2025-07-14 13:04:33,087 - property_scraper - INFO - Page refreshed with All entries per page
2025-07-14 13:04:33,888 - property_scraper - INFO - Found 1620 entries with 'List No. 2' buttons in the search results table
2025-07-14 13:04:33,888 - property_scraper - INFO - For demo purposes, downloading only 5 PDFs out of 1620 entries
2025-07-14 13:04:33,888 - property_scraper - INFO - In real usage, you could download all PDFs by processing them in batches
2025-07-14 13:04:33,889 - property_scraper - INFO - Clicking on 'List No. 2' button for entry #1...
2025-07-14 13:04:34,690 - property_scraper - WARNING - Failed to open PDF for entry #1 in new tab. The link may be broken.
2025-07-14 13:04:34,690 - property_scraper - INFO - Clicking on 'List No. 2' button for entry #2...
2025-07-14 13:04:35,491 - property_scraper - INFO - PDF opened in new tab: Doc Reg. No. AND7-6293-2024
2025-07-14 13:04:35,491 - property_scraper - INFO - Downloading PDF from new tab...
2025-07-14 13:04:36,492 - property_scraper - INFO - Downloaded PDF: 6293-2024-IndexII_copy.pdf
2025-07-14 13:04:36,492 - property_scraper - INFO - Clicking on 'List No. 2' button for entry #3...
2025-07-14 13:04:37,296 - property_scraper - WARNING - Failed to open PDF for entry #3 in new tab. The link may be broken.
2025-07-14 13:04:37,301 - property_scraper - INFO - Clicking on 'List No. 2' button for entry #4...
2025-07-14 13:04:38,103 - property_scraper - INFO - PDF opened in new tab: Doc Reg. No. PUN9-6368-2024
2025-07-14 13:04:38,103 - property_scraper - INFO - Downloading PDF from new tab...
2025-07-14 13:04:39,104 - property_scraper - INFO - Downloaded PDF: 6368-2024-IndexII_copy.pdf
2025-07-14 13:04:39,105 - property_scraper - INFO - Clicking on 'List No. 2' button for entry #5...
2025-07-14 13:04:39,906 - property_scraper - INFO - PDF opened in new tab: Doc Reg. No. THN7-1274-2024
2025-07-14 13:04:39,906 - property_scraper - INFO - Downloading PDF from new tab...
2025-07-14 13:04:40,907 - property_scraper - INFO - Downloaded PDF: 1274-2024-IndexII_copy.pdf
2025-07-14 13:04:40,907 - property_scraper - INFO - Successfully downloaded 3 PDFs from 'List No. 2' buttons
2025-07-14 13:04:40,908 - property_scraper - INFO - Successfully processed combination: 2024_Thane_Kalyan_Kalyan East_6
2025-07-14 13:04:40,908 - property_scraper - INFO - Daily requests: 3/5
2025-07-14 13:04:40,908 - property_scraper - INFO - Waiting 3.62 seconds before next request...
2025-07-14 13:04:44,530 - property_scraper - INFO - Automatically selecting values from dropdowns...
2025-07-14 13:04:44,530 - property_scraper - INFO - Fetching options for dropdown 'year'...
2025-07-14 13:04:44,832 - property_scraper - INFO - Selected Year: 2022
2025-07-14 13:04:44,832 - property_scraper - INFO - Fetching options for dropdown 'district'...
2025-07-14 13:04:45,133 - property_scraper - INFO - Selected District: Thane
2025-07-14 13:04:45,133 - property_scraper - INFO - Fetching options for dropdown 'taluka'...
2025-07-14 13:04:45,442 - property_scraper - INFO - Selected Taluka: Kalyan
2025-07-14 13:04:45,450 - property_scraper - INFO - Fetching options for dropdown 'village'...
2025-07-14 13:04:45,760 - property_scraper - INFO - Selected Village: Kalyan West
2025-07-14 13:04:45,779 - property_scraper - INFO - Selected Document Number: 9
2025-07-14 13:04:45,809 - property_scraper - INFO - Processing combination: 2022_Thane_Kalyan_Kalyan West_9
2025-07-14 13:04:45,832 - property_scraper - INFO - Processing in DEMO MODE: Year=2022, District=Thane, Taluka=Kalyan, Village=Kalyan West, Doc#=9
2025-07-14 13:04:45,912 - property_scraper - INFO - Simulating navigation to https://pay2igr.igrmaharashtra.gov.in/eDisplay/Propertydetails/index
2025-07-14 13:04:46,454 - property_scraper - INFO - Simulating selecting Year: 2022
2025-07-14 13:04:46,454 - property_scraper - INFO - Simulating selecting District: Thane
2025-07-14 13:04:46,454 - property_scraper - INFO - Simulating selecting Taluka: Kalyan
2025-07-14 13:04:46,454 - property_scraper - INFO - Simulating selecting Village: Kalyan West
2025-07-14 13:04:46,455 - property_scraper - INFO - Simulating entering Document Number: 9
2025-07-14 13:04:46,455 - property_scraper - INFO - Simulating captcha solving...
2025-07-14 13:04:47,456 - property_scraper - INFO - Captcha solved: O9WJ8P
2025-07-14 13:04:47,456 - property_scraper - INFO - Simulating clicking Search button...
2025-07-14 13:04:47,957 - property_scraper - INFO - Selecting 'All' entries per page from dropdown...
2025-07-14 13:04:48,458 - property_scraper - INFO - Page refreshed with All entries per page
2025-07-14 13:04:49,266 - property_scraper - INFO - Found 1820 entries with 'List No. 2' buttons in the search results table
2025-07-14 13:04:49,288 - property_scraper - INFO - For demo purposes, downloading only 5 PDFs out of 1820 entries
2025-07-14 13:04:49,288 - property_scraper - INFO - In real usage, you could download all PDFs by processing them in batches
2025-07-14 13:04:49,289 - property_scraper - INFO - Clicking on 'List No. 2' button for entry #1...
2025-07-14 13:04:50,090 - property_scraper - INFO - PDF opened in new tab: Doc Reg. No. PUN6-5311-2022
2025-07-14 13:04:50,090 - property_scraper - INFO - Downloading PDF from new tab...
2025-07-14 13:04:51,092 - property_scraper - INFO - Downloaded PDF: 5311-2022-IndexII_copy.pdf
2025-07-14 13:04:51,093 - property_scraper - INFO - Clicking on 'List No. 2' button for entry #2...
2025-07-14 13:04:52,003 - property_scraper - INFO - PDF opened in new tab: Doc Reg. No. PUN5-9064-2022
2025-07-14 13:04:52,003 - property_scraper - INFO - Downloading PDF from new tab...
2025-07-14 13:04:53,020 - property_scraper - INFO - Downloaded PDF: 9064-2022-IndexII_copy.pdf
2025-07-14 13:04:53,044 - property_scraper - INFO - Clicking on 'List No. 2' button for entry #3...
2025-07-14 13:04:53,857 - property_scraper - INFO - PDF opened in new tab: Doc Reg. No. NGP8-3812-2022
2025-07-14 13:04:53,857 - property_scraper - INFO - Downloading PDF from new tab...
2025-07-14 13:04:54,859 - property_scraper - INFO - Downloaded PDF: 3812-2022-IndexII_copy.pdf
2025-07-14 13:04:54,859 - property_scraper - INFO - Clicking on 'List No. 2' button for entry #4...
2025-07-14 13:04:55,661 - property_scraper - INFO - PDF opened in new tab: Doc Reg. No. NGP9-9294-2022
2025-07-14 13:04:55,661 - property_scraper - INFO - Downloading PDF from new tab...
2025-07-14 13:04:56,662 - property_scraper - INFO - Downloaded PDF: 9294-2022-IndexII_copy.pdf
2025-07-14 13:04:56,662 - property_scraper - INFO - Clicking on 'List No. 2' button for entry #5...
