2025-07-21 15:11:37,233 - property_scraper - INFO - Instance ID: local_4ba12236
2025-07-21 15:11:37,234 - property_scraper - INFO - Tesseract path set to: C:\Program Files\Tesseract-OCR\tesseract.exe
2025-07-21 15:11:37,235 - property_scraper - INFO - Starting property scraper...
2025-07-21 15:11:37,236 - property_scraper - INFO - Instance ID: local_4ba12236
2025-07-21 15:11:37,237 - property_scraper - INFO - Setting up Chrome WebDriver...
2025-07-21 15:11:37,389 - property_scraper - INFO - Using user agent: Mozilla/5.0 (Windows NT 10.0; Win64; x64) AppleWebKit/537.36 (KHTML, like Gecko) Chrome/92.0.4515.107 Safari/537.36 Edg/92.0.902.55
2025-07-21 15:11:37,389 - property_scraper - INFO - Creating Chrome driver using undetected_chromedriver with enhanced settings
2025-07-21 15:11:38,137 - property_scraper - INFO - Chrome WebDriver set up successfully
2025-07-21 15:11:38,139 - property_scraper - INFO - Navigating to https://pay2igr.igrmaharashtra.gov.in/eDisplay/Propertydetails/index
2025-07-21 15:11:45,405 - property_scraper - INFO - Saved initial page screenshot to captcha_debug/initial_page_1753090905.png
2025-07-21 15:11:46,783 - property_scraper - INFO - Looking for available tasks...
2025-07-21 15:11:46,783 - property_scraper - INFO - Continuing with previous task: 2020_ठाणे_उल्हासनगर_दहिवली_4
2025-07-21 15:11:46,783 - property_scraper - INFO - Found available task: 2020_ठाणे_उल्हासनगर_दहिवली_4
2025-07-21 15:11:46,783 - property_scraper - INFO - Selecting '2020' from dropdown 'year'
2025-07-21 15:12:07,858 - property_scraper - ERROR - Error selecting option '2020' from dropdown 'year': Message: 
Stacktrace:
	GetHandleVerifier [0x0x4244a3+62419]
	GetHandleVerifier [0x0x4244e4+62484]
	(No symbol) [0x0x262133]
	(No symbol) [0x0x2aa8fe]
	(No symbol) [0x0x2aac9b]
	(No symbol) [0x0x2f3052]
	(No symbol) [0x0x2cf4b4]
	(No symbol) [0x0x2f087a]
	(No symbol) [0x0x2cf266]
	(No symbol) [0x0x29e852]
	(No symbol) [0x0x29f6f4]
	GetHandleVerifier [0x0x694793+2619075]
	GetHandleVerifier [0x0x68fbaa+2599642]
	GetHandleVerifier [0x0x44b04a+221050]
	GetHandleVerifier [0x0x43b2c8+156152]
	GetHandleVerifier [0x0x441c7d+183213]
	GetHandleVerifier [0x0x42c388+94904]
	GetHandleVerifier [0x0x42c512+95298]
	GetHandleVerifier [0x0x41766a+9626]
	BaseThreadInitThunk [0x0x768ffcc9+25]
	RtlGetAppContainerNamedObjectPath [0x0x771582ae+286]
	RtlGetAppContainerNamedObjectPath [0x0x7715827e+238]

2025-07-21 15:12:08,861 - property_scraper - INFO - Selecting 'ठाणे' from dropdown 'district'
2025-07-21 15:12:18,346 - uc - INFO - ensuring close
