2025-07-22 13:14:54,606 - property_scraper - INFO - Instance ID: local_73586d0e
2025-07-22 13:14:54,606 - property_scraper - INFO - Tesseract path set to: C:\Program Files\Tesseract-OCR\tesseract.exe
2025-07-22 13:14:54,607 - property_scraper - INFO - Running property scraper
2025-07-22 13:14:54,608 - property_scraper - INFO - Starting property scraper...
2025-07-22 13:14:54,608 - property_scraper - INFO - Instance ID: local_73586d0e
2025-07-22 13:14:54,608 - property_scraper - INFO - Setting up Chrome WebDriver...
2025-07-22 13:14:54,728 - property_scraper - INFO - Using user agent: Mozilla/5.0 (Windows NT 10.0; Win64; x64) AppleWebKit/537.36 (KHTML, like Gecko) Chrome/91.0.4472.124 Safari/537.36
2025-07-22 13:14:54,744 - property_scraper - INFO - Creating Chrome driver using undetected_chromedriver with enhanced settings
2025-07-22 13:14:56,182 - property_scraper - INFO - Chrome WebDriver set up successfully
2025-07-22 13:14:56,183 - property_scraper - INFO - Navigating to https://pay2igr.igrmaharashtra.gov.in/eDisplay/Propertydetails/index
2025-07-22 13:15:02,705 - property_scraper - INFO - Saved initial page screenshot to captcha_debug/initial_page_1753170302.png
2025-07-22 13:15:03,891 - property_scraper - INFO - Looking for available tasks...
2025-07-22 13:15:03,891 - property_scraper - INFO - No current task to continue. Need to get dropdown options from website.
2025-07-22 13:15:03,891 - property_scraper - INFO - No available tasks found. Getting dropdown options from website...
2025-07-22 13:15:04,042 - property_scraper - INFO - Saved screenshot before dropdown interactions: dropdown_debug/before_dropdowns_1753170303.png
2025-07-22 13:15:15,253 - property_scraper - INFO - Selected Year: 1989
2025-07-22 13:15:18,515 - property_scraper - INFO - Saved screenshot after year selection: dropdown_debug/after_year_1753170318.png
2025-07-22 13:15:29,760 - property_scraper - INFO - Selected District: मुंबई
2025-07-22 13:15:33,008 - property_scraper - INFO - Saved screenshot after district selection: dropdown_debug/after_district_1753170332.png
2025-07-22 13:15:43,584 - property_scraper - INFO - Selected Taluka: Mumbai
2025-07-22 13:15:46,841 - property_scraper - INFO - Saved screenshot after taluka selection: dropdown_debug/after_taluka_1753170346.png
2025-07-22 13:15:59,703 - property_scraper - INFO - Selected Village: प्रिंसेस डॉक
2025-07-22 13:16:02,951 - property_scraper - INFO - Saved screenshot after village selection: dropdown_debug/after_village_1753170362.png
2025-07-22 13:16:02,952 - property_scraper - INFO - Processing combination: 1989_मुंबई_Mumbai_प्रिंसेस डॉक_4
2025-07-22 13:16:02,953 - property_scraper - INFO - Processing: Year=1989, District=मुंबई, Taluka=Mumbai, Village=प्रिंसेस डॉक, Doc#=4
2025-07-22 13:16:02,953 - property_scraper - INFO - Getting current dropdown selections
2025-07-22 13:16:02,972 - property_scraper - INFO - Current dropdown selections: {'year': None, 'district': None, 'taluka': None, 'village': None}
2025-07-22 13:16:02,972 - property_scraper - INFO - Need to select year: 1989 (current: None)
2025-07-22 13:16:02,972 - property_scraper - INFO - Need to select district: मुंबई (current: None)
2025-07-22 13:16:02,973 - property_scraper - INFO - Need to select taluka: Mumbai (current: None)
2025-07-22 13:16:02,973 - property_scraper - INFO - Need to select village: प्रिंसेस डॉक (current: None)
2025-07-22 13:16:02,973 - property_scraper - INFO - Some dropdown selections need to be updated. Navigating to main page...
2025-07-22 13:16:07,557 - property_scraper - INFO - Selecting '1989' from dropdown 'year'
2025-07-22 13:16:07,709 - property_scraper - INFO - Saved screenshot before dropdown interaction: dropdown_debug/before_year_1753170367.png
2025-07-22 13:16:07,716 - property_scraper - WARNING - Page appears to have changed or refreshed. Reloading...
2025-07-22 13:16:11,979 - property_scraper - INFO - Using special handling for year dropdown
2025-07-22 13:16:11,979 - property_scraper - INFO - Using specialized year selection method for year: 1989
2025-07-22 13:16:11,980 - property_scraper - INFO - Approach 1: Direct XPath selection
2025-07-22 13:16:22,532 - property_scraper - WARNING - Approach 1 failed: Message: 
Stacktrace:
	GetHandleVerifier [0x0x4244a3+62419]
	GetHandleVerifier [0x0x4244e4+62484]
	(No symbol) [0x0x262133]
	(No symbol) [0x0x2aa8fe]
	(No symbol) [0x0x2aac9b]
	(No symbol) [0x0x2f3052]
	(No symbol) [0x0x2cf4b4]
	(No symbol) [0x0x2f087a]
	(No symbol) [0x0x2cf266]
	(No symbol) [0x0x29e852]
	(No symbol) [0x0x29f6f4]
	GetHandleVerifier [0x0x694793+2619075]
	GetHandleVerifier [0x0x68fbaa+2599642]
	GetHandleVerifier [0x0x44b04a+221050]
	GetHandleVerifier [0x0x43b2c8+156152]
	GetHandleVerifier [0x0x441c7d+183213]
	GetHandleVerifier [0x0x42c388+94904]
	GetHandleVerifier [0x0x42c512+95298]
	GetHandleVerifier [0x0x41766a+9626]
	BaseThreadInitThunk [0x0x768ffcc9+25]
	RtlGetAppContainerNamedObjectPath [0x0x771582ae+286]
	RtlGetAppContainerNamedObjectPath [0x0x7715827e+238]

2025-07-22 13:16:22,533 - property_scraper - INFO - Approach 2: Select class with explicit wait
2025-07-22 13:16:33,061 - property_scraper - WARNING - Approach 2 failed: Message: 
Stacktrace:
	GetHandleVerifier [0x0x4244a3+62419]
	GetHandleVerifier [0x0x4244e4+62484]
	(No symbol) [0x0x262133]
	(No symbol) [0x0x2aa8fe]
	(No symbol) [0x0x2aac9b]
	(No symbol) [0x0x2f3052]
	(No symbol) [0x0x2cf4b4]
	(No symbol) [0x0x2f087a]
	(No symbol) [0x0x2cf266]
	(No symbol) [0x0x29e852]
	(No symbol) [0x0x29f6f4]
	GetHandleVerifier [0x0x694793+2619075]
	GetHandleVerifier [0x0x68fbaa+2599642]
	GetHandleVerifier [0x0x44b04a+221050]
	GetHandleVerifier [0x0x43b2c8+156152]
	GetHandleVerifier [0x0x441c7d+183213]
	GetHandleVerifier [0x0x42c388+94904]
	GetHandleVerifier [0x0x42c512+95298]
	GetHandleVerifier [0x0x41766a+9626]
	BaseThreadInitThunk [0x0x768ffcc9+25]
	RtlGetAppContainerNamedObjectPath [0x0x771582ae+286]
	RtlGetAppContainerNamedObjectPath [0x0x7715827e+238]

2025-07-22 13:16:33,062 - property_scraper - INFO - Approach 3: Pure JavaScript approach
2025-07-22 13:16:33,069 - property_scraper - WARNING - Approach 3 failed: Message: javascript error: Cannot read properties of null (reading 'options')
  (Session info: chrome=138.0.7204.158)
Stacktrace:
	GetHandleVerifier [0x0x4244a3+62419]
	GetHandleVerifier [0x0x4244e4+62484]
	(No symbol) [0x0x262133]
	(No symbol) [0x0x268909]
	(No symbol) [0x0x26aec3]
	(No symbol) [0x0x2f1874]
	(No symbol) [0x0x2cf46c]
	(No symbol) [0x0x2f087a]
	(No symbol) [0x0x2cf266]
	(No symbol) [0x0x29e852]
	(No symbol) [0x0x29f6f4]
	GetHandleVerifier [0x0x694793+2619075]
	GetHandleVerifier [0x0x68fbaa+2599642]
	GetHandleVerifier [0x0x44b04a+221050]
	GetHandleVerifier [0x0x43b2c8+156152]
	GetHandleVerifier [0x0x441c7d+183213]
	GetHandleVerifier [0x0x42c388+94904]
	GetHandleVerifier [0x0x42c512+95298]
	GetHandleVerifier [0x0x41766a+9626]
	BaseThreadInitThunk [0x0x768ffcc9+25]
	RtlGetAppContainerNamedObjectPath [0x0x771582ae+286]
	RtlGetAppContainerNamedObjectPath [0x0x7715827e+238]

2025-07-22 13:16:33,070 - property_scraper - INFO - Approach 4: ActionChains approach
2025-07-22 13:16:43,602 - property_scraper - WARNING - Approach 4 failed: Message: 
Stacktrace:
	GetHandleVerifier [0x0x4244a3+62419]
	GetHandleVerifier [0x0x4244e4+62484]
	(No symbol) [0x0x262133]
	(No symbol) [0x0x2aa8fe]
	(No symbol) [0x0x2aac9b]
	(No symbol) [0x0x2f3052]
	(No symbol) [0x0x2cf4b4]
	(No symbol) [0x0x2f087a]
	(No symbol) [0x0x2cf266]
	(No symbol) [0x0x29e852]
	(No symbol) [0x0x29f6f4]
	GetHandleVerifier [0x0x694793+2619075]
	GetHandleVerifier [0x0x68fbaa+2599642]
	GetHandleVerifier [0x0x44b04a+221050]
	GetHandleVerifier [0x0x43b2c8+156152]
	GetHandleVerifier [0x0x441c7d+183213]
	GetHandleVerifier [0x0x42c388+94904]
	GetHandleVerifier [0x0x42c512+95298]
	GetHandleVerifier [0x0x41766a+9626]
	BaseThreadInitThunk [0x0x768ffcc9+25]
	RtlGetAppContainerNamedObjectPath [0x0x771582ae+286]
	RtlGetAppContainerNamedObjectPath [0x0x7715827e+238]

2025-07-22 13:16:43,603 - property_scraper - INFO - Approach 5: Advanced DOM manipulation with mutation observer
2025-07-22 13:16:43,609 - property_scraper - INFO - Approach 5 result: False
2025-07-22 13:16:43,609 - property_scraper - INFO - All approaches failed. Refreshing page and retrying... (2 retries left)
2025-07-22 13:16:47,849 - property_scraper - INFO - Using specialized year selection method for year: 1989
2025-07-22 13:16:47,849 - property_scraper - INFO - Approach 1: Direct XPath selection
2025-07-22 13:16:58,368 - property_scraper - WARNING - Approach 1 failed: Message: 
Stacktrace:
	GetHandleVerifier [0x0x4244a3+62419]
	GetHandleVerifier [0x0x4244e4+62484]
	(No symbol) [0x0x262133]
	(No symbol) [0x0x2aa8fe]
	(No symbol) [0x0x2aac9b]
	(No symbol) [0x0x2f3052]
	(No symbol) [0x0x2cf4b4]
	(No symbol) [0x0x2f087a]
	(No symbol) [0x0x2cf266]
	(No symbol) [0x0x29e852]
	(No symbol) [0x0x29f6f4]
	GetHandleVerifier [0x0x694793+2619075]
	GetHandleVerifier [0x0x68fbaa+2599642]
	GetHandleVerifier [0x0x44b04a+221050]
	GetHandleVerifier [0x0x43b2c8+156152]
	GetHandleVerifier [0x0x441c7d+183213]
	GetHandleVerifier [0x0x42c388+94904]
	GetHandleVerifier [0x0x42c512+95298]
	GetHandleVerifier [0x0x41766a+9626]
	BaseThreadInitThunk [0x0x768ffcc9+25]
	RtlGetAppContainerNamedObjectPath [0x0x771582ae+286]
	RtlGetAppContainerNamedObjectPath [0x0x7715827e+238]

2025-07-22 13:16:58,370 - property_scraper - INFO - Approach 2: Select class with explicit wait
2025-07-22 13:17:08,915 - property_scraper - WARNING - Approach 2 failed: Message: 
Stacktrace:
	GetHandleVerifier [0x0x4244a3+62419]
	GetHandleVerifier [0x0x4244e4+62484]
	(No symbol) [0x0x262133]
	(No symbol) [0x0x2aa8fe]
	(No symbol) [0x0x2aac9b]
	(No symbol) [0x0x2f3052]
	(No symbol) [0x0x2cf4b4]
	(No symbol) [0x0x2f087a]
	(No symbol) [0x0x2cf266]
	(No symbol) [0x0x29e852]
	(No symbol) [0x0x29f6f4]
	GetHandleVerifier [0x0x694793+2619075]
	GetHandleVerifier [0x0x68fbaa+2599642]
	GetHandleVerifier [0x0x44b04a+221050]
	GetHandleVerifier [0x0x43b2c8+156152]
	GetHandleVerifier [0x0x441c7d+183213]
	GetHandleVerifier [0x0x42c388+94904]
	GetHandleVerifier [0x0x42c512+95298]
	GetHandleVerifier [0x0x41766a+9626]
	BaseThreadInitThunk [0x0x768ffcc9+25]
	RtlGetAppContainerNamedObjectPath [0x0x771582ae+286]
	RtlGetAppContainerNamedObjectPath [0x0x7715827e+238]

2025-07-22 13:17:08,916 - property_scraper - INFO - Approach 3: Pure JavaScript approach
2025-07-22 13:17:08,922 - property_scraper - WARNING - Approach 3 failed: Message: javascript error: Cannot read properties of null (reading 'options')
  (Session info: chrome=138.0.7204.158)
Stacktrace:
	GetHandleVerifier [0x0x4244a3+62419]
	GetHandleVerifier [0x0x4244e4+62484]
	(No symbol) [0x0x262133]
	(No symbol) [0x0x268909]
	(No symbol) [0x0x26aec3]
	(No symbol) [0x0x2f1874]
	(No symbol) [0x0x2cf46c]
	(No symbol) [0x0x2f087a]
	(No symbol) [0x0x2cf266]
	(No symbol) [0x0x29e852]
	(No symbol) [0x0x29f6f4]
	GetHandleVerifier [0x0x694793+2619075]
	GetHandleVerifier [0x0x68fbaa+2599642]
	GetHandleVerifier [0x0x44b04a+221050]
	GetHandleVerifier [0x0x43b2c8+156152]
	GetHandleVerifier [0x0x441c7d+183213]
	GetHandleVerifier [0x0x42c388+94904]
	GetHandleVerifier [0x0x42c512+95298]
	GetHandleVerifier [0x0x41766a+9626]
	BaseThreadInitThunk [0x0x768ffcc9+25]
	RtlGetAppContainerNamedObjectPath [0x0x771582ae+286]
	RtlGetAppContainerNamedObjectPath [0x0x7715827e+238]

2025-07-22 13:17:08,924 - property_scraper - INFO - Approach 4: ActionChains approach
2025-07-22 13:17:19,489 - property_scraper - WARNING - Approach 4 failed: Message: 
Stacktrace:
	GetHandleVerifier [0x0x4244a3+62419]
	GetHandleVerifier [0x0x4244e4+62484]
	(No symbol) [0x0x262133]
	(No symbol) [0x0x2aa8fe]
	(No symbol) [0x0x2aac9b]
	(No symbol) [0x0x2f3052]
	(No symbol) [0x0x2cf4b4]
	(No symbol) [0x0x2f087a]
	(No symbol) [0x0x2cf266]
	(No symbol) [0x0x29e852]
	(No symbol) [0x0x29f6f4]
	GetHandleVerifier [0x0x694793+2619075]
	GetHandleVerifier [0x0x68fbaa+2599642]
	GetHandleVerifier [0x0x44b04a+221050]
	GetHandleVerifier [0x0x43b2c8+156152]
	GetHandleVerifier [0x0x441c7d+183213]
	GetHandleVerifier [0x0x42c388+94904]
	GetHandleVerifier [0x0x42c512+95298]
	GetHandleVerifier [0x0x41766a+9626]
	BaseThreadInitThunk [0x0x768ffcc9+25]
	RtlGetAppContainerNamedObjectPath [0x0x771582ae+286]
	RtlGetAppContainerNamedObjectPath [0x0x7715827e+238]

2025-07-22 13:17:19,489 - property_scraper - INFO - Approach 5: Advanced DOM manipulation with mutation observer
2025-07-22 13:17:19,496 - property_scraper - INFO - Approach 5 result: False
2025-07-22 13:17:19,496 - property_scraper - INFO - All approaches failed. Refreshing page and retrying... (1 retries left)
2025-07-22 13:17:23,979 - property_scraper - INFO - Using specialized year selection method for year: 1989
2025-07-22 13:17:23,989 - property_scraper - INFO - Approach 1: Direct XPath selection
2025-07-22 13:17:34,532 - property_scraper - WARNING - Approach 1 failed: Message: 
Stacktrace:
	GetHandleVerifier [0x0x4244a3+62419]
	GetHandleVerifier [0x0x4244e4+62484]
	(No symbol) [0x0x262133]
	(No symbol) [0x0x2aa8fe]
	(No symbol) [0x0x2aac9b]
	(No symbol) [0x0x2f3052]
	(No symbol) [0x0x2cf4b4]
	(No symbol) [0x0x2f087a]
	(No symbol) [0x0x2cf266]
	(No symbol) [0x0x29e852]
	(No symbol) [0x0x29f6f4]
	GetHandleVerifier [0x0x694793+2619075]
	GetHandleVerifier [0x0x68fbaa+2599642]
	GetHandleVerifier [0x0x44b04a+221050]
	GetHandleVerifier [0x0x43b2c8+156152]
	GetHandleVerifier [0x0x441c7d+183213]
	GetHandleVerifier [0x0x42c388+94904]
	GetHandleVerifier [0x0x42c512+95298]
	GetHandleVerifier [0x0x41766a+9626]
	BaseThreadInitThunk [0x0x768ffcc9+25]
	RtlGetAppContainerNamedObjectPath [0x0x771582ae+286]
	RtlGetAppContainerNamedObjectPath [0x0x7715827e+238]

2025-07-22 13:17:34,534 - property_scraper - INFO - Approach 2: Select class with explicit wait
2025-07-22 13:17:45,073 - property_scraper - WARNING - Approach 2 failed: Message: 
Stacktrace:
	GetHandleVerifier [0x0x4244a3+62419]
	GetHandleVerifier [0x0x4244e4+62484]
	(No symbol) [0x0x262133]
	(No symbol) [0x0x2aa8fe]
	(No symbol) [0x0x2aac9b]
	(No symbol) [0x0x2f3052]
	(No symbol) [0x0x2cf4b4]
	(No symbol) [0x0x2f087a]
	(No symbol) [0x0x2cf266]
	(No symbol) [0x0x29e852]
	(No symbol) [0x0x29f6f4]
	GetHandleVerifier [0x0x694793+2619075]
	GetHandleVerifier [0x0x68fbaa+2599642]
	GetHandleVerifier [0x0x44b04a+221050]
	GetHandleVerifier [0x0x43b2c8+156152]
	GetHandleVerifier [0x0x441c7d+183213]
	GetHandleVerifier [0x0x42c388+94904]
	GetHandleVerifier [0x0x42c512+95298]
	GetHandleVerifier [0x0x41766a+9626]
	BaseThreadInitThunk [0x0x768ffcc9+25]
	RtlGetAppContainerNamedObjectPath [0x0x771582ae+286]
	RtlGetAppContainerNamedObjectPath [0x0x7715827e+238]

2025-07-22 13:17:45,074 - property_scraper - INFO - Approach 3: Pure JavaScript approach
2025-07-22 13:17:45,080 - property_scraper - WARNING - Approach 3 failed: Message: javascript error: Cannot read properties of null (reading 'options')
  (Session info: chrome=138.0.7204.158)
Stacktrace:
	GetHandleVerifier [0x0x4244a3+62419]
	GetHandleVerifier [0x0x4244e4+62484]
	(No symbol) [0x0x262133]
	(No symbol) [0x0x268909]
	(No symbol) [0x0x26aec3]
	(No symbol) [0x0x2f1874]
	(No symbol) [0x0x2cf46c]
	(No symbol) [0x0x2f087a]
	(No symbol) [0x0x2cf266]
	(No symbol) [0x0x29e852]
	(No symbol) [0x0x29f6f4]
	GetHandleVerifier [0x0x694793+2619075]
	GetHandleVerifier [0x0x68fbaa+2599642]
	GetHandleVerifier [0x0x44b04a+221050]
	GetHandleVerifier [0x0x43b2c8+156152]
	GetHandleVerifier [0x0x441c7d+183213]
	GetHandleVerifier [0x0x42c388+94904]
	GetHandleVerifier [0x0x42c512+95298]
	GetHandleVerifier [0x0x41766a+9626]
	BaseThreadInitThunk [0x0x768ffcc9+25]
	RtlGetAppContainerNamedObjectPath [0x0x771582ae+286]
	RtlGetAppContainerNamedObjectPath [0x0x7715827e+238]

2025-07-22 13:17:45,082 - property_scraper - INFO - Approach 4: ActionChains approach
2025-07-22 13:17:55,609 - property_scraper - WARNING - Approach 4 failed: Message: 
Stacktrace:
	GetHandleVerifier [0x0x4244a3+62419]
	GetHandleVerifier [0x0x4244e4+62484]
	(No symbol) [0x0x262133]
	(No symbol) [0x0x2aa8fe]
	(No symbol) [0x0x2aac9b]
	(No symbol) [0x0x2f3052]
	(No symbol) [0x0x2cf4b4]
	(No symbol) [0x0x2f087a]
	(No symbol) [0x0x2cf266]
	(No symbol) [0x0x29e852]
	(No symbol) [0x0x29f6f4]
	GetHandleVerifier [0x0x694793+2619075]
	GetHandleVerifier [0x0x68fbaa+2599642]
	GetHandleVerifier [0x0x44b04a+221050]
	GetHandleVerifier [0x0x43b2c8+156152]
	GetHandleVerifier [0x0x441c7d+183213]
	GetHandleVerifier [0x0x42c388+94904]
	GetHandleVerifier [0x0x42c512+95298]
	GetHandleVerifier [0x0x41766a+9626]
	BaseThreadInitThunk [0x0x768ffcc9+25]
	RtlGetAppContainerNamedObjectPath [0x0x771582ae+286]
	RtlGetAppContainerNamedObjectPath [0x0x7715827e+238]

2025-07-22 13:17:55,610 - property_scraper - INFO - Approach 5: Advanced DOM manipulation with mutation observer
2025-07-22 13:17:55,615 - property_scraper - INFO - Approach 5 result: False
2025-07-22 13:17:55,615 - property_scraper - ERROR - All specialized year selection approaches failed
2025-07-22 13:17:55,615 - property_scraper - WARNING - Special year handling failed, falling back to standard methods
2025-07-22 13:18:16,670 - property_scraper - ERROR - Error selecting option '1989' from dropdown 'year': Message: 
Stacktrace:
	GetHandleVerifier [0x0x4244a3+62419]
	GetHandleVerifier [0x0x4244e4+62484]
	(No symbol) [0x0x262133]
	(No symbol) [0x0x2aa8fe]
	(No symbol) [0x0x2aac9b]
	(No symbol) [0x0x2f3052]
	(No symbol) [0x0x2cf4b4]
	(No symbol) [0x0x2f087a]
	(No symbol) [0x0x2cf266]
	(No symbol) [0x0x29e852]
	(No symbol) [0x0x29f6f4]
	GetHandleVerifier [0x0x694793+2619075]
	GetHandleVerifier [0x0x68fbaa+2599642]
	GetHandleVerifier [0x0x44b04a+221050]
	GetHandleVerifier [0x0x43b2c8+156152]
	GetHandleVerifier [0x0x441c7d+183213]
	GetHandleVerifier [0x0x42c388+94904]
	GetHandleVerifier [0x0x42c512+95298]
	GetHandleVerifier [0x0x41766a+9626]
	BaseThreadInitThunk [0x0x768ffcc9+25]
	RtlGetAppContainerNamedObjectPath [0x0x771582ae+286]
	RtlGetAppContainerNamedObjectPath [0x0x7715827e+238]

2025-07-22 13:18:16,671 - property_scraper - INFO - Attempting last-resort approach for year dropdown
2025-07-22 13:18:19,325 - uc - INFO - ensuring close
