2025-07-14 14:02:28,571 - property_scraper - INFO - Starting property scraper with automated dropdown selection...
2025-07-14 14:02:28,571 - property_scraper - INFO - Setting up Chrome WebDriver...
2025-07-14 14:02:28,697 - property_scraper - INFO - Using user agent: Mozilla/5.0 (X11; Linux x86_64) AppleWebKit/537.36 (KHTML, like Gecko) Chrome/91.0.4472.124 Safari/537.36
2025-07-14 14:02:28,697 - property_scraper - INFO - Creating Chrome driver using undetected_chromedriver with enhanced settings
2025-07-14 14:02:29,412 - property_scraper - INFO - Chrome WebDriver set up successfully
2025-07-14 14:02:29,414 - property_scraper - INFO - Navigating to https://pay2igr.igrmaharashtra.gov.in/eDisplay/Propertydetails/index
2025-07-14 14:02:37,465 - property_scraper - INFO - Saved initial page screenshot to captcha_debug/initial_page_1752481957.png
2025-07-14 14:02:38,379 - property_scraper - INFO - Looking for captcha...
2025-07-14 14:02:42,021 - property_scraper - INFO - Page refreshed to get a fresh captcha
2025-07-14 14:02:52,045 - property_scraper - INFO - No captcha refresh button found or couldn't click it
2025-07-14 14:02:56,330 - property_scraper - INFO - No captcha refresh icon found either
2025-07-14 14:02:56,335 - property_scraper - ERROR - Error handling captcha: Message: invalid session id
Stacktrace:
	GetHandleVerifier [0x0x3e44a3+62419]
	GetHandleVerifier [0x0x3e44e4+62484]
	(No symbol) [0x0x221f90]
	(No symbol) [0x0x25db48]
	(No symbol) [0x0x28f326]
	(No symbol) [0x0x28af15]
	(No symbol) [0x0x28a496]
	(No symbol) [0x0x1f3a45]
	(No symbol) [0x0x1f3f9e]
	(No symbol) [0x0x1f442d]
	GetHandleVerifier [0x0x654793+2619075]
	GetHandleVerifier [0x0x64fbaa+2599642]
	GetHandleVerifier [0x0x40b04a+221050]
	GetHandleVerifier [0x0x3fb2c8+156152]
	GetHandleVerifier [0x0x401c7d+183213]
	(No symbol) [0x0x1f3710]
	(No symbol) [0x0x1f2f1d]
	GetHandleVerifier [0x0x788aec+3881500]
	BaseThreadInitThunk [0x0x76d1fcc9+25]
	RtlGetAppContainerNamedObjectPath [0x0x775882ae+286]
	RtlGetAppContainerNamedObjectPath [0x0x7758827e+238]

2025-07-14 14:02:56,341 - property_scraper - WARNING - Error in captcha handling. Attempting to find captcha input field and enter simulated text...
2025-07-14 14:02:56,345 - property_scraper - ERROR - Failed to enter simulated captcha text as fallback
2025-07-14 14:02:56,346 - property_scraper - ERROR - Failed to handle captcha. Skipping this attempt.
2025-07-14 14:02:56,348 - property_scraper - ERROR - Error in main run loop: Message: invalid session id
Stacktrace:
	GetHandleVerifier [0x0x3e44a3+62419]
	GetHandleVerifier [0x0x3e44e4+62484]
	(No symbol) [0x0x221f90]
	(No symbol) [0x0x25db48]
	(No symbol) [0x0x28f326]
	(No symbol) [0x0x28af15]
	(No symbol) [0x0x28a496]
	(No symbol) [0x0x1f3a45]
	(No symbol) [0x0x1f3f9e]
	(No symbol) [0x0x1f442d]
	GetHandleVerifier [0x0x654793+2619075]
	GetHandleVerifier [0x0x64fbaa+2599642]
	GetHandleVerifier [0x0x40b04a+221050]
	GetHandleVerifier [0x0x3fb2c8+156152]
	GetHandleVerifier [0x0x401c7d+183213]
	(No symbol) [0x0x1f3710]
	(No symbol) [0x0x1f2f1d]
	GetHandleVerifier [0x0x788aec+3881500]
	BaseThreadInitThunk [0x0x76d1fcc9+25]
	RtlGetAppContainerNamedObjectPath [0x0x775882ae+286]
	RtlGetAppContainerNamedObjectPath [0x0x7758827e+238]

2025-07-14 14:02:56,350 - property_scraper - WARNING - Falling back to demo mode due to error in browser automation
2025-07-14 14:02:56,351 - property_scraper - INFO - Starting property scraper in DEMO MODE with automatic dropdown selection...
2025-07-14 14:02:56,351 - property_scraper - INFO - Automatically selecting values from dropdowns...
2025-07-14 14:02:56,352 - property_scraper - INFO - Fetching options for dropdown 'year'...
2025-07-14 14:02:56,352 - property_scraper - WARNING - No driver provided for 'year'. Using demo mode options.
2025-07-14 14:02:56,353 - property_scraper - INFO - Selected Year: 2025
2025-07-14 14:02:56,353 - property_scraper - INFO - Fetching options for dropdown 'district'...
2025-07-14 14:02:56,354 - property_scraper - WARNING - No driver provided for 'district'. Using demo mode options.
2025-07-14 14:02:56,354 - property_scraper - INFO - Selected District: Nagpur
2025-07-14 14:02:56,354 - property_scraper - INFO - Fetching options for dropdown 'taluka'...
2025-07-14 14:02:56,356 - property_scraper - WARNING - No driver provided for 'taluka'. Using demo mode options.
2025-07-14 14:02:56,357 - property_scraper - INFO - Selected Taluka: Nagpur Rural
2025-07-14 14:02:56,357 - property_scraper - INFO - Fetching options for dropdown 'village'...
2025-07-14 14:02:56,358 - property_scraper - WARNING - No driver provided for 'village'. Using demo mode options.
2025-07-14 14:02:56,358 - property_scraper - INFO - Selected Village: Hingna
2025-07-14 14:02:56,358 - property_scraper - INFO - Selected Document Number: 0
2025-07-14 14:02:56,359 - property_scraper - INFO - Processing combination: 2025_Nagpur_Nagpur Rural_Hingna_0
2025-07-14 14:02:56,360 - property_scraper - INFO - Processing in DEMO MODE: Year=2025, District=Nagpur, Taluka=Nagpur Rural, Village=Hingna, Doc#=0
2025-07-14 14:02:56,360 - property_scraper - INFO - Simulating navigation to https://pay2igr.igrmaharashtra.gov.in/eDisplay/Propertydetails/index
2025-07-14 14:02:56,861 - property_scraper - INFO - Simulating selecting Year: 2025
2025-07-14 14:02:56,861 - property_scraper - INFO - Simulating selecting District: Nagpur
2025-07-14 14:02:56,861 - property_scraper - INFO - Simulating selecting Taluka: Nagpur Rural
2025-07-14 14:02:56,861 - property_scraper - INFO - Simulating selecting Village: Hingna
2025-07-14 14:02:56,861 - property_scraper - INFO - Simulating entering Document Number: 0
2025-07-14 14:02:56,861 - property_scraper - INFO - Simulating captcha solving...
2025-07-14 14:02:57,863 - property_scraper - INFO - Captcha solved: 2PHRFN
2025-07-14 14:02:57,863 - property_scraper - INFO - Simulating clicking Search button...
2025-07-14 14:02:58,363 - property_scraper - INFO - Selecting 'All' entries per page from dropdown...
2025-07-14 14:02:58,864 - property_scraper - INFO - Page refreshed with All entries per page
2025-07-14 14:02:59,665 - property_scraper - INFO - Found 2183 entries with 'List No. 2' buttons in the search results table
2025-07-14 14:02:59,665 - property_scraper - INFO - For demo purposes, downloading only 5 PDFs out of 2183 entries
2025-07-14 14:02:59,665 - property_scraper - INFO - In real usage, you could download all PDFs by processing them in batches
2025-07-14 14:02:59,666 - property_scraper - INFO - Clicking on 'List No. 2' button for entry #1...
2025-07-14 14:03:00,468 - property_scraper - INFO - PDF opened in new tab: Doc Reg. No. BRL6-2245-2025
2025-07-14 14:03:00,468 - property_scraper - INFO - Downloading PDF from new tab...
2025-07-14 14:03:01,469 - property_scraper - INFO - Creating a PDF that simulates a screenshot of the document page
2025-07-14 14:03:01,685 - property_scraper - ERROR - Error creating screenshot-like PDF: expected str, bytes or os.PathLike object, not BytesIO
2025-07-14 14:03:01,686 - property_scraper - INFO - Downloaded PDF: 2245-2025-IndexII_copy.pdf
2025-07-14 14:03:01,686 - property_scraper - INFO - Clicking on 'List No. 2' button for entry #2...
2025-07-14 14:03:02,488 - property_scraper - WARNING - Failed to open PDF for entry #2 in new tab. The link may be broken.
2025-07-14 14:03:02,488 - property_scraper - INFO - Clicking on 'List No. 2' button for entry #3...
2025-07-14 14:03:03,289 - property_scraper - INFO - PDF opened in new tab: Doc Reg. No. THN9-2165-2025
2025-07-14 14:03:03,289 - property_scraper - INFO - Downloading PDF from new tab...
2025-07-14 14:03:04,290 - property_scraper - INFO - Creating a PDF that simulates a screenshot of the document page
2025-07-14 14:03:04,403 - property_scraper - ERROR - Error creating screenshot-like PDF: expected str, bytes or os.PathLike object, not BytesIO
2025-07-14 14:03:04,404 - property_scraper - INFO - Downloaded PDF: 2165-2025-IndexII_copy.pdf
2025-07-14 14:03:04,404 - property_scraper - INFO - Clicking on 'List No. 2' button for entry #4...
2025-07-14 14:03:05,205 - property_scraper - INFO - PDF opened in new tab: Doc Reg. No. THN7-7499-2025
2025-07-14 14:03:05,205 - property_scraper - INFO - Downloading PDF from new tab...
2025-07-14 14:03:06,206 - property_scraper - INFO - Creating a PDF that simulates a screenshot of the document page
2025-07-14 14:03:06,282 - property_scraper - ERROR - Error creating screenshot-like PDF: expected str, bytes or os.PathLike object, not BytesIO
2025-07-14 14:03:06,283 - property_scraper - INFO - Downloaded PDF: 7499-2025-IndexII_copy.pdf
2025-07-14 14:03:06,283 - property_scraper - INFO - Clicking on 'List No. 2' button for entry #5...
2025-07-14 14:03:07,085 - property_scraper - INFO - PDF opened in new tab: Doc Reg. No. NGP9-1280-2025
2025-07-14 14:03:07,085 - property_scraper - INFO - Downloading PDF from new tab...
2025-07-14 14:03:08,085 - property_scraper - INFO - Creating a PDF that simulates a screenshot of the document page
2025-07-14 14:03:08,160 - property_scraper - ERROR - Error creating screenshot-like PDF: expected str, bytes or os.PathLike object, not BytesIO
2025-07-14 14:03:08,161 - property_scraper - INFO - Downloaded PDF: 1280-2025-IndexII_copy.pdf
2025-07-14 14:03:08,161 - property_scraper - INFO - Successfully downloaded 4 PDFs from 'List No. 2' buttons
2025-07-14 14:03:08,162 - property_scraper - INFO - Successfully processed combination: 2025_Nagpur_Nagpur Rural_Hingna_0
2025-07-14 14:03:08,162 - property_scraper - INFO - Daily requests: 1/5
2025-07-14 14:03:08,162 - property_scraper - INFO - Waiting 5.47 seconds before next request...
2025-07-14 14:03:13,633 - property_scraper - INFO - Automatically selecting values from dropdowns...
2025-07-14 14:03:13,634 - property_scraper - INFO - Fetching options for dropdown 'year'...
2025-07-14 14:03:13,634 - property_scraper - WARNING - No driver provided for 'year'. Using demo mode options.
2025-07-14 14:03:13,634 - property_scraper - INFO - Selected Year: 2022
2025-07-14 14:03:13,634 - property_scraper - INFO - Fetching options for dropdown 'district'...
2025-07-14 14:03:13,634 - property_scraper - WARNING - No driver provided for 'district'. Using demo mode options.
2025-07-14 14:03:13,635 - property_scraper - INFO - Selected District: Nagpur
2025-07-14 14:03:13,635 - property_scraper - INFO - Fetching options for dropdown 'taluka'...
2025-07-14 14:03:13,635 - property_scraper - WARNING - No driver provided for 'taluka'. Using demo mode options.
2025-07-14 14:03:13,635 - property_scraper - INFO - Selected Taluka: Nagpur Urban
2025-07-14 14:03:13,635 - property_scraper - INFO - Fetching options for dropdown 'village'...
2025-07-14 14:03:13,636 - property_scraper - WARNING - No driver provided for 'village'. Using demo mode options.
2025-07-14 14:03:13,636 - property_scraper - INFO - Selected Village: Dharampeth
2025-07-14 14:03:13,636 - property_scraper - INFO - Selected Document Number: 5
2025-07-14 14:03:13,636 - property_scraper - INFO - Processing combination: 2022_Nagpur_Nagpur Urban_Dharampeth_5
2025-07-14 14:03:13,637 - property_scraper - INFO - Processing in DEMO MODE: Year=2022, District=Nagpur, Taluka=Nagpur Urban, Village=Dharampeth, Doc#=5
2025-07-14 14:03:13,637 - property_scraper - INFO - Simulating navigation to https://pay2igr.igrmaharashtra.gov.in/eDisplay/Propertydetails/index
2025-07-14 14:03:14,138 - property_scraper - INFO - Simulating selecting Year: 2022
2025-07-14 14:03:14,138 - property_scraper - INFO - Simulating selecting District: Nagpur
2025-07-14 14:03:14,138 - property_scraper - INFO - Simulating selecting Taluka: Nagpur Urban
2025-07-14 14:03:14,139 - property_scraper - INFO - Simulating selecting Village: Dharampeth
2025-07-14 14:03:14,139 - property_scraper - INFO - Simulating entering Document Number: 5
2025-07-14 14:03:14,139 - property_scraper - INFO - Simulating captcha solving...
2025-07-14 14:03:15,141 - property_scraper - INFO - Captcha solved: Q9G4WE
2025-07-14 14:03:15,141 - property_scraper - INFO - Simulating clicking Search button...
2025-07-14 14:03:15,642 - property_scraper - INFO - Selecting 'All' entries per page from dropdown...
2025-07-14 14:03:16,142 - property_scraper - INFO - Page refreshed with All entries per page
2025-07-14 14:03:16,944 - property_scraper - INFO - Found 1537 entries with 'List No. 2' buttons in the search results table
2025-07-14 14:03:16,944 - property_scraper - INFO - For demo purposes, downloading only 5 PDFs out of 1537 entries
2025-07-14 14:03:16,944 - property_scraper - INFO - In real usage, you could download all PDFs by processing them in batches
2025-07-14 14:03:16,944 - property_scraper - INFO - Clicking on 'List No. 2' button for entry #1...
2025-07-14 14:03:17,746 - property_scraper - WARNING - Failed to open PDF for entry #1 in new tab. The link may be broken.
2025-07-14 14:03:17,746 - property_scraper - INFO - Clicking on 'List No. 2' button for entry #2...
2025-07-14 14:03:18,547 - property_scraper - INFO - PDF opened in new tab: Doc Reg. No. AND3-2364-2022
2025-07-14 14:03:18,547 - property_scraper - INFO - Downloading PDF from new tab...
2025-07-14 14:03:19,548 - property_scraper - INFO - Creating a PDF that simulates a screenshot of the document page
2025-07-14 14:03:19,626 - property_scraper - ERROR - Error creating screenshot-like PDF: expected str, bytes or os.PathLike object, not BytesIO
2025-07-14 14:03:19,626 - property_scraper - INFO - Downloaded PDF: 2364-2022-IndexII_copy.pdf
2025-07-14 14:03:19,627 - property_scraper - INFO - Clicking on 'List No. 2' button for entry #3...
2025-07-14 14:03:20,429 - property_scraper - INFO - PDF opened in new tab: Doc Reg. No. AND9-8430-2022
2025-07-14 14:03:20,429 - property_scraper - INFO - Downloading PDF from new tab...
2025-07-14 14:03:21,430 - property_scraper - INFO - Creating a PDF that simulates a screenshot of the document page
2025-07-14 14:03:21,510 - property_scraper - ERROR - Error creating screenshot-like PDF: expected str, bytes or os.PathLike object, not BytesIO
2025-07-14 14:03:21,511 - property_scraper - INFO - Downloaded PDF: 8430-2022-IndexII_copy.pdf
2025-07-14 14:03:21,511 - property_scraper - INFO - Clicking on 'List No. 2' button for entry #4...
2025-07-14 14:03:22,312 - property_scraper - INFO - PDF opened in new tab: Doc Reg. No. NGP9-5768-2022
2025-07-14 14:03:22,312 - property_scraper - INFO - Downloading PDF from new tab...
2025-07-14 14:03:23,313 - property_scraper - INFO - Creating a PDF that simulates a screenshot of the document page
2025-07-14 14:03:23,389 - property_scraper - ERROR - Error creating screenshot-like PDF: expected str, bytes or os.PathLike object, not BytesIO
2025-07-14 14:03:23,390 - property_scraper - INFO - Downloaded PDF: 5768-2022-IndexII_copy.pdf
2025-07-14 14:03:23,391 - property_scraper - INFO - Clicking on 'List No. 2' button for entry #5...
2025-07-14 14:03:24,191 - property_scraper - WARNING - Failed to open PDF for entry #5 in new tab. The link may be broken.
2025-07-14 14:03:24,191 - property_scraper - INFO - Successfully downloaded 3 PDFs from 'List No. 2' buttons
2025-07-14 14:03:24,192 - property_scraper - INFO - Successfully processed combination: 2022_Nagpur_Nagpur Urban_Dharampeth_5
2025-07-14 14:03:24,192 - property_scraper - INFO - Daily requests: 2/5
2025-07-14 14:03:24,193 - property_scraper - INFO - Waiting 4.20 seconds before next request...
2025-07-14 14:03:28,399 - property_scraper - INFO - Automatically selecting values from dropdowns...
2025-07-14 14:03:28,399 - property_scraper - INFO - Fetching options for dropdown 'year'...
2025-07-14 14:03:28,399 - property_scraper - WARNING - No driver provided for 'year'. Using demo mode options.
2025-07-14 14:03:28,399 - property_scraper - INFO - Selected Year: 2024
2025-07-14 14:03:28,400 - property_scraper - INFO - Fetching options for dropdown 'district'...
2025-07-14 14:03:28,400 - property_scraper - WARNING - No driver provided for 'district'. Using demo mode options.
2025-07-14 14:03:28,401 - property_scraper - INFO - Selected District: Pune
2025-07-14 14:03:28,401 - property_scraper - INFO - Fetching options for dropdown 'taluka'...
2025-07-14 14:03:28,401 - property_scraper - WARNING - No driver provided for 'taluka'. Using demo mode options.
2025-07-14 14:03:28,402 - property_scraper - INFO - Selected Taluka: Haveli
2025-07-14 14:03:28,402 - property_scraper - INFO - Fetching options for dropdown 'village'...
2025-07-14 14:03:28,402 - property_scraper - WARNING - No driver provided for 'village'. Using demo mode options.
2025-07-14 14:03:28,402 - property_scraper - INFO - Selected Village: Wagholi
2025-07-14 14:03:28,403 - property_scraper - INFO - Selected Document Number: 9
2025-07-14 14:03:28,403 - property_scraper - INFO - Processing combination: 2024_Pune_Haveli_Wagholi_9
2025-07-14 14:03:28,404 - property_scraper - INFO - Processing in DEMO MODE: Year=2024, District=Pune, Taluka=Haveli, Village=Wagholi, Doc#=9
2025-07-14 14:03:28,404 - property_scraper - INFO - Simulating navigation to https://pay2igr.igrmaharashtra.gov.in/eDisplay/Propertydetails/index
2025-07-14 14:03:28,906 - property_scraper - INFO - Simulating selecting Year: 2024
2025-07-14 14:03:28,906 - property_scraper - INFO - Simulating selecting District: Pune
2025-07-14 14:03:28,906 - property_scraper - INFO - Simulating selecting Taluka: Haveli
2025-07-14 14:03:28,907 - property_scraper - INFO - Simulating selecting Village: Wagholi
2025-07-14 14:03:28,907 - property_scraper - INFO - Simulating entering Document Number: 9
2025-07-14 14:03:28,907 - property_scraper - INFO - Simulating captcha solving...
2025-07-14 14:03:29,908 - property_scraper - INFO - Captcha solved: HKHQZE
2025-07-14 14:03:29,908 - property_scraper - INFO - Simulating clicking Search button...
2025-07-14 14:03:30,409 - property_scraper - INFO - Selecting 'All' entries per page from dropdown...
2025-07-14 14:03:30,909 - property_scraper - INFO - Page refreshed with All entries per page
2025-07-14 14:03:31,711 - property_scraper - INFO - Found 1753 entries with 'List No. 2' buttons in the search results table
2025-07-14 14:03:31,711 - property_scraper - INFO - For demo purposes, downloading only 5 PDFs out of 1753 entries
2025-07-14 14:03:31,711 - property_scraper - INFO - In real usage, you could download all PDFs by processing them in batches
2025-07-14 14:03:31,712 - property_scraper - INFO - Clicking on 'List No. 2' button for entry #1...
2025-07-14 14:03:32,512 - property_scraper - INFO - PDF opened in new tab: Doc Reg. No. NGP6-3822-2024
2025-07-14 14:03:32,512 - property_scraper - INFO - Downloading PDF from new tab...
2025-07-14 14:03:33,514 - property_scraper - INFO - Creating a PDF that simulates a screenshot of the document page
2025-07-14 14:03:33,589 - property_scraper - ERROR - Error creating screenshot-like PDF: expected str, bytes or os.PathLike object, not BytesIO
2025-07-14 14:03:33,590 - property_scraper - INFO - Downloaded PDF: 3822-2024-IndexII_copy.pdf
2025-07-14 14:03:33,590 - property_scraper - INFO - Clicking on 'List No. 2' button for entry #2...
2025-07-14 14:03:34,391 - property_scraper - WARNING - Failed to open PDF for entry #2 in new tab. The link may be broken.
2025-07-14 14:03:34,391 - property_scraper - INFO - Clicking on 'List No. 2' button for entry #3...
2025-07-14 14:03:35,192 - property_scraper - INFO - PDF opened in new tab: Doc Reg. No. NGP6-6762-2024
2025-07-14 14:03:35,192 - property_scraper - INFO - Downloading PDF from new tab...
2025-07-14 14:03:36,193 - property_scraper - INFO - Creating a PDF that simulates a screenshot of the document page
2025-07-14 14:03:36,269 - property_scraper - ERROR - Error creating screenshot-like PDF: expected str, bytes or os.PathLike object, not BytesIO
2025-07-14 14:03:36,269 - property_scraper - INFO - Downloaded PDF: 6762-2024-IndexII_copy.pdf
2025-07-14 14:03:36,270 - property_scraper - INFO - Clicking on 'List No. 2' button for entry #4...
2025-07-14 14:03:37,071 - property_scraper - WARNING - Failed to open PDF for entry #4 in new tab. The link may be broken.
2025-07-14 14:03:37,071 - property_scraper - INFO - Clicking on 'List No. 2' button for entry #5...
2025-07-14 14:03:37,873 - property_scraper - INFO - PDF opened in new tab: Doc Reg. No. PUN1-7749-2024
2025-07-14 14:03:37,873 - property_scraper - INFO - Downloading PDF from new tab...
2025-07-14 14:03:38,873 - property_scraper - INFO - Creating a PDF that simulates a screenshot of the document page
2025-07-14 14:03:38,946 - property_scraper - ERROR - Error creating screenshot-like PDF: expected str, bytes or os.PathLike object, not BytesIO
2025-07-14 14:03:38,947 - property_scraper - INFO - Downloaded PDF: 7749-2024-IndexII_copy.pdf
2025-07-14 14:03:38,947 - property_scraper - INFO - Successfully downloaded 3 PDFs from 'List No. 2' buttons
2025-07-14 14:03:38,948 - property_scraper - INFO - Successfully processed combination: 2024_Pune_Haveli_Wagholi_9
2025-07-14 14:03:38,948 - property_scraper - INFO - Daily requests: 3/5
2025-07-14 14:03:38,948 - property_scraper - INFO - Waiting 3.07 seconds before next request...
2025-07-14 14:03:42,024 - property_scraper - INFO - Automatically selecting values from dropdowns...
2025-07-14 14:03:42,024 - property_scraper - INFO - Fetching options for dropdown 'year'...
2025-07-14 14:03:42,025 - property_scraper - WARNING - No driver provided for 'year'. Using demo mode options.
2025-07-14 14:03:42,025 - property_scraper - INFO - Selected Year: 2022
2025-07-14 14:03:42,025 - property_scraper - INFO - Fetching options for dropdown 'district'...
2025-07-14 14:03:42,025 - property_scraper - WARNING - No driver provided for 'district'. Using demo mode options.
2025-07-14 14:03:42,026 - property_scraper - INFO - Selected District: Thane
2025-07-14 14:03:42,026 - property_scraper - INFO - Fetching options for dropdown 'taluka'...
2025-07-14 14:03:42,026 - property_scraper - WARNING - No driver provided for 'taluka'. Using demo mode options.
2025-07-14 14:03:42,026 - property_scraper - INFO - Selected Taluka: Thane
2025-07-14 14:03:42,027 - property_scraper - INFO - Fetching options for dropdown 'village'...
2025-07-14 14:03:42,027 - property_scraper - WARNING - No driver provided for 'village'. Using demo mode options.
2025-07-14 14:03:42,027 - property_scraper - INFO - Selected Village: Naupada
2025-07-14 14:03:42,027 - property_scraper - INFO - Selected Document Number: 2
2025-07-14 14:03:42,027 - property_scraper - INFO - Processing combination: 2022_Thane_Thane_Naupada_2
2025-07-14 14:03:42,028 - property_scraper - INFO - Processing in DEMO MODE: Year=2022, District=Thane, Taluka=Thane, Village=Naupada, Doc#=2
2025-07-14 14:03:42,028 - property_scraper - INFO - Simulating navigation to https://pay2igr.igrmaharashtra.gov.in/eDisplay/Propertydetails/index
2025-07-14 14:03:42,529 - property_scraper - INFO - Simulating selecting Year: 2022
2025-07-14 14:03:42,529 - property_scraper - INFO - Simulating selecting District: Thane
2025-07-14 14:03:42,529 - property_scraper - INFO - Simulating selecting Taluka: Thane
2025-07-14 14:03:42,529 - property_scraper - INFO - Simulating selecting Village: Naupada
2025-07-14 14:03:42,529 - property_scraper - INFO - Simulating entering Document Number: 2
2025-07-14 14:03:42,530 - property_scraper - INFO - Simulating captcha solving...
2025-07-14 14:03:43,531 - property_scraper - INFO - Captcha solved: KFP38I
2025-07-14 14:03:43,531 - property_scraper - INFO - Simulating clicking Search button...
2025-07-14 14:03:44,031 - property_scraper - INFO - Selecting 'All' entries per page from dropdown...
2025-07-14 14:03:44,532 - property_scraper - INFO - Page refreshed with All entries per page
2025-07-14 14:03:45,333 - property_scraper - INFO - Found 1749 entries with 'List No. 2' buttons in the search results table
2025-07-14 14:03:45,333 - property_scraper - INFO - For demo purposes, downloading only 5 PDFs out of 1749 entries
2025-07-14 14:03:45,333 - property_scraper - INFO - In real usage, you could download all PDFs by processing them in batches
2025-07-14 14:03:45,333 - property_scraper - INFO - Clicking on 'List No. 2' button for entry #1...
2025-07-14 14:03:46,135 - property_scraper - INFO - PDF opened in new tab: Doc Reg. No. BRL6-9960-2022
2025-07-14 14:03:46,135 - property_scraper - INFO - Downloading PDF from new tab...
2025-07-14 14:03:47,136 - property_scraper - INFO - Creating a PDF that simulates a screenshot of the document page
2025-07-14 14:03:47,206 - property_scraper - ERROR - Error creating screenshot-like PDF: expected str, bytes or os.PathLike object, not BytesIO
2025-07-14 14:03:47,207 - property_scraper - INFO - Downloaded PDF: 9960-2022-IndexII_copy.pdf
2025-07-14 14:03:47,208 - property_scraper - INFO - Clicking on 'List No. 2' button for entry #2...
2025-07-14 14:03:48,009 - property_scraper - INFO - PDF opened in new tab: Doc Reg. No. BRL1-7755-2022
2025-07-14 14:03:48,009 - property_scraper - INFO - Downloading PDF from new tab...
2025-07-14 14:03:49,010 - property_scraper - INFO - Creating a PDF that simulates a screenshot of the document page
2025-07-14 14:03:49,084 - property_scraper - ERROR - Error creating screenshot-like PDF: expected str, bytes or os.PathLike object, not BytesIO
2025-07-14 14:03:49,085 - property_scraper - INFO - Downloaded PDF: 7755-2022-IndexII_copy.pdf
2025-07-14 14:03:49,085 - property_scraper - INFO - Clicking on 'List No. 2' button for entry #3...
2025-07-14 14:03:49,886 - property_scraper - INFO - PDF opened in new tab: Doc Reg. No. BRL2-6226-2022
2025-07-14 14:03:49,886 - property_scraper - INFO - Downloading PDF from new tab...
2025-07-14 14:03:50,887 - property_scraper - INFO - Creating a PDF that simulates a screenshot of the document page
2025-07-14 14:03:50,959 - property_scraper - ERROR - Error creating screenshot-like PDF: expected str, bytes or os.PathLike object, not BytesIO
2025-07-14 14:03:50,960 - property_scraper - INFO - Downloaded PDF: 6226-2022-IndexII_copy.pdf
2025-07-14 14:03:50,960 - property_scraper - INFO - Clicking on 'List No. 2' button for entry #4...
2025-07-14 14:03:51,762 - property_scraper - INFO - PDF opened in new tab: Doc Reg. No. PUN1-9271-2022
2025-07-14 14:03:51,762 - property_scraper - INFO - Downloading PDF from new tab...
2025-07-14 14:03:52,763 - property_scraper - INFO - Creating a PDF that simulates a screenshot of the document page
2025-07-14 14:03:52,833 - property_scraper - ERROR - Error creating screenshot-like PDF: expected str, bytes or os.PathLike object, not BytesIO
2025-07-14 14:03:52,834 - property_scraper - INFO - Downloaded PDF: 9271-2022-IndexII_copy.pdf
2025-07-14 14:03:52,834 - property_scraper - INFO - Clicking on 'List No. 2' button for entry #5...
2025-07-14 14:03:53,634 - property_scraper - INFO - PDF opened in new tab: Doc Reg. No. AND5-6007-2022
2025-07-14 14:03:53,634 - property_scraper - INFO - Downloading PDF from new tab...
2025-07-14 14:03:54,636 - property_scraper - INFO - Creating a PDF that simulates a screenshot of the document page
2025-07-14 14:03:54,708 - property_scraper - ERROR - Error creating screenshot-like PDF: expected str, bytes or os.PathLike object, not BytesIO
2025-07-14 14:03:54,709 - property_scraper - INFO - Downloaded PDF: 6007-2022-IndexII_copy.pdf
2025-07-14 14:03:54,709 - property_scraper - INFO - Successfully downloaded 5 PDFs from 'List No. 2' buttons
2025-07-14 14:03:54,710 - property_scraper - INFO - Successfully processed combination: 2022_Thane_Thane_Naupada_2
2025-07-14 14:03:54,710 - property_scraper - INFO - Daily requests: 4/5
2025-07-14 14:03:54,710 - property_scraper - INFO - Waiting 4.15 seconds before next request...
2025-07-14 14:03:58,862 - property_scraper - INFO - Automatically selecting values from dropdowns...
2025-07-14 14:03:58,862 - property_scraper - INFO - Fetching options for dropdown 'year'...
2025-07-14 14:03:58,862 - property_scraper - WARNING - No driver provided for 'year'. Using demo mode options.
2025-07-14 14:03:58,862 - property_scraper - INFO - Selected Year: 2023
2025-07-14 14:03:58,863 - property_scraper - INFO - Fetching options for dropdown 'district'...
2025-07-14 14:03:58,863 - property_scraper - WARNING - No driver provided for 'district'. Using demo mode options.
2025-07-14 14:03:58,863 - property_scraper - INFO - Selected District: Thane
2025-07-14 14:03:58,864 - property_scraper - INFO - Fetching options for dropdown 'taluka'...
2025-07-14 14:03:58,864 - property_scraper - WARNING - No driver provided for 'taluka'. Using demo mode options.
2025-07-14 14:03:58,864 - property_scraper - INFO - Selected Taluka: Thane
2025-07-14 14:03:58,864 - property_scraper - INFO - Fetching options for dropdown 'village'...
2025-07-14 14:03:58,864 - property_scraper - WARNING - No driver provided for 'village'. Using demo mode options.
2025-07-14 14:03:58,865 - property_scraper - INFO - Selected Village: Naupada
2025-07-14 14:03:58,865 - property_scraper - INFO - Selected Document Number: 3
2025-07-14 14:03:58,865 - property_scraper - INFO - Processing combination: 2023_Thane_Thane_Naupada_3
2025-07-14 14:03:58,866 - property_scraper - INFO - Processing in DEMO MODE: Year=2023, District=Thane, Taluka=Thane, Village=Naupada, Doc#=3
2025-07-14 14:03:58,866 - property_scraper - INFO - Simulating navigation to https://pay2igr.igrmaharashtra.gov.in/eDisplay/Propertydetails/index
2025-07-14 14:03:59,367 - property_scraper - INFO - Simulating selecting Year: 2023
2025-07-14 14:03:59,367 - property_scraper - INFO - Simulating selecting District: Thane
2025-07-14 14:03:59,367 - property_scraper - INFO - Simulating selecting Taluka: Thane
2025-07-14 14:03:59,367 - property_scraper - INFO - Simulating selecting Village: Naupada
2025-07-14 14:03:59,367 - property_scraper - INFO - Simulating entering Document Number: 3
2025-07-14 14:03:59,367 - property_scraper - INFO - Simulating captcha solving...
2025-07-14 14:04:00,369 - property_scraper - INFO - Captcha solved: LO4FFX
2025-07-14 14:04:00,369 - property_scraper - INFO - Simulating clicking Search button...
2025-07-14 14:04:00,870 - property_scraper - INFO - Selecting 'All' entries per page from dropdown...
2025-07-14 14:04:01,372 - property_scraper - INFO - Page refreshed with All entries per page
2025-07-14 14:04:02,172 - property_scraper - INFO - Found 2083 entries with 'List No. 2' buttons in the search results table
2025-07-14 14:04:02,172 - property_scraper - INFO - For demo purposes, downloading only 5 PDFs out of 2083 entries
2025-07-14 14:04:02,172 - property_scraper - INFO - In real usage, you could download all PDFs by processing them in batches
2025-07-14 14:04:02,172 - property_scraper - INFO - Clicking on 'List No. 2' button for entry #1...
2025-07-14 14:04:02,973 - property_scraper - INFO - PDF opened in new tab: Doc Reg. No. BRL6-9203-2023
2025-07-14 14:04:02,973 - property_scraper - INFO - Downloading PDF from new tab...
2025-07-14 14:04:03,975 - property_scraper - INFO - Creating a PDF that simulates a screenshot of the document page
2025-07-14 14:04:04,055 - property_scraper - ERROR - Error creating screenshot-like PDF: expected str, bytes or os.PathLike object, not BytesIO
2025-07-14 14:04:04,056 - property_scraper - INFO - Downloaded PDF: 9203-2023-IndexII_copy.pdf
2025-07-14 14:04:04,056 - property_scraper - INFO - Clicking on 'List No. 2' button for entry #2...
2025-07-14 14:04:04,857 - property_scraper - INFO - PDF opened in new tab: Doc Reg. No. PUN9-7659-2023
2025-07-14 14:04:04,857 - property_scraper - INFO - Downloading PDF from new tab...
2025-07-14 14:04:05,859 - property_scraper - INFO - Creating a PDF that simulates a screenshot of the document page
2025-07-14 14:04:05,936 - property_scraper - ERROR - Error creating screenshot-like PDF: expected str, bytes or os.PathLike object, not BytesIO
2025-07-14 14:04:05,936 - property_scraper - INFO - Downloaded PDF: 7659-2023-IndexII_copy.pdf
2025-07-14 14:04:05,937 - property_scraper - INFO - Clicking on 'List No. 2' button for entry #3...
2025-07-14 14:04:06,738 - property_scraper - INFO - PDF opened in new tab: Doc Reg. No. AND7-7744-2023
2025-07-14 14:04:06,738 - property_scraper - INFO - Downloading PDF from new tab...
2025-07-14 14:04:07,740 - property_scraper - INFO - Creating a PDF that simulates a screenshot of the document page
2025-07-14 14:04:07,816 - property_scraper - ERROR - Error creating screenshot-like PDF: expected str, bytes or os.PathLike object, not BytesIO
2025-07-14 14:04:07,817 - property_scraper - INFO - Downloaded PDF: 7744-2023-IndexII_copy.pdf
2025-07-14 14:04:07,817 - property_scraper - INFO - Clicking on 'List No. 2' button for entry #4...
2025-07-14 14:04:08,618 - property_scraper - INFO - PDF opened in new tab: Doc Reg. No. PUN8-5538-2023
2025-07-14 14:04:08,618 - property_scraper - INFO - Downloading PDF from new tab...
2025-07-14 14:04:09,619 - property_scraper - INFO - Creating a PDF that simulates a screenshot of the document page
2025-07-14 14:04:09,697 - property_scraper - ERROR - Error creating screenshot-like PDF: expected str, bytes or os.PathLike object, not BytesIO
2025-07-14 14:04:09,698 - property_scraper - INFO - Downloaded PDF: 5538-2023-IndexII_copy.pdf
2025-07-14 14:04:09,698 - property_scraper - INFO - Clicking on 'List No. 2' button for entry #5...
2025-07-14 14:04:10,500 - property_scraper - WARNING - Failed to open PDF for entry #5 in new tab. The link may be broken.
2025-07-14 14:04:10,500 - property_scraper - INFO - Successfully downloaded 4 PDFs from 'List No. 2' buttons
2025-07-14 14:04:10,501 - property_scraper - INFO - Successfully processed combination: 2023_Thane_Thane_Naupada_3
2025-07-14 14:04:10,501 - property_scraper - INFO - Daily requests: 5/5
2025-07-14 14:04:10,501 - property_scraper - INFO - Waiting 6.19 seconds before next request...
