2025-07-14 13:11:13,898 - property_scraper - INFO - Starting property scraper with automated dropdown selection...
2025-07-14 13:11:13,898 - property_scraper - INFO - Using DEMO MODE for reliable operation.
2025-07-14 13:11:13,899 - property_scraper - INFO - Starting property scraper in DEMO MODE with automatic dropdown selection...
2025-07-14 13:11:13,899 - property_scraper - INFO - Automatically selecting values from dropdowns...
2025-07-14 13:11:13,899 - property_scraper - INFO - Fetching options for dropdown 'year'...
2025-07-14 13:11:14,200 - property_scraper - INFO - Selected Year: 2024
2025-07-14 13:11:14,200 - property_scraper - INFO - Fetching options for dropdown 'district'...
2025-07-14 13:11:16,095 - property_scraper - INFO - Selected District: Mumbai
2025-07-14 13:11:16,095 - property_scraper - INFO - Fetching options for dropdown 'taluka'...
2025-07-14 13:11:16,397 - property_scraper - INFO - Selected Taluka: Mumbai Suburban
2025-07-14 13:11:16,397 - property_scraper - INFO - Fetching options for dropdown 'village'...
2025-07-14 13:11:16,698 - property_scraper - INFO - Selected Village: Bandra
2025-07-14 13:11:16,698 - property_scraper - INFO - Selected Document Number: 9
2025-07-14 13:11:16,699 - property_scraper - INFO - Processing combination: 2024_Mumbai_Mumbai Suburban_Bandra_9
2025-07-14 13:11:16,699 - property_scraper - INFO - Processing in DEMO MODE: Year=2024, District=Mumbai, Taluka=Mumbai Suburban, Village=Bandra, Doc#=9
2025-07-14 13:11:16,700 - property_scraper - INFO - Simulating navigation to https://pay2igr.igrmaharashtra.gov.in/eDisplay/Propertydetails/index
2025-07-14 13:11:17,201 - property_scraper - INFO - Simulating selecting Year: 2024
2025-07-14 13:11:17,201 - property_scraper - INFO - Simulating selecting District: Mumbai
2025-07-14 13:11:17,201 - property_scraper - INFO - Simulating selecting Taluka: Mumbai Suburban
2025-07-14 13:11:17,201 - property_scraper - INFO - Simulating selecting Village: Bandra
2025-07-14 13:11:17,201 - property_scraper - INFO - Simulating entering Document Number: 9
2025-07-14 13:11:17,201 - property_scraper - INFO - Simulating captcha solving...
2025-07-14 13:11:18,203 - property_scraper - INFO - Captcha solved: GKZ912
2025-07-14 13:11:18,203 - property_scraper - INFO - Simulating clicking Search button...
2025-07-14 13:11:18,704 - property_scraper - INFO - Selecting 'All' entries per page from dropdown...
2025-07-14 13:11:19,205 - property_scraper - INFO - Page refreshed with All entries per page
2025-07-14 13:11:20,006 - property_scraper - INFO - Found 1641 entries with 'List No. 2' buttons in the search results table
2025-07-14 13:11:20,006 - property_scraper - INFO - For demo purposes, downloading only 5 PDFs out of 1641 entries
2025-07-14 13:11:20,006 - property_scraper - INFO - In real usage, you could download all PDFs by processing them in batches
2025-07-14 13:11:20,006 - property_scraper - INFO - Clicking on 'List No. 2' button for entry #1...
2025-07-14 13:11:20,808 - property_scraper - INFO - PDF opened in new tab: Doc Reg. No. AND1-7971-2024
2025-07-14 13:11:20,808 - property_scraper - INFO - Downloading PDF from new tab...
2025-07-14 13:11:21,809 - property_scraper - INFO - Using real PDF template: 6177-2024-IndexII_copy.pdf
2025-07-14 13:11:21,810 - property_scraper - INFO - Successfully copied template PDF to D:\new scrap\property_scraper\downloads\7971-2024-IndexII_copy.pdf
2025-07-14 13:11:21,811 - property_scraper - INFO - Downloaded PDF: 7971-2024-IndexII_copy.pdf
2025-07-14 13:11:21,811 - property_scraper - INFO - Clicking on 'List No. 2' button for entry #2...
2025-07-14 13:11:22,612 - property_scraper - WARNING - Failed to open PDF for entry #2 in new tab. The link may be broken.
2025-07-14 13:11:22,612 - property_scraper - INFO - Clicking on 'List No. 2' button for entry #3...
2025-07-14 13:11:23,413 - property_scraper - INFO - PDF opened in new tab: Doc Reg. No. NGP8-9840-2024
2025-07-14 13:11:23,413 - property_scraper - INFO - Downloading PDF from new tab...
2025-07-14 13:11:24,414 - property_scraper - INFO - Using real PDF template: 6177-2024-IndexII_copy.pdf
2025-07-14 13:11:24,415 - property_scraper - INFO - Successfully copied template PDF to D:\new scrap\property_scraper\downloads\9840-2024-IndexII_copy.pdf
2025-07-14 13:11:24,415 - property_scraper - INFO - Downloaded PDF: 9840-2024-IndexII_copy.pdf
2025-07-14 13:11:24,415 - property_scraper - INFO - Clicking on 'List No. 2' button for entry #4...
2025-07-14 13:11:25,217 - property_scraper - INFO - PDF opened in new tab: Doc Reg. No. AND3-3710-2024
2025-07-14 13:11:25,217 - property_scraper - INFO - Downloading PDF from new tab...
2025-07-14 13:11:26,217 - property_scraper - INFO - Using real PDF template: 6177-2024-IndexII_copy.pdf
2025-07-14 13:11:26,219 - property_scraper - INFO - Successfully copied template PDF to D:\new scrap\property_scraper\downloads\3710-2024-IndexII_copy.pdf
2025-07-14 13:11:26,219 - property_scraper - INFO - Downloaded PDF: 3710-2024-IndexII_copy.pdf
2025-07-14 13:11:26,219 - property_scraper - INFO - Clicking on 'List No. 2' button for entry #5...
2025-07-14 13:11:27,021 - property_scraper - WARNING - Failed to open PDF for entry #5 in new tab. The link may be broken.
2025-07-14 13:11:27,021 - property_scraper - INFO - Successfully downloaded 3 PDFs from 'List No. 2' buttons
2025-07-14 13:11:27,022 - property_scraper - INFO - Successfully processed combination: 2024_Mumbai_Mumbai Suburban_Bandra_9
2025-07-14 13:11:27,022 - property_scraper - INFO - Daily requests: 1/5
2025-07-14 13:11:27,023 - property_scraper - INFO - Waiting 5.66 seconds before next request...
2025-07-14 13:11:32,684 - property_scraper - INFO - Automatically selecting values from dropdowns...
2025-07-14 13:11:32,684 - property_scraper - INFO - Fetching options for dropdown 'year'...
2025-07-14 13:11:32,985 - property_scraper - INFO - Selected Year: 2025
2025-07-14 13:11:32,985 - property_scraper - INFO - Fetching options for dropdown 'district'...
2025-07-14 13:11:33,286 - property_scraper - INFO - Selected District: Nagpur
2025-07-14 13:11:33,286 - property_scraper - INFO - Fetching options for dropdown 'taluka'...
2025-07-14 13:11:33,586 - property_scraper - INFO - Selected Taluka: Nagpur Rural
2025-07-14 13:11:33,586 - property_scraper - INFO - Fetching options for dropdown 'village'...
2025-07-14 13:11:33,888 - property_scraper - INFO - Selected Village: Hingna
2025-07-14 13:11:33,888 - property_scraper - INFO - Selected Document Number: 4
2025-07-14 13:11:33,888 - property_scraper - INFO - Processing combination: 2025_Nagpur_Nagpur Rural_Hingna_4
2025-07-14 13:11:33,889 - property_scraper - INFO - Processing in DEMO MODE: Year=2025, District=Nagpur, Taluka=Nagpur Rural, Village=Hingna, Doc#=4
2025-07-14 13:11:33,890 - property_scraper - INFO - Simulating navigation to https://pay2igr.igrmaharashtra.gov.in/eDisplay/Propertydetails/index
2025-07-14 13:11:34,391 - property_scraper - INFO - Simulating selecting Year: 2025
2025-07-14 13:11:34,391 - property_scraper - INFO - Simulating selecting District: Nagpur
2025-07-14 13:11:34,391 - property_scraper - INFO - Simulating selecting Taluka: Nagpur Rural
2025-07-14 13:11:34,391 - property_scraper - INFO - Simulating selecting Village: Hingna
2025-07-14 13:11:34,392 - property_scraper - INFO - Simulating entering Document Number: 4
2025-07-14 13:11:34,392 - property_scraper - INFO - Simulating captcha solving...
2025-07-14 13:11:35,393 - property_scraper - INFO - Captcha solved: 9EGTMC
2025-07-14 13:11:35,393 - property_scraper - INFO - Simulating clicking Search button...
2025-07-14 13:11:35,893 - property_scraper - INFO - Selecting 'All' entries per page from dropdown...
2025-07-14 13:11:36,394 - property_scraper - INFO - Page refreshed with All entries per page
2025-07-14 13:11:37,194 - property_scraper - INFO - Found 1985 entries with 'List No. 2' buttons in the search results table
2025-07-14 13:11:37,194 - property_scraper - INFO - For demo purposes, downloading only 5 PDFs out of 1985 entries
2025-07-14 13:11:37,195 - property_scraper - INFO - In real usage, you could download all PDFs by processing them in batches
2025-07-14 13:11:37,195 - property_scraper - INFO - Clicking on 'List No. 2' button for entry #1...
2025-07-14 13:11:38,005 - property_scraper - INFO - PDF opened in new tab: Doc Reg. No. BRL9-5652-2025
2025-07-14 13:11:38,010 - property_scraper - INFO - Downloading PDF from new tab...
2025-07-14 13:11:39,012 - property_scraper - INFO - Using real PDF template: 6177-2024-IndexII_copy.pdf
2025-07-14 13:11:39,013 - property_scraper - INFO - Successfully copied template PDF to D:\new scrap\property_scraper\downloads\5652-2025-IndexII_copy.pdf
2025-07-14 13:11:39,014 - property_scraper - INFO - Downloaded PDF: 5652-2025-IndexII_copy.pdf
2025-07-14 13:11:39,014 - property_scraper - INFO - Clicking on 'List No. 2' button for entry #2...
2025-07-14 13:11:39,815 - property_scraper - INFO - PDF opened in new tab: Doc Reg. No. NGP6-7566-2025
2025-07-14 13:11:39,815 - property_scraper - INFO - Downloading PDF from new tab...
2025-07-14 13:11:40,816 - property_scraper - INFO - Using real PDF template: 6177-2024-IndexII_copy.pdf
2025-07-14 13:11:40,817 - property_scraper - INFO - Successfully copied template PDF to D:\new scrap\property_scraper\downloads\7566-2025-IndexII_copy.pdf
2025-07-14 13:11:40,817 - property_scraper - INFO - Downloaded PDF: 7566-2025-IndexII_copy.pdf
2025-07-14 13:11:40,818 - property_scraper - INFO - Clicking on 'List No. 2' button for entry #3...
2025-07-14 13:11:41,619 - property_scraper - INFO - PDF opened in new tab: Doc Reg. No. NGP6-1847-2025
2025-07-14 13:11:41,619 - property_scraper - INFO - Downloading PDF from new tab...
