2025-07-14 13:57:13,153 - property_scraper - INFO - Starting property scraper with automated dropdown selection...
2025-07-14 13:57:13,153 - property_scraper - INFO - Setting up Chrome WebDriver...
2025-07-14 13:57:13,301 - property_scraper - INFO - Using user agent: Mozilla/5.0 (Windows NT 10.0; Win64; x64) AppleWebKit/537.36 (KHTML, like Gecko) Chrome/92.0.4515.107 Safari/537.36 Edg/92.0.902.55
2025-07-14 13:57:13,301 - property_scraper - INFO - Creating Chrome driver using undetected_chromedriver with enhanced settings
2025-07-14 13:57:14,286 - property_scraper - INFO - Chrome WebDriver set up successfully
2025-07-14 13:57:14,290 - property_scraper - INFO - Navigating to https://pay2igr.igrmaharashtra.gov.in/eDisplay/Propertydetails/index
2025-07-14 13:57:22,498 - property_scraper - INFO - Saved initial page screenshot to captcha_debug/initial_page_1752481642.png
2025-07-14 13:57:23,433 - property_scraper - INFO - Looking for captcha...
2025-07-14 13:57:27,143 - property_scraper - INFO - Page refreshed to get a fresh captcha
2025-07-14 13:57:37,149 - property_scraper - INFO - No captcha refresh button found or couldn't click it
2025-07-14 13:57:39,428 - property_scraper - INFO - Saved page screenshot to captcha_debug/page_1752481659.png
2025-07-14 13:57:39,447 - property_scraper - INFO - Forced reload of captcha image with: https://pay2igr.igrmaharashtra.gov.in/eDisplay/captcha-image?t=1752481659
2025-07-14 13:57:41,448 - property_scraper - INFO - Downloading captcha image with SSL verification...
2025-07-14 13:57:42,027 - property_scraper - WARNING - Error downloading captcha with SSL verification: HTTPSConnectionPool(host='pay2igr.igrmaharashtra.gov.in', port=443): Max retries exceeded with url: /eDisplay/captcha-image?t=1752481659 (Caused by SSLError(SSLCertVerificationError(1, '[SSL: CERTIFICATE_VERIFY_FAILED] certificate verify failed: unable to get local issuer certificate (_ssl.c:1000)')))
2025-07-14 13:57:42,027 - property_scraper - WARNING - Trying to download captcha image with SSL verification disabled...
2025-07-14 13:57:42,028 - property_scraper - WARNING - WARNING: SSL certificate verification is disabled. This is insecure!
2025-07-14 13:57:42,431 - property_scraper - INFO - Successfully downloaded captcha image with SSL verification disabled
2025-07-14 13:57:42,452 - property_scraper - WARNING - OCR failed: tesseract is not installed or it's not in your PATH. See README file for more information.
2025-07-14 13:57:42,453 - property_scraper - INFO - Using random captcha text: WVLQHC
2025-07-14 13:57:44,567 - property_scraper - INFO - Cleared captcha input field
2025-07-14 13:57:45,934 - property_scraper - INFO - Entered captcha text: WVLQHC
2025-07-14 13:57:59,441 - property_scraper - WARNING - Could not find or click submit button: Message: 
Stacktrace:
	GetHandleVerifier [0x0x3e44a3+62419]
	GetHandleVerifier [0x0x3e44e4+62484]
	(No symbol) [0x0x222133]
	(No symbol) [0x0x26a8fe]
	(No symbol) [0x0x26ac9b]
	(No symbol) [0x0x2b3052]
	(No symbol) [0x0x28f4b4]
	(No symbol) [0x0x2b087a]
	(No symbol) [0x0x28f266]
	(No symbol) [0x0x25e852]
	(No symbol) [0x0x25f6f4]
	GetHandleVerifier [0x0x654793+2619075]
	GetHandleVerifier [0x0x64fbaa+2599642]
	GetHandleVerifier [0x0x40b04a+221050]
	GetHandleVerifier [0x0x3fb2c8+156152]
	GetHandleVerifier [0x0x401c7d+183213]
	GetHandleVerifier [0x0x3ec388+94904]
	GetHandleVerifier [0x0x3ec512+95298]
	GetHandleVerifier [0x0x3d766a+9626]
	BaseThreadInitThunk [0x0x76d1fcc9+25]
	RtlGetAppContainerNamedObjectPath [0x0x775882ae+286]
	RtlGetAppContainerNamedObjectPath [0x0x7758827e+238]

2025-07-14 13:57:59,443 - property_scraper - INFO - Fetching options for dropdown 'year'...
2025-07-14 13:58:20,503 - property_scraper - ERROR - Error getting options for dropdown 'year': Message: 
Stacktrace:
	GetHandleVerifier [0x0x3e44a3+62419]
	GetHandleVerifier [0x0x3e44e4+62484]
	(No symbol) [0x0x222133]
	(No symbol) [0x0x26a8fe]
	(No symbol) [0x0x26ac9b]
	(No symbol) [0x0x2b3052]
	(No symbol) [0x0x28f4b4]
	(No symbol) [0x0x2b087a]
	(No symbol) [0x0x28f266]
	(No symbol) [0x0x25e852]
	(No symbol) [0x0x25f6f4]
	GetHandleVerifier [0x0x654793+2619075]
	GetHandleVerifier [0x0x64fbaa+2599642]
	GetHandleVerifier [0x0x40b04a+221050]
	GetHandleVerifier [0x0x3fb2c8+156152]
	GetHandleVerifier [0x0x401c7d+183213]
	GetHandleVerifier [0x0x3ec388+94904]
	GetHandleVerifier [0x0x3ec512+95298]
	GetHandleVerifier [0x0x3d766a+9626]
	BaseThreadInitThunk [0x0x76d1fcc9+25]
	RtlGetAppContainerNamedObjectPath [0x0x775882ae+286]
	RtlGetAppContainerNamedObjectPath [0x0x7758827e+238]

2025-07-14 13:58:20,505 - property_scraper - WARNING - Falling back to demo mode options for 'year'
2025-07-14 13:58:20,505 - property_scraper - INFO - Selecting '2025' from dropdown 'year'
2025-07-14 13:58:41,607 - property_scraper - ERROR - Error selecting option '2025' from dropdown 'year': Message: 
Stacktrace:
	GetHandleVerifier [0x0x3e44a3+62419]
	GetHandleVerifier [0x0x3e44e4+62484]
	(No symbol) [0x0x222133]
	(No symbol) [0x0x26a8fe]
	(No symbol) [0x0x26ac9b]
	(No symbol) [0x0x2b3052]
	(No symbol) [0x0x28f4b4]
	(No symbol) [0x0x2b087a]
	(No symbol) [0x0x28f266]
	(No symbol) [0x0x25e852]
	(No symbol) [0x0x25f6f4]
	GetHandleVerifier [0x0x654793+2619075]
	GetHandleVerifier [0x0x64fbaa+2599642]
	GetHandleVerifier [0x0x40b04a+221050]
	GetHandleVerifier [0x0x3fb2c8+156152]
	GetHandleVerifier [0x0x401c7d+183213]
	GetHandleVerifier [0x0x3ec388+94904]
	GetHandleVerifier [0x0x3ec512+95298]
	GetHandleVerifier [0x0x3d766a+9626]
	BaseThreadInitThunk [0x0x76d1fcc9+25]
	RtlGetAppContainerNamedObjectPath [0x0x775882ae+286]
	RtlGetAppContainerNamedObjectPath [0x0x7758827e+238]

2025-07-14 13:58:41,608 - property_scraper - INFO - Fetching options for dropdown 'district'...
2025-07-14 13:59:02,640 - property_scraper - ERROR - Error getting options for dropdown 'district': Message: 
Stacktrace:
	GetHandleVerifier [0x0x3e44a3+62419]
	GetHandleVerifier [0x0x3e44e4+62484]
	(No symbol) [0x0x222133]
	(No symbol) [0x0x26a8fe]
	(No symbol) [0x0x26ac9b]
	(No symbol) [0x0x2b3052]
	(No symbol) [0x0x28f4b4]
	(No symbol) [0x0x2b087a]
	(No symbol) [0x0x28f266]
	(No symbol) [0x0x25e852]
	(No symbol) [0x0x25f6f4]
	GetHandleVerifier [0x0x654793+2619075]
	GetHandleVerifier [0x0x64fbaa+2599642]
	GetHandleVerifier [0x0x40b04a+221050]
	GetHandleVerifier [0x0x3fb2c8+156152]
	GetHandleVerifier [0x0x401c7d+183213]
	GetHandleVerifier [0x0x3ec388+94904]
	GetHandleVerifier [0x0x3ec512+95298]
	GetHandleVerifier [0x0x3d766a+9626]
	BaseThreadInitThunk [0x0x76d1fcc9+25]
	RtlGetAppContainerNamedObjectPath [0x0x775882ae+286]
	RtlGetAppContainerNamedObjectPath [0x0x7758827e+238]

2025-07-14 13:59:02,641 - property_scraper - WARNING - Falling back to demo mode options for 'district'
2025-07-14 13:59:02,641 - property_scraper - INFO - Selecting 'Mumbai' from dropdown 'district'
2025-07-14 13:59:23,772 - property_scraper - ERROR - Error selecting option 'Mumbai' from dropdown 'district': Message: 
Stacktrace:
	GetHandleVerifier [0x0x3e44a3+62419]
	GetHandleVerifier [0x0x3e44e4+62484]
	(No symbol) [0x0x222133]
	(No symbol) [0x0x26a8fe]
	(No symbol) [0x0x26ac9b]
	(No symbol) [0x0x2b3052]
	(No symbol) [0x0x28f4b4]
	(No symbol) [0x0x2b087a]
	(No symbol) [0x0x28f266]
	(No symbol) [0x0x25e852]
	(No symbol) [0x0x25f6f4]
	GetHandleVerifier [0x0x654793+2619075]
	GetHandleVerifier [0x0x64fbaa+2599642]
	GetHandleVerifier [0x0x40b04a+221050]
	GetHandleVerifier [0x0x3fb2c8+156152]
	GetHandleVerifier [0x0x401c7d+183213]
	GetHandleVerifier [0x0x3ec388+94904]
	GetHandleVerifier [0x0x3ec512+95298]
	GetHandleVerifier [0x0x3d766a+9626]
	BaseThreadInitThunk [0x0x76d1fcc9+25]
	RtlGetAppContainerNamedObjectPath [0x0x775882ae+286]
	RtlGetAppContainerNamedObjectPath [0x0x7758827e+238]

2025-07-14 13:59:23,773 - property_scraper - INFO - Fetching options for dropdown 'taluka'...
2025-07-14 13:59:44,862 - property_scraper - ERROR - Error getting options for dropdown 'taluka': Message: 
Stacktrace:
	GetHandleVerifier [0x0x3e44a3+62419]
	GetHandleVerifier [0x0x3e44e4+62484]
	(No symbol) [0x0x222133]
	(No symbol) [0x0x26a8fe]
	(No symbol) [0x0x26ac9b]
	(No symbol) [0x0x2b3052]
	(No symbol) [0x0x28f4b4]
	(No symbol) [0x0x2b087a]
	(No symbol) [0x0x28f266]
	(No symbol) [0x0x25e852]
	(No symbol) [0x0x25f6f4]
	GetHandleVerifier [0x0x654793+2619075]
	GetHandleVerifier [0x0x64fbaa+2599642]
	GetHandleVerifier [0x0x40b04a+221050]
	GetHandleVerifier [0x0x3fb2c8+156152]
	GetHandleVerifier [0x0x401c7d+183213]
	GetHandleVerifier [0x0x3ec388+94904]
	GetHandleVerifier [0x0x3ec512+95298]
	GetHandleVerifier [0x0x3d766a+9626]
	BaseThreadInitThunk [0x0x76d1fcc9+25]
	RtlGetAppContainerNamedObjectPath [0x0x775882ae+286]
	RtlGetAppContainerNamedObjectPath [0x0x7758827e+238]

2025-07-14 13:59:44,863 - property_scraper - WARNING - Falling back to demo mode options for 'taluka'
2025-07-14 13:59:44,863 - property_scraper - INFO - Selecting 'Thane' from dropdown 'taluka'
2025-07-14 13:59:50,011 - uc - INFO - ensuring close
