2025-07-22 13:42:29,960 - property_scraper - INFO - Instance ID: local_8b902435
2025-07-22 13:42:29,961 - property_scraper - INFO - Tesseract path set to: C:\Program Files\Tesseract-OCR\tesseract.exe
2025-07-22 13:42:29,962 - property_scraper - INFO - Running property scraper
2025-07-22 13:42:29,962 - property_scraper - INFO - Starting property scraper...
2025-07-22 13:42:29,962 - property_scraper - INFO - Instance ID: local_8b902435
2025-07-22 13:42:29,963 - property_scraper - INFO - Setting up Chrome WebDriver...
2025-07-22 13:42:30,096 - property_scraper - INFO - Using user agent: Mozilla/5.0 (Windows NT 10.0; Win64; x64) AppleWebKit/537.36 (KHTML, like Gecko) Chrome/92.0.4515.107 Safari/537.36 Edg/92.0.902.55
2025-07-22 13:42:30,097 - property_scraper - INFO - Creating Chrome driver using undetected_chromedriver with enhanced settings
2025-07-22 13:42:31,511 - property_scraper - INFO - Chrome WebDriver set up successfully
2025-07-22 13:42:31,512 - property_scraper - INFO - Navigating to https://pay2igr.igrmaharashtra.gov.in/eDisplay/Propertydetails/index
2025-07-22 13:42:37,957 - property_scraper - INFO - Saved initial page screenshot to captcha_debug/initial_page_1753171957.png
2025-07-22 13:42:39,446 - property_scraper - INFO - Looking for available tasks...
2025-07-22 13:42:39,446 - property_scraper - INFO - No current task to continue. Need to get dropdown options from website.
2025-07-22 13:42:39,446 - property_scraper - INFO - No available tasks found. Getting dropdown options from website...
2025-07-22 13:42:39,587 - property_scraper - INFO - Saved screenshot before dropdown interactions: dropdown_debug/before_dropdowns_1753171959.png
2025-07-22 13:42:50,770 - property_scraper - INFO - Selected Year: 1994
2025-07-22 13:42:54,067 - property_scraper - INFO - Saved screenshot after year selection: dropdown_debug/after_year_1753171973.png
2025-07-22 13:43:05,288 - property_scraper - INFO - Selected District: मुंबई
2025-07-22 13:43:08,560 - property_scraper - INFO - Saved screenshot after district selection: dropdown_debug/after_district_1753171988.png
2025-07-22 13:43:19,181 - property_scraper - INFO - Selected Taluka: Mumbai
2025-07-22 13:43:22,433 - property_scraper - INFO - Saved screenshot after taluka selection: dropdown_debug/after_taluka_1753172002.png
2025-07-22 13:43:35,176 - property_scraper - INFO - Selected Village: धारावी
2025-07-22 13:43:38,438 - property_scraper - INFO - Saved screenshot after village selection: dropdown_debug/after_village_1753172018.png
2025-07-22 13:43:38,439 - property_scraper - INFO - Processing combination: 1994_मुंबई_Mumbai_धारावी_9
2025-07-22 13:43:38,440 - property_scraper - INFO - Processing: Year=1994, District=मुंबई, Taluka=Mumbai, Village=धारावी, Doc#=9
2025-07-22 13:43:38,440 - property_scraper - INFO - Getting current dropdown selections
2025-07-22 13:43:38,462 - property_scraper - INFO - Current dropdown selections: {'year': None, 'district': None, 'taluka': None, 'village': None}
2025-07-22 13:43:38,463 - property_scraper - INFO - Need to select year: 1994 (current: None)
2025-07-22 13:43:38,463 - property_scraper - INFO - Need to select district: मुंबई (current: None)
2025-07-22 13:43:38,463 - property_scraper - INFO - Need to select taluka: Mumbai (current: None)
2025-07-22 13:43:38,464 - property_scraper - INFO - Need to select village: धारावी (current: None)
2025-07-22 13:43:38,464 - property_scraper - INFO - Some dropdown selections need to be updated. Navigating to main page...
2025-07-22 13:43:43,124 - property_scraper - INFO - Selecting '1994' from dropdown 'year'
2025-07-22 13:43:43,307 - property_scraper - INFO - Saved screenshot before dropdown interaction: dropdown_debug/before_year_1753172023.png
2025-07-22 13:43:43,314 - property_scraper - WARNING - Page appears to have changed or refreshed. Reloading...
2025-07-22 13:43:47,543 - property_scraper - INFO - Using special handling for year dropdown
2025-07-22 13:43:47,543 - property_scraper - INFO - Using specialized year selection method for year: 1994
2025-07-22 13:43:47,544 - property_scraper - INFO - Approach 1: Direct XPath selection
2025-07-22 13:43:58,091 - property_scraper - WARNING - Approach 1 failed: Message: 
Stacktrace:
	GetHandleVerifier [0x0x4244a3+62419]
	GetHandleVerifier [0x0x4244e4+62484]
	(No symbol) [0x0x262133]
	(No symbol) [0x0x2aa8fe]
	(No symbol) [0x0x2aac9b]
	(No symbol) [0x0x2f3052]
	(No symbol) [0x0x2cf4b4]
	(No symbol) [0x0x2f087a]
	(No symbol) [0x0x2cf266]
	(No symbol) [0x0x29e852]
	(No symbol) [0x0x29f6f4]
	GetHandleVerifier [0x0x694793+2619075]
	GetHandleVerifier [0x0x68fbaa+2599642]
	GetHandleVerifier [0x0x44b04a+221050]
	GetHandleVerifier [0x0x43b2c8+156152]
	GetHandleVerifier [0x0x441c7d+183213]
	GetHandleVerifier [0x0x42c388+94904]
	GetHandleVerifier [0x0x42c512+95298]
	GetHandleVerifier [0x0x41766a+9626]
	BaseThreadInitThunk [0x0x768ffcc9+25]
	RtlGetAppContainerNamedObjectPath [0x0x771582ae+286]
	RtlGetAppContainerNamedObjectPath [0x0x7715827e+238]

2025-07-22 13:43:58,092 - property_scraper - INFO - Approach 2: Select class with explicit wait
2025-07-22 13:44:08,605 - property_scraper - WARNING - Approach 2 failed: Message: 
Stacktrace:
	GetHandleVerifier [0x0x4244a3+62419]
	GetHandleVerifier [0x0x4244e4+62484]
	(No symbol) [0x0x262133]
	(No symbol) [0x0x2aa8fe]
	(No symbol) [0x0x2aac9b]
	(No symbol) [0x0x2f3052]
	(No symbol) [0x0x2cf4b4]
	(No symbol) [0x0x2f087a]
	(No symbol) [0x0x2cf266]
	(No symbol) [0x0x29e852]
	(No symbol) [0x0x29f6f4]
	GetHandleVerifier [0x0x694793+2619075]
	GetHandleVerifier [0x0x68fbaa+2599642]
	GetHandleVerifier [0x0x44b04a+221050]
	GetHandleVerifier [0x0x43b2c8+156152]
	GetHandleVerifier [0x0x441c7d+183213]
	GetHandleVerifier [0x0x42c388+94904]
	GetHandleVerifier [0x0x42c512+95298]
	GetHandleVerifier [0x0x41766a+9626]
	BaseThreadInitThunk [0x0x768ffcc9+25]
	RtlGetAppContainerNamedObjectPath [0x0x771582ae+286]
	RtlGetAppContainerNamedObjectPath [0x0x7715827e+238]

2025-07-22 13:44:08,606 - property_scraper - INFO - Approach 3: Pure JavaScript approach
2025-07-22 13:44:08,612 - property_scraper - WARNING - Approach 3 failed: Message: javascript error: Cannot read properties of null (reading 'options')
  (Session info: chrome=138.0.7204.158)
Stacktrace:
	GetHandleVerifier [0x0x4244a3+62419]
	GetHandleVerifier [0x0x4244e4+62484]
	(No symbol) [0x0x262133]
	(No symbol) [0x0x268909]
	(No symbol) [0x0x26aec3]
	(No symbol) [0x0x2f1874]
	(No symbol) [0x0x2cf46c]
	(No symbol) [0x0x2f087a]
	(No symbol) [0x0x2cf266]
	(No symbol) [0x0x29e852]
	(No symbol) [0x0x29f6f4]
	GetHandleVerifier [0x0x694793+2619075]
	GetHandleVerifier [0x0x68fbaa+2599642]
	GetHandleVerifier [0x0x44b04a+221050]
	GetHandleVerifier [0x0x43b2c8+156152]
	GetHandleVerifier [0x0x441c7d+183213]
	GetHandleVerifier [0x0x42c388+94904]
	GetHandleVerifier [0x0x42c512+95298]
	GetHandleVerifier [0x0x41766a+9626]
	BaseThreadInitThunk [0x0x768ffcc9+25]
	RtlGetAppContainerNamedObjectPath [0x0x771582ae+286]
	RtlGetAppContainerNamedObjectPath [0x0x7715827e+238]

2025-07-22 13:44:08,613 - property_scraper - INFO - Approach 4: ActionChains approach
2025-07-22 13:44:19,171 - property_scraper - WARNING - Approach 4 failed: Message: 
Stacktrace:
	GetHandleVerifier [0x0x4244a3+62419]
	GetHandleVerifier [0x0x4244e4+62484]
	(No symbol) [0x0x262133]
	(No symbol) [0x0x2aa8fe]
	(No symbol) [0x0x2aac9b]
	(No symbol) [0x0x2f3052]
	(No symbol) [0x0x2cf4b4]
	(No symbol) [0x0x2f087a]
	(No symbol) [0x0x2cf266]
	(No symbol) [0x0x29e852]
	(No symbol) [0x0x29f6f4]
	GetHandleVerifier [0x0x694793+2619075]
	GetHandleVerifier [0x0x68fbaa+2599642]
	GetHandleVerifier [0x0x44b04a+221050]
	GetHandleVerifier [0x0x43b2c8+156152]
	GetHandleVerifier [0x0x441c7d+183213]
	GetHandleVerifier [0x0x42c388+94904]
	GetHandleVerifier [0x0x42c512+95298]
	GetHandleVerifier [0x0x41766a+9626]
	BaseThreadInitThunk [0x0x768ffcc9+25]
	RtlGetAppContainerNamedObjectPath [0x0x771582ae+286]
	RtlGetAppContainerNamedObjectPath [0x0x7715827e+238]

2025-07-22 13:44:19,172 - property_scraper - INFO - Approach 5: Advanced DOM manipulation with mutation observer
2025-07-22 13:44:19,179 - property_scraper - INFO - Approach 5 result: False
2025-07-22 13:44:19,179 - property_scraper - INFO - All approaches failed. Refreshing page and retrying... (2 retries left)
2025-07-22 13:44:23,705 - property_scraper - INFO - Using specialized year selection method for year: 1994
2025-07-22 13:44:23,705 - property_scraper - INFO - Approach 1: Direct XPath selection
2025-07-22 13:44:34,220 - property_scraper - WARNING - Approach 1 failed: Message: 
Stacktrace:
	GetHandleVerifier [0x0x4244a3+62419]
	GetHandleVerifier [0x0x4244e4+62484]
	(No symbol) [0x0x262133]
	(No symbol) [0x0x2aa8fe]
	(No symbol) [0x0x2aac9b]
	(No symbol) [0x0x2f3052]
	(No symbol) [0x0x2cf4b4]
	(No symbol) [0x0x2f087a]
	(No symbol) [0x0x2cf266]
	(No symbol) [0x0x29e852]
	(No symbol) [0x0x29f6f4]
	GetHandleVerifier [0x0x694793+2619075]
	GetHandleVerifier [0x0x68fbaa+2599642]
	GetHandleVerifier [0x0x44b04a+221050]
	GetHandleVerifier [0x0x43b2c8+156152]
	GetHandleVerifier [0x0x441c7d+183213]
	GetHandleVerifier [0x0x42c388+94904]
	GetHandleVerifier [0x0x42c512+95298]
	GetHandleVerifier [0x0x41766a+9626]
	BaseThreadInitThunk [0x0x768ffcc9+25]
	RtlGetAppContainerNamedObjectPath [0x0x771582ae+286]
	RtlGetAppContainerNamedObjectPath [0x0x7715827e+238]

2025-07-22 13:44:34,221 - property_scraper - INFO - Approach 2: Select class with explicit wait
2025-07-22 13:44:44,772 - property_scraper - WARNING - Approach 2 failed: Message: 
Stacktrace:
	GetHandleVerifier [0x0x4244a3+62419]
	GetHandleVerifier [0x0x4244e4+62484]
	(No symbol) [0x0x262133]
	(No symbol) [0x0x2aa8fe]
	(No symbol) [0x0x2aac9b]
	(No symbol) [0x0x2f3052]
	(No symbol) [0x0x2cf4b4]
	(No symbol) [0x0x2f087a]
	(No symbol) [0x0x2cf266]
	(No symbol) [0x0x29e852]
	(No symbol) [0x0x29f6f4]
	GetHandleVerifier [0x0x694793+2619075]
	GetHandleVerifier [0x0x68fbaa+2599642]
	GetHandleVerifier [0x0x44b04a+221050]
	GetHandleVerifier [0x0x43b2c8+156152]
	GetHandleVerifier [0x0x441c7d+183213]
	GetHandleVerifier [0x0x42c388+94904]
	GetHandleVerifier [0x0x42c512+95298]
	GetHandleVerifier [0x0x41766a+9626]
	BaseThreadInitThunk [0x0x768ffcc9+25]
	RtlGetAppContainerNamedObjectPath [0x0x771582ae+286]
	RtlGetAppContainerNamedObjectPath [0x0x7715827e+238]

2025-07-22 13:44:44,773 - property_scraper - INFO - Approach 3: Pure JavaScript approach
2025-07-22 13:44:44,779 - property_scraper - WARNING - Approach 3 failed: Message: javascript error: Cannot read properties of null (reading 'options')
  (Session info: chrome=138.0.7204.158)
Stacktrace:
	GetHandleVerifier [0x0x4244a3+62419]
	GetHandleVerifier [0x0x4244e4+62484]
	(No symbol) [0x0x262133]
	(No symbol) [0x0x268909]
	(No symbol) [0x0x26aec3]
	(No symbol) [0x0x2f1874]
	(No symbol) [0x0x2cf46c]
	(No symbol) [0x0x2f087a]
	(No symbol) [0x0x2cf266]
	(No symbol) [0x0x29e852]
	(No symbol) [0x0x29f6f4]
	GetHandleVerifier [0x0x694793+2619075]
	GetHandleVerifier [0x0x68fbaa+2599642]
	GetHandleVerifier [0x0x44b04a+221050]
	GetHandleVerifier [0x0x43b2c8+156152]
	GetHandleVerifier [0x0x441c7d+183213]
	GetHandleVerifier [0x0x42c388+94904]
	GetHandleVerifier [0x0x42c512+95298]
	GetHandleVerifier [0x0x41766a+9626]
	BaseThreadInitThunk [0x0x768ffcc9+25]
	RtlGetAppContainerNamedObjectPath [0x0x771582ae+286]
	RtlGetAppContainerNamedObjectPath [0x0x7715827e+238]

2025-07-22 13:44:44,781 - property_scraper - INFO - Approach 4: ActionChains approach
2025-07-22 13:44:50,110 - uc - INFO - ensuring close
