2025-07-14 13:46:15,249 - property_scraper - INFO - Starting property scraper with automated dropdown selection...
2025-07-14 13:46:15,250 - property_scraper - INFO - Setting up Chrome WebDriver...
2025-07-14 13:46:15,250 - property_scraper - INFO - Using user agent: Mozilla/5.0 (Windows NT 10.0; Win64; x64) AppleWebKit/537.36 (KHTML, like Gecko) Chrome/92.0.4515.107 Safari/537.36 Edg/92.0.902.55
2025-07-14 13:46:15,297 - property_scraper - INFO - Trying to use webdriver_manager to get the correct ChromeDriver
2025-07-14 13:46:15,298 - WDM - INFO - ====== WebDriver manager ======
2025-07-14 13:46:16,474 - WDM - INFO - There is no [win32] chromedriver "latest" for browser google-chrome "138.0.7204" in cache
2025-07-14 13:46:16,475 - WDM - INFO - Get LATEST chromedriver version for google-chrome
2025-07-14 13:46:17,515 - property_scraper - WARNING - Could not use webdriver_manager: There is no such driver by url https://chromedriver.storage.googleapis.com/LATEST_RELEASE_138.0.7204
2025-07-14 13:46:17,674 - property_scraper - INFO - Trying to use undetected_chromedriver
2025-07-14 13:46:18,460 - property_scraper - INFO - Successfully created Chrome driver using undetected_chromedriver
2025-07-14 13:46:18,614 - property_scraper - INFO - Chrome WebDriver set up successfully
2025-07-14 13:46:20,948 - property_scraper - INFO - Looking for captcha...
2025-07-14 13:46:20,994 - property_scraper - INFO - Downloading captcha image with SSL verification...
2025-07-14 13:46:22,321 - property_scraper - WARNING - Error downloading captcha with SSL verification: HTTPSConnectionPool(host='pay2igr.igrmaharashtra.gov.in', port=443): Max retries exceeded with url: /eDisplay/captcha-image (Caused by SSLError(SSLCertVerificationError(1, '[SSL: CERTIFICATE_VERIFY_FAILED] certificate verify failed: unable to get local issuer certificate (_ssl.c:1000)')))
2025-07-14 13:46:22,322 - property_scraper - WARNING - Trying to download captcha image with SSL verification disabled...
2025-07-14 13:46:22,322 - property_scraper - WARNING - WARNING: SSL certificate verification is disabled. This is insecure!
2025-07-14 13:46:22,746 - property_scraper - INFO - Successfully downloaded captcha image with SSL verification disabled
2025-07-14 13:46:22,781 - property_scraper - WARNING - OCR failed: tesseract is not installed or it's not in your PATH. See README file for more information.
2025-07-14 13:46:22,786 - property_scraper - INFO - Using random captcha text: ILKT68
2025-07-14 13:46:23,019 - property_scraper - INFO - Entered captcha text: ILKT68
2025-07-14 13:46:23,028 - property_scraper - INFO - Fetching options for dropdown 'year'...
2025-07-14 13:46:33,220 - property_scraper - ERROR - Error getting options for dropdown 'year': Message: 
Stacktrace:
	GetHandleVerifier [0x0x3e44a3+62419]
	GetHandleVerifier [0x0x3e44e4+62484]
	(No symbol) [0x0x222133]
	(No symbol) [0x0x26a8fe]
	(No symbol) [0x0x26ac9b]
	(No symbol) [0x0x2b3052]
	(No symbol) [0x0x28f4b4]
	(No symbol) [0x0x2b087a]
	(No symbol) [0x0x28f266]
	(No symbol) [0x0x25e852]
	(No symbol) [0x0x25f6f4]
	GetHandleVerifier [0x0x654793+2619075]
	GetHandleVerifier [0x0x64fbaa+2599642]
	GetHandleVerifier [0x0x40b04a+221050]
	GetHandleVerifier [0x0x3fb2c8+156152]
	GetHandleVerifier [0x0x401c7d+183213]
	GetHandleVerifier [0x0x3ec388+94904]
	GetHandleVerifier [0x0x3ec512+95298]
	GetHandleVerifier [0x0x3d766a+9626]
	BaseThreadInitThunk [0x0x76d1fcc9+25]
	RtlGetAppContainerNamedObjectPath [0x0x775882ae+286]
	RtlGetAppContainerNamedObjectPath [0x0x7758827e+238]

2025-07-14 13:46:33,221 - property_scraper - WARNING - Falling back to demo mode options for 'year'
2025-07-14 13:46:33,221 - property_scraper - INFO - Selecting '2024' from dropdown 'year'
2025-07-14 13:46:43,381 - property_scraper - ERROR - Error selecting option '2024' from dropdown 'year': Message: 
Stacktrace:
	GetHandleVerifier [0x0x3e44a3+62419]
	GetHandleVerifier [0x0x3e44e4+62484]
	(No symbol) [0x0x222133]
	(No symbol) [0x0x26a8fe]
	(No symbol) [0x0x26ac9b]
	(No symbol) [0x0x2b3052]
	(No symbol) [0x0x28f4b4]
	(No symbol) [0x0x2b087a]
	(No symbol) [0x0x28f266]
	(No symbol) [0x0x25e852]
	(No symbol) [0x0x25f6f4]
	GetHandleVerifier [0x0x654793+2619075]
	GetHandleVerifier [0x0x64fbaa+2599642]
	GetHandleVerifier [0x0x40b04a+221050]
	GetHandleVerifier [0x0x3fb2c8+156152]
	GetHandleVerifier [0x0x401c7d+183213]
	GetHandleVerifier [0x0x3ec388+94904]
	GetHandleVerifier [0x0x3ec512+95298]
	GetHandleVerifier [0x0x3d766a+9626]
	BaseThreadInitThunk [0x0x76d1fcc9+25]
	RtlGetAppContainerNamedObjectPath [0x0x775882ae+286]
	RtlGetAppContainerNamedObjectPath [0x0x7758827e+238]

2025-07-14 13:46:43,382 - property_scraper - INFO - Fetching options for dropdown 'district'...
2025-07-14 13:46:53,552 - property_scraper - ERROR - Error getting options for dropdown 'district': Message: 
Stacktrace:
	GetHandleVerifier [0x0x3e44a3+62419]
	GetHandleVerifier [0x0x3e44e4+62484]
	(No symbol) [0x0x222133]
	(No symbol) [0x0x26a8fe]
	(No symbol) [0x0x26ac9b]
	(No symbol) [0x0x2b3052]
	(No symbol) [0x0x28f4b4]
	(No symbol) [0x0x2b087a]
	(No symbol) [0x0x28f266]
	(No symbol) [0x0x25e852]
	(No symbol) [0x0x25f6f4]
	GetHandleVerifier [0x0x654793+2619075]
	GetHandleVerifier [0x0x64fbaa+2599642]
	GetHandleVerifier [0x0x40b04a+221050]
	GetHandleVerifier [0x0x3fb2c8+156152]
	GetHandleVerifier [0x0x401c7d+183213]
	GetHandleVerifier [0x0x3ec388+94904]
	GetHandleVerifier [0x0x3ec512+95298]
	GetHandleVerifier [0x0x3d766a+9626]
	BaseThreadInitThunk [0x0x76d1fcc9+25]
	RtlGetAppContainerNamedObjectPath [0x0x775882ae+286]
	RtlGetAppContainerNamedObjectPath [0x0x7758827e+238]

2025-07-14 13:46:53,553 - property_scraper - WARNING - Falling back to demo mode options for 'district'
2025-07-14 13:46:53,553 - property_scraper - INFO - Selecting 'Nagpur' from dropdown 'district'
2025-07-14 13:47:03,717 - property_scraper - ERROR - Error selecting option 'Nagpur' from dropdown 'district': Message: 
Stacktrace:
	GetHandleVerifier [0x0x3e44a3+62419]
	GetHandleVerifier [0x0x3e44e4+62484]
	(No symbol) [0x0x222133]
	(No symbol) [0x0x26a8fe]
	(No symbol) [0x0x26ac9b]
	(No symbol) [0x0x2b3052]
	(No symbol) [0x0x28f4b4]
	(No symbol) [0x0x2b087a]
	(No symbol) [0x0x28f266]
	(No symbol) [0x0x25e852]
	(No symbol) [0x0x25f6f4]
	GetHandleVerifier [0x0x654793+2619075]
	GetHandleVerifier [0x0x64fbaa+2599642]
	GetHandleVerifier [0x0x40b04a+221050]
	GetHandleVerifier [0x0x3fb2c8+156152]
	GetHandleVerifier [0x0x401c7d+183213]
	GetHandleVerifier [0x0x3ec388+94904]
	GetHandleVerifier [0x0x3ec512+95298]
	GetHandleVerifier [0x0x3d766a+9626]
	BaseThreadInitThunk [0x0x76d1fcc9+25]
	RtlGetAppContainerNamedObjectPath [0x0x775882ae+286]
	RtlGetAppContainerNamedObjectPath [0x0x7758827e+238]

2025-07-14 13:47:03,717 - property_scraper - INFO - Fetching options for dropdown 'taluka'...
2025-07-14 13:47:13,883 - property_scraper - ERROR - Error getting options for dropdown 'taluka': Message: 
Stacktrace:
	GetHandleVerifier [0x0x3e44a3+62419]
	GetHandleVerifier [0x0x3e44e4+62484]
	(No symbol) [0x0x222133]
	(No symbol) [0x0x26a8fe]
	(No symbol) [0x0x26ac9b]
	(No symbol) [0x0x2b3052]
	(No symbol) [0x0x28f4b4]
	(No symbol) [0x0x2b087a]
	(No symbol) [0x0x28f266]
	(No symbol) [0x0x25e852]
	(No symbol) [0x0x25f6f4]
	GetHandleVerifier [0x0x654793+2619075]
	GetHandleVerifier [0x0x64fbaa+2599642]
	GetHandleVerifier [0x0x40b04a+221050]
	GetHandleVerifier [0x0x3fb2c8+156152]
	GetHandleVerifier [0x0x401c7d+183213]
	GetHandleVerifier [0x0x3ec388+94904]
	GetHandleVerifier [0x0x3ec512+95298]
	GetHandleVerifier [0x0x3d766a+9626]
	BaseThreadInitThunk [0x0x76d1fcc9+25]
	RtlGetAppContainerNamedObjectPath [0x0x775882ae+286]
	RtlGetAppContainerNamedObjectPath [0x0x7758827e+238]

2025-07-14 13:47:13,885 - property_scraper - WARNING - Falling back to demo mode options for 'taluka'
2025-07-14 13:47:13,885 - property_scraper - INFO - Selecting 'Mumbai City' from dropdown 'taluka'
2025-07-14 13:47:24,162 - property_scraper - ERROR - Error selecting option 'Mumbai City' from dropdown 'taluka': Message: 
Stacktrace:
	GetHandleVerifier [0x0x3e44a3+62419]
	GetHandleVerifier [0x0x3e44e4+62484]
	(No symbol) [0x0x222133]
	(No symbol) [0x0x26a8fe]
	(No symbol) [0x0x26ac9b]
	(No symbol) [0x0x2b3052]
	(No symbol) [0x0x28f4b4]
	(No symbol) [0x0x2b087a]
	(No symbol) [0x0x28f266]
	(No symbol) [0x0x25e852]
	(No symbol) [0x0x25f6f4]
	GetHandleVerifier [0x0x654793+2619075]
	GetHandleVerifier [0x0x64fbaa+2599642]
	GetHandleVerifier [0x0x40b04a+221050]
	GetHandleVerifier [0x0x3fb2c8+156152]
	GetHandleVerifier [0x0x401c7d+183213]
	GetHandleVerifier [0x0x3ec388+94904]
	GetHandleVerifier [0x0x3ec512+95298]
	GetHandleVerifier [0x0x3d766a+9626]
	BaseThreadInitThunk [0x0x76d1fcc9+25]
	RtlGetAppContainerNamedObjectPath [0x0x775882ae+286]
	RtlGetAppContainerNamedObjectPath [0x0x7758827e+238]

2025-07-14 13:47:24,177 - property_scraper - INFO - Fetching options for dropdown 'village'...
2025-07-14 13:47:34,384 - property_scraper - ERROR - Error getting options for dropdown 'village': Message: 
Stacktrace:
	GetHandleVerifier [0x0x3e44a3+62419]
	GetHandleVerifier [0x0x3e44e4+62484]
	(No symbol) [0x0x222133]
	(No symbol) [0x0x26a8fe]
	(No symbol) [0x0x26ac9b]
	(No symbol) [0x0x2b3052]
	(No symbol) [0x0x28f4b4]
	(No symbol) [0x0x2b087a]
	(No symbol) [0x0x28f266]
	(No symbol) [0x0x25e852]
	(No symbol) [0x0x25f6f4]
	GetHandleVerifier [0x0x654793+2619075]
	GetHandleVerifier [0x0x64fbaa+2599642]
	GetHandleVerifier [0x0x40b04a+221050]
	GetHandleVerifier [0x0x3fb2c8+156152]
	GetHandleVerifier [0x0x401c7d+183213]
	GetHandleVerifier [0x0x3ec388+94904]
	GetHandleVerifier [0x0x3ec512+95298]
	GetHandleVerifier [0x0x3d766a+9626]
	BaseThreadInitThunk [0x0x76d1fcc9+25]
	RtlGetAppContainerNamedObjectPath [0x0x775882ae+286]
	RtlGetAppContainerNamedObjectPath [0x0x7758827e+238]

2025-07-14 13:47:34,385 - property_scraper - WARNING - Falling back to demo mode options for 'village'
2025-07-14 13:47:34,385 - property_scraper - INFO - Selecting 'Colaba' from dropdown 'village'
2025-07-14 13:47:44,545 - property_scraper - ERROR - Error selecting option 'Colaba' from dropdown 'village': Message: 
Stacktrace:
	GetHandleVerifier [0x0x3e44a3+62419]
	GetHandleVerifier [0x0x3e44e4+62484]
	(No symbol) [0x0x222133]
	(No symbol) [0x0x26a8fe]
	(No symbol) [0x0x26ac9b]
	(No symbol) [0x0x2b3052]
	(No symbol) [0x0x28f4b4]
	(No symbol) [0x0x2b087a]
	(No symbol) [0x0x28f266]
	(No symbol) [0x0x25e852]
	(No symbol) [0x0x25f6f4]
	GetHandleVerifier [0x0x654793+2619075]
	GetHandleVerifier [0x0x64fbaa+2599642]
	GetHandleVerifier [0x0x40b04a+221050]
	GetHandleVerifier [0x0x3fb2c8+156152]
	GetHandleVerifier [0x0x401c7d+183213]
	GetHandleVerifier [0x0x3ec388+94904]
	GetHandleVerifier [0x0x3ec512+95298]
	GetHandleVerifier [0x0x3d766a+9626]
	BaseThreadInitThunk [0x0x76d1fcc9+25]
	RtlGetAppContainerNamedObjectPath [0x0x775882ae+286]
	RtlGetAppContainerNamedObjectPath [0x0x7758827e+238]

2025-07-14 13:47:44,547 - property_scraper - INFO - Processing combination: 2024_Nagpur_Mumbai City_Colaba_4
2025-07-14 13:47:44,548 - property_scraper - INFO - Processing: Year=2024, District=Nagpur, Taluka=Mumbai City, Village=Colaba, Doc#=4
2025-07-14 13:47:44,548 - property_scraper - INFO - Selecting '2024' from dropdown 'year'
2025-07-14 13:47:54,707 - property_scraper - ERROR - Error selecting option '2024' from dropdown 'year': Message: 
Stacktrace:
	GetHandleVerifier [0x0x3e44a3+62419]
	GetHandleVerifier [0x0x3e44e4+62484]
	(No symbol) [0x0x222133]
	(No symbol) [0x0x26a8fe]
	(No symbol) [0x0x26ac9b]
	(No symbol) [0x0x2b3052]
	(No symbol) [0x0x28f4b4]
	(No symbol) [0x0x2b087a]
	(No symbol) [0x0x28f266]
	(No symbol) [0x0x25e852]
	(No symbol) [0x0x25f6f4]
	GetHandleVerifier [0x0x654793+2619075]
	GetHandleVerifier [0x0x64fbaa+2599642]
	GetHandleVerifier [0x0x40b04a+221050]
	GetHandleVerifier [0x0x3fb2c8+156152]
	GetHandleVerifier [0x0x401c7d+183213]
	GetHandleVerifier [0x0x3ec388+94904]
	GetHandleVerifier [0x0x3ec512+95298]
	GetHandleVerifier [0x0x3d766a+9626]
	BaseThreadInitThunk [0x0x76d1fcc9+25]
	RtlGetAppContainerNamedObjectPath [0x0x775882ae+286]
	RtlGetAppContainerNamedObjectPath [0x0x7758827e+238]

2025-07-14 13:47:54,708 - property_scraper - INFO - Selecting 'Nagpur' from dropdown 'district'
2025-07-14 13:48:04,876 - property_scraper - ERROR - Error selecting option 'Nagpur' from dropdown 'district': Message: 
Stacktrace:
	GetHandleVerifier [0x0x3e44a3+62419]
	GetHandleVerifier [0x0x3e44e4+62484]
	(No symbol) [0x0x222133]
	(No symbol) [0x0x26a8fe]
	(No symbol) [0x0x26ac9b]
	(No symbol) [0x0x2b3052]
	(No symbol) [0x0x28f4b4]
	(No symbol) [0x0x2b087a]
	(No symbol) [0x0x28f266]
	(No symbol) [0x0x25e852]
	(No symbol) [0x0x25f6f4]
	GetHandleVerifier [0x0x654793+2619075]
	GetHandleVerifier [0x0x64fbaa+2599642]
	GetHandleVerifier [0x0x40b04a+221050]
	GetHandleVerifier [0x0x3fb2c8+156152]
	GetHandleVerifier [0x0x401c7d+183213]
	GetHandleVerifier [0x0x3ec388+94904]
	GetHandleVerifier [0x0x3ec512+95298]
	GetHandleVerifier [0x0x3d766a+9626]
	BaseThreadInitThunk [0x0x76d1fcc9+25]
	RtlGetAppContainerNamedObjectPath [0x0x775882ae+286]
	RtlGetAppContainerNamedObjectPath [0x0x7758827e+238]

2025-07-14 13:48:04,877 - property_scraper - INFO - Selecting 'Mumbai City' from dropdown 'taluka'
2025-07-14 13:48:15,205 - property_scraper - ERROR - Error selecting option 'Mumbai City' from dropdown 'taluka': Message: 
Stacktrace:
	GetHandleVerifier [0x0x3e44a3+62419]
	GetHandleVerifier [0x0x3e44e4+62484]
	(No symbol) [0x0x222133]
	(No symbol) [0x0x26a8fe]
	(No symbol) [0x0x26ac9b]
	(No symbol) [0x0x2b3052]
	(No symbol) [0x0x28f4b4]
	(No symbol) [0x0x2b087a]
	(No symbol) [0x0x28f266]
	(No symbol) [0x0x25e852]
	(No symbol) [0x0x25f6f4]
	GetHandleVerifier [0x0x654793+2619075]
	GetHandleVerifier [0x0x64fbaa+2599642]
	GetHandleVerifier [0x0x40b04a+221050]
	GetHandleVerifier [0x0x3fb2c8+156152]
	GetHandleVerifier [0x0x401c7d+183213]
	GetHandleVerifier [0x0x3ec388+94904]
	GetHandleVerifier [0x0x3ec512+95298]
	GetHandleVerifier [0x0x3d766a+9626]
	BaseThreadInitThunk [0x0x76d1fcc9+25]
	RtlGetAppContainerNamedObjectPath [0x0x775882ae+286]
	RtlGetAppContainerNamedObjectPath [0x0x7758827e+238]

2025-07-14 13:48:15,207 - property_scraper - INFO - Selecting 'Colaba' from dropdown 'village'
2025-07-14 13:48:25,654 - property_scraper - ERROR - Error selecting option 'Colaba' from dropdown 'village': Message: 
Stacktrace:
	GetHandleVerifier [0x0x3e44a3+62419]
	GetHandleVerifier [0x0x3e44e4+62484]
	(No symbol) [0x0x222133]
	(No symbol) [0x0x26a8fe]
	(No symbol) [0x0x26ac9b]
	(No symbol) [0x0x2b3052]
	(No symbol) [0x0x28f4b4]
	(No symbol) [0x0x2b087a]
	(No symbol) [0x0x28f266]
	(No symbol) [0x0x25e852]
	(No symbol) [0x0x25f6f4]
	GetHandleVerifier [0x0x654793+2619075]
	GetHandleVerifier [0x0x64fbaa+2599642]
	GetHandleVerifier [0x0x40b04a+221050]
	GetHandleVerifier [0x0x3fb2c8+156152]
	GetHandleVerifier [0x0x401c7d+183213]
	GetHandleVerifier [0x0x3ec388+94904]
	GetHandleVerifier [0x0x3ec512+95298]
	GetHandleVerifier [0x0x3d766a+9626]
	BaseThreadInitThunk [0x0x76d1fcc9+25]
	RtlGetAppContainerNamedObjectPath [0x0x775882ae+286]
	RtlGetAppContainerNamedObjectPath [0x0x7758827e+238]

2025-07-14 13:48:35,815 - property_scraper - ERROR - Error processing combination: Message: 
Stacktrace:
	GetHandleVerifier [0x0x3e44a3+62419]
	GetHandleVerifier [0x0x3e44e4+62484]
	(No symbol) [0x0x222133]
	(No symbol) [0x0x26a8fe]
	(No symbol) [0x0x26ac9b]
	(No symbol) [0x0x2b3052]
	(No symbol) [0x0x28f4b4]
	(No symbol) [0x0x2b087a]
	(No symbol) [0x0x28f266]
	(No symbol) [0x0x25e852]
	(No symbol) [0x0x25f6f4]
	GetHandleVerifier [0x0x654793+2619075]
	GetHandleVerifier [0x0x64fbaa+2599642]
	GetHandleVerifier [0x0x40b04a+221050]
	GetHandleVerifier [0x0x3fb2c8+156152]
	GetHandleVerifier [0x0x401c7d+183213]
	GetHandleVerifier [0x0x3ec388+94904]
	GetHandleVerifier [0x0x3ec512+95298]
	GetHandleVerifier [0x0x3d766a+9626]
	BaseThreadInitThunk [0x0x76d1fcc9+25]
	RtlGetAppContainerNamedObjectPath [0x0x775882ae+286]
	RtlGetAppContainerNamedObjectPath [0x0x7758827e+238]

2025-07-14 13:48:35,815 - property_scraper - INFO - Retrying with a new session...
2025-07-14 13:48:35,815 - property_scraper - INFO - Processing: Year=2024, District=Nagpur, Taluka=Mumbai City, Village=Colaba, Doc#=4
2025-07-14 13:48:35,815 - property_scraper - INFO - Selecting '2024' from dropdown 'year'
2025-07-14 13:48:45,973 - property_scraper - ERROR - Error selecting option '2024' from dropdown 'year': Message: 
Stacktrace:
	GetHandleVerifier [0x0x3e44a3+62419]
	GetHandleVerifier [0x0x3e44e4+62484]
	(No symbol) [0x0x222133]
	(No symbol) [0x0x26a8fe]
	(No symbol) [0x0x26ac9b]
	(No symbol) [0x0x2b3052]
	(No symbol) [0x0x28f4b4]
	(No symbol) [0x0x2b087a]
	(No symbol) [0x0x28f266]
	(No symbol) [0x0x25e852]
	(No symbol) [0x0x25f6f4]
	GetHandleVerifier [0x0x654793+2619075]
	GetHandleVerifier [0x0x64fbaa+2599642]
	GetHandleVerifier [0x0x40b04a+221050]
	GetHandleVerifier [0x0x3fb2c8+156152]
	GetHandleVerifier [0x0x401c7d+183213]
	GetHandleVerifier [0x0x3ec388+94904]
	GetHandleVerifier [0x0x3ec512+95298]
	GetHandleVerifier [0x0x3d766a+9626]
	BaseThreadInitThunk [0x0x76d1fcc9+25]
	RtlGetAppContainerNamedObjectPath [0x0x775882ae+286]
	RtlGetAppContainerNamedObjectPath [0x0x7758827e+238]

2025-07-14 13:48:45,973 - property_scraper - INFO - Selecting 'Nagpur' from dropdown 'district'
2025-07-14 13:48:56,126 - property_scraper - ERROR - Error selecting option 'Nagpur' from dropdown 'district': Message: 
Stacktrace:
	GetHandleVerifier [0x0x3e44a3+62419]
	GetHandleVerifier [0x0x3e44e4+62484]
	(No symbol) [0x0x222133]
	(No symbol) [0x0x26a8fe]
	(No symbol) [0x0x26ac9b]
	(No symbol) [0x0x2b3052]
	(No symbol) [0x0x28f4b4]
	(No symbol) [0x0x2b087a]
	(No symbol) [0x0x28f266]
	(No symbol) [0x0x25e852]
	(No symbol) [0x0x25f6f4]
	GetHandleVerifier [0x0x654793+2619075]
	GetHandleVerifier [0x0x64fbaa+2599642]
	GetHandleVerifier [0x0x40b04a+221050]
	GetHandleVerifier [0x0x3fb2c8+156152]
	GetHandleVerifier [0x0x401c7d+183213]
	GetHandleVerifier [0x0x3ec388+94904]
	GetHandleVerifier [0x0x3ec512+95298]
	GetHandleVerifier [0x0x3d766a+9626]
	BaseThreadInitThunk [0x0x76d1fcc9+25]
	RtlGetAppContainerNamedObjectPath [0x0x775882ae+286]
	RtlGetAppContainerNamedObjectPath [0x0x7758827e+238]

2025-07-14 13:48:56,126 - property_scraper - INFO - Selecting 'Mumbai City' from dropdown 'taluka'
2025-07-14 13:49:06,279 - property_scraper - ERROR - Error selecting option 'Mumbai City' from dropdown 'taluka': Message: 
Stacktrace:
	GetHandleVerifier [0x0x3e44a3+62419]
	GetHandleVerifier [0x0x3e44e4+62484]
	(No symbol) [0x0x222133]
	(No symbol) [0x0x26a8fe]
	(No symbol) [0x0x26ac9b]
	(No symbol) [0x0x2b3052]
	(No symbol) [0x0x28f4b4]
	(No symbol) [0x0x2b087a]
	(No symbol) [0x0x28f266]
	(No symbol) [0x0x25e852]
	(No symbol) [0x0x25f6f4]
	GetHandleVerifier [0x0x654793+2619075]
	GetHandleVerifier [0x0x64fbaa+2599642]
	GetHandleVerifier [0x0x40b04a+221050]
	GetHandleVerifier [0x0x3fb2c8+156152]
	GetHandleVerifier [0x0x401c7d+183213]
	GetHandleVerifier [0x0x3ec388+94904]
	GetHandleVerifier [0x0x3ec512+95298]
	GetHandleVerifier [0x0x3d766a+9626]
	BaseThreadInitThunk [0x0x76d1fcc9+25]
	RtlGetAppContainerNamedObjectPath [0x0x775882ae+286]
	RtlGetAppContainerNamedObjectPath [0x0x7758827e+238]

2025-07-14 13:49:06,279 - property_scraper - INFO - Selecting 'Colaba' from dropdown 'village'
2025-07-14 13:49:16,503 - property_scraper - ERROR - Error selecting option 'Colaba' from dropdown 'village': Message: 
Stacktrace:
	GetHandleVerifier [0x0x3e44a3+62419]
	GetHandleVerifier [0x0x3e44e4+62484]
	(No symbol) [0x0x222133]
	(No symbol) [0x0x26a8fe]
	(No symbol) [0x0x26ac9b]
	(No symbol) [0x0x2b3052]
	(No symbol) [0x0x28f4b4]
	(No symbol) [0x0x2b087a]
	(No symbol) [0x0x28f266]
	(No symbol) [0x0x25e852]
	(No symbol) [0x0x25f6f4]
	GetHandleVerifier [0x0x654793+2619075]
	GetHandleVerifier [0x0x64fbaa+2599642]
	GetHandleVerifier [0x0x40b04a+221050]
	GetHandleVerifier [0x0x3fb2c8+156152]
	GetHandleVerifier [0x0x401c7d+183213]
	GetHandleVerifier [0x0x3ec388+94904]
	GetHandleVerifier [0x0x3ec512+95298]
	GetHandleVerifier [0x0x3d766a+9626]
	BaseThreadInitThunk [0x0x76d1fcc9+25]
	RtlGetAppContainerNamedObjectPath [0x0x775882ae+286]
	RtlGetAppContainerNamedObjectPath [0x0x7758827e+238]

2025-07-14 13:49:26,724 - property_scraper - ERROR - Error processing combination: Message: 
Stacktrace:
	GetHandleVerifier [0x0x3e44a3+62419]
	GetHandleVerifier [0x0x3e44e4+62484]
	(No symbol) [0x0x222133]
	(No symbol) [0x0x26a8fe]
	(No symbol) [0x0x26ac9b]
	(No symbol) [0x0x2b3052]
	(No symbol) [0x0x28f4b4]
	(No symbol) [0x0x2b087a]
	(No symbol) [0x0x28f266]
	(No symbol) [0x0x25e852]
	(No symbol) [0x0x25f6f4]
	GetHandleVerifier [0x0x654793+2619075]
	GetHandleVerifier [0x0x64fbaa+2599642]
	GetHandleVerifier [0x0x40b04a+221050]
	GetHandleVerifier [0x0x3fb2c8+156152]
	GetHandleVerifier [0x0x401c7d+183213]
	GetHandleVerifier [0x0x3ec388+94904]
	GetHandleVerifier [0x0x3ec512+95298]
	GetHandleVerifier [0x0x3d766a+9626]
	BaseThreadInitThunk [0x0x76d1fcc9+25]
	RtlGetAppContainerNamedObjectPath [0x0x775882ae+286]
	RtlGetAppContainerNamedObjectPath [0x0x7758827e+238]

2025-07-14 13:49:26,724 - property_scraper - ERROR - Failed to process combination 2024_Nagpur_Mumbai City_Colaba_4 after retry. Skipping.
2025-07-14 13:49:28,097 - property_scraper - INFO - Looking for captcha...
2025-07-14 13:49:28,115 - property_scraper - INFO - Downloading captcha image with SSL verification...
2025-07-14 13:49:28,749 - property_scraper - WARNING - Error downloading captcha with SSL verification: HTTPSConnectionPool(host='pay2igr.igrmaharashtra.gov.in', port=443): Max retries exceeded with url: /eDisplay/captcha-image (Caused by SSLError(SSLCertVerificationError(1, '[SSL: CERTIFICATE_VERIFY_FAILED] certificate verify failed: unable to get local issuer certificate (_ssl.c:1000)')))
2025-07-14 13:49:28,765 - property_scraper - WARNING - Trying to download captcha image with SSL verification disabled...
2025-07-14 13:49:28,766 - property_scraper - WARNING - WARNING: SSL certificate verification is disabled. This is insecure!
2025-07-14 13:49:29,166 - property_scraper - INFO - Successfully downloaded captcha image with SSL verification disabled
2025-07-14 13:49:29,166 - property_scraper - WARNING - OCR failed: tesseract is not installed or it's not in your PATH. See README file for more information.
2025-07-14 13:49:29,166 - property_scraper - INFO - Using random captcha text: 2LXWAH
2025-07-14 13:49:29,250 - property_scraper - INFO - Entered captcha text: 2LXWAH
2025-07-14 13:49:29,250 - property_scraper - INFO - Fetching options for dropdown 'year'...
2025-07-14 13:49:39,425 - property_scraper - ERROR - Error getting options for dropdown 'year': Message: 
Stacktrace:
	GetHandleVerifier [0x0x3e44a3+62419]
	GetHandleVerifier [0x0x3e44e4+62484]
	(No symbol) [0x0x222133]
	(No symbol) [0x0x26a8fe]
	(No symbol) [0x0x26ac9b]
	(No symbol) [0x0x2b3052]
	(No symbol) [0x0x28f4b4]
	(No symbol) [0x0x2b087a]
	(No symbol) [0x0x28f266]
	(No symbol) [0x0x25e852]
	(No symbol) [0x0x25f6f4]
	GetHandleVerifier [0x0x654793+2619075]
	GetHandleVerifier [0x0x64fbaa+2599642]
	GetHandleVerifier [0x0x40b04a+221050]
	GetHandleVerifier [0x0x3fb2c8+156152]
	GetHandleVerifier [0x0x401c7d+183213]
	GetHandleVerifier [0x0x3ec388+94904]
	GetHandleVerifier [0x0x3ec512+95298]
	GetHandleVerifier [0x0x3d766a+9626]
	BaseThreadInitThunk [0x0x76d1fcc9+25]
	RtlGetAppContainerNamedObjectPath [0x0x775882ae+286]
	RtlGetAppContainerNamedObjectPath [0x0x7758827e+238]

2025-07-14 13:49:39,427 - property_scraper - WARNING - Falling back to demo mode options for 'year'
2025-07-14 13:49:39,427 - property_scraper - INFO - Selecting '2023' from dropdown 'year'
2025-07-14 13:49:49,588 - property_scraper - ERROR - Error selecting option '2023' from dropdown 'year': Message: 
Stacktrace:
	GetHandleVerifier [0x0x3e44a3+62419]
	GetHandleVerifier [0x0x3e44e4+62484]
	(No symbol) [0x0x222133]
	(No symbol) [0x0x26a8fe]
	(No symbol) [0x0x26ac9b]
	(No symbol) [0x0x2b3052]
	(No symbol) [0x0x28f4b4]
	(No symbol) [0x0x2b087a]
	(No symbol) [0x0x28f266]
	(No symbol) [0x0x25e852]
	(No symbol) [0x0x25f6f4]
	GetHandleVerifier [0x0x654793+2619075]
	GetHandleVerifier [0x0x64fbaa+2599642]
	GetHandleVerifier [0x0x40b04a+221050]
	GetHandleVerifier [0x0x3fb2c8+156152]
	GetHandleVerifier [0x0x401c7d+183213]
	GetHandleVerifier [0x0x3ec388+94904]
	GetHandleVerifier [0x0x3ec512+95298]
	GetHandleVerifier [0x0x3d766a+9626]
	BaseThreadInitThunk [0x0x76d1fcc9+25]
	RtlGetAppContainerNamedObjectPath [0x0x775882ae+286]
	RtlGetAppContainerNamedObjectPath [0x0x7758827e+238]

2025-07-14 13:49:49,588 - property_scraper - INFO - Fetching options for dropdown 'district'...
2025-07-14 13:49:59,744 - property_scraper - ERROR - Error getting options for dropdown 'district': Message: 
Stacktrace:
	GetHandleVerifier [0x0x3e44a3+62419]
	GetHandleVerifier [0x0x3e44e4+62484]
	(No symbol) [0x0x222133]
	(No symbol) [0x0x26a8fe]
	(No symbol) [0x0x26ac9b]
	(No symbol) [0x0x2b3052]
	(No symbol) [0x0x28f4b4]
	(No symbol) [0x0x2b087a]
	(No symbol) [0x0x28f266]
	(No symbol) [0x0x25e852]
	(No symbol) [0x0x25f6f4]
	GetHandleVerifier [0x0x654793+2619075]
	GetHandleVerifier [0x0x64fbaa+2599642]
	GetHandleVerifier [0x0x40b04a+221050]
	GetHandleVerifier [0x0x3fb2c8+156152]
	GetHandleVerifier [0x0x401c7d+183213]
	GetHandleVerifier [0x0x3ec388+94904]
	GetHandleVerifier [0x0x3ec512+95298]
	GetHandleVerifier [0x0x3d766a+9626]
	BaseThreadInitThunk [0x0x76d1fcc9+25]
	RtlGetAppContainerNamedObjectPath [0x0x775882ae+286]
	RtlGetAppContainerNamedObjectPath [0x0x7758827e+238]

2025-07-14 13:49:59,744 - property_scraper - WARNING - Falling back to demo mode options for 'district'
2025-07-14 13:49:59,744 - property_scraper - INFO - Selecting 'Thane' from dropdown 'district'
2025-07-14 13:50:09,897 - property_scraper - ERROR - Error selecting option 'Thane' from dropdown 'district': Message: 
Stacktrace:
	GetHandleVerifier [0x0x3e44a3+62419]
	GetHandleVerifier [0x0x3e44e4+62484]
	(No symbol) [0x0x222133]
	(No symbol) [0x0x26a8fe]
	(No symbol) [0x0x26ac9b]
	(No symbol) [0x0x2b3052]
	(No symbol) [0x0x28f4b4]
	(No symbol) [0x0x2b087a]
	(No symbol) [0x0x28f266]
	(No symbol) [0x0x25e852]
	(No symbol) [0x0x25f6f4]
	GetHandleVerifier [0x0x654793+2619075]
	GetHandleVerifier [0x0x64fbaa+2599642]
	GetHandleVerifier [0x0x40b04a+221050]
	GetHandleVerifier [0x0x3fb2c8+156152]
	GetHandleVerifier [0x0x401c7d+183213]
	GetHandleVerifier [0x0x3ec388+94904]
	GetHandleVerifier [0x0x3ec512+95298]
	GetHandleVerifier [0x0x3d766a+9626]
	BaseThreadInitThunk [0x0x76d1fcc9+25]
	RtlGetAppContainerNamedObjectPath [0x0x775882ae+286]
	RtlGetAppContainerNamedObjectPath [0x0x7758827e+238]

2025-07-14 13:50:09,898 - property_scraper - INFO - Fetching options for dropdown 'taluka'...
2025-07-14 13:50:20,055 - property_scraper - ERROR - Error getting options for dropdown 'taluka': Message: 
Stacktrace:
	GetHandleVerifier [0x0x3e44a3+62419]
	GetHandleVerifier [0x0x3e44e4+62484]
	(No symbol) [0x0x222133]
	(No symbol) [0x0x26a8fe]
	(No symbol) [0x0x26ac9b]
	(No symbol) [0x0x2b3052]
	(No symbol) [0x0x28f4b4]
	(No symbol) [0x0x2b087a]
	(No symbol) [0x0x28f266]
	(No symbol) [0x0x25e852]
	(No symbol) [0x0x25f6f4]
	GetHandleVerifier [0x0x654793+2619075]
	GetHandleVerifier [0x0x64fbaa+2599642]
	GetHandleVerifier [0x0x40b04a+221050]
	GetHandleVerifier [0x0x3fb2c8+156152]
	GetHandleVerifier [0x0x401c7d+183213]
	GetHandleVerifier [0x0x3ec388+94904]
	GetHandleVerifier [0x0x3ec512+95298]
	GetHandleVerifier [0x0x3d766a+9626]
	BaseThreadInitThunk [0x0x76d1fcc9+25]
	RtlGetAppContainerNamedObjectPath [0x0x775882ae+286]
	RtlGetAppContainerNamedObjectPath [0x0x7758827e+238]

2025-07-14 13:50:20,055 - property_scraper - WARNING - Falling back to demo mode options for 'taluka'
2025-07-14 13:50:20,055 - property_scraper - INFO - Selecting 'Nagpur Rural' from dropdown 'taluka'
2025-07-14 13:50:30,215 - property_scraper - ERROR - Error selecting option 'Nagpur Rural' from dropdown 'taluka': Message: 
Stacktrace:
	GetHandleVerifier [0x0x3e44a3+62419]
	GetHandleVerifier [0x0x3e44e4+62484]
	(No symbol) [0x0x222133]
	(No symbol) [0x0x26a8fe]
	(No symbol) [0x0x26ac9b]
	(No symbol) [0x0x2b3052]
	(No symbol) [0x0x28f4b4]
	(No symbol) [0x0x2b087a]
	(No symbol) [0x0x28f266]
	(No symbol) [0x0x25e852]
	(No symbol) [0x0x25f6f4]
	GetHandleVerifier [0x0x654793+2619075]
	GetHandleVerifier [0x0x64fbaa+2599642]
	GetHandleVerifier [0x0x40b04a+221050]
	GetHandleVerifier [0x0x3fb2c8+156152]
	GetHandleVerifier [0x0x401c7d+183213]
	GetHandleVerifier [0x0x3ec388+94904]
	GetHandleVerifier [0x0x3ec512+95298]
	GetHandleVerifier [0x0x3d766a+9626]
	BaseThreadInitThunk [0x0x76d1fcc9+25]
	RtlGetAppContainerNamedObjectPath [0x0x775882ae+286]
	RtlGetAppContainerNamedObjectPath [0x0x7758827e+238]

2025-07-14 13:50:30,215 - property_scraper - INFO - Fetching options for dropdown 'village'...
2025-07-14 13:50:40,302 - property_scraper - ERROR - Error getting options for dropdown 'village': Message: 
Stacktrace:
	GetHandleVerifier [0x0x3e44a3+62419]
	GetHandleVerifier [0x0x3e44e4+62484]
	(No symbol) [0x0x222133]
	(No symbol) [0x0x26a8fe]
	(No symbol) [0x0x26ac9b]
	(No symbol) [0x0x2b3052]
	(No symbol) [0x0x28f4b4]
	(No symbol) [0x0x2b087a]
	(No symbol) [0x0x28f266]
	(No symbol) [0x0x25e852]
	(No symbol) [0x0x25f6f4]
	GetHandleVerifier [0x0x654793+2619075]
	GetHandleVerifier [0x0x64fbaa+2599642]
	GetHandleVerifier [0x0x40b04a+221050]
	GetHandleVerifier [0x0x3fb2c8+156152]
	GetHandleVerifier [0x0x401c7d+183213]
	GetHandleVerifier [0x0x3ec388+94904]
	GetHandleVerifier [0x0x3ec512+95298]
	GetHandleVerifier [0x0x3d766a+9626]
	BaseThreadInitThunk [0x0x76d1fcc9+25]
	RtlGetAppContainerNamedObjectPath [0x0x775882ae+286]
	RtlGetAppContainerNamedObjectPath [0x0x7758827e+238]

2025-07-14 13:50:40,302 - property_scraper - WARNING - Falling back to demo mode options for 'village'
2025-07-14 13:50:40,302 - property_scraper - INFO - Selecting 'Fort' from dropdown 'village'
2025-07-14 13:50:50,461 - property_scraper - ERROR - Error selecting option 'Fort' from dropdown 'village': Message: 
Stacktrace:
	GetHandleVerifier [0x0x3e44a3+62419]
	GetHandleVerifier [0x0x3e44e4+62484]
	(No symbol) [0x0x222133]
	(No symbol) [0x0x26a8fe]
	(No symbol) [0x0x26ac9b]
	(No symbol) [0x0x2b3052]
	(No symbol) [0x0x28f4b4]
	(No symbol) [0x0x2b087a]
	(No symbol) [0x0x28f266]
	(No symbol) [0x0x25e852]
	(No symbol) [0x0x25f6f4]
	GetHandleVerifier [0x0x654793+2619075]
	GetHandleVerifier [0x0x64fbaa+2599642]
	GetHandleVerifier [0x0x40b04a+221050]
	GetHandleVerifier [0x0x3fb2c8+156152]
	GetHandleVerifier [0x0x401c7d+183213]
	GetHandleVerifier [0x0x3ec388+94904]
	GetHandleVerifier [0x0x3ec512+95298]
	GetHandleVerifier [0x0x3d766a+9626]
	BaseThreadInitThunk [0x0x76d1fcc9+25]
	RtlGetAppContainerNamedObjectPath [0x0x775882ae+286]
	RtlGetAppContainerNamedObjectPath [0x0x7758827e+238]

2025-07-14 13:50:50,463 - property_scraper - INFO - Processing combination: 2023_Thane_Nagpur Rural_Fort_1
2025-07-14 13:50:50,463 - property_scraper - INFO - Processing: Year=2023, District=Thane, Taluka=Nagpur Rural, Village=Fort, Doc#=1
2025-07-14 13:50:50,463 - property_scraper - INFO - Selecting '2023' from dropdown 'year'
2025-07-14 13:51:00,630 - property_scraper - ERROR - Error selecting option '2023' from dropdown 'year': Message: 
Stacktrace:
	GetHandleVerifier [0x0x3e44a3+62419]
	GetHandleVerifier [0x0x3e44e4+62484]
	(No symbol) [0x0x222133]
	(No symbol) [0x0x26a8fe]
	(No symbol) [0x0x26ac9b]
	(No symbol) [0x0x2b3052]
	(No symbol) [0x0x28f4b4]
	(No symbol) [0x0x2b087a]
	(No symbol) [0x0x28f266]
	(No symbol) [0x0x25e852]
	(No symbol) [0x0x25f6f4]
	GetHandleVerifier [0x0x654793+2619075]
	GetHandleVerifier [0x0x64fbaa+2599642]
	GetHandleVerifier [0x0x40b04a+221050]
	GetHandleVerifier [0x0x3fb2c8+156152]
	GetHandleVerifier [0x0x401c7d+183213]
	GetHandleVerifier [0x0x3ec388+94904]
	GetHandleVerifier [0x0x3ec512+95298]
	GetHandleVerifier [0x0x3d766a+9626]
	BaseThreadInitThunk [0x0x76d1fcc9+25]
	RtlGetAppContainerNamedObjectPath [0x0x775882ae+286]
	RtlGetAppContainerNamedObjectPath [0x0x7758827e+238]

2025-07-14 13:51:00,630 - property_scraper - INFO - Selecting 'Thane' from dropdown 'district'
2025-07-14 13:51:10,791 - property_scraper - ERROR - Error selecting option 'Thane' from dropdown 'district': Message: 
Stacktrace:
	GetHandleVerifier [0x0x3e44a3+62419]
	GetHandleVerifier [0x0x3e44e4+62484]
	(No symbol) [0x0x222133]
	(No symbol) [0x0x26a8fe]
	(No symbol) [0x0x26ac9b]
	(No symbol) [0x0x2b3052]
	(No symbol) [0x0x28f4b4]
	(No symbol) [0x0x2b087a]
	(No symbol) [0x0x28f266]
	(No symbol) [0x0x25e852]
	(No symbol) [0x0x25f6f4]
	GetHandleVerifier [0x0x654793+2619075]
	GetHandleVerifier [0x0x64fbaa+2599642]
	GetHandleVerifier [0x0x40b04a+221050]
	GetHandleVerifier [0x0x3fb2c8+156152]
	GetHandleVerifier [0x0x401c7d+183213]
	GetHandleVerifier [0x0x3ec388+94904]
	GetHandleVerifier [0x0x3ec512+95298]
	GetHandleVerifier [0x0x3d766a+9626]
	BaseThreadInitThunk [0x0x76d1fcc9+25]
	RtlGetAppContainerNamedObjectPath [0x0x775882ae+286]
	RtlGetAppContainerNamedObjectPath [0x0x7758827e+238]

2025-07-14 13:51:10,791 - property_scraper - INFO - Selecting 'Nagpur Rural' from dropdown 'taluka'
2025-07-14 13:51:20,956 - property_scraper - ERROR - Error selecting option 'Nagpur Rural' from dropdown 'taluka': Message: 
Stacktrace:
	GetHandleVerifier [0x0x3e44a3+62419]
	GetHandleVerifier [0x0x3e44e4+62484]
	(No symbol) [0x0x222133]
	(No symbol) [0x0x26a8fe]
	(No symbol) [0x0x26ac9b]
	(No symbol) [0x0x2b3052]
	(No symbol) [0x0x28f4b4]
	(No symbol) [0x0x2b087a]
	(No symbol) [0x0x28f266]
	(No symbol) [0x0x25e852]
	(No symbol) [0x0x25f6f4]
	GetHandleVerifier [0x0x654793+2619075]
	GetHandleVerifier [0x0x64fbaa+2599642]
	GetHandleVerifier [0x0x40b04a+221050]
	GetHandleVerifier [0x0x3fb2c8+156152]
	GetHandleVerifier [0x0x401c7d+183213]
	GetHandleVerifier [0x0x3ec388+94904]
	GetHandleVerifier [0x0x3ec512+95298]
	GetHandleVerifier [0x0x3d766a+9626]
	BaseThreadInitThunk [0x0x76d1fcc9+25]
	RtlGetAppContainerNamedObjectPath [0x0x775882ae+286]
	RtlGetAppContainerNamedObjectPath [0x0x7758827e+238]

2025-07-14 13:51:20,956 - property_scraper - INFO - Selecting 'Fort' from dropdown 'village'
2025-07-14 13:51:31,378 - property_scraper - ERROR - Error selecting option 'Fort' from dropdown 'village': Message: 
Stacktrace:
	GetHandleVerifier [0x0x3e44a3+62419]
	GetHandleVerifier [0x0x3e44e4+62484]
	(No symbol) [0x0x222133]
	(No symbol) [0x0x26a8fe]
	(No symbol) [0x0x26ac9b]
	(No symbol) [0x0x2b3052]
	(No symbol) [0x0x28f4b4]
	(No symbol) [0x0x2b087a]
	(No symbol) [0x0x28f266]
	(No symbol) [0x0x25e852]
	(No symbol) [0x0x25f6f4]
	GetHandleVerifier [0x0x654793+2619075]
	GetHandleVerifier [0x0x64fbaa+2599642]
	GetHandleVerifier [0x0x40b04a+221050]
	GetHandleVerifier [0x0x3fb2c8+156152]
	GetHandleVerifier [0x0x401c7d+183213]
	GetHandleVerifier [0x0x3ec388+94904]
	GetHandleVerifier [0x0x3ec512+95298]
	GetHandleVerifier [0x0x3d766a+9626]
	BaseThreadInitThunk [0x0x76d1fcc9+25]
	RtlGetAppContainerNamedObjectPath [0x0x775882ae+286]
	RtlGetAppContainerNamedObjectPath [0x0x7758827e+238]

2025-07-14 13:51:31,841 - uc - INFO - ensuring close
