2025-07-21 16:26:27,982 - property_scraper - INFO - Instance ID: local_69e4a2f7
2025-07-21 16:26:27,983 - property_scraper - INFO - Tesseract path set to: C:\Program Files\Tesseract-OCR\tesseract.exe
2025-07-21 16:26:27,983 - property_scraper - INFO - Starting property scraper...
2025-07-21 16:26:27,983 - property_scraper - INFO - Instance ID: local_69e4a2f7
2025-07-21 16:26:27,983 - property_scraper - INFO - Setting up Chrome WebDriver...
2025-07-21 16:26:28,233 - property_scraper - INFO - Using user agent: Mozilla/5.0 (Windows NT 10.0; Win64; x64; rv:89.0) Gecko/20100101 Firefox/89.0
2025-07-21 16:26:28,234 - property_scraper - INFO - Creating Chrome driver using undetected_chromedriver with enhanced settings
2025-07-21 16:26:28,994 - property_scraper - INFO - Chrome WebDriver set up successfully
2025-07-21 16:26:28,996 - property_scraper - INFO - Navigating to https://pay2igr.igrmaharashtra.gov.in/eDisplay/Propertydetails/index
2025-07-21 16:26:35,934 - property_scraper - INFO - Saved initial page screenshot to captcha_debug/initial_page_1753095395.png
2025-07-21 16:26:37,651 - property_scraper - INFO - Looking for available tasks...
2025-07-21 16:26:37,651 - property_scraper - INFO - Continuing with previous task: ____0
2025-07-21 16:26:37,651 - property_scraper - INFO - Found available task: ____0
2025-07-21 16:26:37,651 - property_scraper - INFO - Selecting '' from dropdown 'year'
2025-07-21 16:26:37,942 - property_scraper - INFO - Saved screenshot before dropdown interaction: dropdown_debug/before_year_1753095397.png
2025-07-21 16:26:59,010 - property_scraper - ERROR - Error selecting option '' from dropdown 'year': Message: 
Stacktrace:
	GetHandleVerifier [0x0x4244a3+62419]
	GetHandleVerifier [0x0x4244e4+62484]
	(No symbol) [0x0x262133]
	(No symbol) [0x0x2aa8fe]
	(No symbol) [0x0x2aac9b]
	(No symbol) [0x0x2f3052]
	(No symbol) [0x0x2cf4b4]
	(No symbol) [0x0x2f087a]
	(No symbol) [0x0x2cf266]
	(No symbol) [0x0x29e852]
	(No symbol) [0x0x29f6f4]
	GetHandleVerifier [0x0x694793+2619075]
	GetHandleVerifier [0x0x68fbaa+2599642]
	GetHandleVerifier [0x0x44b04a+221050]
	GetHandleVerifier [0x0x43b2c8+156152]
	GetHandleVerifier [0x0x441c7d+183213]
	GetHandleVerifier [0x0x42c388+94904]
	GetHandleVerifier [0x0x42c512+95298]
	GetHandleVerifier [0x0x41766a+9626]
	BaseThreadInitThunk [0x0x768ffcc9+25]
	RtlGetAppContainerNamedObjectPath [0x0x771582ae+286]
	RtlGetAppContainerNamedObjectPath [0x0x7715827e+238]

2025-07-21 16:27:00,011 - property_scraper - INFO - Selecting '' from dropdown 'district'
2025-07-21 16:27:00,285 - property_scraper - INFO - Saved screenshot before dropdown interaction: dropdown_debug/before_district_1753095420.png
2025-07-21 16:27:21,355 - property_scraper - ERROR - Error selecting option '' from dropdown 'district': Message: 
Stacktrace:
	GetHandleVerifier [0x0x4244a3+62419]
	GetHandleVerifier [0x0x4244e4+62484]
	(No symbol) [0x0x262133]
	(No symbol) [0x0x2aa8fe]
	(No symbol) [0x0x2aac9b]
	(No symbol) [0x0x2f3052]
	(No symbol) [0x0x2cf4b4]
	(No symbol) [0x0x2f087a]
	(No symbol) [0x0x2cf266]
	(No symbol) [0x0x29e852]
	(No symbol) [0x0x29f6f4]
	GetHandleVerifier [0x0x694793+2619075]
	GetHandleVerifier [0x0x68fbaa+2599642]
	GetHandleVerifier [0x0x44b04a+221050]
	GetHandleVerifier [0x0x43b2c8+156152]
	GetHandleVerifier [0x0x441c7d+183213]
	GetHandleVerifier [0x0x42c388+94904]
	GetHandleVerifier [0x0x42c512+95298]
	GetHandleVerifier [0x0x41766a+9626]
	BaseThreadInitThunk [0x0x768ffcc9+25]
	RtlGetAppContainerNamedObjectPath [0x0x771582ae+286]
	RtlGetAppContainerNamedObjectPath [0x0x7715827e+238]

2025-07-21 16:27:22,356 - property_scraper - INFO - Selecting '' from dropdown 'taluka'
2025-07-21 16:27:22,866 - property_scraper - INFO - Saved screenshot before dropdown interaction: dropdown_debug/before_taluka_1753095442.png
2025-07-21 16:27:44,062 - property_scraper - ERROR - Error selecting option '' from dropdown 'taluka': Message: 
Stacktrace:
	GetHandleVerifier [0x0x4244a3+62419]
	GetHandleVerifier [0x0x4244e4+62484]
	(No symbol) [0x0x262133]
	(No symbol) [0x0x2aa8fe]
	(No symbol) [0x0x2aac9b]
	(No symbol) [0x0x2f3052]
	(No symbol) [0x0x2cf4b4]
	(No symbol) [0x0x2f087a]
	(No symbol) [0x0x2cf266]
	(No symbol) [0x0x29e852]
	(No symbol) [0x0x29f6f4]
	GetHandleVerifier [0x0x694793+2619075]
	GetHandleVerifier [0x0x68fbaa+2599642]
	GetHandleVerifier [0x0x44b04a+221050]
	GetHandleVerifier [0x0x43b2c8+156152]
	GetHandleVerifier [0x0x441c7d+183213]
	GetHandleVerifier [0x0x42c388+94904]
	GetHandleVerifier [0x0x42c512+95298]
	GetHandleVerifier [0x0x41766a+9626]
	BaseThreadInitThunk [0x0x768ffcc9+25]
	RtlGetAppContainerNamedObjectPath [0x0x771582ae+286]
	RtlGetAppContainerNamedObjectPath [0x0x7715827e+238]

2025-07-21 16:27:45,063 - property_scraper - INFO - Selecting '' from dropdown 'village'
2025-07-21 16:27:45,384 - property_scraper - INFO - Saved screenshot before dropdown interaction: dropdown_debug/before_village_1753095465.png
2025-07-21 16:28:06,472 - property_scraper - ERROR - Error selecting option '' from dropdown 'village': Message: 
Stacktrace:
	GetHandleVerifier [0x0x4244a3+62419]
	GetHandleVerifier [0x0x4244e4+62484]
	(No symbol) [0x0x262133]
	(No symbol) [0x0x2aa8fe]
	(No symbol) [0x0x2aac9b]
	(No symbol) [0x0x2f3052]
	(No symbol) [0x0x2cf4b4]
	(No symbol) [0x0x2f087a]
	(No symbol) [0x0x2cf266]
	(No symbol) [0x0x29e852]
	(No symbol) [0x0x29f6f4]
	GetHandleVerifier [0x0x694793+2619075]
	GetHandleVerifier [0x0x68fbaa+2599642]
	GetHandleVerifier [0x0x44b04a+221050]
	GetHandleVerifier [0x0x43b2c8+156152]
	GetHandleVerifier [0x0x441c7d+183213]
	GetHandleVerifier [0x0x42c388+94904]
	GetHandleVerifier [0x0x42c512+95298]
	GetHandleVerifier [0x0x41766a+9626]
	BaseThreadInitThunk [0x0x768ffcc9+25]
	RtlGetAppContainerNamedObjectPath [0x0x771582ae+286]
	RtlGetAppContainerNamedObjectPath [0x0x7715827e+238]

2025-07-21 16:28:28,616 - property_scraper - INFO - Entered document number: 0
2025-07-21 16:28:28,616 - property_scraper - INFO - Processing combination: ____0
2025-07-21 16:28:28,617 - property_scraper - INFO - Processing: Year=, District=, Taluka=, Village=, Doc#=0
2025-07-21 16:28:28,617 - property_scraper - INFO - Selecting '' from dropdown 'year'
2025-07-21 16:28:28,977 - property_scraper - INFO - Saved screenshot before dropdown interaction: dropdown_debug/before_year_1753095508.png
2025-07-21 16:28:50,021 - property_scraper - ERROR - Error selecting option '' from dropdown 'year': Message: 
Stacktrace:
	GetHandleVerifier [0x0x4244a3+62419]
	GetHandleVerifier [0x0x4244e4+62484]
	(No symbol) [0x0x262133]
	(No symbol) [0x0x2aa8fe]
	(No symbol) [0x0x2aac9b]
	(No symbol) [0x0x2f3052]
	(No symbol) [0x0x2cf4b4]
	(No symbol) [0x0x2f087a]
	(No symbol) [0x0x2cf266]
	(No symbol) [0x0x29e852]
	(No symbol) [0x0x29f6f4]
	GetHandleVerifier [0x0x694793+2619075]
	GetHandleVerifier [0x0x68fbaa+2599642]
	GetHandleVerifier [0x0x44b04a+221050]
	GetHandleVerifier [0x0x43b2c8+156152]
	GetHandleVerifier [0x0x441c7d+183213]
	GetHandleVerifier [0x0x42c388+94904]
	GetHandleVerifier [0x0x42c512+95298]
	GetHandleVerifier [0x0x41766a+9626]
	BaseThreadInitThunk [0x0x768ffcc9+25]
	RtlGetAppContainerNamedObjectPath [0x0x771582ae+286]
	RtlGetAppContainerNamedObjectPath [0x0x7715827e+238]

2025-07-21 16:28:50,021 - property_scraper - INFO - Selecting '' from dropdown 'district'
2025-07-21 16:28:50,317 - property_scraper - INFO - Saved screenshot before dropdown interaction: dropdown_debug/before_district_1753095530.png
2025-07-21 16:29:11,849 - property_scraper - ERROR - Error selecting option '' from dropdown 'district': Message: 
Stacktrace:
	GetHandleVerifier [0x0x4244a3+62419]
	GetHandleVerifier [0x0x4244e4+62484]
	(No symbol) [0x0x262133]
	(No symbol) [0x0x2aa8fe]
	(No symbol) [0x0x2aac9b]
	(No symbol) [0x0x2f3052]
	(No symbol) [0x0x2cf4b4]
	(No symbol) [0x0x2f087a]
	(No symbol) [0x0x2cf266]
	(No symbol) [0x0x29e852]
	(No symbol) [0x0x29f6f4]
	GetHandleVerifier [0x0x694793+2619075]
	GetHandleVerifier [0x0x68fbaa+2599642]
	GetHandleVerifier [0x0x44b04a+221050]
	GetHandleVerifier [0x0x43b2c8+156152]
	GetHandleVerifier [0x0x441c7d+183213]
	GetHandleVerifier [0x0x42c388+94904]
	GetHandleVerifier [0x0x42c512+95298]
	GetHandleVerifier [0x0x41766a+9626]
	BaseThreadInitThunk [0x0x768ffcc9+25]
	RtlGetAppContainerNamedObjectPath [0x0x771582ae+286]
	RtlGetAppContainerNamedObjectPath [0x0x7715827e+238]

2025-07-21 16:29:11,849 - property_scraper - INFO - Selecting '' from dropdown 'taluka'
2025-07-21 16:29:12,129 - property_scraper - INFO - Saved screenshot before dropdown interaction: dropdown_debug/before_taluka_1753095551.png
2025-07-21 16:29:23,439 - property_scraper - ERROR - Error selecting option '' from dropdown 'taluka': ('Connection aborted.', ConnectionResetError(10054, 'An existing connection was forcibly closed by the remote host', None, 10054, None))
2025-07-21 16:29:23,439 - property_scraper - INFO - Selecting '' from dropdown 'village'
2025-07-21 16:29:27,470 - urllib3.connectionpool - WARNING - Retrying (Retry(total=2, connect=None, read=None, redirect=None, status=None)) after connection broken by 'NewConnectionError('<urllib3.connection.HTTPConnection object at 0x00000212922CE540>: Failed to establish a new connection: [WinError 10061] No connection could be made because the target machine actively refused it')': /session/37202b727cb9ebc041b60893b2208b9e/screenshot
2025-07-21 16:29:31,505 - urllib3.connectionpool - WARNING - Retrying (Retry(total=1, connect=None, read=None, redirect=None, status=None)) after connection broken by 'NewConnectionError('<urllib3.connection.HTTPConnection object at 0x0000021292BF3FE0>: Failed to establish a new connection: [WinError 10061] No connection could be made because the target machine actively refused it')': /session/37202b727cb9ebc041b60893b2208b9e/screenshot
2025-07-21 16:29:35,559 - urllib3.connectionpool - WARNING - Retrying (Retry(total=0, connect=None, read=None, redirect=None, status=None)) after connection broken by 'NewConnectionError('<urllib3.connection.HTTPConnection object at 0x0000021292BF3EF0>: Failed to establish a new connection: [WinError 10061] No connection could be made because the target machine actively refused it')': /session/37202b727cb9ebc041b60893b2208b9e/screenshot
2025-07-21 16:29:39,610 - property_scraper - WARNING - Could not save screenshot: HTTPConnectionPool(host='localhost', port=60077): Max retries exceeded with url: /session/37202b727cb9ebc041b60893b2208b9e/screenshot (Caused by NewConnectionError('<urllib3.connection.HTTPConnection object at 0x0000021292BF3D70>: Failed to establish a new connection: [WinError 10061] No connection could be made because the target machine actively refused it'))
2025-07-21 16:29:43,676 - urllib3.connectionpool - WARNING - Retrying (Retry(total=2, connect=None, read=None, redirect=None, status=None)) after connection broken by 'NewConnectionError('<urllib3.connection.HTTPConnection object at 0x0000021292BF3E60>: Failed to establish a new connection: [WinError 10061] No connection could be made because the target machine actively refused it')': /session/37202b727cb9ebc041b60893b2208b9e/element
2025-07-21 16:29:47,737 - urllib3.connectionpool - WARNING - Retrying (Retry(total=1, connect=None, read=None, redirect=None, status=None)) after connection broken by 'NewConnectionError('<urllib3.connection.HTTPConnection object at 0x0000021292C380E0>: Failed to establish a new connection: [WinError 10061] No connection could be made because the target machine actively refused it')': /session/37202b727cb9ebc041b60893b2208b9e/element
2025-07-21 16:29:51,821 - urllib3.connectionpool - WARNING - Retrying (Retry(total=0, connect=None, read=None, redirect=None, status=None)) after connection broken by 'NewConnectionError('<urllib3.connection.HTTPConnection object at 0x0000021292C38320>: Failed to establish a new connection: [WinError 10061] No connection could be made because the target machine actively refused it')': /session/37202b727cb9ebc041b60893b2208b9e/element
2025-07-21 16:29:55,907 - property_scraper - ERROR - Error selecting option '' from dropdown 'village': HTTPConnectionPool(host='localhost', port=60077): Max retries exceeded with url: /session/37202b727cb9ebc041b60893b2208b9e/element (Caused by NewConnectionError('<urllib3.connection.HTTPConnection object at 0x0000021292C38560>: Failed to establish a new connection: [WinError 10061] No connection could be made because the target machine actively refused it'))
2025-07-21 16:29:59,983 - urllib3.connectionpool - WARNING - Retrying (Retry(total=2, connect=None, read=None, redirect=None, status=None)) after connection broken by 'NewConnectionError('<urllib3.connection.HTTPConnection object at 0x0000021292C38920>: Failed to establish a new connection: [WinError 10061] No connection could be made because the target machine actively refused it')': /session/37202b727cb9ebc041b60893b2208b9e/element
2025-07-21 16:30:04,054 - urllib3.connectionpool - WARNING - Retrying (Retry(total=1, connect=None, read=None, redirect=None, status=None)) after connection broken by 'NewConnectionError('<urllib3.connection.HTTPConnection object at 0x0000021292C38B30>: Failed to establish a new connection: [WinError 10061] No connection could be made because the target machine actively refused it')': /session/37202b727cb9ebc041b60893b2208b9e/element
2025-07-21 16:30:08,114 - urllib3.connectionpool - WARNING - Retrying (Retry(total=0, connect=None, read=None, redirect=None, status=None)) after connection broken by 'NewConnectionError('<urllib3.connection.HTTPConnection object at 0x0000021292C38D70>: Failed to establish a new connection: [WinError 10061] No connection could be made because the target machine actively refused it')': /session/37202b727cb9ebc041b60893b2208b9e/element
