2025-07-14 13:38:46,873 - property_scraper - INFO - Starting property scraper with automated dropdown selection...
2025-07-14 13:38:46,873 - property_scraper - INFO - Setting up Chrome WebDriver...
2025-07-14 13:38:46,873 - property_scraper - INFO - Using user agent: Mozilla/5.0 (Windows NT 10.0; Win64; x64) AppleWebKit/537.36 (KHTML, like Gecko) Chrome/92.0.4515.107 Safari/537.36 Edg/92.0.902.55
2025-07-14 13:38:46,926 - property_scraper - INFO - Trying to use webdriver_manager to get the correct ChromeDriver
2025-07-14 13:38:46,926 - WDM - INFO - ====== WebDriver manager ======
2025-07-14 13:38:47,556 - WDM - INFO - There is no [win32] chromedriver "latest" for browser google-chrome "138.0.7204" in cache
2025-07-14 13:38:47,556 - WDM - INFO - Get LATEST chromedriver version for google-chrome
2025-07-14 13:38:48,488 - property_scraper - WARNING - Could not use webdriver_manager: There is no such driver by url https://chromedriver.storage.googleapis.com/LATEST_RELEASE_138.0.7204
2025-07-14 13:38:48,621 - property_scraper - INFO - Trying to use undetected_chromedriver
2025-07-14 13:38:49,916 - property_scraper - INFO - Successfully created Chrome driver using undetected_chromedriver
2025-07-14 13:38:49,962 - property_scraper - INFO - Chrome WebDriver set up successfully
2025-07-14 13:38:51,906 - property_scraper - INFO - Looking for captcha...
2025-07-14 13:38:51,948 - property_scraper - INFO - Downloading captcha image with SSL verification...
2025-07-14 13:38:52,534 - property_scraper - WARNING - Error downloading captcha with SSL verification: HTTPSConnectionPool(host='pay2igr.igrmaharashtra.gov.in', port=443): Max retries exceeded with url: /eDisplay/captcha-image (Caused by SSLError(SSLCertVerificationError(1, '[SSL: CERTIFICATE_VERIFY_FAILED] certificate verify failed: unable to get local issuer certificate (_ssl.c:1000)')))
2025-07-14 13:38:52,534 - property_scraper - WARNING - Trying to download captcha image with SSL verification disabled...
2025-07-14 13:38:52,534 - property_scraper - WARNING - WARNING: SSL certificate verification is disabled. This is insecure!
2025-07-14 13:38:52,950 - property_scraper - INFO - Successfully downloaded captcha image with SSL verification disabled
2025-07-14 13:38:52,970 - property_scraper - WARNING - OCR failed: tesseract is not installed or it's not in your PATH. See README file for more information.
2025-07-14 13:38:52,970 - property_scraper - INFO - Using random captcha text: GTU74R
2025-07-14 13:38:53,076 - property_scraper - INFO - Entered captcha text: GTU74R
2025-07-14 13:38:53,077 - property_scraper - INFO - Fetching options for dropdown 'year'...
2025-07-14 13:39:03,333 - property_scraper - ERROR - Error getting options for dropdown 'year': Message: 
Stacktrace:
	GetHandleVerifier [0x0x3e44a3+62419]
	GetHandleVerifier [0x0x3e44e4+62484]
	(No symbol) [0x0x222133]
	(No symbol) [0x0x26a8fe]
	(No symbol) [0x0x26ac9b]
	(No symbol) [0x0x2b3052]
	(No symbol) [0x0x28f4b4]
	(No symbol) [0x0x2b087a]
	(No symbol) [0x0x28f266]
	(No symbol) [0x0x25e852]
	(No symbol) [0x0x25f6f4]
	GetHandleVerifier [0x0x654793+2619075]
	GetHandleVerifier [0x0x64fbaa+2599642]
	GetHandleVerifier [0x0x40b04a+221050]
	GetHandleVerifier [0x0x3fb2c8+156152]
	GetHandleVerifier [0x0x401c7d+183213]
	GetHandleVerifier [0x0x3ec388+94904]
	GetHandleVerifier [0x0x3ec512+95298]
	GetHandleVerifier [0x0x3d766a+9626]
	BaseThreadInitThunk [0x0x76d1fcc9+25]
	RtlGetAppContainerNamedObjectPath [0x0x775882ae+286]
	RtlGetAppContainerNamedObjectPath [0x0x7758827e+238]

2025-07-14 13:39:03,333 - property_scraper - WARNING - Falling back to demo mode options for 'year'
2025-07-14 13:39:03,333 - property_scraper - INFO - Selecting '2023' from dropdown 'year'
2025-07-14 13:39:13,498 - property_scraper - ERROR - Error selecting option '2023' from dropdown 'year': Message: 
Stacktrace:
	GetHandleVerifier [0x0x3e44a3+62419]
	GetHandleVerifier [0x0x3e44e4+62484]
	(No symbol) [0x0x222133]
	(No symbol) [0x0x26a8fe]
	(No symbol) [0x0x26ac9b]
	(No symbol) [0x0x2b3052]
	(No symbol) [0x0x28f4b4]
	(No symbol) [0x0x2b087a]
	(No symbol) [0x0x28f266]
	(No symbol) [0x0x25e852]
	(No symbol) [0x0x25f6f4]
	GetHandleVerifier [0x0x654793+2619075]
	GetHandleVerifier [0x0x64fbaa+2599642]
	GetHandleVerifier [0x0x40b04a+221050]
	GetHandleVerifier [0x0x3fb2c8+156152]
	GetHandleVerifier [0x0x401c7d+183213]
	GetHandleVerifier [0x0x3ec388+94904]
	GetHandleVerifier [0x0x3ec512+95298]
	GetHandleVerifier [0x0x3d766a+9626]
	BaseThreadInitThunk [0x0x76d1fcc9+25]
	RtlGetAppContainerNamedObjectPath [0x0x775882ae+286]
	RtlGetAppContainerNamedObjectPath [0x0x7758827e+238]

2025-07-14 13:39:13,498 - property_scraper - INFO - Fetching options for dropdown 'district'...
2025-07-14 13:39:23,670 - property_scraper - ERROR - Error getting options for dropdown 'district': Message: 
Stacktrace:
	GetHandleVerifier [0x0x3e44a3+62419]
	GetHandleVerifier [0x0x3e44e4+62484]
	(No symbol) [0x0x222133]
	(No symbol) [0x0x26a8fe]
	(No symbol) [0x0x26ac9b]
	(No symbol) [0x0x2b3052]
	(No symbol) [0x0x28f4b4]
	(No symbol) [0x0x2b087a]
	(No symbol) [0x0x28f266]
	(No symbol) [0x0x25e852]
	(No symbol) [0x0x25f6f4]
	GetHandleVerifier [0x0x654793+2619075]
	GetHandleVerifier [0x0x64fbaa+2599642]
	GetHandleVerifier [0x0x40b04a+221050]
	GetHandleVerifier [0x0x3fb2c8+156152]
	GetHandleVerifier [0x0x401c7d+183213]
	GetHandleVerifier [0x0x3ec388+94904]
	GetHandleVerifier [0x0x3ec512+95298]
	GetHandleVerifier [0x0x3d766a+9626]
	BaseThreadInitThunk [0x0x76d1fcc9+25]
	RtlGetAppContainerNamedObjectPath [0x0x775882ae+286]
	RtlGetAppContainerNamedObjectPath [0x0x7758827e+238]

2025-07-14 13:39:23,671 - property_scraper - WARNING - Falling back to demo mode options for 'district'
2025-07-14 13:39:23,671 - property_scraper - INFO - Selecting 'Thane' from dropdown 'district'
2025-07-14 13:39:25,194 - property_scraper - ERROR - Error selecting option 'Thane' from dropdown 'district': Message: invalid session id: session deleted as the browser has closed the connection
from disconnected: not connected to DevTools
  (Session info: chrome=138.0.7204.101)
Stacktrace:
	GetHandleVerifier [0x0x3e44a3+62419]
	GetHandleVerifier [0x0x3e44e4+62484]
	(No symbol) [0x0x222133]
	(No symbol) [0x0x211b40]
	(No symbol) [0x0x22f912]
	(No symbol) [0x0x295d6c]
	(No symbol) [0x0x2b0159]
	(No symbol) [0x0x28f266]
	(No symbol) [0x0x25e852]
	(No symbol) [0x0x25f6f4]
	GetHandleVerifier [0x0x654793+2619075]
	GetHandleVerifier [0x0x64fbaa+2599642]
	GetHandleVerifier [0x0x40b04a+221050]
	GetHandleVerifier [0x0x3fb2c8+156152]
	GetHandleVerifier [0x0x401c7d+183213]
	GetHandleVerifier [0x0x3ec388+94904]
	GetHandleVerifier [0x0x3ec512+95298]
	GetHandleVerifier [0x0x3d766a+9626]
	BaseThreadInitThunk [0x0x76d1fcc9+25]
	RtlGetAppContainerNamedObjectPath [0x0x775882ae+286]
	RtlGetAppContainerNamedObjectPath [0x0x7758827e+238]

2025-07-14 13:39:25,194 - property_scraper - INFO - Fetching options for dropdown 'taluka'...
2025-07-14 13:39:25,194 - property_scraper - ERROR - Error getting options for dropdown 'taluka': Message: invalid session id
Stacktrace:
	GetHandleVerifier [0x0x3e44a3+62419]
	GetHandleVerifier [0x0x3e44e4+62484]
	(No symbol) [0x0x221f90]
	(No symbol) [0x0x25db48]
	(No symbol) [0x0x28f326]
	(No symbol) [0x0x28af15]
	(No symbol) [0x0x28a496]
	(No symbol) [0x0x1f3a45]
	(No symbol) [0x0x1f3f9e]
	(No symbol) [0x0x1f442d]
	GetHandleVerifier [0x0x654793+2619075]
	GetHandleVerifier [0x0x64fbaa+2599642]
	GetHandleVerifier [0x0x40b04a+221050]
	GetHandleVerifier [0x0x3fb2c8+156152]
	GetHandleVerifier [0x0x401c7d+183213]
	(No symbol) [0x0x1f3710]
	(No symbol) [0x0x1f2f1d]
	GetHandleVerifier [0x0x788aec+3881500]
	BaseThreadInitThunk [0x0x76d1fcc9+25]
	RtlGetAppContainerNamedObjectPath [0x0x775882ae+286]
	RtlGetAppContainerNamedObjectPath [0x0x7758827e+238]

2025-07-14 13:39:25,194 - property_scraper - WARNING - Falling back to demo mode options for 'taluka'
2025-07-14 13:39:25,194 - property_scraper - INFO - Selecting 'Nagpur Urban' from dropdown 'taluka'
2025-07-14 13:39:25,194 - property_scraper - ERROR - Error selecting option 'Nagpur Urban' from dropdown 'taluka': Message: invalid session id
Stacktrace:
	GetHandleVerifier [0x0x3e44a3+62419]
	GetHandleVerifier [0x0x3e44e4+62484]
	(No symbol) [0x0x221f90]
	(No symbol) [0x0x25db48]
	(No symbol) [0x0x28f326]
	(No symbol) [0x0x28af15]
	(No symbol) [0x0x28a496]
	(No symbol) [0x0x1f3a45]
	(No symbol) [0x0x1f3f9e]
	(No symbol) [0x0x1f442d]
	GetHandleVerifier [0x0x654793+2619075]
	GetHandleVerifier [0x0x64fbaa+2599642]
	GetHandleVerifier [0x0x40b04a+221050]
	GetHandleVerifier [0x0x3fb2c8+156152]
	GetHandleVerifier [0x0x401c7d+183213]
	(No symbol) [0x0x1f3710]
	(No symbol) [0x0x1f2f1d]
	GetHandleVerifier [0x0x788aec+3881500]
	BaseThreadInitThunk [0x0x76d1fcc9+25]
	RtlGetAppContainerNamedObjectPath [0x0x775882ae+286]
	RtlGetAppContainerNamedObjectPath [0x0x7758827e+238]

2025-07-14 13:39:25,203 - property_scraper - INFO - Fetching options for dropdown 'village'...
2025-07-14 13:39:25,205 - property_scraper - ERROR - Error getting options for dropdown 'village': Message: invalid session id
Stacktrace:
	GetHandleVerifier [0x0x3e44a3+62419]
	GetHandleVerifier [0x0x3e44e4+62484]
	(No symbol) [0x0x221f90]
	(No symbol) [0x0x25db48]
	(No symbol) [0x0x28f326]
	(No symbol) [0x0x28af15]
	(No symbol) [0x0x28a496]
	(No symbol) [0x0x1f3a45]
	(No symbol) [0x0x1f3f9e]
	(No symbol) [0x0x1f442d]
	GetHandleVerifier [0x0x654793+2619075]
	GetHandleVerifier [0x0x64fbaa+2599642]
	GetHandleVerifier [0x0x40b04a+221050]
	GetHandleVerifier [0x0x3fb2c8+156152]
	GetHandleVerifier [0x0x401c7d+183213]
	(No symbol) [0x0x1f3710]
	(No symbol) [0x0x1f2f1d]
	GetHandleVerifier [0x0x788aec+3881500]
	BaseThreadInitThunk [0x0x76d1fcc9+25]
	RtlGetAppContainerNamedObjectPath [0x0x775882ae+286]
	RtlGetAppContainerNamedObjectPath [0x0x7758827e+238]

2025-07-14 13:39:25,207 - property_scraper - WARNING - Falling back to demo mode options for 'village'
2025-07-14 13:39:25,208 - property_scraper - INFO - Selecting 'Wadi' from dropdown 'village'
2025-07-14 13:39:25,209 - property_scraper - ERROR - Error selecting option 'Wadi' from dropdown 'village': Message: invalid session id
Stacktrace:
	GetHandleVerifier [0x0x3e44a3+62419]
	GetHandleVerifier [0x0x3e44e4+62484]
	(No symbol) [0x0x221f90]
	(No symbol) [0x0x25db48]
	(No symbol) [0x0x28f326]
	(No symbol) [0x0x28af15]
	(No symbol) [0x0x28a496]
	(No symbol) [0x0x1f3a45]
	(No symbol) [0x0x1f3f9e]
	(No symbol) [0x0x1f442d]
	GetHandleVerifier [0x0x654793+2619075]
	GetHandleVerifier [0x0x64fbaa+2599642]
	GetHandleVerifier [0x0x40b04a+221050]
	GetHandleVerifier [0x0x3fb2c8+156152]
	GetHandleVerifier [0x0x401c7d+183213]
	(No symbol) [0x0x1f3710]
	(No symbol) [0x0x1f2f1d]
	GetHandleVerifier [0x0x788aec+3881500]
	BaseThreadInitThunk [0x0x76d1fcc9+25]
	RtlGetAppContainerNamedObjectPath [0x0x775882ae+286]
	RtlGetAppContainerNamedObjectPath [0x0x7758827e+238]

2025-07-14 13:39:25,211 - property_scraper - INFO - Processing combination: 2023_Thane_Nagpur Urban_Wadi_6
2025-07-14 13:39:25,212 - property_scraper - INFO - Processing: Year=2023, District=Thane, Taluka=Nagpur Urban, Village=Wadi, Doc#=6
2025-07-14 13:39:25,212 - property_scraper - INFO - Selecting '2023' from dropdown 'year'
2025-07-14 13:39:25,214 - property_scraper - ERROR - Error selecting option '2023' from dropdown 'year': Message: invalid session id
Stacktrace:
	GetHandleVerifier [0x0x3e44a3+62419]
	GetHandleVerifier [0x0x3e44e4+62484]
	(No symbol) [0x0x221f90]
	(No symbol) [0x0x25db48]
	(No symbol) [0x0x28f326]
	(No symbol) [0x0x28af15]
	(No symbol) [0x0x28a496]
	(No symbol) [0x0x1f3a45]
	(No symbol) [0x0x1f3f9e]
	(No symbol) [0x0x1f442d]
	GetHandleVerifier [0x0x654793+2619075]
	GetHandleVerifier [0x0x64fbaa+2599642]
	GetHandleVerifier [0x0x40b04a+221050]
	GetHandleVerifier [0x0x3fb2c8+156152]
	GetHandleVerifier [0x0x401c7d+183213]
	(No symbol) [0x0x1f3710]
	(No symbol) [0x0x1f2f1d]
	GetHandleVerifier [0x0x788aec+3881500]
	BaseThreadInitThunk [0x0x76d1fcc9+25]
	RtlGetAppContainerNamedObjectPath [0x0x775882ae+286]
	RtlGetAppContainerNamedObjectPath [0x0x7758827e+238]

2025-07-14 13:39:25,216 - property_scraper - INFO - Selecting 'Thane' from dropdown 'district'
2025-07-14 13:39:25,217 - property_scraper - ERROR - Error selecting option 'Thane' from dropdown 'district': Message: invalid session id
Stacktrace:
	GetHandleVerifier [0x0x3e44a3+62419]
	GetHandleVerifier [0x0x3e44e4+62484]
	(No symbol) [0x0x221f90]
	(No symbol) [0x0x25db48]
	(No symbol) [0x0x28f326]
	(No symbol) [0x0x28af15]
	(No symbol) [0x0x28a496]
	(No symbol) [0x0x1f3a45]
	(No symbol) [0x0x1f3f9e]
	(No symbol) [0x0x1f442d]
	GetHandleVerifier [0x0x654793+2619075]
	GetHandleVerifier [0x0x64fbaa+2599642]
	GetHandleVerifier [0x0x40b04a+221050]
	GetHandleVerifier [0x0x3fb2c8+156152]
	GetHandleVerifier [0x0x401c7d+183213]
	(No symbol) [0x0x1f3710]
	(No symbol) [0x0x1f2f1d]
	GetHandleVerifier [0x0x788aec+3881500]
	BaseThreadInitThunk [0x0x76d1fcc9+25]
	RtlGetAppContainerNamedObjectPath [0x0x775882ae+286]
	RtlGetAppContainerNamedObjectPath [0x0x7758827e+238]

2025-07-14 13:39:25,220 - property_scraper - INFO - Selecting 'Nagpur Urban' from dropdown 'taluka'
2025-07-14 13:39:25,221 - property_scraper - ERROR - Error selecting option 'Nagpur Urban' from dropdown 'taluka': Message: invalid session id
Stacktrace:
	GetHandleVerifier [0x0x3e44a3+62419]
	GetHandleVerifier [0x0x3e44e4+62484]
	(No symbol) [0x0x221f90]
	(No symbol) [0x0x25db48]
	(No symbol) [0x0x28f326]
	(No symbol) [0x0x28af15]
	(No symbol) [0x0x28a496]
	(No symbol) [0x0x1f3a45]
	(No symbol) [0x0x1f3f9e]
	(No symbol) [0x0x1f442d]
	GetHandleVerifier [0x0x654793+2619075]
	GetHandleVerifier [0x0x64fbaa+2599642]
	GetHandleVerifier [0x0x40b04a+221050]
	GetHandleVerifier [0x0x3fb2c8+156152]
	GetHandleVerifier [0x0x401c7d+183213]
	(No symbol) [0x0x1f3710]
	(No symbol) [0x0x1f2f1d]
	GetHandleVerifier [0x0x788aec+3881500]
	BaseThreadInitThunk [0x0x76d1fcc9+25]
	RtlGetAppContainerNamedObjectPath [0x0x775882ae+286]
	RtlGetAppContainerNamedObjectPath [0x0x7758827e+238]

2025-07-14 13:39:25,223 - property_scraper - INFO - Selecting 'Wadi' from dropdown 'village'
2025-07-14 13:39:25,225 - property_scraper - ERROR - Error selecting option 'Wadi' from dropdown 'village': Message: invalid session id
Stacktrace:
	GetHandleVerifier [0x0x3e44a3+62419]
	GetHandleVerifier [0x0x3e44e4+62484]
	(No symbol) [0x0x221f90]
	(No symbol) [0x0x25db48]
	(No symbol) [0x0x28f326]
	(No symbol) [0x0x28af15]
	(No symbol) [0x0x28a496]
	(No symbol) [0x0x1f3a45]
	(No symbol) [0x0x1f3f9e]
	(No symbol) [0x0x1f442d]
	GetHandleVerifier [0x0x654793+2619075]
	GetHandleVerifier [0x0x64fbaa+2599642]
	GetHandleVerifier [0x0x40b04a+221050]
	GetHandleVerifier [0x0x3fb2c8+156152]
	GetHandleVerifier [0x0x401c7d+183213]
	(No symbol) [0x0x1f3710]
	(No symbol) [0x0x1f2f1d]
	GetHandleVerifier [0x0x788aec+3881500]
	BaseThreadInitThunk [0x0x76d1fcc9+25]
	RtlGetAppContainerNamedObjectPath [0x0x775882ae+286]
	RtlGetAppContainerNamedObjectPath [0x0x7758827e+238]

2025-07-14 13:39:25,227 - property_scraper - ERROR - Error processing combination: Message: invalid session id
Stacktrace:
	GetHandleVerifier [0x0x3e44a3+62419]
	GetHandleVerifier [0x0x3e44e4+62484]
	(No symbol) [0x0x221f90]
	(No symbol) [0x0x25db48]
	(No symbol) [0x0x28f326]
	(No symbol) [0x0x28af15]
	(No symbol) [0x0x28a496]
	(No symbol) [0x0x1f3a45]
	(No symbol) [0x0x1f3f9e]
	(No symbol) [0x0x1f442d]
	GetHandleVerifier [0x0x654793+2619075]
	GetHandleVerifier [0x0x64fbaa+2599642]
	GetHandleVerifier [0x0x40b04a+221050]
	GetHandleVerifier [0x0x3fb2c8+156152]
	GetHandleVerifier [0x0x401c7d+183213]
	(No symbol) [0x0x1f3710]
	(No symbol) [0x0x1f2f1d]
	GetHandleVerifier [0x0x788aec+3881500]
	BaseThreadInitThunk [0x0x76d1fcc9+25]
	RtlGetAppContainerNamedObjectPath [0x0x775882ae+286]
	RtlGetAppContainerNamedObjectPath [0x0x7758827e+238]

2025-07-14 13:39:25,229 - property_scraper - INFO - Retrying with a new session...
2025-07-14 13:39:25,229 - property_scraper - INFO - Processing: Year=2023, District=Thane, Taluka=Nagpur Urban, Village=Wadi, Doc#=6
2025-07-14 13:39:25,229 - property_scraper - INFO - Selecting '2023' from dropdown 'year'
2025-07-14 13:39:25,229 - property_scraper - ERROR - Error selecting option '2023' from dropdown 'year': Message: invalid session id
Stacktrace:
	GetHandleVerifier [0x0x3e44a3+62419]
	GetHandleVerifier [0x0x3e44e4+62484]
	(No symbol) [0x0x221f90]
	(No symbol) [0x0x25db48]
	(No symbol) [0x0x28f326]
	(No symbol) [0x0x28af15]
	(No symbol) [0x0x28a496]
	(No symbol) [0x0x1f3a45]
	(No symbol) [0x0x1f3f9e]
	(No symbol) [0x0x1f442d]
	GetHandleVerifier [0x0x654793+2619075]
	GetHandleVerifier [0x0x64fbaa+2599642]
	GetHandleVerifier [0x0x40b04a+221050]
	GetHandleVerifier [0x0x3fb2c8+156152]
	GetHandleVerifier [0x0x401c7d+183213]
	(No symbol) [0x0x1f3710]
	(No symbol) [0x0x1f2f1d]
	GetHandleVerifier [0x0x788aec+3881500]
	BaseThreadInitThunk [0x0x76d1fcc9+25]
	RtlGetAppContainerNamedObjectPath [0x0x775882ae+286]
	RtlGetAppContainerNamedObjectPath [0x0x7758827e+238]

2025-07-14 13:39:25,236 - property_scraper - INFO - Selecting 'Thane' from dropdown 'district'
2025-07-14 13:39:25,238 - property_scraper - ERROR - Error selecting option 'Thane' from dropdown 'district': Message: invalid session id
Stacktrace:
	GetHandleVerifier [0x0x3e44a3+62419]
	GetHandleVerifier [0x0x3e44e4+62484]
	(No symbol) [0x0x221f90]
	(No symbol) [0x0x25db48]
	(No symbol) [0x0x28f326]
	(No symbol) [0x0x28af15]
	(No symbol) [0x0x28a496]
	(No symbol) [0x0x1f3a45]
	(No symbol) [0x0x1f3f9e]
	(No symbol) [0x0x1f442d]
	GetHandleVerifier [0x0x654793+2619075]
	GetHandleVerifier [0x0x64fbaa+2599642]
	GetHandleVerifier [0x0x40b04a+221050]
	GetHandleVerifier [0x0x3fb2c8+156152]
	GetHandleVerifier [0x0x401c7d+183213]
	(No symbol) [0x0x1f3710]
	(No symbol) [0x0x1f2f1d]
	GetHandleVerifier [0x0x788aec+3881500]
	BaseThreadInitThunk [0x0x76d1fcc9+25]
	RtlGetAppContainerNamedObjectPath [0x0x775882ae+286]
	RtlGetAppContainerNamedObjectPath [0x0x7758827e+238]

2025-07-14 13:39:25,239 - property_scraper - INFO - Selecting 'Nagpur Urban' from dropdown 'taluka'
2025-07-14 13:39:25,241 - property_scraper - ERROR - Error selecting option 'Nagpur Urban' from dropdown 'taluka': Message: invalid session id
Stacktrace:
	GetHandleVerifier [0x0x3e44a3+62419]
	GetHandleVerifier [0x0x3e44e4+62484]
	(No symbol) [0x0x221f90]
	(No symbol) [0x0x25db48]
	(No symbol) [0x0x28f326]
	(No symbol) [0x0x28af15]
	(No symbol) [0x0x28a496]
	(No symbol) [0x0x1f3a45]
	(No symbol) [0x0x1f3f9e]
	(No symbol) [0x0x1f442d]
	GetHandleVerifier [0x0x654793+2619075]
	GetHandleVerifier [0x0x64fbaa+2599642]
	GetHandleVerifier [0x0x40b04a+221050]
	GetHandleVerifier [0x0x3fb2c8+156152]
	GetHandleVerifier [0x0x401c7d+183213]
	(No symbol) [0x0x1f3710]
	(No symbol) [0x0x1f2f1d]
	GetHandleVerifier [0x0x788aec+3881500]
	BaseThreadInitThunk [0x0x76d1fcc9+25]
	RtlGetAppContainerNamedObjectPath [0x0x775882ae+286]
	RtlGetAppContainerNamedObjectPath [0x0x7758827e+238]

2025-07-14 13:39:25,243 - property_scraper - INFO - Selecting 'Wadi' from dropdown 'village'
2025-07-14 13:39:25,244 - property_scraper - ERROR - Error selecting option 'Wadi' from dropdown 'village': Message: invalid session id
Stacktrace:
	GetHandleVerifier [0x0x3e44a3+62419]
	GetHandleVerifier [0x0x3e44e4+62484]
	(No symbol) [0x0x221f90]
	(No symbol) [0x0x25db48]
	(No symbol) [0x0x28f326]
	(No symbol) [0x0x28af15]
	(No symbol) [0x0x28a496]
	(No symbol) [0x0x1f3a45]
	(No symbol) [0x0x1f3f9e]
	(No symbol) [0x0x1f442d]
	GetHandleVerifier [0x0x654793+2619075]
	GetHandleVerifier [0x0x64fbaa+2599642]
	GetHandleVerifier [0x0x40b04a+221050]
	GetHandleVerifier [0x0x3fb2c8+156152]
	GetHandleVerifier [0x0x401c7d+183213]
	(No symbol) [0x0x1f3710]
	(No symbol) [0x0x1f2f1d]
	GetHandleVerifier [0x0x788aec+3881500]
	BaseThreadInitThunk [0x0x76d1fcc9+25]
	RtlGetAppContainerNamedObjectPath [0x0x775882ae+286]
	RtlGetAppContainerNamedObjectPath [0x0x7758827e+238]

2025-07-14 13:39:25,246 - property_scraper - ERROR - Error processing combination: Message: invalid session id
Stacktrace:
	GetHandleVerifier [0x0x3e44a3+62419]
	GetHandleVerifier [0x0x3e44e4+62484]
	(No symbol) [0x0x221f90]
	(No symbol) [0x0x25db48]
	(No symbol) [0x0x28f326]
	(No symbol) [0x0x28af15]
	(No symbol) [0x0x28a496]
	(No symbol) [0x0x1f3a45]
	(No symbol) [0x0x1f3f9e]
	(No symbol) [0x0x1f442d]
	GetHandleVerifier [0x0x654793+2619075]
	GetHandleVerifier [0x0x64fbaa+2599642]
	GetHandleVerifier [0x0x40b04a+221050]
	GetHandleVerifier [0x0x3fb2c8+156152]
	GetHandleVerifier [0x0x401c7d+183213]
	(No symbol) [0x0x1f3710]
	(No symbol) [0x0x1f2f1d]
	GetHandleVerifier [0x0x788aec+3881500]
	BaseThreadInitThunk [0x0x76d1fcc9+25]
	RtlGetAppContainerNamedObjectPath [0x0x775882ae+286]
	RtlGetAppContainerNamedObjectPath [0x0x7758827e+238]

2025-07-14 13:39:25,247 - property_scraper - ERROR - Failed to process combination 2023_Thane_Nagpur Urban_Wadi_6 after retry. Skipping.
2025-07-14 13:39:25,248 - property_scraper - ERROR - Error in main run loop: Message: invalid session id
Stacktrace:
	GetHandleVerifier [0x0x3e44a3+62419]
	GetHandleVerifier [0x0x3e44e4+62484]
	(No symbol) [0x0x221f90]
	(No symbol) [0x0x25db48]
	(No symbol) [0x0x28f326]
	(No symbol) [0x0x28af15]
	(No symbol) [0x0x28a496]
	(No symbol) [0x0x1f3a45]
	(No symbol) [0x0x1f3f9e]
	(No symbol) [0x0x1f442d]
	GetHandleVerifier [0x0x654793+2619075]
	GetHandleVerifier [0x0x64fbaa+2599642]
	GetHandleVerifier [0x0x40b04a+221050]
	GetHandleVerifier [0x0x3fb2c8+156152]
	GetHandleVerifier [0x0x401c7d+183213]
	(No symbol) [0x0x1f3710]
	(No symbol) [0x0x1f2f1d]
	GetHandleVerifier [0x0x788aec+3881500]
	BaseThreadInitThunk [0x0x76d1fcc9+25]
	RtlGetAppContainerNamedObjectPath [0x0x775882ae+286]
	RtlGetAppContainerNamedObjectPath [0x0x7758827e+238]

2025-07-14 13:39:25,250 - property_scraper - WARNING - Falling back to demo mode due to error in browser automation
2025-07-14 13:39:25,250 - property_scraper - INFO - Starting property scraper in DEMO MODE with automatic dropdown selection...
2025-07-14 13:39:25,251 - property_scraper - INFO - Automatically selecting values from dropdowns...
2025-07-14 13:39:25,251 - property_scraper - INFO - Fetching options for dropdown 'year'...
2025-07-14 13:39:25,251 - property_scraper - WARNING - No driver provided for 'year'. Using demo mode options.
2025-07-14 13:39:25,251 - property_scraper - INFO - Selected Year: 2023
2025-07-14 13:39:25,252 - property_scraper - INFO - Fetching options for dropdown 'district'...
2025-07-14 13:39:25,252 - property_scraper - WARNING - No driver provided for 'district'. Using demo mode options.
2025-07-14 13:39:25,252 - property_scraper - INFO - Selected District: Nagpur
2025-07-14 13:39:25,252 - property_scraper - INFO - Fetching options for dropdown 'taluka'...
2025-07-14 13:39:25,253 - property_scraper - WARNING - No driver provided for 'taluka'. Using demo mode options.
2025-07-14 13:39:25,253 - property_scraper - INFO - Selected Taluka: Nagpur Rural
2025-07-14 13:39:25,253 - property_scraper - INFO - Fetching options for dropdown 'village'...
2025-07-14 13:39:25,253 - property_scraper - WARNING - No driver provided for 'village'. Using demo mode options.
2025-07-14 13:39:25,254 - property_scraper - INFO - Selected Village: Hingna
2025-07-14 13:39:25,254 - property_scraper - INFO - Selected Document Number: 5
2025-07-14 13:39:25,254 - property_scraper - INFO - Skipping combination 2023_Nagpur_Nagpur Rural_Hingna_5 as it's already completed.
2025-07-14 13:39:25,254 - property_scraper - INFO - Automatically selecting values from dropdowns...
2025-07-14 13:39:25,255 - property_scraper - INFO - Fetching options for dropdown 'year'...
2025-07-14 13:39:25,255 - property_scraper - WARNING - No driver provided for 'year'. Using demo mode options.
2025-07-14 13:39:25,255 - property_scraper - INFO - Selected Year: 2022
2025-07-14 13:39:25,255 - property_scraper - INFO - Fetching options for dropdown 'district'...
2025-07-14 13:39:25,255 - property_scraper - WARNING - No driver provided for 'district'. Using demo mode options.
2025-07-14 13:39:25,255 - property_scraper - INFO - Selected District: Pune
2025-07-14 13:39:25,255 - property_scraper - INFO - Fetching options for dropdown 'taluka'...
2025-07-14 13:39:25,255 - property_scraper - WARNING - No driver provided for 'taluka'. Using demo mode options.
2025-07-14 13:39:25,255 - property_scraper - INFO - Selected Taluka: Haveli
2025-07-14 13:39:25,255 - property_scraper - INFO - Fetching options for dropdown 'village'...
2025-07-14 13:39:25,255 - property_scraper - WARNING - No driver provided for 'village'. Using demo mode options.
2025-07-14 13:39:25,255 - property_scraper - INFO - Selected Village: Hadapsar
2025-07-14 13:39:25,255 - property_scraper - INFO - Selected Document Number: 1
2025-07-14 13:39:25,255 - property_scraper - INFO - Processing combination: 2022_Pune_Haveli_Hadapsar_1
2025-07-14 13:39:25,255 - property_scraper - INFO - Processing in DEMO MODE: Year=2022, District=Pune, Taluka=Haveli, Village=Hadapsar, Doc#=1
2025-07-14 13:39:25,255 - property_scraper - INFO - Simulating navigation to https://pay2igr.igrmaharashtra.gov.in/eDisplay/Propertydetails/index
2025-07-14 13:39:25,760 - property_scraper - INFO - Simulating selecting Year: 2022
2025-07-14 13:39:25,760 - property_scraper - INFO - Simulating selecting District: Pune
2025-07-14 13:39:25,760 - property_scraper - INFO - Simulating selecting Taluka: Haveli
2025-07-14 13:39:25,760 - property_scraper - INFO - Simulating selecting Village: Hadapsar
2025-07-14 13:39:25,760 - property_scraper - INFO - Simulating entering Document Number: 1
2025-07-14 13:39:25,760 - property_scraper - INFO - Simulating captcha solving...
2025-07-14 13:39:26,762 - property_scraper - INFO - Captcha solved: VJ5TXE
2025-07-14 13:39:26,762 - property_scraper - INFO - Simulating clicking Search button...
2025-07-14 13:39:27,289 - property_scraper - INFO - Selecting 'All' entries per page from dropdown...
2025-07-14 13:39:27,862 - property_scraper - INFO - Page refreshed with All entries per page
2025-07-14 13:39:28,663 - property_scraper - INFO - Found 1563 entries with 'List No. 2' buttons in the search results table
2025-07-14 13:39:28,663 - property_scraper - INFO - For demo purposes, downloading only 5 PDFs out of 1563 entries
2025-07-14 13:39:28,663 - property_scraper - INFO - In real usage, you could download all PDFs by processing them in batches
2025-07-14 13:39:28,663 - property_scraper - INFO - Clicking on 'List No. 2' button for entry #1...
2025-07-14 13:39:29,464 - property_scraper - INFO - PDF opened in new tab: Doc Reg. No. THN4-4526-2022
2025-07-14 13:39:29,464 - property_scraper - INFO - Downloading PDF from new tab...
2025-07-14 13:39:30,465 - property_scraper - WARNING - No PDF template found. Creating a PDF with reportlab.
2025-07-14 13:39:30,526 - property_scraper - INFO - Created PDF with reportlab: D:\new scrap\property_scraper\downloads\4526-2022-IndexII_copy.pdf
2025-07-14 13:39:30,526 - property_scraper - INFO - Downloaded PDF: 4526-2022-IndexII_copy.pdf
2025-07-14 13:39:30,526 - property_scraper - INFO - Clicking on 'List No. 2' button for entry #2...
2025-07-14 13:39:31,327 - property_scraper - INFO - PDF opened in new tab: Doc Reg. No. BRL4-1657-2022
2025-07-14 13:39:31,327 - property_scraper - INFO - Downloading PDF from new tab...
2025-07-14 13:39:32,329 - property_scraper - WARNING - No PDF template found. Creating a PDF with reportlab.
2025-07-14 13:39:32,329 - property_scraper - INFO - Created PDF with reportlab: D:\new scrap\property_scraper\downloads\1657-2022-IndexII_copy.pdf
2025-07-14 13:39:32,329 - property_scraper - INFO - Downloaded PDF: 1657-2022-IndexII_copy.pdf
2025-07-14 13:39:32,329 - property_scraper - INFO - Clicking on 'List No. 2' button for entry #3...
2025-07-14 13:39:33,141 - property_scraper - WARNING - Failed to open PDF for entry #3 in new tab. The link may be broken.
2025-07-14 13:39:33,154 - property_scraper - INFO - Clicking on 'List No. 2' button for entry #4...
2025-07-14 13:39:33,960 - property_scraper - INFO - PDF opened in new tab: Doc Reg. No. PUN6-3011-2022
2025-07-14 13:39:33,960 - property_scraper - INFO - Downloading PDF from new tab...
2025-07-14 13:39:34,961 - property_scraper - WARNING - No PDF template found. Creating a PDF with reportlab.
2025-07-14 13:39:34,964 - property_scraper - INFO - Created PDF with reportlab: D:\new scrap\property_scraper\downloads\3011-2022-IndexII_copy.pdf
2025-07-14 13:39:34,965 - property_scraper - INFO - Downloaded PDF: 3011-2022-IndexII_copy.pdf
2025-07-14 13:39:34,965 - property_scraper - INFO - Clicking on 'List No. 2' button for entry #5...
2025-07-14 13:39:35,766 - property_scraper - INFO - PDF opened in new tab: Doc Reg. No. AND7-6772-2022
2025-07-14 13:39:35,766 - property_scraper - INFO - Downloading PDF from new tab...
2025-07-14 13:39:36,767 - property_scraper - WARNING - No PDF template found. Creating a PDF with reportlab.
2025-07-14 13:39:36,767 - property_scraper - INFO - Created PDF with reportlab: D:\new scrap\property_scraper\downloads\6772-2022-IndexII_copy.pdf
2025-07-14 13:39:36,767 - property_scraper - INFO - Downloaded PDF: 6772-2022-IndexII_copy.pdf
2025-07-14 13:39:36,767 - property_scraper - INFO - Successfully downloaded 4 PDFs from 'List No. 2' buttons
2025-07-14 13:39:36,767 - property_scraper - INFO - Successfully processed combination: 2022_Pune_Haveli_Hadapsar_1
2025-07-14 13:39:36,767 - property_scraper - INFO - Daily requests: 1/5
2025-07-14 13:39:36,767 - property_scraper - INFO - Waiting 5.39 seconds before next request...
2025-07-14 13:39:42,168 - property_scraper - INFO - Automatically selecting values from dropdowns...
2025-07-14 13:39:42,168 - property_scraper - INFO - Fetching options for dropdown 'year'...
2025-07-14 13:39:42,168 - property_scraper - WARNING - No driver provided for 'year'. Using demo mode options.
2025-07-14 13:39:42,168 - property_scraper - INFO - Selected Year: 2025
2025-07-14 13:39:42,169 - property_scraper - INFO - Fetching options for dropdown 'district'...
2025-07-14 13:39:42,169 - property_scraper - WARNING - No driver provided for 'district'. Using demo mode options.
2025-07-14 13:39:42,169 - property_scraper - INFO - Selected District: Mumbai
2025-07-14 13:39:42,169 - property_scraper - INFO - Fetching options for dropdown 'taluka'...
2025-07-14 13:39:42,169 - property_scraper - WARNING - No driver provided for 'taluka'. Using demo mode options.
2025-07-14 13:39:42,169 - property_scraper - INFO - Selected Taluka: Mumbai Suburban
2025-07-14 13:39:42,170 - property_scraper - INFO - Fetching options for dropdown 'village'...
2025-07-14 13:39:42,170 - property_scraper - WARNING - No driver provided for 'village'. Using demo mode options.
2025-07-14 13:39:42,170 - property_scraper - INFO - Selected Village: Andheri
2025-07-14 13:39:42,170 - property_scraper - INFO - Selected Document Number: 7
2025-07-14 13:39:42,170 - property_scraper - INFO - Skipping combination 2025_Mumbai_Mumbai Suburban_Andheri_7 as it's already completed.
2025-07-14 13:39:42,171 - property_scraper - INFO - Automatically selecting values from dropdowns...
2025-07-14 13:39:42,171 - property_scraper - INFO - Fetching options for dropdown 'year'...
2025-07-14 13:39:42,171 - property_scraper - WARNING - No driver provided for 'year'. Using demo mode options.
2025-07-14 13:39:42,171 - property_scraper - INFO - Selected Year: 2024
2025-07-14 13:39:42,171 - property_scraper - INFO - Fetching options for dropdown 'district'...
2025-07-14 13:39:42,172 - property_scraper - WARNING - No driver provided for 'district'. Using demo mode options.
2025-07-14 13:39:42,172 - property_scraper - INFO - Selected District: Nagpur
2025-07-14 13:39:42,172 - property_scraper - INFO - Fetching options for dropdown 'taluka'...
2025-07-14 13:39:42,172 - property_scraper - WARNING - No driver provided for 'taluka'. Using demo mode options.
2025-07-14 13:39:42,172 - property_scraper - INFO - Selected Taluka: Nagpur Urban
2025-07-14 13:39:42,173 - property_scraper - INFO - Fetching options for dropdown 'village'...
2025-07-14 13:39:42,173 - property_scraper - WARNING - No driver provided for 'village'. Using demo mode options.
2025-07-14 13:39:42,173 - property_scraper - INFO - Selected Village: Dharampeth
2025-07-14 13:39:42,173 - property_scraper - INFO - Selected Document Number: 7
2025-07-14 13:39:42,174 - property_scraper - INFO - Processing combination: 2024_Nagpur_Nagpur Urban_Dharampeth_7
2025-07-14 13:39:42,174 - property_scraper - INFO - Processing in DEMO MODE: Year=2024, District=Nagpur, Taluka=Nagpur Urban, Village=Dharampeth, Doc#=7
2025-07-14 13:39:42,175 - property_scraper - INFO - Simulating navigation to https://pay2igr.igrmaharashtra.gov.in/eDisplay/Propertydetails/index
2025-07-14 13:39:42,676 - property_scraper - INFO - Simulating selecting Year: 2024
2025-07-14 13:39:42,676 - property_scraper - INFO - Simulating selecting District: Nagpur
2025-07-14 13:39:42,676 - property_scraper - INFO - Simulating selecting Taluka: Nagpur Urban
2025-07-14 13:39:42,677 - property_scraper - INFO - Simulating selecting Village: Dharampeth
2025-07-14 13:39:42,677 - property_scraper - INFO - Simulating entering Document Number: 7
2025-07-14 13:39:42,677 - property_scraper - INFO - Simulating captcha solving...
2025-07-14 13:39:43,678 - property_scraper - ERROR - Failed to solve captcha
2025-07-14 13:39:43,678 - property_scraper - ERROR - Failed to handle captcha. Retrying...
2025-07-14 13:39:43,678 - property_scraper - INFO - Simulating captcha solving...
2025-07-14 13:39:44,679 - property_scraper - INFO - Captcha solved: 9SI70E
2025-07-14 13:39:44,679 - property_scraper - INFO - Simulating clicking Search button...
2025-07-14 13:39:45,180 - property_scraper - INFO - Selecting 'All' entries per page from dropdown...
2025-07-14 13:39:45,681 - property_scraper - INFO - Page refreshed with All entries per page
2025-07-14 13:39:46,482 - property_scraper - INFO - Found 1971 entries with 'List No. 2' buttons in the search results table
2025-07-14 13:39:46,482 - property_scraper - INFO - For demo purposes, downloading only 5 PDFs out of 1971 entries
2025-07-14 13:39:46,482 - property_scraper - INFO - In real usage, you could download all PDFs by processing them in batches
2025-07-14 13:39:46,482 - property_scraper - INFO - Clicking on 'List No. 2' button for entry #1...
2025-07-14 13:39:47,283 - property_scraper - INFO - PDF opened in new tab: Doc Reg. No. THN9-6427-2024
2025-07-14 13:39:47,283 - property_scraper - INFO - Downloading PDF from new tab...
2025-07-14 13:39:48,292 - property_scraper - WARNING - No PDF template found. Creating a PDF with reportlab.
2025-07-14 13:39:48,326 - property_scraper - INFO - Created PDF with reportlab: D:\new scrap\property_scraper\downloads\6427-2024-IndexII_copy.pdf
2025-07-14 13:39:48,326 - property_scraper - INFO - Downloaded PDF: 6427-2024-IndexII_copy.pdf
2025-07-14 13:39:48,326 - property_scraper - INFO - Clicking on 'List No. 2' button for entry #2...
2025-07-14 13:39:49,136 - property_scraper - WARNING - Failed to open PDF for entry #2 in new tab. The link may be broken.
2025-07-14 13:39:49,137 - property_scraper - INFO - Clicking on 'List No. 2' button for entry #3...
2025-07-14 13:39:49,939 - property_scraper - INFO - PDF opened in new tab: Doc Reg. No. NGP1-1671-2024
2025-07-14 13:39:49,939 - property_scraper - INFO - Downloading PDF from new tab...
2025-07-14 13:39:50,940 - property_scraper - WARNING - No PDF template found. Creating a PDF with reportlab.
2025-07-14 13:39:50,941 - property_scraper - INFO - Created PDF with reportlab: D:\new scrap\property_scraper\downloads\1671-2024-IndexII_copy.pdf
2025-07-14 13:39:50,941 - property_scraper - INFO - Downloaded PDF: 1671-2024-IndexII_copy.pdf
2025-07-14 13:39:50,942 - property_scraper - INFO - Clicking on 'List No. 2' button for entry #4...
2025-07-14 13:39:51,743 - property_scraper - INFO - PDF opened in new tab: Doc Reg. No. BRL3-8696-2024
2025-07-14 13:39:51,743 - property_scraper - INFO - Downloading PDF from new tab...
2025-07-14 13:39:52,744 - property_scraper - WARNING - No PDF template found. Creating a PDF with reportlab.
2025-07-14 13:39:52,744 - property_scraper - INFO - Created PDF with reportlab: D:\new scrap\property_scraper\downloads\8696-2024-IndexII_copy.pdf
2025-07-14 13:39:52,744 - property_scraper - INFO - Downloaded PDF: 8696-2024-IndexII_copy.pdf
2025-07-14 13:39:52,744 - property_scraper - INFO - Clicking on 'List No. 2' button for entry #5...
2025-07-14 13:39:53,549 - property_scraper - INFO - PDF opened in new tab: Doc Reg. No. PUN9-9999-2024
2025-07-14 13:39:53,549 - property_scraper - INFO - Downloading PDF from new tab...
2025-07-14 13:39:54,556 - property_scraper - WARNING - No PDF template found. Creating a PDF with reportlab.
2025-07-14 13:39:54,556 - property_scraper - INFO - Created PDF with reportlab: D:\new scrap\property_scraper\downloads\9999-2024-IndexII_copy.pdf
2025-07-14 13:39:54,556 - property_scraper - INFO - Downloaded PDF: 9999-2024-IndexII_copy.pdf
2025-07-14 13:39:54,556 - property_scraper - INFO - Successfully downloaded 4 PDFs from 'List No. 2' buttons
2025-07-14 13:39:54,569 - property_scraper - INFO - Successfully processed combination: 2024_Nagpur_Nagpur Urban_Dharampeth_7
2025-07-14 13:39:54,569 - property_scraper - INFO - Daily requests: 2/5
2025-07-14 13:39:54,569 - property_scraper - INFO - Waiting 4.39 seconds before next request...
2025-07-14 13:39:58,959 - property_scraper - INFO - Automatically selecting values from dropdowns...
2025-07-14 13:39:58,959 - property_scraper - INFO - Fetching options for dropdown 'year'...
2025-07-14 13:39:58,959 - property_scraper - WARNING - No driver provided for 'year'. Using demo mode options.
2025-07-14 13:39:58,959 - property_scraper - INFO - Selected Year: 2022
2025-07-14 13:39:58,959 - property_scraper - INFO - Fetching options for dropdown 'district'...
2025-07-14 13:39:58,959 - property_scraper - WARNING - No driver provided for 'district'. Using demo mode options.
2025-07-14 13:39:58,959 - property_scraper - INFO - Selected District: Mumbai
2025-07-14 13:39:58,959 - property_scraper - INFO - Fetching options for dropdown 'taluka'...
2025-07-14 13:39:58,959 - property_scraper - WARNING - No driver provided for 'taluka'. Using demo mode options.
2025-07-14 13:39:58,959 - property_scraper - INFO - Selected Taluka: Mumbai City
2025-07-14 13:39:58,959 - property_scraper - INFO - Fetching options for dropdown 'village'...
2025-07-14 13:39:58,959 - property_scraper - WARNING - No driver provided for 'village'. Using demo mode options.
2025-07-14 13:39:58,959 - property_scraper - INFO - Selected Village: Colaba
2025-07-14 13:39:58,959 - property_scraper - INFO - Selected Document Number: 6
2025-07-14 13:39:58,959 - property_scraper - INFO - Processing combination: 2022_Mumbai_Mumbai City_Colaba_6
2025-07-14 13:39:58,959 - property_scraper - INFO - Processing in DEMO MODE: Year=2022, District=Mumbai, Taluka=Mumbai City, Village=Colaba, Doc#=6
2025-07-14 13:39:58,959 - property_scraper - INFO - Simulating navigation to https://pay2igr.igrmaharashtra.gov.in/eDisplay/Propertydetails/index
2025-07-14 13:39:59,465 - property_scraper - INFO - Simulating selecting Year: 2022
2025-07-14 13:39:59,465 - property_scraper - INFO - Simulating selecting District: Mumbai
2025-07-14 13:39:59,465 - property_scraper - INFO - Simulating selecting Taluka: Mumbai City
2025-07-14 13:39:59,465 - property_scraper - INFO - Simulating selecting Village: Colaba
2025-07-14 13:39:59,465 - property_scraper - INFO - Simulating entering Document Number: 6
2025-07-14 13:39:59,465 - property_scraper - INFO - Simulating captcha solving...
2025-07-14 13:40:00,468 - property_scraper - INFO - Captcha solved: 9AH2DF
2025-07-14 13:40:00,468 - property_scraper - INFO - Simulating clicking Search button...
2025-07-14 13:40:00,969 - property_scraper - INFO - Selecting 'All' entries per page from dropdown...
2025-07-14 13:40:01,470 - property_scraper - INFO - Page refreshed with All entries per page
2025-07-14 13:40:02,271 - property_scraper - INFO - Found 1992 entries with 'List No. 2' buttons in the search results table
2025-07-14 13:40:02,271 - property_scraper - INFO - For demo purposes, downloading only 5 PDFs out of 1992 entries
2025-07-14 13:40:02,271 - property_scraper - INFO - In real usage, you could download all PDFs by processing them in batches
2025-07-14 13:40:02,271 - property_scraper - INFO - Clicking on 'List No. 2' button for entry #1...
2025-07-14 13:40:03,095 - property_scraper - INFO - PDF opened in new tab: Doc Reg. No. AND2-9883-2022
2025-07-14 13:40:03,135 - property_scraper - INFO - Downloading PDF from new tab...
2025-07-14 13:40:04,176 - property_scraper - WARNING - No PDF template found. Creating a PDF with reportlab.
2025-07-14 13:40:04,260 - property_scraper - INFO - Created PDF with reportlab: D:\new scrap\property_scraper\downloads\9883-2022-IndexII_copy.pdf
2025-07-14 13:40:04,274 - property_scraper - INFO - Downloaded PDF: 9883-2022-IndexII_copy.pdf
2025-07-14 13:40:04,286 - property_scraper - INFO - Clicking on 'List No. 2' button for entry #2...
2025-07-14 13:40:05,105 - property_scraper - INFO - PDF opened in new tab: Doc Reg. No. AND5-3036-2022
2025-07-14 13:40:05,105 - property_scraper - INFO - Downloading PDF from new tab...
2025-07-14 13:40:06,106 - property_scraper - WARNING - No PDF template found. Creating a PDF with reportlab.
2025-07-14 13:40:06,106 - property_scraper - INFO - Created PDF with reportlab: D:\new scrap\property_scraper\downloads\3036-2022-IndexII_copy.pdf
2025-07-14 13:40:06,106 - property_scraper - INFO - Downloaded PDF: 3036-2022-IndexII_copy.pdf
2025-07-14 13:40:06,106 - property_scraper - INFO - Clicking on 'List No. 2' button for entry #3...
2025-07-14 13:40:06,909 - property_scraper - INFO - PDF opened in new tab: Doc Reg. No. BRL6-2643-2022
2025-07-14 13:40:06,918 - property_scraper - INFO - Downloading PDF from new tab...
2025-07-14 13:40:07,926 - property_scraper - WARNING - No PDF template found. Creating a PDF with reportlab.
2025-07-14 13:40:07,926 - property_scraper - INFO - Created PDF with reportlab: D:\new scrap\property_scraper\downloads\2643-2022-IndexII_copy.pdf
2025-07-14 13:40:07,926 - property_scraper - INFO - Downloaded PDF: 2643-2022-IndexII_copy.pdf
2025-07-14 13:40:07,926 - property_scraper - INFO - Clicking on 'List No. 2' button for entry #4...
2025-07-14 13:40:08,729 - property_scraper - WARNING - Failed to open PDF for entry #4 in new tab. The link may be broken.
2025-07-14 13:40:08,729 - property_scraper - INFO - Clicking on 'List No. 2' button for entry #5...
2025-07-14 13:40:09,708 - uc - INFO - ensuring close
