2025-07-22 12:30:43,524 - property_scraper - INFO - Instance ID: local_19efcfdf
2025-07-22 12:30:43,524 - property_scraper - INFO - Tesseract path set to: C:\Program Files\Tesseract-OCR\tesseract.exe
2025-07-22 12:30:43,525 - property_scraper - INFO - Running property scraper
2025-07-22 12:30:43,526 - property_scraper - INFO - Starting property scraper...
2025-07-22 12:30:43,526 - property_scraper - INFO - Instance ID: local_19efcfdf
2025-07-22 12:30:43,526 - property_scraper - INFO - Setting up Chrome WebDriver...
2025-07-22 12:30:43,655 - property_scraper - INFO - Using user agent: Mozilla/5.0 (X11; Linux x86_64) AppleWebKit/537.36 (KHTML, like Gecko) Chrome/91.0.4472.124 Safari/537.36
2025-07-22 12:30:45,297 - property_scraper - INFO - Creating Chrome driver using undetected_chromedriver with enhanced settings
2025-07-22 12:30:46,670 - property_scraper - INFO - Chrome WebDriver set up successfully
2025-07-22 12:30:46,671 - property_scraper - INFO - Navigating to https://pay2igr.igrmaharashtra.gov.in/eDisplay/Propertydetails/index
2025-07-22 12:30:53,627 - property_scraper - INFO - Saved initial page screenshot to captcha_debug/initial_page_1753167653.png
2025-07-22 12:30:55,180 - property_scraper - INFO - Looking for available tasks...
2025-07-22 12:30:55,180 - property_scraper - INFO - No current task to continue. Need to get dropdown options from website.
2025-07-22 12:30:55,180 - property_scraper - INFO - No available tasks found. Getting dropdown options from website...
2025-07-22 12:30:55,325 - property_scraper - INFO - Saved screenshot before dropdown interactions: dropdown_debug/before_dropdowns_1753167655.png
2025-07-22 12:31:06,429 - property_scraper - INFO - Selected Year: 2016
2025-07-22 12:31:09,696 - property_scraper - INFO - Saved screenshot after year selection: dropdown_debug/after_year_1753167669.png
2025-07-22 12:31:20,884 - property_scraper - INFO - Selected District: मुंबई
2025-07-22 12:31:24,141 - property_scraper - INFO - Saved screenshot after district selection: dropdown_debug/after_district_1753167683.png
2025-07-22 12:31:44,682 - property_scraper - ERROR - No taluka options found
2025-07-22 12:31:45,942 - property_scraper - INFO - Looking for available tasks...
2025-07-22 12:31:45,943 - property_scraper - INFO - No current task to continue. Need to get dropdown options from website.
2025-07-22 12:31:45,943 - property_scraper - INFO - No available tasks found. Getting dropdown options from website...
2025-07-22 12:31:46,086 - property_scraper - INFO - Saved screenshot before dropdown interactions: dropdown_debug/before_dropdowns_1753167705.png
2025-07-22 12:31:57,225 - property_scraper - INFO - Selected Year: 2024
2025-07-22 12:32:00,458 - property_scraper - INFO - Saved screenshot after year selection: dropdown_debug/after_year_1753167720.png
2025-07-22 12:32:11,672 - property_scraper - INFO - Selected District: मुंबई
2025-07-22 12:32:14,901 - property_scraper - INFO - Saved screenshot after district selection: dropdown_debug/after_district_1753167734.png
2025-07-22 12:32:25,495 - property_scraper - INFO - Selected Taluka: मुंबई
2025-07-22 12:32:28,715 - property_scraper - INFO - Saved screenshot after taluka selection: dropdown_debug/after_taluka_1753167748.png
2025-07-22 12:32:49,329 - property_scraper - ERROR - No village options found
2025-07-22 12:32:51,340 - property_scraper - INFO - Looking for available tasks...
2025-07-22 12:32:51,340 - property_scraper - INFO - No current task to continue. Need to get dropdown options from website.
2025-07-22 12:32:51,341 - property_scraper - INFO - No available tasks found. Getting dropdown options from website...
2025-07-22 12:32:51,505 - property_scraper - INFO - Saved screenshot before dropdown interactions: dropdown_debug/before_dropdowns_1753167771.png
2025-07-22 12:33:02,656 - property_scraper - INFO - Selected Year: 2013
2025-07-22 12:33:05,912 - property_scraper - INFO - Saved screenshot after year selection: dropdown_debug/after_year_1753167785.png
2025-07-22 12:33:17,134 - property_scraper - INFO - Selected District: मुंबई
2025-07-22 12:33:20,372 - property_scraper - INFO - Saved screenshot after district selection: dropdown_debug/after_district_1753167800.png
2025-07-22 12:33:40,900 - property_scraper - ERROR - No taluka options found
2025-07-22 12:33:42,186 - property_scraper - INFO - Looking for available tasks...
2025-07-22 12:33:42,187 - property_scraper - INFO - No current task to continue. Need to get dropdown options from website.
2025-07-22 12:33:42,187 - property_scraper - INFO - No available tasks found. Getting dropdown options from website...
2025-07-22 12:33:42,351 - property_scraper - INFO - Saved screenshot before dropdown interactions: dropdown_debug/before_dropdowns_1753167822.png
2025-07-22 12:33:56,280 - property_scraper - ERROR - Could not find year dropdown
2025-07-22 12:34:00,458 - uc - INFO - ensuring close
