2025-07-14 11:53:50,565 - property_scraper - INFO - Starting property scraper...
2025-07-14 11:53:50,566 - property_scraper - INFO - Using DEMO MODE for reliable operation.
2025-07-14 11:53:50,566 - property_scraper - INFO - Starting property scraper in DEMO MODE...
2025-07-14 11:53:50,566 - property_scraper - INFO - Skipping village Colaba as it's already processed.
2025-07-14 11:53:50,566 - property_scraper - INFO - Skipping doc number 0 as it's already processed.
2025-07-14 11:53:50,566 - property_scraper - INFO - Skipping doc number 1 as it's already processed.
2025-07-14 11:53:50,567 - property_scraper - INFO - Processing combination: 2020_Mumbai_Mumbai City_Fort_2
2025-07-14 11:53:50,567 - property_scraper - INFO - Processing in DEMO MODE: Year=2020, District=Mumbai, Taluka=Mumbai City, Village=Fort, Doc#=2
2025-07-14 11:53:50,588 - property_scraper - INFO - Simulating navigation to https://pay2igr.igrmaharashtra.gov.in/eDisplay/Propertydetails/index
2025-07-14 11:53:51,090 - property_scraper - INFO - Simulating selecting Year: 2020
2025-07-14 11:53:51,090 - property_scraper - INFO - Simulating selecting District: Mumbai
2025-07-14 11:53:51,090 - property_scraper - INFO - Simulating selecting Taluka: Mumbai City
2025-07-14 11:53:51,090 - property_scraper - INFO - Simulating selecting Village: Fort
2025-07-14 11:53:51,090 - property_scraper - INFO - Simulating entering Document Number: 2
2025-07-14 11:53:51,091 - property_scraper - INFO - Simulating captcha solving...
2025-07-14 11:53:52,092 - property_scraper - INFO - Captcha solved: KDPOU0
2025-07-14 11:53:52,092 - property_scraper - INFO - Simulating clicking Search button...
2025-07-14 11:53:52,604 - property_scraper - INFO - Simulating download of 1 PDFs...
2025-07-14 11:53:53,105 - property_scraper - INFO - Created simulated PDF: 2020_property_doc_5483.pdf
2025-07-14 11:53:53,105 - property_scraper - INFO - Successfully processed combination: 2020_Mumbai_Mumbai City_Fort_2
2025-07-14 11:53:53,106 - property_scraper - INFO - Daily requests: 1/5
2025-07-14 11:53:53,106 - property_scraper - INFO - Waiting 5.97 seconds before next request...
2025-07-14 11:53:59,082 - property_scraper - INFO - Processing combination: 2020_Mumbai_Mumbai Suburban_Andheri_0
2025-07-14 11:53:59,083 - property_scraper - INFO - Processing in DEMO MODE: Year=2020, District=Mumbai, Taluka=Mumbai Suburban, Village=Andheri, Doc#=0
2025-07-14 11:53:59,083 - property_scraper - INFO - Simulating navigation to https://pay2igr.igrmaharashtra.gov.in/eDisplay/Propertydetails/index
2025-07-14 11:53:59,584 - property_scraper - INFO - Simulating selecting Year: 2020
2025-07-14 11:53:59,584 - property_scraper - INFO - Simulating selecting District: Mumbai
2025-07-14 11:53:59,584 - property_scraper - INFO - Simulating selecting Taluka: Mumbai Suburban
2025-07-14 11:53:59,584 - property_scraper - INFO - Simulating selecting Village: Andheri
2025-07-14 11:53:59,584 - property_scraper - INFO - Simulating entering Document Number: 0
2025-07-14 11:53:59,585 - property_scraper - INFO - Simulating captcha solving...
2025-07-14 11:54:00,586 - property_scraper - INFO - Captcha solved: 8J4WPA
2025-07-14 11:54:00,586 - property_scraper - INFO - Simulating clicking Search button...
2025-07-14 11:54:01,086 - property_scraper - INFO - Simulating download of 1 PDFs...
2025-07-14 11:54:01,588 - property_scraper - INFO - Created simulated PDF: 2020_property_doc_7605.pdf
2025-07-14 11:54:01,589 - property_scraper - INFO - Successfully processed combination: 2020_Mumbai_Mumbai Suburban_Andheri_0
2025-07-14 11:54:01,590 - property_scraper - INFO - Daily requests: 2/5
2025-07-14 11:54:01,590 - property_scraper - INFO - Waiting 6.47 seconds before next request...
