2025-07-14 13:33:56,370 - property_scraper - INFO - Starting property scraper with automated dropdown selection...
2025-07-14 13:33:56,370 - property_scraper - INFO - Setting up Chrome WebDriver...
2025-07-14 13:33:56,370 - property_scraper - INFO - Using user agent: Mozilla/5.0 (Macintosh; Intel Mac OS X 10_15_7) AppleWebKit/605.1.15 (KHTML, like Gecko) Version/14.1.1 Safari/605.1.15
2025-07-14 13:33:56,403 - property_scraper - INFO - Trying to use webdriver_manager to get the correct ChromeDriver
2025-07-14 13:33:56,403 - WDM - INFO - ====== WebDriver manager ======
2025-07-14 13:33:56,973 - WDM - INFO - There is no [win32] chromedriver "latest" for browser google-chrome "138.0.7204" in cache
2025-07-14 13:33:56,974 - WDM - INFO - Get LATEST chromedriver version for google-chrome
2025-07-14 13:33:58,094 - property_scraper - WARNING - Could not use webdriver_manager: There is no such driver by url https://chromedriver.storage.googleapis.com/LATEST_RELEASE_138.0.7204
2025-07-14 13:33:58,274 - property_scraper - INFO - Trying to use undetected_chromedriver
2025-07-14 13:33:58,976 - property_scraper - INFO - Successfully created Chrome driver using undetected_chromedriver
2025-07-14 13:33:59,127 - property_scraper - INFO - Chrome WebDriver set up successfully
2025-07-14 13:34:01,551 - property_scraper - INFO - Looking for captcha...
2025-07-14 13:34:01,577 - property_scraper - INFO - Downloading captcha image with SSL verification...
2025-07-14 13:34:02,213 - property_scraper - WARNING - Error downloading captcha with SSL verification: HTTPSConnectionPool(host='pay2igr.igrmaharashtra.gov.in', port=443): Max retries exceeded with url: /eDisplay/captcha-image (Caused by SSLError(SSLCertVerificationError(1, '[SSL: CERTIFICATE_VERIFY_FAILED] certificate verify failed: unable to get local issuer certificate (_ssl.c:1000)')))
2025-07-14 13:34:02,213 - property_scraper - WARNING - Trying to download captcha image with SSL verification disabled...
2025-07-14 13:34:02,214 - property_scraper - WARNING - WARNING: SSL certificate verification is disabled. This is insecure!
2025-07-14 13:34:02,720 - captcha_solver - INFO - Attempting to solve captcha with OCR...
2025-07-14 13:34:02,740 - captcha_solver - ERROR - Error solving captcha with OCR: tesseract is not installed or it's not in your PATH. See README file for more information.
2025-07-14 13:34:02,740 - captcha_solver - WARNING - OCR failed to solve captcha or result too short.
2025-07-14 13:34:02,740 - captcha_solver - INFO - Solving captcha manually...
2025-07-14 13:35:13,302 - uc - INFO - ensuring close
