2025-07-14 11:35:28,052 - property_scraper - INFO - Starting property scraper...
2025-07-14 11:35:28,084 - property_scraper - INFO - Trying Chrome with specific ChromeDriver version...
2025-07-14 11:35:28,084 - WDM - INFO - ====== WebDriver manager ======
2025-07-14 11:35:28,533 - WDM - INFO - Driver [C:\Users\Pamarthi\.wdm\drivers\chromedriver\win32\114.0.5735.90\chromedriver.exe] found in cache
2025-07-14 11:35:31,737 - property_scraper - ERROR - Error setting up Chrome with specific ChromeDriver version: Message: session not created: This version of ChromeDriver only supports Chrome version 114
Current browser version is 138.0.7204.101 with binary path C:\Program Files\Google\Chrome\Application\chrome.exe
Stacktrace:
Backtrace:
	GetHandleVerifier [0x004DA813+48355]
	(No symbol) [0x0046C4B1]
	(No symbol) [0x00375358]
	(No symbol) [0x003961AC]
	(No symbol) [0x00391EF3]
	(No symbol) [0x00390579]
	(No symbol) [0x003C0C55]
	(No symbol) [0x003C093C]
	(No symbol) [0x003BA536]
	(No symbol) [0x003982DC]
	(No symbol) [0x003993DD]
	GetHandleVerifier [0x0073AABD+2539405]
	GetHandleVerifier [0x0077A78F+2800735]
	GetHandleVerifier [0x0077456C+2775612]
	GetHandleVerifier [0x005651E0+616112]
	(No symbol) [0x00475F8C]
	(No symbol) [0x00472328]
	(No symbol) [0x0047240B]
	(No symbol) [0x00464FF7]
	BaseThreadInitThunk [0x76D1FCC9+25]
	RtlGetAppContainerNamedObjectPath [0x775882AE+286]
	RtlGetAppContainerNamedObjectPath [0x7758827E+238]

2025-07-14 11:35:32,983 - property_scraper - INFO - Trying undetected-chromedriver...
2025-07-14 11:35:34,070 - undetected_chromedriver.patcher - INFO - patching driver executable C:\Users\Pamarthi\appdata\roaming\undetected_chromedriver\undetected_chromedriver.exe
2025-07-14 11:35:50,780 - property_scraper - ERROR - Error getting options from dropdown 'year': Message: 
Stacktrace:
	GetHandleVerifier [0x0x3e44a3+62419]
	GetHandleVerifier [0x0x3e44e4+62484]
	(No symbol) [0x0x222133]
	(No symbol) [0x0x26a8fe]
	(No symbol) [0x0x26ac9b]
	(No symbol) [0x0x2b3052]
	(No symbol) [0x0x28f4b4]
	(No symbol) [0x0x2b087a]
	(No symbol) [0x0x28f266]
	(No symbol) [0x0x25e852]
	(No symbol) [0x0x25f6f4]
	GetHandleVerifier [0x0x654793+2619075]
	GetHandleVerifier [0x0x64fbaa+2599642]
	GetHandleVerifier [0x0x40b04a+221050]
	GetHandleVerifier [0x0x3fb2c8+156152]
	GetHandleVerifier [0x0x401c7d+183213]
	GetHandleVerifier [0x0x3ec388+94904]
	GetHandleVerifier [0x0x3ec512+95298]
	GetHandleVerifier [0x0x3d766a+9626]
	BaseThreadInitThunk [0x0x76d1fcc9+25]
	RtlGetAppContainerNamedObjectPath [0x0x775882ae+286]
	RtlGetAppContainerNamedObjectPath [0x0x7758827e+238]

2025-07-14 11:35:50,783 - property_scraper - ERROR - Failed to get years. Exiting.
2025-07-14 11:35:51,407 - uc - INFO - ensuring close
