2025-07-21 15:12:29,233 - property_scraper - INFO - Instance ID: local_87221b3a
2025-07-21 15:12:29,233 - property_scraper - INFO - Tesseract path set to: C:\Program Files\Tesseract-OCR\tesseract.exe
2025-07-21 15:12:29,235 - property_scraper - INFO - Starting property scraper...
2025-07-21 15:12:29,235 - property_scraper - INFO - Instance ID: local_87221b3a
2025-07-21 15:12:29,235 - property_scraper - INFO - Setting up Chrome WebDriver...
2025-07-21 15:12:29,367 - property_scraper - INFO - Using user agent: Mozilla/5.0 (Windows NT 10.0; Win64; x64) AppleWebKit/537.36 (KHTML, like Gecko) Chrome/92.0.4515.107 Safari/537.36 Edg/92.0.902.55
2025-07-21 15:12:29,368 - property_scraper - INFO - Creating Chrome driver using undetected_chromedriver with enhanced settings
2025-07-21 15:12:30,092 - property_scraper - INFO - Chrome WebDriver set up successfully
2025-07-21 15:12:30,093 - property_scraper - INFO - Navigating to https://pay2igr.igrmaharashtra.gov.in/eDisplay/Propertydetails/index
2025-07-21 15:12:37,214 - property_scraper - INFO - Saved initial page screenshot to captcha_debug/initial_page_1753090956.png
2025-07-21 15:12:38,596 - property_scraper - INFO - Looking for available tasks...
2025-07-21 15:12:38,596 - property_scraper - INFO - No current task to continue. Need to get dropdown options from website.
2025-07-21 15:12:38,597 - property_scraper - INFO - No available tasks found. Getting dropdown options from website...
2025-07-21 15:12:38,843 - property_scraper - INFO - Saved screenshot before dropdown interactions: dropdown_debug/before_dropdowns_1753090958.png
2025-07-21 15:12:50,046 - property_scraper - INFO - Selected Year: 1988
2025-07-21 15:12:53,452 - property_scraper - INFO - Saved screenshot after year selection: dropdown_debug/after_year_1753090973.png
2025-07-21 15:13:04,710 - property_scraper - INFO - Selected District: मुंबई
2025-07-21 15:13:08,053 - property_scraper - INFO - Saved screenshot after district selection: dropdown_debug/after_district_1753090987.png
2025-07-21 15:13:18,653 - property_scraper - INFO - Selected Taluka: Mumbai
2025-07-21 15:13:22,018 - property_scraper - INFO - Saved screenshot after taluka selection: dropdown_debug/after_taluka_1753091001.png
2025-07-21 15:13:34,961 - property_scraper - INFO - Selected Village: सहार
2025-07-21 15:13:38,307 - property_scraper - INFO - Saved screenshot after village selection: dropdown_debug/after_village_1753091018.png
2025-07-21 15:13:38,308 - property_scraper - INFO - Processing combination: 1988_मुंबई_Mumbai_सहार_2
2025-07-21 15:13:38,309 - property_scraper - INFO - Processing: Year=1988, District=मुंबई, Taluka=Mumbai, Village=सहार, Doc#=2
2025-07-21 15:13:38,309 - property_scraper - INFO - Selecting '1988' from dropdown 'year'
2025-07-21 15:13:59,379 - property_scraper - ERROR - Error selecting option '1988' from dropdown 'year': Message: 
Stacktrace:
	GetHandleVerifier [0x0x4244a3+62419]
	GetHandleVerifier [0x0x4244e4+62484]
	(No symbol) [0x0x262133]
	(No symbol) [0x0x2aa8fe]
	(No symbol) [0x0x2aac9b]
	(No symbol) [0x0x2f3052]
	(No symbol) [0x0x2cf4b4]
	(No symbol) [0x0x2f087a]
	(No symbol) [0x0x2cf266]
	(No symbol) [0x0x29e852]
	(No symbol) [0x0x29f6f4]
	GetHandleVerifier [0x0x694793+2619075]
	GetHandleVerifier [0x0x68fbaa+2599642]
	GetHandleVerifier [0x0x44b04a+221050]
	GetHandleVerifier [0x0x43b2c8+156152]
	GetHandleVerifier [0x0x441c7d+183213]
	GetHandleVerifier [0x0x42c388+94904]
	GetHandleVerifier [0x0x42c512+95298]
	GetHandleVerifier [0x0x41766a+9626]
	BaseThreadInitThunk [0x0x768ffcc9+25]
	RtlGetAppContainerNamedObjectPath [0x0x771582ae+286]
	RtlGetAppContainerNamedObjectPath [0x0x7715827e+238]

2025-07-21 15:13:59,380 - property_scraper - INFO - Selecting 'मुंबई' from dropdown 'district'
2025-07-21 15:14:20,463 - property_scraper - ERROR - Error selecting option 'मुंबई' from dropdown 'district': Message: 
Stacktrace:
	GetHandleVerifier [0x0x4244a3+62419]
	GetHandleVerifier [0x0x4244e4+62484]
	(No symbol) [0x0x262133]
	(No symbol) [0x0x2aa8fe]
	(No symbol) [0x0x2aac9b]
	(No symbol) [0x0x2f3052]
	(No symbol) [0x0x2cf4b4]
	(No symbol) [0x0x2f087a]
	(No symbol) [0x0x2cf266]
	(No symbol) [0x0x29e852]
	(No symbol) [0x0x29f6f4]
	GetHandleVerifier [0x0x694793+2619075]
	GetHandleVerifier [0x0x68fbaa+2599642]
	GetHandleVerifier [0x0x44b04a+221050]
	GetHandleVerifier [0x0x43b2c8+156152]
	GetHandleVerifier [0x0x441c7d+183213]
	GetHandleVerifier [0x0x42c388+94904]
	GetHandleVerifier [0x0x42c512+95298]
	GetHandleVerifier [0x0x41766a+9626]
	BaseThreadInitThunk [0x0x768ffcc9+25]
	RtlGetAppContainerNamedObjectPath [0x0x771582ae+286]
	RtlGetAppContainerNamedObjectPath [0x0x7715827e+238]

2025-07-21 15:14:20,465 - property_scraper - INFO - Selecting 'Mumbai' from dropdown 'taluka'
2025-07-21 15:14:41,518 - property_scraper - ERROR - Error selecting option 'Mumbai' from dropdown 'taluka': Message: 
Stacktrace:
	GetHandleVerifier [0x0x4244a3+62419]
	GetHandleVerifier [0x0x4244e4+62484]
	(No symbol) [0x0x262133]
	(No symbol) [0x0x2aa8fe]
	(No symbol) [0x0x2aac9b]
	(No symbol) [0x0x2f3052]
	(No symbol) [0x0x2cf4b4]
	(No symbol) [0x0x2f087a]
	(No symbol) [0x0x2cf266]
	(No symbol) [0x0x29e852]
	(No symbol) [0x0x29f6f4]
	GetHandleVerifier [0x0x694793+2619075]
	GetHandleVerifier [0x0x68fbaa+2599642]
	GetHandleVerifier [0x0x44b04a+221050]
	GetHandleVerifier [0x0x43b2c8+156152]
	GetHandleVerifier [0x0x441c7d+183213]
	GetHandleVerifier [0x0x42c388+94904]
	GetHandleVerifier [0x0x42c512+95298]
	GetHandleVerifier [0x0x41766a+9626]
	BaseThreadInitThunk [0x0x768ffcc9+25]
	RtlGetAppContainerNamedObjectPath [0x0x771582ae+286]
	RtlGetAppContainerNamedObjectPath [0x0x7715827e+238]

2025-07-21 15:14:41,519 - property_scraper - INFO - Selecting 'सहार' from dropdown 'village'
2025-07-21 15:15:02,622 - property_scraper - ERROR - Error selecting option 'सहार' from dropdown 'village': Message: 
Stacktrace:
	GetHandleVerifier [0x0x4244a3+62419]
	GetHandleVerifier [0x0x4244e4+62484]
	(No symbol) [0x0x262133]
	(No symbol) [0x0x2aa8fe]
	(No symbol) [0x0x2aac9b]
	(No symbol) [0x0x2f3052]
	(No symbol) [0x0x2cf4b4]
	(No symbol) [0x0x2f087a]
	(No symbol) [0x0x2cf266]
	(No symbol) [0x0x29e852]
	(No symbol) [0x0x29f6f4]
	GetHandleVerifier [0x0x694793+2619075]
	GetHandleVerifier [0x0x68fbaa+2599642]
	GetHandleVerifier [0x0x44b04a+221050]
	GetHandleVerifier [0x0x43b2c8+156152]
	GetHandleVerifier [0x0x441c7d+183213]
	GetHandleVerifier [0x0x42c388+94904]
	GetHandleVerifier [0x0x42c512+95298]
	GetHandleVerifier [0x0x41766a+9626]
	BaseThreadInitThunk [0x0x768ffcc9+25]
	RtlGetAppContainerNamedObjectPath [0x0x771582ae+286]
	RtlGetAppContainerNamedObjectPath [0x0x7715827e+238]

2025-07-21 15:15:23,761 - property_scraper - INFO - Entered document number: 2
2025-07-21 15:15:23,761 - property_scraper - INFO - Looking for captcha...
2025-07-21 15:15:25,777 - property_scraper - INFO - Capturing captcha using screenshot method...
2025-07-21 15:15:26,067 - property_scraper - INFO - Saved cropped captcha to captcha_debug/cropped_captcha_1753091126.png
2025-07-21 15:15:26,067 - property_scraper - INFO - Using dropdown screenshot method to solve captcha...
2025-07-21 15:15:37,468 - property_scraper - INFO - Saved dropdown screenshot to captcha_debug/dropdown_1753091126.png
2025-07-21 15:15:37,468 - property_scraper - INFO - Using dropdown screenshot as reference for captcha
2025-07-21 15:15:37,469 - property_scraper - INFO - Using fixed captcha text: ABC123
2025-07-21 15:15:38,569 - property_scraper - INFO - Cleared captcha input field
2025-07-21 15:15:39,909 - property_scraper - INFO - Entered captcha text: ABC123
2025-07-21 15:15:44,082 - property_scraper - INFO - Clicked search button
2025-07-21 15:15:44,092 - property_scraper - INFO - Selecting 'All' entries per page from dropdown...
2025-07-21 15:15:51,585 - uc - INFO - ensuring close
