2025-07-14 13:06:38,090 - property_scraper - INFO - Starting property scraper with automated dropdown selection...
2025-07-14 13:06:38,091 - property_scraper - INFO - Using DEMO MODE for reliable operation.
2025-07-14 13:06:38,091 - property_scraper - INFO - Starting property scraper in DEMO MODE with automatic dropdown selection...
2025-07-14 13:06:38,091 - property_scraper - INFO - Automatically selecting values from dropdowns...
2025-07-14 13:06:38,092 - property_scraper - INFO - Fetching options for dropdown 'year'...
2025-07-14 13:06:38,393 - property_scraper - INFO - Selected Year: 2025
2025-07-14 13:06:38,393 - property_scraper - INFO - Fetching options for dropdown 'district'...
2025-07-14 13:06:38,695 - property_scraper - INFO - Selected District: Pune
2025-07-14 13:06:38,695 - property_scraper - INFO - Fetching options for dropdown 'taluka'...
2025-07-14 13:06:38,996 - property_scraper - INFO - Selected Taluka: Haveli
2025-07-14 13:06:38,996 - property_scraper - INFO - Fetching options for dropdown 'village'...
2025-07-14 13:06:39,297 - property_scraper - INFO - Selected Village: Hadapsar
2025-07-14 13:06:39,297 - property_scraper - INFO - Selected Document Number: 8
2025-07-14 13:06:39,297 - property_scraper - INFO - Processing combination: 2025_Pune_Haveli_Hadapsar_8
2025-07-14 13:06:39,298 - property_scraper - INFO - Processing in DEMO MODE: Year=2025, District=Pune, Taluka=Haveli, Village=Hadapsar, Doc#=8
2025-07-14 13:06:39,299 - property_scraper - INFO - Simulating navigation to https://pay2igr.igrmaharashtra.gov.in/eDisplay/Propertydetails/index
2025-07-14 13:06:39,803 - property_scraper - INFO - Simulating selecting Year: 2025
2025-07-14 13:06:39,830 - property_scraper - INFO - Simulating selecting District: Pune
2025-07-14 13:06:39,830 - property_scraper - INFO - Simulating selecting Taluka: Haveli
2025-07-14 13:06:39,830 - property_scraper - INFO - Simulating selecting Village: Hadapsar
2025-07-14 13:06:39,831 - property_scraper - INFO - Simulating entering Document Number: 8
2025-07-14 13:06:39,831 - property_scraper - INFO - Simulating captcha solving...
2025-07-14 13:06:40,833 - property_scraper - INFO - Captcha solved: 0QYGQ2
2025-07-14 13:06:40,833 - property_scraper - INFO - Simulating clicking Search button...
2025-07-14 13:06:41,334 - property_scraper - INFO - Selecting 'All' entries per page from dropdown...
2025-07-14 13:06:41,835 - property_scraper - INFO - Page refreshed with All entries per page
2025-07-14 13:06:42,636 - property_scraper - INFO - Found 1656 entries with 'List No. 2' buttons in the search results table
2025-07-14 13:06:42,636 - property_scraper - INFO - For demo purposes, downloading only 5 PDFs out of 1656 entries
2025-07-14 13:06:42,636 - property_scraper - INFO - In real usage, you could download all PDFs by processing them in batches
2025-07-14 13:06:42,636 - property_scraper - INFO - Clicking on 'List No. 2' button for entry #1...
2025-07-14 13:06:43,438 - property_scraper - INFO - PDF opened in new tab: Doc Reg. No. PUN5-2460-2025
2025-07-14 13:06:43,438 - property_scraper - INFO - Downloading PDF from new tab...
2025-07-14 13:06:44,521 - property_scraper - INFO - Downloaded PDF: 2460-2025-IndexII_copy.pdf
2025-07-14 13:06:44,521 - property_scraper - INFO - Clicking on 'List No. 2' button for entry #2...
2025-07-14 13:06:45,322 - property_scraper - INFO - PDF opened in new tab: Doc Reg. No. AND9-5961-2025
2025-07-14 13:06:45,322 - property_scraper - INFO - Downloading PDF from new tab...
2025-07-14 13:06:46,324 - property_scraper - INFO - Downloaded PDF: 5961-2025-IndexII_copy.pdf
2025-07-14 13:06:46,324 - property_scraper - INFO - Clicking on 'List No. 2' button for entry #3...
2025-07-14 13:06:47,130 - property_scraper - INFO - PDF opened in new tab: Doc Reg. No. THN6-3259-2025
2025-07-14 13:06:47,150 - property_scraper - INFO - Downloading PDF from new tab...
2025-07-14 13:06:48,159 - property_scraper - INFO - Downloaded PDF: 3259-2025-IndexII_copy.pdf
2025-07-14 13:06:48,159 - property_scraper - INFO - Clicking on 'List No. 2' button for entry #4...
2025-07-14 13:06:48,961 - property_scraper - WARNING - Failed to open PDF for entry #4 in new tab. The link may be broken.
2025-07-14 13:06:48,961 - property_scraper - INFO - Clicking on 'List No. 2' button for entry #5...
2025-07-14 13:06:49,790 - property_scraper - INFO - PDF opened in new tab: Doc Reg. No. NGP1-2712-2025
2025-07-14 13:06:49,812 - property_scraper - INFO - Downloading PDF from new tab...
2025-07-14 13:06:50,816 - property_scraper - INFO - Downloaded PDF: 2712-2025-IndexII_copy.pdf
2025-07-14 13:06:50,816 - property_scraper - INFO - Successfully downloaded 4 PDFs from 'List No. 2' buttons
2025-07-14 13:06:50,817 - property_scraper - INFO - Successfully processed combination: 2025_Pune_Haveli_Hadapsar_8
2025-07-14 13:06:50,817 - property_scraper - INFO - Daily requests: 1/5
2025-07-14 13:06:50,817 - property_scraper - INFO - Waiting 3.71 seconds before next request...
2025-07-14 13:06:54,524 - property_scraper - INFO - Automatically selecting values from dropdowns...
2025-07-14 13:06:54,524 - property_scraper - INFO - Fetching options for dropdown 'year'...
2025-07-14 13:06:54,825 - property_scraper - INFO - Selected Year: 2023
2025-07-14 13:06:54,825 - property_scraper - INFO - Fetching options for dropdown 'district'...
2025-07-14 13:06:55,132 - property_scraper - INFO - Selected District: Mumbai
2025-07-14 13:06:55,132 - property_scraper - INFO - Fetching options for dropdown 'taluka'...
2025-07-14 13:06:55,433 - property_scraper - INFO - Selected Taluka: Mumbai City
2025-07-14 13:06:55,433 - property_scraper - INFO - Fetching options for dropdown 'village'...
2025-07-14 13:06:55,737 - property_scraper - INFO - Selected Village: Fort
2025-07-14 13:06:55,738 - property_scraper - INFO - Selected Document Number: 0
2025-07-14 13:06:55,739 - property_scraper - INFO - Skipping combination 2023_Mumbai_Mumbai City_Fort_0 as it's already completed.
2025-07-14 13:06:55,739 - property_scraper - INFO - Automatically selecting values from dropdowns...
2025-07-14 13:06:55,739 - property_scraper - INFO - Fetching options for dropdown 'year'...
2025-07-14 13:06:56,042 - property_scraper - INFO - Selected Year: 2024
2025-07-14 13:06:56,047 - property_scraper - INFO - Fetching options for dropdown 'district'...
2025-07-14 13:06:56,376 - property_scraper - INFO - Selected District: Nagpur
2025-07-14 13:06:56,458 - property_scraper - INFO - Fetching options for dropdown 'taluka'...
2025-07-14 13:06:56,761 - property_scraper - INFO - Selected Taluka: Nagpur Urban
2025-07-14 13:06:56,761 - property_scraper - INFO - Fetching options for dropdown 'village'...
2025-07-14 13:06:57,062 - property_scraper - INFO - Selected Village: Dharampeth
2025-07-14 13:06:57,062 - property_scraper - INFO - Selected Document Number: 6
2025-07-14 13:06:57,062 - property_scraper - INFO - Processing combination: 2024_Nagpur_Nagpur Urban_Dharampeth_6
2025-07-14 13:06:57,063 - property_scraper - INFO - Processing in DEMO MODE: Year=2024, District=Nagpur, Taluka=Nagpur Urban, Village=Dharampeth, Doc#=6
2025-07-14 13:06:57,063 - property_scraper - INFO - Simulating navigation to https://pay2igr.igrmaharashtra.gov.in/eDisplay/Propertydetails/index
2025-07-14 13:06:57,565 - property_scraper - INFO - Simulating selecting Year: 2024
2025-07-14 13:06:57,565 - property_scraper - INFO - Simulating selecting District: Nagpur
2025-07-14 13:06:57,565 - property_scraper - INFO - Simulating selecting Taluka: Nagpur Urban
2025-07-14 13:06:57,566 - property_scraper - INFO - Simulating selecting Village: Dharampeth
2025-07-14 13:06:57,566 - property_scraper - INFO - Simulating entering Document Number: 6
2025-07-14 13:06:57,566 - property_scraper - INFO - Simulating captcha solving...
2025-07-14 13:06:58,568 - property_scraper - INFO - Captcha solved: OGXKOC
2025-07-14 13:06:58,568 - property_scraper - INFO - Simulating clicking Search button...
2025-07-14 13:06:59,069 - property_scraper - INFO - Selecting 'All' entries per page from dropdown...
2025-07-14 13:06:59,572 - property_scraper - INFO - Page refreshed with All entries per page
2025-07-14 13:07:00,373 - property_scraper - INFO - Found 1627 entries with 'List No. 2' buttons in the search results table
2025-07-14 13:07:00,373 - property_scraper - INFO - For demo purposes, downloading only 5 PDFs out of 1627 entries
2025-07-14 13:07:00,374 - property_scraper - INFO - In real usage, you could download all PDFs by processing them in batches
2025-07-14 13:07:00,377 - property_scraper - INFO - Clicking on 'List No. 2' button for entry #1...
2025-07-14 13:07:01,185 - property_scraper - INFO - PDF opened in new tab: Doc Reg. No. BRL3-7254-2024
2025-07-14 13:07:01,185 - property_scraper - INFO - Downloading PDF from new tab...
2025-07-14 13:07:02,188 - property_scraper - INFO - Downloaded PDF: 7254-2024-IndexII_copy.pdf
2025-07-14 13:07:02,189 - property_scraper - INFO - Clicking on 'List No. 2' button for entry #2...
2025-07-14 13:07:03,005 - property_scraper - INFO - PDF opened in new tab: Doc Reg. No. PUN4-8205-2024
2025-07-14 13:07:03,017 - property_scraper - INFO - Downloading PDF from new tab...
2025-07-14 13:07:04,028 - property_scraper - INFO - Downloaded PDF: 8205-2024-IndexII_copy.pdf
2025-07-14 13:07:04,028 - property_scraper - INFO - Clicking on 'List No. 2' button for entry #3...
2025-07-14 13:07:04,830 - property_scraper - INFO - PDF opened in new tab: Doc Reg. No. THN9-9125-2024
2025-07-14 13:07:04,830 - property_scraper - INFO - Downloading PDF from new tab...
2025-07-14 13:07:05,832 - property_scraper - INFO - Downloaded PDF: 9125-2024-IndexII_copy.pdf
2025-07-14 13:07:05,832 - property_scraper - INFO - Clicking on 'List No. 2' button for entry #4...
2025-07-14 13:07:06,634 - property_scraper - INFO - PDF opened in new tab: Doc Reg. No. AND4-6724-2024
2025-07-14 13:07:06,634 - property_scraper - INFO - Downloading PDF from new tab...
2025-07-14 13:07:07,636 - property_scraper - INFO - Downloaded PDF: 6724-2024-IndexII_copy.pdf
2025-07-14 13:07:07,636 - property_scraper - INFO - Clicking on 'List No. 2' button for entry #5...
2025-07-14 13:07:08,438 - property_scraper - WARNING - Failed to open PDF for entry #5 in new tab. The link may be broken.
2025-07-14 13:07:08,438 - property_scraper - INFO - Successfully downloaded 4 PDFs from 'List No. 2' buttons
2025-07-14 13:07:08,438 - property_scraper - INFO - Successfully processed combination: 2024_Nagpur_Nagpur Urban_Dharampeth_6
2025-07-14 13:07:08,438 - property_scraper - INFO - Daily requests: 2/5
2025-07-14 13:07:08,439 - property_scraper - INFO - Waiting 3.78 seconds before next request...
2025-07-14 13:07:12,217 - property_scraper - INFO - Automatically selecting values from dropdowns...
2025-07-14 13:07:12,217 - property_scraper - INFO - Fetching options for dropdown 'year'...
2025-07-14 13:07:12,518 - property_scraper - INFO - Selected Year: 2022
2025-07-14 13:07:12,518 - property_scraper - INFO - Fetching options for dropdown 'district'...
2025-07-14 13:07:12,822 - property_scraper - INFO - Selected District: Nagpur
2025-07-14 13:07:12,823 - property_scraper - INFO - Fetching options for dropdown 'taluka'...
2025-07-14 13:07:13,124 - property_scraper - INFO - Selected Taluka: Nagpur Rural
2025-07-14 13:07:13,124 - property_scraper - INFO - Fetching options for dropdown 'village'...
2025-07-14 13:07:13,426 - property_scraper - INFO - Selected Village: Hingna
