2025-07-22 10:27:50,136 - property_scraper - INFO - Instance ID: local_13d3e324
2025-07-22 10:27:50,136 - property_scraper - INFO - Tesseract path set to: C:\Program Files\Tesseract-OCR\tesseract.exe
2025-07-22 10:27:50,143 - property_scraper - INFO - Running property scraper
2025-07-22 10:27:50,143 - property_scraper - INFO - Starting property scraper...
2025-07-22 10:27:50,143 - property_scraper - INFO - Instance ID: local_13d3e324
2025-07-22 10:27:50,143 - property_scraper - INFO - Setting up Chrome WebDriver...
2025-07-22 10:27:50,267 - property_scraper - INFO - Using user agent: Mozilla/5.0 (Macintosh; Intel Mac OS X 10_15_7) AppleWebKit/605.1.15 (KHTML, like Gecko) Version/14.1.1 Safari/605.1.15
2025-07-22 10:27:50,267 - property_scraper - INFO - Creating Chrome driver using undetected_chromedriver with enhanced settings
2025-07-22 10:27:50,922 - property_scraper - INFO - Chrome WebDriver set up successfully
2025-07-22 10:27:50,923 - property_scraper - INFO - Navigating to https://pay2igr.igrmaharashtra.gov.in/eDisplay/Propertydetails/index
2025-07-22 10:27:57,484 - property_scraper - INFO - Saved initial page screenshot to captcha_debug/initial_page_1753160277.png
2025-07-22 10:27:58,393 - property_scraper - INFO - Looking for available tasks...
2025-07-22 10:27:58,394 - property_scraper - INFO - No current task to continue. Need to get dropdown options from website.
2025-07-22 10:27:58,395 - property_scraper - INFO - No available tasks found. Getting dropdown options from website...
2025-07-22 10:27:58,564 - property_scraper - INFO - Saved screenshot before dropdown interactions: dropdown_debug/before_dropdowns_1753160278.png
2025-07-22 10:28:09,778 - property_scraper - INFO - Selected Year: 2015
2025-07-22 10:28:13,145 - property_scraper - INFO - Saved screenshot after year selection: dropdown_debug/after_year_1753160292.png
2025-07-22 10:28:24,370 - property_scraper - INFO - Selected District: मुंबई
2025-07-22 10:28:27,689 - property_scraper - INFO - Saved screenshot after district selection: dropdown_debug/after_district_1753160307.png
2025-07-22 10:28:48,262 - property_scraper - ERROR - No taluka options found
2025-07-22 10:28:49,571 - property_scraper - INFO - Looking for available tasks...
2025-07-22 10:28:49,572 - property_scraper - INFO - No current task to continue. Need to get dropdown options from website.
2025-07-22 10:28:49,572 - property_scraper - INFO - No available tasks found. Getting dropdown options from website...
2025-07-22 10:28:49,755 - property_scraper - INFO - Saved screenshot before dropdown interactions: dropdown_debug/before_dropdowns_1753160329.png
2025-07-22 10:29:02,787 - urllib3.connectionpool - WARNING - Retrying (Retry(total=2, connect=None, read=None, redirect=None, status=None)) after connection broken by 'NewConnectionError('<urllib3.connection.HTTPConnection object at 0x00000277FC782060>: Failed to establish a new connection: [WinError 10061] No connection could be made because the target machine actively refused it')': /session/e0cc96860b3f742ccf1389302a4c04d6/element
2025-07-22 10:29:06,850 - property_scraper - ERROR - Could not find year dropdown
2025-07-22 10:29:09,080 - uc - INFO - ensuring close
