2025-07-21 16:16:47,147 - property_scraper - INFO - Instance ID: local_91e6a657
2025-07-21 16:16:47,148 - property_scraper - INFO - Tesseract path set to: C:\Program Files\Tesseract-OCR\tesseract.exe
2025-07-21 16:16:47,148 - property_scraper - INFO - Starting property scraper...
2025-07-21 16:16:47,149 - property_scraper - INFO - Instance ID: local_91e6a657
2025-07-21 16:16:47,149 - property_scraper - INFO - Setting up Chrome WebDriver...
2025-07-21 16:16:47,274 - property_scraper - INFO - Using user agent: Mozilla/5.0 (Windows NT 10.0; Win64; x64) AppleWebKit/537.36 (KHTML, like Gecko) Chrome/91.0.4472.124 Safari/537.36
2025-07-21 16:16:47,275 - property_scraper - INFO - Creating Chrome driver using undetected_chromedriver with enhanced settings
2025-07-21 16:16:47,960 - property_scraper - INFO - Chrome WebDriver set up successfully
2025-07-21 16:16:47,962 - property_scraper - INFO - Navigating to https://pay2igr.igrmaharashtra.gov.in/eDisplay/Propertydetails/index
2025-07-21 16:16:54,815 - property_scraper - INFO - Saved initial page screenshot to captcha_debug/initial_page_1753094814.png
2025-07-21 16:16:56,109 - property_scraper - INFO - Looking for available tasks...
2025-07-21 16:16:56,110 - property_scraper - INFO - Continuing with previous task: 1988_मुंबई_Mumbai_सहार_2
2025-07-21 16:16:56,110 - property_scraper - INFO - Found available task: 1988_मुंबई_Mumbai_सहार_2
2025-07-21 16:16:56,110 - property_scraper - INFO - Selecting '1988' from dropdown 'year'
2025-07-21 16:16:56,356 - property_scraper - INFO - Saved screenshot before dropdown interaction: dropdown_debug/before_year_1753094816.png
2025-07-21 16:17:17,405 - property_scraper - ERROR - Error selecting option '1988' from dropdown 'year': Message: 
Stacktrace:
	GetHandleVerifier [0x0x4244a3+62419]
	GetHandleVerifier [0x0x4244e4+62484]
	(No symbol) [0x0x262133]
	(No symbol) [0x0x2aa8fe]
	(No symbol) [0x0x2aac9b]
	(No symbol) [0x0x2f3052]
	(No symbol) [0x0x2cf4b4]
	(No symbol) [0x0x2f087a]
	(No symbol) [0x0x2cf266]
	(No symbol) [0x0x29e852]
	(No symbol) [0x0x29f6f4]
	GetHandleVerifier [0x0x694793+2619075]
	GetHandleVerifier [0x0x68fbaa+2599642]
	GetHandleVerifier [0x0x44b04a+221050]
	GetHandleVerifier [0x0x43b2c8+156152]
	GetHandleVerifier [0x0x441c7d+183213]
	GetHandleVerifier [0x0x42c388+94904]
	GetHandleVerifier [0x0x42c512+95298]
	GetHandleVerifier [0x0x41766a+9626]
	BaseThreadInitThunk [0x0x768ffcc9+25]
	RtlGetAppContainerNamedObjectPath [0x0x771582ae+286]
	RtlGetAppContainerNamedObjectPath [0x0x7715827e+238]

2025-07-21 16:17:18,407 - property_scraper - INFO - Selecting 'मुंबई' from dropdown 'district'
2025-07-21 16:17:18,629 - property_scraper - INFO - Saved screenshot before dropdown interaction: dropdown_debug/before_district_1753094838.png
2025-07-21 16:17:39,716 - property_scraper - ERROR - Error selecting option 'मुंबई' from dropdown 'district': Message: 
Stacktrace:
	GetHandleVerifier [0x0x4244a3+62419]
	GetHandleVerifier [0x0x4244e4+62484]
	(No symbol) [0x0x262133]
	(No symbol) [0x0x2aa8fe]
	(No symbol) [0x0x2aac9b]
	(No symbol) [0x0x2f3052]
	(No symbol) [0x0x2cf4b4]
	(No symbol) [0x0x2f087a]
	(No symbol) [0x0x2cf266]
	(No symbol) [0x0x29e852]
	(No symbol) [0x0x29f6f4]
	GetHandleVerifier [0x0x694793+2619075]
	GetHandleVerifier [0x0x68fbaa+2599642]
	GetHandleVerifier [0x0x44b04a+221050]
	GetHandleVerifier [0x0x43b2c8+156152]
	GetHandleVerifier [0x0x441c7d+183213]
	GetHandleVerifier [0x0x42c388+94904]
	GetHandleVerifier [0x0x42c512+95298]
	GetHandleVerifier [0x0x41766a+9626]
	BaseThreadInitThunk [0x0x768ffcc9+25]
	RtlGetAppContainerNamedObjectPath [0x0x771582ae+286]
	RtlGetAppContainerNamedObjectPath [0x0x7715827e+238]

2025-07-21 16:17:40,718 - property_scraper - INFO - Selecting 'Mumbai' from dropdown 'taluka'
2025-07-21 16:17:40,930 - property_scraper - INFO - Saved screenshot before dropdown interaction: dropdown_debug/before_taluka_1753094860.png
2025-07-21 16:18:02,002 - property_scraper - ERROR - Error selecting option 'Mumbai' from dropdown 'taluka': Message: 
Stacktrace:
	GetHandleVerifier [0x0x4244a3+62419]
	GetHandleVerifier [0x0x4244e4+62484]
	(No symbol) [0x0x262133]
	(No symbol) [0x0x2aa8fe]
	(No symbol) [0x0x2aac9b]
	(No symbol) [0x0x2f3052]
	(No symbol) [0x0x2cf4b4]
	(No symbol) [0x0x2f087a]
	(No symbol) [0x0x2cf266]
	(No symbol) [0x0x29e852]
	(No symbol) [0x0x29f6f4]
	GetHandleVerifier [0x0x694793+2619075]
	GetHandleVerifier [0x0x68fbaa+2599642]
	GetHandleVerifier [0x0x44b04a+221050]
	GetHandleVerifier [0x0x43b2c8+156152]
	GetHandleVerifier [0x0x441c7d+183213]
	GetHandleVerifier [0x0x42c388+94904]
	GetHandleVerifier [0x0x42c512+95298]
	GetHandleVerifier [0x0x41766a+9626]
	BaseThreadInitThunk [0x0x768ffcc9+25]
	RtlGetAppContainerNamedObjectPath [0x0x771582ae+286]
	RtlGetAppContainerNamedObjectPath [0x0x7715827e+238]

2025-07-21 16:18:03,005 - property_scraper - INFO - Selecting 'सहार' from dropdown 'village'
2025-07-21 16:18:03,429 - property_scraper - INFO - Saved screenshot before dropdown interaction: dropdown_debug/before_village_1753094883.png
2025-07-21 16:18:24,518 - property_scraper - ERROR - Error selecting option 'सहार' from dropdown 'village': Message: 
Stacktrace:
	GetHandleVerifier [0x0x4244a3+62419]
	GetHandleVerifier [0x0x4244e4+62484]
	(No symbol) [0x0x262133]
	(No symbol) [0x0x2aa8fe]
	(No symbol) [0x0x2aac9b]
	(No symbol) [0x0x2f3052]
	(No symbol) [0x0x2cf4b4]
	(No symbol) [0x0x2f087a]
	(No symbol) [0x0x2cf266]
	(No symbol) [0x0x29e852]
	(No symbol) [0x0x29f6f4]
	GetHandleVerifier [0x0x694793+2619075]
	GetHandleVerifier [0x0x68fbaa+2599642]
	GetHandleVerifier [0x0x44b04a+221050]
	GetHandleVerifier [0x0x43b2c8+156152]
	GetHandleVerifier [0x0x441c7d+183213]
	GetHandleVerifier [0x0x42c388+94904]
	GetHandleVerifier [0x0x42c512+95298]
	GetHandleVerifier [0x0x41766a+9626]
	BaseThreadInitThunk [0x0x768ffcc9+25]
	RtlGetAppContainerNamedObjectPath [0x0x771582ae+286]
	RtlGetAppContainerNamedObjectPath [0x0x7715827e+238]

2025-07-21 16:18:46,704 - property_scraper - INFO - Entered document number: 2
2025-07-21 16:18:46,705 - property_scraper - INFO - Processing combination: 1988_मुंबई_Mumbai_सहार_2
2025-07-21 16:18:46,706 - property_scraper - INFO - Processing: Year=1988, District=मुंबई, Taluka=Mumbai, Village=सहार, Doc#=2
2025-07-21 16:18:46,706 - property_scraper - INFO - Selecting '1988' from dropdown 'year'
2025-07-21 16:18:46,970 - property_scraper - INFO - Saved screenshot before dropdown interaction: dropdown_debug/before_year_1753094926.png
2025-07-21 16:19:08,009 - property_scraper - ERROR - Error selecting option '1988' from dropdown 'year': Message: 
Stacktrace:
	GetHandleVerifier [0x0x4244a3+62419]
	GetHandleVerifier [0x0x4244e4+62484]
	(No symbol) [0x0x262133]
	(No symbol) [0x0x2aa8fe]
	(No symbol) [0x0x2aac9b]
	(No symbol) [0x0x2f3052]
	(No symbol) [0x0x2cf4b4]
	(No symbol) [0x0x2f087a]
	(No symbol) [0x0x2cf266]
	(No symbol) [0x0x29e852]
	(No symbol) [0x0x29f6f4]
	GetHandleVerifier [0x0x694793+2619075]
	GetHandleVerifier [0x0x68fbaa+2599642]
	GetHandleVerifier [0x0x44b04a+221050]
	GetHandleVerifier [0x0x43b2c8+156152]
	GetHandleVerifier [0x0x441c7d+183213]
	GetHandleVerifier [0x0x42c388+94904]
	GetHandleVerifier [0x0x42c512+95298]
	GetHandleVerifier [0x0x41766a+9626]
	BaseThreadInitThunk [0x0x768ffcc9+25]
	RtlGetAppContainerNamedObjectPath [0x0x771582ae+286]
	RtlGetAppContainerNamedObjectPath [0x0x7715827e+238]

2025-07-21 16:19:08,038 - property_scraper - INFO - Selecting 'मुंबई' from dropdown 'district'
2025-07-21 16:19:08,280 - property_scraper - INFO - Saved screenshot before dropdown interaction: dropdown_debug/before_district_1753094948.png
2025-07-21 16:19:26,232 - uc - INFO - ensuring close
