2025-07-22 10:26:17,775 - property_scraper - INFO - Instance ID: local_e9fe0176
2025-07-22 10:26:17,775 - property_scraper - INFO - Tesseract path set to: C:\Program Files\Tesseract-OCR\tesseract.exe
2025-07-22 10:26:17,775 - property_scraper - INFO - Running property scraper
2025-07-22 10:26:17,775 - property_scraper - INFO - Starting property scraper...
2025-07-22 10:26:17,775 - property_scraper - INFO - Instance ID: local_e9fe0176
2025-07-22 10:26:17,775 - property_scraper - INFO - Setting up Chrome WebDriver...
2025-07-22 10:26:17,916 - property_scraper - INFO - Using user agent: Mozilla/5.0 (Macintosh; Intel Mac OS X 10_15_7) AppleWebKit/605.1.15 (KHTML, like Gecko) Version/14.1.1 Safari/605.1.15
2025-07-22 10:26:17,917 - property_scraper - INFO - Creating Chrome driver using undetected_chromedriver with enhanced settings
2025-07-22 10:26:18,540 - property_scraper - INFO - Chrome WebDriver set up successfully
2025-07-22 10:26:18,542 - property_scraper - INFO - Navigating to https://pay2igr.igrmaharashtra.gov.in/eDisplay/Propertydetails/index
2025-07-22 10:26:25,182 - property_scraper - INFO - Saved initial page screenshot to captcha_debug/initial_page_1753160184.png
2025-07-22 10:26:26,328 - property_scraper - INFO - Looking for available tasks...
2025-07-22 10:26:26,328 - property_scraper - INFO - Continuing with previous task: 1987_मुंबई_Mumbai_विलेपार्ले_3
2025-07-22 10:26:26,328 - property_scraper - INFO - Found available task: 1987_मुंबई_Mumbai_विलेपार्ले_3
2025-07-22 10:26:26,329 - property_scraper - INFO - Selecting '1987' from dropdown 'year'
2025-07-22 10:26:26,547 - property_scraper - INFO - Saved screenshot before dropdown interaction: dropdown_debug/before_year_1753160186.png
2025-07-22 10:26:47,634 - property_scraper - ERROR - Error selecting option '1987' from dropdown 'year': Message: 
Stacktrace:
	GetHandleVerifier [0x0x4244a3+62419]
	GetHandleVerifier [0x0x4244e4+62484]
	(No symbol) [0x0x262133]
	(No symbol) [0x0x2aa8fe]
	(No symbol) [0x0x2aac9b]
	(No symbol) [0x0x2f3052]
	(No symbol) [0x0x2cf4b4]
	(No symbol) [0x0x2f087a]
	(No symbol) [0x0x2cf266]
	(No symbol) [0x0x29e852]
	(No symbol) [0x0x29f6f4]
	GetHandleVerifier [0x0x694793+2619075]
	GetHandleVerifier [0x0x68fbaa+2599642]
	GetHandleVerifier [0x0x44b04a+221050]
	GetHandleVerifier [0x0x43b2c8+156152]
	GetHandleVerifier [0x0x441c7d+183213]
	GetHandleVerifier [0x0x42c388+94904]
	GetHandleVerifier [0x0x42c512+95298]
	GetHandleVerifier [0x0x41766a+9626]
	BaseThreadInitThunk [0x0x768ffcc9+25]
	RtlGetAppContainerNamedObjectPath [0x0x771582ae+286]
	RtlGetAppContainerNamedObjectPath [0x0x7715827e+238]

2025-07-22 10:26:48,636 - property_scraper - INFO - Selecting 'मुंबई' from dropdown 'district'
2025-07-22 10:26:48,834 - property_scraper - INFO - Saved screenshot before dropdown interaction: dropdown_debug/before_district_1753160208.png
2025-07-22 10:27:09,909 - property_scraper - ERROR - Error selecting option 'मुंबई' from dropdown 'district': Message: 
Stacktrace:
	GetHandleVerifier [0x0x4244a3+62419]
	GetHandleVerifier [0x0x4244e4+62484]
	(No symbol) [0x0x262133]
	(No symbol) [0x0x2aa8fe]
	(No symbol) [0x0x2aac9b]
	(No symbol) [0x0x2f3052]
	(No symbol) [0x0x2cf4b4]
	(No symbol) [0x0x2f087a]
	(No symbol) [0x0x2cf266]
	(No symbol) [0x0x29e852]
	(No symbol) [0x0x29f6f4]
	GetHandleVerifier [0x0x694793+2619075]
	GetHandleVerifier [0x0x68fbaa+2599642]
	GetHandleVerifier [0x0x44b04a+221050]
	GetHandleVerifier [0x0x43b2c8+156152]
	GetHandleVerifier [0x0x441c7d+183213]
	GetHandleVerifier [0x0x42c388+94904]
	GetHandleVerifier [0x0x42c512+95298]
	GetHandleVerifier [0x0x41766a+9626]
	BaseThreadInitThunk [0x0x768ffcc9+25]
	RtlGetAppContainerNamedObjectPath [0x0x771582ae+286]
	RtlGetAppContainerNamedObjectPath [0x0x7715827e+238]

2025-07-22 10:27:10,911 - property_scraper - INFO - Selecting 'Mumbai' from dropdown 'taluka'
2025-07-22 10:27:11,112 - property_scraper - INFO - Saved screenshot before dropdown interaction: dropdown_debug/before_taluka_1753160230.png
2025-07-22 10:27:23,306 - uc - INFO - ensuring close
