2025-07-14 13:00:59,968 - property_scraper - INFO - Starting property scraper with automated dropdown selection...
2025-07-14 13:00:59,968 - property_scraper - INFO - Using DEMO MODE for reliable operation.
2025-07-14 13:00:59,968 - property_scraper - INFO - Starting property scraper in DEMO MODE with automatic dropdown selection...
2025-07-14 13:00:59,969 - property_scraper - INFO - Automatically selecting values from dropdowns...
2025-07-14 13:00:59,969 - property_scraper - INFO - Fetching options for dropdown 'year'...
2025-07-14 13:01:00,271 - property_scraper - INFO - Selected Year: 2023
2025-07-14 13:01:00,271 - property_scraper - INFO - Fetching options for dropdown 'district'...
2025-07-14 13:01:00,573 - property_scraper - INFO - Selected District: Mumbai
2025-07-14 13:01:00,573 - property_scraper - INFO - Fetching options for dropdown 'taluka'...
2025-07-14 13:01:00,874 - property_scraper - INFO - Selected Taluka: Mumbai Suburban
2025-07-14 13:01:00,874 - property_scraper - INFO - Fetching options for dropdown 'village'...
2025-07-14 13:01:01,175 - property_scraper - INFO - Selected Village: Andheri
2025-07-14 13:01:01,175 - property_scraper - INFO - Selected Document Number: 3
2025-07-14 13:01:01,175 - property_scraper - INFO - Processing combination: 2023_Mumbai_Mumbai Suburban_Andheri_3
2025-07-14 13:01:01,177 - property_scraper - INFO - Processing in DEMO MODE: Year=2023, District=Mumbai, Taluka=Mumbai Suburban, Village=Andheri, Doc#=3
2025-07-14 13:01:01,177 - property_scraper - INFO - Simulating navigation to https://pay2igr.igrmaharashtra.gov.in/eDisplay/Propertydetails/index
2025-07-14 13:01:01,678 - property_scraper - INFO - Simulating selecting Year: 2023
2025-07-14 13:01:01,678 - property_scraper - INFO - Simulating selecting District: Mumbai
2025-07-14 13:01:01,678 - property_scraper - INFO - Simulating selecting Taluka: Mumbai Suburban
2025-07-14 13:01:01,678 - property_scraper - INFO - Simulating selecting Village: Andheri
2025-07-14 13:01:01,679 - property_scraper - INFO - Simulating entering Document Number: 3
2025-07-14 13:01:01,679 - property_scraper - INFO - Simulating captcha solving...
2025-07-14 13:01:02,680 - property_scraper - INFO - Captcha solved: Y9H1DQ
2025-07-14 13:01:02,680 - property_scraper - INFO - Simulating clicking Search button...
2025-07-14 13:01:03,182 - property_scraper - INFO - Selecting 'All' entries per page from dropdown...
2025-07-14 13:01:03,683 - property_scraper - INFO - Page refreshed with All entries per page
2025-07-14 13:01:04,483 - property_scraper - INFO - Found 2148 entries with 'List No. 2' buttons in the search results table
2025-07-14 13:01:04,484 - property_scraper - INFO - For demo purposes, downloading only 5 PDFs out of 2148 entries
2025-07-14 13:01:04,485 - property_scraper - INFO - In real usage, you could download all PDFs by processing them in batches
2025-07-14 13:01:04,485 - property_scraper - INFO - Clicking on 'List No. 2' button for entry #1...
2025-07-14 13:01:05,287 - property_scraper - WARNING - Failed to open PDF for entry #1 in new tab. The link may be broken.
2025-07-14 13:01:05,287 - property_scraper - INFO - Clicking on 'List No. 2' button for entry #2...
2025-07-14 13:01:06,089 - property_scraper - INFO - PDF opened in new tab: Doc Reg. No. THN5-1119-2023
2025-07-14 13:01:06,089 - property_scraper - INFO - Downloading PDF from new tab...
2025-07-14 13:01:07,101 - property_scraper - INFO - Downloaded PDF: 1119-2023-IndexII_copy.pdf
2025-07-14 13:01:07,101 - property_scraper - INFO - Clicking on 'List No. 2' button for entry #3...
2025-07-14 13:01:07,902 - property_scraper - WARNING - Failed to open PDF for entry #3 in new tab. The link may be broken.
2025-07-14 13:01:07,902 - property_scraper - INFO - Clicking on 'List No. 2' button for entry #4...
2025-07-14 13:01:08,703 - property_scraper - INFO - PDF opened in new tab: Doc Reg. No. PUN8-2364-2023
2025-07-14 13:01:08,703 - property_scraper - INFO - Downloading PDF from new tab...
2025-07-14 13:01:09,705 - property_scraper - INFO - Downloaded PDF: 2364-2023-IndexII_copy.pdf
2025-07-14 13:01:09,705 - property_scraper - INFO - Clicking on 'List No. 2' button for entry #5...
2025-07-14 13:01:10,507 - property_scraper - INFO - PDF opened in new tab: Doc Reg. No. THN3-4096-2023
2025-07-14 13:01:10,507 - property_scraper - INFO - Downloading PDF from new tab...
2025-07-14 13:01:11,509 - property_scraper - INFO - Downloaded PDF: 4096-2023-IndexII_copy.pdf
2025-07-14 13:01:11,509 - property_scraper - INFO - Successfully downloaded 3 PDFs from 'List No. 2' buttons
2025-07-14 13:01:11,510 - property_scraper - INFO - Successfully processed combination: 2023_Mumbai_Mumbai Suburban_Andheri_3
2025-07-14 13:01:11,510 - property_scraper - INFO - Daily requests: 1/5
2025-07-14 13:01:11,510 - property_scraper - INFO - Waiting 5.30 seconds before next request...
2025-07-14 13:01:16,811 - property_scraper - INFO - Automatically selecting values from dropdowns...
2025-07-14 13:01:16,811 - property_scraper - INFO - Fetching options for dropdown 'year'...
2025-07-14 13:01:17,113 - property_scraper - INFO - Selected Year: 2023
2025-07-14 13:01:17,113 - property_scraper - INFO - Fetching options for dropdown 'district'...
2025-07-14 13:01:17,413 - property_scraper - INFO - Selected District: Nagpur
2025-07-14 13:01:17,413 - property_scraper - INFO - Fetching options for dropdown 'taluka'...
2025-07-14 13:01:17,715 - property_scraper - INFO - Selected Taluka: Nagpur Rural
2025-07-14 13:01:17,715 - property_scraper - INFO - Fetching options for dropdown 'village'...
2025-07-14 13:01:18,016 - property_scraper - INFO - Selected Village: Hingna
2025-07-14 13:01:18,016 - property_scraper - INFO - Selected Document Number: 8
2025-07-14 13:01:18,017 - property_scraper - INFO - Processing combination: 2023_Nagpur_Nagpur Rural_Hingna_8
2025-07-14 13:01:18,017 - property_scraper - INFO - Processing in DEMO MODE: Year=2023, District=Nagpur, Taluka=Nagpur Rural, Village=Hingna, Doc#=8
2025-07-14 13:01:18,018 - property_scraper - INFO - Simulating navigation to https://pay2igr.igrmaharashtra.gov.in/eDisplay/Propertydetails/index
2025-07-14 13:01:18,519 - property_scraper - INFO - Simulating selecting Year: 2023
2025-07-14 13:01:18,519 - property_scraper - INFO - Simulating selecting District: Nagpur
2025-07-14 13:01:18,519 - property_scraper - INFO - Simulating selecting Taluka: Nagpur Rural
2025-07-14 13:01:18,519 - property_scraper - INFO - Simulating selecting Village: Hingna
2025-07-14 13:01:18,519 - property_scraper - INFO - Simulating entering Document Number: 8
2025-07-14 13:01:18,519 - property_scraper - INFO - Simulating captcha solving...
2025-07-14 13:01:19,520 - property_scraper - INFO - Captcha solved: NBBT9O
2025-07-14 13:01:19,520 - property_scraper - INFO - Simulating clicking Search button...
2025-07-14 13:01:20,022 - property_scraper - INFO - Selecting 'All' entries per page from dropdown...
2025-07-14 13:01:20,534 - property_scraper - INFO - Page refreshed with All entries per page
2025-07-14 13:01:21,335 - property_scraper - INFO - Found 2152 entries with 'List No. 2' buttons in the search results table
2025-07-14 13:01:21,335 - property_scraper - INFO - For demo purposes, downloading only 5 PDFs out of 2152 entries
2025-07-14 13:01:21,336 - property_scraper - INFO - In real usage, you could download all PDFs by processing them in batches
2025-07-14 13:01:21,336 - property_scraper - INFO - Clicking on 'List No. 2' button for entry #1...
2025-07-14 13:01:22,137 - property_scraper - WARNING - Failed to open PDF for entry #1 in new tab. The link may be broken.
2025-07-14 13:01:22,137 - property_scraper - INFO - Clicking on 'List No. 2' button for entry #2...
2025-07-14 13:01:22,938 - property_scraper - INFO - PDF opened in new tab: Doc Reg. No. NGP5-2365-2023
2025-07-14 13:01:22,938 - property_scraper - INFO - Downloading PDF from new tab...
2025-07-14 13:01:23,940 - property_scraper - INFO - Downloaded PDF: 2365-2023-IndexII_copy.pdf
2025-07-14 13:01:23,941 - property_scraper - INFO - Clicking on 'List No. 2' button for entry #3...
2025-07-14 13:01:24,742 - property_scraper - WARNING - Failed to open PDF for entry #3 in new tab. The link may be broken.
2025-07-14 13:01:24,742 - property_scraper - INFO - Clicking on 'List No. 2' button for entry #4...
2025-07-14 13:01:25,546 - property_scraper - INFO - PDF opened in new tab: Doc Reg. No. NGP5-4181-2023
2025-07-14 13:01:25,553 - property_scraper - INFO - Downloading PDF from new tab...
2025-07-14 13:01:26,579 - property_scraper - INFO - Downloaded PDF: 4181-2023-IndexII_copy.pdf
2025-07-14 13:01:26,580 - property_scraper - INFO - Clicking on 'List No. 2' button for entry #5...
2025-07-14 13:01:27,381 - property_scraper - INFO - PDF opened in new tab: Doc Reg. No. AND1-2932-2023
2025-07-14 13:01:27,381 - property_scraper - INFO - Downloading PDF from new tab...
2025-07-14 13:01:28,383 - property_scraper - INFO - Downloaded PDF: 2932-2023-IndexII_copy.pdf
2025-07-14 13:01:28,383 - property_scraper - INFO - Successfully downloaded 3 PDFs from 'List No. 2' buttons
2025-07-14 13:01:28,383 - property_scraper - INFO - Successfully processed combination: 2023_Nagpur_Nagpur Rural_Hingna_8
2025-07-14 13:01:28,383 - property_scraper - INFO - Daily requests: 2/5
2025-07-14 13:01:28,384 - property_scraper - INFO - Waiting 5.63 seconds before next request...
2025-07-14 13:01:34,017 - property_scraper - INFO - Automatically selecting values from dropdowns...
2025-07-14 13:01:34,017 - property_scraper - INFO - Fetching options for dropdown 'year'...
2025-07-14 13:01:34,318 - property_scraper - INFO - Selected Year: 2023
2025-07-14 13:01:34,318 - property_scraper - INFO - Fetching options for dropdown 'district'...
2025-07-14 13:01:34,619 - property_scraper - INFO - Selected District: Mumbai
2025-07-14 13:01:34,619 - property_scraper - INFO - Fetching options for dropdown 'taluka'...
2025-07-14 13:01:34,921 - property_scraper - INFO - Selected Taluka: Mumbai Suburban
2025-07-14 13:01:34,921 - property_scraper - INFO - Fetching options for dropdown 'village'...
2025-07-14 13:01:35,221 - property_scraper - INFO - Selected Village: Bandra
2025-07-14 13:01:35,221 - property_scraper - INFO - Selected Document Number: 5
2025-07-14 13:01:35,221 - property_scraper - INFO - Processing combination: 2023_Mumbai_Mumbai Suburban_Bandra_5
2025-07-14 13:01:35,222 - property_scraper - INFO - Processing in DEMO MODE: Year=2023, District=Mumbai, Taluka=Mumbai Suburban, Village=Bandra, Doc#=5
2025-07-14 13:01:35,223 - property_scraper - INFO - Simulating navigation to https://pay2igr.igrmaharashtra.gov.in/eDisplay/Propertydetails/index
2025-07-14 13:01:35,724 - property_scraper - INFO - Simulating selecting Year: 2023
2025-07-14 13:01:35,724 - property_scraper - INFO - Simulating selecting District: Mumbai
2025-07-14 13:01:35,724 - property_scraper - INFO - Simulating selecting Taluka: Mumbai Suburban
2025-07-14 13:01:35,725 - property_scraper - INFO - Simulating selecting Village: Bandra
2025-07-14 13:01:35,725 - property_scraper - INFO - Simulating entering Document Number: 5
2025-07-14 13:01:35,725 - property_scraper - INFO - Simulating captcha solving...
2025-07-14 13:01:36,727 - property_scraper - INFO - Captcha solved: 9KFSQ4
2025-07-14 13:01:36,727 - property_scraper - INFO - Simulating clicking Search button...
2025-07-14 13:01:37,228 - property_scraper - INFO - Selecting 'All' entries per page from dropdown...
2025-07-14 13:01:37,752 - property_scraper - INFO - Page refreshed with All entries per page
2025-07-14 13:01:38,566 - property_scraper - INFO - Found 2307 entries with 'List No. 2' buttons in the search results table
2025-07-14 13:01:38,566 - property_scraper - INFO - For demo purposes, downloading only 5 PDFs out of 2307 entries
2025-07-14 13:01:38,566 - property_scraper - INFO - In real usage, you could download all PDFs by processing them in batches
2025-07-14 13:01:38,566 - property_scraper - INFO - Clicking on 'List No. 2' button for entry #1...
2025-07-14 13:01:39,368 - property_scraper - INFO - PDF opened in new tab: Doc Reg. No. NGP5-3966-2023
2025-07-14 13:01:39,368 - property_scraper - INFO - Downloading PDF from new tab...
2025-07-14 13:01:40,370 - property_scraper - INFO - Downloaded PDF: 3966-2023-IndexII_copy.pdf
2025-07-14 13:01:40,370 - property_scraper - INFO - Clicking on 'List No. 2' button for entry #2...
2025-07-14 13:01:41,171 - property_scraper - INFO - PDF opened in new tab: Doc Reg. No. BRL5-3413-2023
2025-07-14 13:01:41,171 - property_scraper - INFO - Downloading PDF from new tab...
2025-07-14 13:01:42,174 - property_scraper - INFO - Downloaded PDF: 3413-2023-IndexII_copy.pdf
2025-07-14 13:01:42,174 - property_scraper - INFO - Clicking on 'List No. 2' button for entry #3...
2025-07-14 13:01:42,975 - property_scraper - WARNING - Failed to open PDF for entry #3 in new tab. The link may be broken.
2025-07-14 13:01:42,975 - property_scraper - INFO - Clicking on 'List No. 2' button for entry #4...
2025-07-14 13:01:43,776 - property_scraper - INFO - PDF opened in new tab: Doc Reg. No. AND7-3726-2023
2025-07-14 13:01:43,776 - property_scraper - INFO - Downloading PDF from new tab...
2025-07-14 13:01:44,777 - property_scraper - INFO - Downloaded PDF: 3726-2023-IndexII_copy.pdf
2025-07-14 13:01:44,778 - property_scraper - INFO - Clicking on 'List No. 2' button for entry #5...
2025-07-14 13:01:45,591 - property_scraper - INFO - PDF opened in new tab: Doc Reg. No. NGP3-8588-2023
2025-07-14 13:01:45,604 - property_scraper - INFO - Downloading PDF from new tab...
2025-07-14 13:01:46,613 - property_scraper - INFO - Downloaded PDF: 8588-2023-IndexII_copy.pdf
2025-07-14 13:01:46,613 - property_scraper - INFO - Successfully downloaded 4 PDFs from 'List No. 2' buttons
2025-07-14 13:01:46,614 - property_scraper - INFO - Successfully processed combination: 2023_Mumbai_Mumbai Suburban_Bandra_5
2025-07-14 13:01:46,614 - property_scraper - INFO - Daily requests: 3/5
2025-07-14 13:01:46,614 - property_scraper - INFO - Waiting 3.01 seconds before next request...
2025-07-14 13:01:49,627 - property_scraper - INFO - Automatically selecting values from dropdowns...
2025-07-14 13:01:49,627 - property_scraper - INFO - Fetching options for dropdown 'year'...
2025-07-14 13:01:49,928 - property_scraper - INFO - Selected Year: 2025
2025-07-14 13:01:49,928 - property_scraper - INFO - Fetching options for dropdown 'district'...
2025-07-14 13:01:50,229 - property_scraper - INFO - Selected District: Pune
2025-07-14 13:01:50,229 - property_scraper - INFO - Fetching options for dropdown 'taluka'...
2025-07-14 13:01:50,530 - property_scraper - INFO - Selected Taluka: Haveli
2025-07-14 13:01:50,530 - property_scraper - INFO - Fetching options for dropdown 'village'...
2025-07-14 13:01:50,831 - property_scraper - INFO - Selected Village: Wagholi
2025-07-14 13:01:50,831 - property_scraper - INFO - Selected Document Number: 1
2025-07-14 13:01:50,831 - property_scraper - INFO - Processing combination: 2025_Pune_Haveli_Wagholi_1
2025-07-14 13:01:50,832 - property_scraper - INFO - Processing in DEMO MODE: Year=2025, District=Pune, Taluka=Haveli, Village=Wagholi, Doc#=1
2025-07-14 13:01:50,832 - property_scraper - INFO - Simulating navigation to https://pay2igr.igrmaharashtra.gov.in/eDisplay/Propertydetails/index
2025-07-14 13:01:51,333 - property_scraper - INFO - Simulating selecting Year: 2025
2025-07-14 13:01:51,333 - property_scraper - INFO - Simulating selecting District: Pune
2025-07-14 13:01:51,333 - property_scraper - INFO - Simulating selecting Taluka: Haveli
2025-07-14 13:01:51,334 - property_scraper - INFO - Simulating selecting Village: Wagholi
2025-07-14 13:01:51,334 - property_scraper - INFO - Simulating entering Document Number: 1
2025-07-14 13:01:51,334 - property_scraper - INFO - Simulating captcha solving...
2025-07-14 13:01:52,336 - property_scraper - INFO - Captcha solved: 4OSNPZ
2025-07-14 13:01:52,336 - property_scraper - INFO - Simulating clicking Search button...
2025-07-14 13:01:52,836 - property_scraper - INFO - Selecting 'All' entries per page from dropdown...
2025-07-14 13:01:53,338 - property_scraper - INFO - Page refreshed with All entries per page
2025-07-14 13:01:54,138 - property_scraper - INFO - Found 2220 entries with 'List No. 2' buttons in the search results table
2025-07-14 13:01:54,138 - property_scraper - INFO - For demo purposes, downloading only 5 PDFs out of 2220 entries
2025-07-14 13:01:54,138 - property_scraper - INFO - In real usage, you could download all PDFs by processing them in batches
2025-07-14 13:01:54,139 - property_scraper - INFO - Clicking on 'List No. 2' button for entry #1...
2025-07-14 13:01:54,940 - property_scraper - INFO - PDF opened in new tab: Doc Reg. No. PUN3-9114-2025
2025-07-14 13:01:54,940 - property_scraper - INFO - Downloading PDF from new tab...
2025-07-14 13:01:55,942 - property_scraper - INFO - Downloaded PDF: 9114-2025-IndexII_copy.pdf
2025-07-14 13:01:55,942 - property_scraper - INFO - Clicking on 'List No. 2' button for entry #2...
2025-07-14 13:01:56,743 - property_scraper - INFO - PDF opened in new tab: Doc Reg. No. NGP1-1573-2025
2025-07-14 13:01:56,743 - property_scraper - INFO - Downloading PDF from new tab...
2025-07-14 13:01:57,745 - property_scraper - INFO - Downloaded PDF: 1573-2025-IndexII_copy.pdf
2025-07-14 13:01:57,745 - property_scraper - INFO - Clicking on 'List No. 2' button for entry #3...
2025-07-14 13:01:58,546 - property_scraper - INFO - PDF opened in new tab: Doc Reg. No. PUN6-5817-2025
2025-07-14 13:01:58,546 - property_scraper - INFO - Downloading PDF from new tab...
2025-07-14 13:01:59,547 - property_scraper - INFO - Downloaded PDF: 5817-2025-IndexII_copy.pdf
2025-07-14 13:01:59,548 - property_scraper - INFO - Clicking on 'List No. 2' button for entry #4...
2025-07-14 13:02:00,348 - property_scraper - INFO - PDF opened in new tab: Doc Reg. No. THN7-4806-2025
2025-07-14 13:02:00,348 - property_scraper - INFO - Downloading PDF from new tab...
2025-07-14 13:02:01,383 - property_scraper - INFO - Downloaded PDF: 4806-2025-IndexII_copy.pdf
2025-07-14 13:02:01,418 - property_scraper - INFO - Clicking on 'List No. 2' button for entry #5...
2025-07-14 13:02:02,238 - property_scraper - INFO - PDF opened in new tab: Doc Reg. No. NGP4-2658-2025
2025-07-14 13:02:02,238 - property_scraper - INFO - Downloading PDF from new tab...
2025-07-14 13:02:03,240 - property_scraper - INFO - Downloaded PDF: 2658-2025-IndexII_copy.pdf
2025-07-14 13:02:03,240 - property_scraper - INFO - Successfully downloaded 5 PDFs from 'List No. 2' buttons
2025-07-14 13:02:03,241 - property_scraper - INFO - Successfully processed combination: 2025_Pune_Haveli_Wagholi_1
2025-07-14 13:02:03,241 - property_scraper - INFO - Daily requests: 4/5
2025-07-14 13:02:03,241 - property_scraper - INFO - Waiting 5.89 seconds before next request...
2025-07-14 13:02:09,128 - property_scraper - INFO - Automatically selecting values from dropdowns...
2025-07-14 13:02:09,128 - property_scraper - INFO - Fetching options for dropdown 'year'...
2025-07-14 13:02:09,429 - property_scraper - INFO - Selected Year: 2022
2025-07-14 13:02:09,429 - property_scraper - INFO - Fetching options for dropdown 'district'...
2025-07-14 13:02:09,731 - property_scraper - INFO - Selected District: Mumbai
2025-07-14 13:02:09,731 - property_scraper - INFO - Fetching options for dropdown 'taluka'...
2025-07-14 13:02:10,033 - property_scraper - INFO - Selected Taluka: Mumbai Suburban
2025-07-14 13:02:10,033 - property_scraper - INFO - Fetching options for dropdown 'village'...
2025-07-14 13:02:10,333 - property_scraper - INFO - Selected Village: Bandra
2025-07-14 13:02:10,334 - property_scraper - INFO - Selected Document Number: 4
2025-07-14 13:02:10,335 - property_scraper - INFO - Processing combination: 2022_Mumbai_Mumbai Suburban_Bandra_4
2025-07-14 13:02:10,336 - property_scraper - INFO - Processing in DEMO MODE: Year=2022, District=Mumbai, Taluka=Mumbai Suburban, Village=Bandra, Doc#=4
2025-07-14 13:02:10,337 - property_scraper - INFO - Simulating navigation to https://pay2igr.igrmaharashtra.gov.in/eDisplay/Propertydetails/index
2025-07-14 13:02:10,838 - property_scraper - INFO - Simulating selecting Year: 2022
2025-07-14 13:02:10,838 - property_scraper - INFO - Simulating selecting District: Mumbai
2025-07-14 13:02:10,838 - property_scraper - INFO - Simulating selecting Taluka: Mumbai Suburban
2025-07-14 13:02:10,839 - property_scraper - INFO - Simulating selecting Village: Bandra
2025-07-14 13:02:10,839 - property_scraper - INFO - Simulating entering Document Number: 4
2025-07-14 13:02:10,839 - property_scraper - INFO - Simulating captcha solving...
2025-07-14 13:02:11,841 - property_scraper - INFO - Captcha solved: YAGJ3M
2025-07-14 13:02:11,841 - property_scraper - INFO - Simulating clicking Search button...
2025-07-14 13:02:12,341 - property_scraper - INFO - Selecting 'All' entries per page from dropdown...
2025-07-14 13:02:12,842 - property_scraper - INFO - Page refreshed with All entries per page
2025-07-14 13:02:13,643 - property_scraper - INFO - Found 2281 entries with 'List No. 2' buttons in the search results table
2025-07-14 13:02:13,643 - property_scraper - INFO - For demo purposes, downloading only 5 PDFs out of 2281 entries
2025-07-14 13:02:13,643 - property_scraper - INFO - In real usage, you could download all PDFs by processing them in batches
2025-07-14 13:02:13,643 - property_scraper - INFO - Clicking on 'List No. 2' button for entry #1...
2025-07-14 13:02:14,444 - property_scraper - WARNING - Failed to open PDF for entry #1 in new tab. The link may be broken.
2025-07-14 13:02:14,444 - property_scraper - INFO - Clicking on 'List No. 2' button for entry #2...
2025-07-14 13:02:15,246 - property_scraper - INFO - PDF opened in new tab: Doc Reg. No. BRL3-5391-2022
2025-07-14 13:02:15,246 - property_scraper - INFO - Downloading PDF from new tab...
2025-07-14 13:02:16,248 - property_scraper - INFO - Downloaded PDF: 5391-2022-IndexII_copy.pdf
2025-07-14 13:02:16,248 - property_scraper - INFO - Clicking on 'List No. 2' button for entry #3...
2025-07-14 13:02:17,054 - property_scraper - INFO - PDF opened in new tab: Doc Reg. No. AND6-8275-2022
2025-07-14 13:02:17,063 - property_scraper - INFO - Downloading PDF from new tab...
2025-07-14 13:02:18,074 - property_scraper - INFO - Downloaded PDF: 8275-2022-IndexII_copy.pdf
2025-07-14 13:02:18,075 - property_scraper - INFO - Clicking on 'List No. 2' button for entry #4...
2025-07-14 13:02:18,875 - property_scraper - INFO - PDF opened in new tab: Doc Reg. No. BRL3-9866-2022
2025-07-14 13:02:18,875 - property_scraper - INFO - Downloading PDF from new tab...
2025-07-14 13:02:19,877 - property_scraper - INFO - Downloaded PDF: 9866-2022-IndexII_copy.pdf
2025-07-14 13:02:19,878 - property_scraper - INFO - Clicking on 'List No. 2' button for entry #5...
2025-07-14 13:02:20,679 - property_scraper - INFO - PDF opened in new tab: Doc Reg. No. NGP8-4974-2022
2025-07-14 13:02:20,680 - property_scraper - INFO - Downloading PDF from new tab...
2025-07-14 13:02:21,682 - property_scraper - INFO - Downloaded PDF: 4974-2022-IndexII_copy.pdf
2025-07-14 13:02:21,683 - property_scraper - INFO - Successfully downloaded 4 PDFs from 'List No. 2' buttons
2025-07-14 13:02:21,683 - property_scraper - INFO - Successfully processed combination: 2022_Mumbai_Mumbai Suburban_Bandra_4
2025-07-14 13:02:21,684 - property_scraper - INFO - Daily requests: 5/5
2025-07-14 13:02:21,684 - property_scraper - INFO - Waiting 4.46 seconds before next request...
2025-07-14 13:02:26,149 - property_scraper - INFO - Demo scraper completed.
