2025-07-22 13:42:00,603 - property_scraper - INFO - Instance ID: local_9fefe023
2025-07-22 13:42:00,604 - property_scraper - INFO - Tesseract path set to: C:\Program Files\Tesseract-OCR\tesseract.exe
2025-07-22 13:42:00,611 - property_scraper - INFO - Running property scraper
2025-07-22 13:42:00,611 - property_scraper - INFO - Starting property scraper...
2025-07-22 13:42:00,611 - property_scraper - INFO - Instance ID: local_9fefe023
2025-07-22 13:42:00,612 - property_scraper - INFO - Setting up Chrome WebDriver...
2025-07-22 13:42:00,750 - property_scraper - INFO - Using user agent: Mozilla/5.0 (Windows NT 10.0; Win64; x64) AppleWebKit/537.36 (KHTML, like Gecko) Chrome/92.0.4515.107 Safari/537.36 Edg/92.0.902.55
2025-07-22 13:42:00,751 - property_scraper - INFO - Creating Chrome driver using undetected_chromedriver with enhanced settings
2025-07-22 13:42:02,245 - property_scraper - INFO - Chrome WebDriver set up successfully
2025-07-22 13:42:02,246 - property_scraper - INFO - Navigating to https://pay2igr.igrmaharashtra.gov.in/eDisplay/Propertydetails/index
2025-07-22 13:42:09,306 - property_scraper - INFO - Saved initial page screenshot to captcha_debug/initial_page_1753171929.png
2025-07-22 13:42:10,302 - property_scraper - INFO - Looking for available tasks...
2025-07-22 13:42:10,302 - property_scraper - INFO - Continuing with previous task: 1989_मुंबई_Mumbai_प्रिंसेस डॉक_4
2025-07-22 13:42:10,302 - property_scraper - INFO - Found available task: 1989_मुंबई_Mumbai_प्रिंसेस डॉक_4
2025-07-22 13:42:10,303 - property_scraper - INFO - Getting current dropdown selections
2025-07-22 13:42:10,326 - property_scraper - INFO - Current dropdown selections: {'year': None, 'district': None, 'taluka': None, 'village': None}
2025-07-22 13:42:10,327 - property_scraper - INFO - Need to select year: 1989 (current: None)
2025-07-22 13:42:10,327 - property_scraper - INFO - Need to select district: मुंबई (current: None)
2025-07-22 13:42:10,327 - property_scraper - INFO - Need to select taluka: Mumbai (current: None)
2025-07-22 13:42:10,327 - property_scraper - INFO - Need to select village: प्रिंसेस डॉक (current: None)
2025-07-22 13:42:10,327 - property_scraper - INFO - Some dropdown selections need to be updated
2025-07-22 13:42:10,328 - property_scraper - INFO - Selecting '1989' from dropdown 'year'
2025-07-22 13:42:10,483 - property_scraper - INFO - Saved screenshot before dropdown interaction: dropdown_debug/before_year_1753171930.png
2025-07-22 13:42:10,489 - property_scraper - WARNING - Page appears to have changed or refreshed. Reloading...
2025-07-22 13:42:14,460 - property_scraper - INFO - Using special handling for year dropdown
2025-07-22 13:42:14,460 - property_scraper - INFO - Using specialized year selection method for year: 1989
2025-07-22 13:42:14,460 - property_scraper - INFO - Approach 1: Direct XPath selection
2025-07-22 13:42:16,706 - property_scraper - WARNING - Approach 1 failed: Message: invalid session id: session deleted as the browser has closed the connection
from disconnected: unable to send message to renderer
  (Session info: chrome=138.0.7204.158)
Stacktrace:
	GetHandleVerifier [0x0x4244a3+62419]
	GetHandleVerifier [0x0x4244e4+62484]
	(No symbol) [0x0x262133]
	(No symbol) [0x0x2520c0]
	(No symbol) [0x0x252046]
	(No symbol) [0x0x250963]
	(No symbol) [0x0x25162d]
	(No symbol) [0x0x266cc7]
	(No symbol) [0x0x26745b]
	(No symbol) [0x0x26ac7a]
	(No symbol) [0x0x26acf7]
	(No symbol) [0x0x2aa194]
	(No symbol) [0x0x2aac9b]
	(No symbol) [0x0x2f3052]
	(No symbol) [0x0x2cf4b4]
	(No symbol) [0x0x2f087a]
	(No symbol) [0x0x2cf266]
	(No symbol) [0x0x29e852]
	(No symbol) [0x0x29f6f4]
	GetHandleVerifier [0x0x694793+2619075]
	GetHandleVerifier [0x0x68fbaa+2599642]
	GetHandleVerifier [0x0x44b04a+221050]
	GetHandleVerifier [0x0x43b2c8+156152]
	GetHandleVerifier [0x0x441c7d+183213]
	GetHandleVerifier [0x0x42c388+94904]
	GetHandleVerifier [0x0x42c512+95298]
	GetHandleVerifier [0x0x41766a+9626]
	BaseThreadInitThunk [0x0x768ffcc9+25]
	RtlGetAppContainerNamedObjectPath [0x0x771582ae+286]
	RtlGetAppContainerNamedObjectPath [0x0x7715827e+238]

2025-07-22 13:42:16,714 - property_scraper - INFO - Approach 2: Select class with explicit wait
2025-07-22 13:42:16,717 - property_scraper - WARNING - Approach 2 failed: Message: invalid session id
Stacktrace:
	GetHandleVerifier [0x0x4244a3+62419]
	GetHandleVerifier [0x0x4244e4+62484]
	(No symbol) [0x0x261f90]
	(No symbol) [0x0x29db48]
	(No symbol) [0x0x2cf326]
	(No symbol) [0x0x2caf15]
	(No symbol) [0x0x2ca496]
	(No symbol) [0x0x233a45]
	(No symbol) [0x0x233f9e]
	(No symbol) [0x0x23442d]
	GetHandleVerifier [0x0x694793+2619075]
	GetHandleVerifier [0x0x68fbaa+2599642]
	GetHandleVerifier [0x0x44b04a+221050]
	GetHandleVerifier [0x0x43b2c8+156152]
	GetHandleVerifier [0x0x441c7d+183213]
	(No symbol) [0x0x233710]
	(No symbol) [0x0x232f1d]
	GetHandleVerifier [0x0x7c8aec+3881500]
	BaseThreadInitThunk [0x0x768ffcc9+25]
	RtlGetAppContainerNamedObjectPath [0x0x771582ae+286]
	RtlGetAppContainerNamedObjectPath [0x0x7715827e+238]

2025-07-22 13:42:16,724 - property_scraper - INFO - Approach 3: Pure JavaScript approach
2025-07-22 13:42:16,729 - property_scraper - WARNING - Approach 3 failed: Message: invalid session id
Stacktrace:
	GetHandleVerifier [0x0x4244a3+62419]
	GetHandleVerifier [0x0x4244e4+62484]
	(No symbol) [0x0x261f90]
	(No symbol) [0x0x29db48]
	(No symbol) [0x0x2cf326]
	(No symbol) [0x0x2caf15]
	(No symbol) [0x0x2ca496]
	(No symbol) [0x0x233a45]
	(No symbol) [0x0x233f9e]
	(No symbol) [0x0x23442d]
	GetHandleVerifier [0x0x694793+2619075]
	GetHandleVerifier [0x0x68fbaa+2599642]
	GetHandleVerifier [0x0x44b04a+221050]
	GetHandleVerifier [0x0x43b2c8+156152]
	GetHandleVerifier [0x0x441c7d+183213]
	(No symbol) [0x0x233710]
	(No symbol) [0x0x232f1d]
	GetHandleVerifier [0x0x7c8aec+3881500]
	BaseThreadInitThunk [0x0x768ffcc9+25]
	RtlGetAppContainerNamedObjectPath [0x0x771582ae+286]
	RtlGetAppContainerNamedObjectPath [0x0x7715827e+238]

2025-07-22 13:42:16,735 - property_scraper - INFO - Approach 4: ActionChains approach
2025-07-22 13:42:16,738 - property_scraper - WARNING - Approach 4 failed: Message: invalid session id
Stacktrace:
	GetHandleVerifier [0x0x4244a3+62419]
	GetHandleVerifier [0x0x4244e4+62484]
	(No symbol) [0x0x261f90]
	(No symbol) [0x0x29db48]
	(No symbol) [0x0x2cf326]
	(No symbol) [0x0x2caf15]
	(No symbol) [0x0x2ca496]
	(No symbol) [0x0x233a45]
	(No symbol) [0x0x233f9e]
	(No symbol) [0x0x23442d]
	GetHandleVerifier [0x0x694793+2619075]
	GetHandleVerifier [0x0x68fbaa+2599642]
	GetHandleVerifier [0x0x44b04a+221050]
	GetHandleVerifier [0x0x43b2c8+156152]
	GetHandleVerifier [0x0x441c7d+183213]
	(No symbol) [0x0x233710]
	(No symbol) [0x0x232f1d]
	GetHandleVerifier [0x0x7c8aec+3881500]
	BaseThreadInitThunk [0x0x768ffcc9+25]
	RtlGetAppContainerNamedObjectPath [0x0x771582ae+286]
	RtlGetAppContainerNamedObjectPath [0x0x7715827e+238]

2025-07-22 13:42:16,743 - property_scraper - INFO - Approach 5: Advanced DOM manipulation with mutation observer
2025-07-22 13:42:16,745 - property_scraper - WARNING - Approach 5 failed: Message: invalid session id
Stacktrace:
	GetHandleVerifier [0x0x4244a3+62419]
	GetHandleVerifier [0x0x4244e4+62484]
	(No symbol) [0x0x261f90]
	(No symbol) [0x0x29db48]
	(No symbol) [0x0x2cf326]
	(No symbol) [0x0x2caf15]
	(No symbol) [0x0x2ca496]
	(No symbol) [0x0x233a45]
	(No symbol) [0x0x233f9e]
	(No symbol) [0x0x23442d]
	GetHandleVerifier [0x0x694793+2619075]
	GetHandleVerifier [0x0x68fbaa+2599642]
	GetHandleVerifier [0x0x44b04a+221050]
	GetHandleVerifier [0x0x43b2c8+156152]
	GetHandleVerifier [0x0x441c7d+183213]
	(No symbol) [0x0x233710]
	(No symbol) [0x0x232f1d]
	GetHandleVerifier [0x0x7c8aec+3881500]
	BaseThreadInitThunk [0x0x768ffcc9+25]
	RtlGetAppContainerNamedObjectPath [0x0x771582ae+286]
	RtlGetAppContainerNamedObjectPath [0x0x7715827e+238]

2025-07-22 13:42:16,748 - property_scraper - INFO - All approaches failed. Refreshing page and retrying... (2 retries left)
2025-07-22 13:42:16,750 - property_scraper - WARNING - Error refreshing page: Message: invalid session id
Stacktrace:
	GetHandleVerifier [0x0x4244a3+62419]
	GetHandleVerifier [0x0x4244e4+62484]
	(No symbol) [0x0x261f90]
	(No symbol) [0x0x29db48]
	(No symbol) [0x0x2cf326]
	(No symbol) [0x0x2caf15]
	(No symbol) [0x0x2ca496]
	(No symbol) [0x0x233a45]
	(No symbol) [0x0x233f9e]
	(No symbol) [0x0x23442d]
	GetHandleVerifier [0x0x694793+2619075]
	GetHandleVerifier [0x0x68fbaa+2599642]
	GetHandleVerifier [0x0x44b04a+221050]
	GetHandleVerifier [0x0x43b2c8+156152]
	GetHandleVerifier [0x0x441c7d+183213]
	(No symbol) [0x0x233710]
	(No symbol) [0x0x232f1d]
	GetHandleVerifier [0x0x7c8aec+3881500]
	BaseThreadInitThunk [0x0x768ffcc9+25]
	RtlGetAppContainerNamedObjectPath [0x0x771582ae+286]
	RtlGetAppContainerNamedObjectPath [0x0x7715827e+238]

2025-07-22 13:42:16,756 - property_scraper - ERROR - All specialized year selection approaches failed
2025-07-22 13:42:16,756 - property_scraper - WARNING - Special year handling failed, falling back to standard methods
2025-07-22 13:42:16,758 - property_scraper - ERROR - Error selecting option '1989' from dropdown 'year': Message: invalid session id
Stacktrace:
	GetHandleVerifier [0x0x4244a3+62419]
	GetHandleVerifier [0x0x4244e4+62484]
	(No symbol) [0x0x261f90]
	(No symbol) [0x0x29db48]
	(No symbol) [0x0x2cf326]
	(No symbol) [0x0x2caf15]
	(No symbol) [0x0x2ca496]
	(No symbol) [0x0x233a45]
	(No symbol) [0x0x233f9e]
	(No symbol) [0x0x23442d]
	GetHandleVerifier [0x0x694793+2619075]
	GetHandleVerifier [0x0x68fbaa+2599642]
	GetHandleVerifier [0x0x44b04a+221050]
	GetHandleVerifier [0x0x43b2c8+156152]
	GetHandleVerifier [0x0x441c7d+183213]
	(No symbol) [0x0x233710]
	(No symbol) [0x0x232f1d]
	GetHandleVerifier [0x0x7c8aec+3881500]
	BaseThreadInitThunk [0x0x768ffcc9+25]
	RtlGetAppContainerNamedObjectPath [0x0x771582ae+286]
	RtlGetAppContainerNamedObjectPath [0x0x7715827e+238]

2025-07-22 13:42:16,761 - property_scraper - INFO - Attempting last-resort approach for year dropdown
2025-07-22 13:42:16,764 - property_scraper - ERROR - Last-resort year selection failed: Message: invalid session id
Stacktrace:
	GetHandleVerifier [0x0x4244a3+62419]
	GetHandleVerifier [0x0x4244e4+62484]
	(No symbol) [0x0x261f90]
	(No symbol) [0x0x29db48]
	(No symbol) [0x0x2cf326]
	(No symbol) [0x0x2caf15]
	(No symbol) [0x0x2ca496]
	(No symbol) [0x0x233a45]
	(No symbol) [0x0x233f9e]
	(No symbol) [0x0x23442d]
	GetHandleVerifier [0x0x694793+2619075]
	GetHandleVerifier [0x0x68fbaa+2599642]
	GetHandleVerifier [0x0x44b04a+221050]
	GetHandleVerifier [0x0x43b2c8+156152]
	GetHandleVerifier [0x0x441c7d+183213]
	(No symbol) [0x0x233710]
	(No symbol) [0x0x232f1d]
	GetHandleVerifier [0x0x7c8aec+3881500]
	BaseThreadInitThunk [0x0x768ffcc9+25]
	RtlGetAppContainerNamedObjectPath [0x0x771582ae+286]
	RtlGetAppContainerNamedObjectPath [0x0x7715827e+238]

2025-07-22 13:42:16,767 - property_scraper - INFO - Retrying after exception with 3 attempts remaining. Waiting 1 seconds...
2025-07-22 13:42:17,772 - property_scraper - WARNING - Error refreshing page: Message: invalid session id
Stacktrace:
	GetHandleVerifier [0x0x4244a3+62419]
	GetHandleVerifier [0x0x4244e4+62484]
	(No symbol) [0x0x261f90]
	(No symbol) [0x0x29db48]
	(No symbol) [0x0x2cf326]
	(No symbol) [0x0x2caf15]
	(No symbol) [0x0x2ca496]
	(No symbol) [0x0x233a45]
	(No symbol) [0x0x233f9e]
	(No symbol) [0x0x23442d]
	GetHandleVerifier [0x0x694793+2619075]
	GetHandleVerifier [0x0x68fbaa+2599642]
	GetHandleVerifier [0x0x44b04a+221050]
	GetHandleVerifier [0x0x43b2c8+156152]
	GetHandleVerifier [0x0x441c7d+183213]
	(No symbol) [0x0x233710]
	(No symbol) [0x0x232f1d]
	GetHandleVerifier [0x0x7c8aec+3881500]
	BaseThreadInitThunk [0x0x768ffcc9+25]
	RtlGetAppContainerNamedObjectPath [0x0x771582ae+286]
	RtlGetAppContainerNamedObjectPath [0x0x7715827e+238]

2025-07-22 13:42:17,779 - property_scraper - INFO - Selecting '1989' from dropdown 'year'
2025-07-22 13:42:17,781 - property_scraper - WARNING - Could not save screenshot: Message: invalid session id
Stacktrace:
	GetHandleVerifier [0x0x4244a3+62419]
	GetHandleVerifier [0x0x4244e4+62484]
	(No symbol) [0x0x261f90]
	(No symbol) [0x0x29db48]
	(No symbol) [0x0x2cf326]
	(No symbol) [0x0x2caf15]
	(No symbol) [0x0x2ca496]
	(No symbol) [0x0x233a45]
	(No symbol) [0x0x233f9e]
	(No symbol) [0x0x23442d]
	GetHandleVerifier [0x0x694793+2619075]
	GetHandleVerifier [0x0x68fbaa+2599642]
	GetHandleVerifier [0x0x44b04a+221050]
	GetHandleVerifier [0x0x43b2c8+156152]
	GetHandleVerifier [0x0x441c7d+183213]
	(No symbol) [0x0x233710]
	(No symbol) [0x0x232f1d]
	GetHandleVerifier [0x0x7c8aec+3881500]
	BaseThreadInitThunk [0x0x768ffcc9+25]
	RtlGetAppContainerNamedObjectPath [0x0x771582ae+286]
	RtlGetAppContainerNamedObjectPath [0x0x7715827e+238]

2025-07-22 13:42:17,800 - property_scraper - WARNING - Error checking page state: Message: invalid session id
Stacktrace:
	GetHandleVerifier [0x0x4244a3+62419]
	GetHandleVerifier [0x0x4244e4+62484]
	(No symbol) [0x0x261f90]
	(No symbol) [0x0x29db48]
	(No symbol) [0x0x2cf326]
	(No symbol) [0x0x2caf15]
	(No symbol) [0x0x2ca496]
	(No symbol) [0x0x233a45]
	(No symbol) [0x0x233f9e]
	(No symbol) [0x0x23442d]
	GetHandleVerifier [0x0x694793+2619075]
	GetHandleVerifier [0x0x68fbaa+2599642]
	GetHandleVerifier [0x0x44b04a+221050]
	GetHandleVerifier [0x0x43b2c8+156152]
	GetHandleVerifier [0x0x441c7d+183213]
	(No symbol) [0x0x233710]
	(No symbol) [0x0x232f1d]
	GetHandleVerifier [0x0x7c8aec+3881500]
	BaseThreadInitThunk [0x0x768ffcc9+25]
	RtlGetAppContainerNamedObjectPath [0x0x771582ae+286]
	RtlGetAppContainerNamedObjectPath [0x0x7715827e+238]

2025-07-22 13:42:17,808 - property_scraper - INFO - Using special handling for year dropdown
2025-07-22 13:42:17,810 - property_scraper - INFO - Using specialized year selection method for year: 1989
2025-07-22 13:42:17,810 - property_scraper - INFO - Approach 1: Direct XPath selection
2025-07-22 13:42:17,812 - property_scraper - WARNING - Approach 1 failed: Message: invalid session id
Stacktrace:
	GetHandleVerifier [0x0x4244a3+62419]
	GetHandleVerifier [0x0x4244e4+62484]
	(No symbol) [0x0x261f90]
	(No symbol) [0x0x29db48]
	(No symbol) [0x0x2cf326]
	(No symbol) [0x0x2caf15]
	(No symbol) [0x0x2ca496]
	(No symbol) [0x0x233a45]
	(No symbol) [0x0x233f9e]
	(No symbol) [0x0x23442d]
	GetHandleVerifier [0x0x694793+2619075]
	GetHandleVerifier [0x0x68fbaa+2599642]
	GetHandleVerifier [0x0x44b04a+221050]
	GetHandleVerifier [0x0x43b2c8+156152]
	GetHandleVerifier [0x0x441c7d+183213]
	(No symbol) [0x0x233710]
	(No symbol) [0x0x232f1d]
	GetHandleVerifier [0x0x7c8aec+3881500]
	BaseThreadInitThunk [0x0x768ffcc9+25]
	RtlGetAppContainerNamedObjectPath [0x0x771582ae+286]
	RtlGetAppContainerNamedObjectPath [0x0x7715827e+238]

2025-07-22 13:42:17,816 - property_scraper - INFO - Approach 2: Select class with explicit wait
2025-07-22 13:42:17,818 - property_scraper - WARNING - Approach 2 failed: Message: invalid session id
Stacktrace:
	GetHandleVerifier [0x0x4244a3+62419]
	GetHandleVerifier [0x0x4244e4+62484]
	(No symbol) [0x0x261f90]
	(No symbol) [0x0x29db48]
	(No symbol) [0x0x2cf326]
	(No symbol) [0x0x2caf15]
	(No symbol) [0x0x2ca496]
	(No symbol) [0x0x233a45]
	(No symbol) [0x0x233f9e]
	(No symbol) [0x0x23442d]
	GetHandleVerifier [0x0x694793+2619075]
	GetHandleVerifier [0x0x68fbaa+2599642]
	GetHandleVerifier [0x0x44b04a+221050]
	GetHandleVerifier [0x0x43b2c8+156152]
	GetHandleVerifier [0x0x441c7d+183213]
	(No symbol) [0x0x233710]
	(No symbol) [0x0x232f1d]
	GetHandleVerifier [0x0x7c8aec+3881500]
	BaseThreadInitThunk [0x0x768ffcc9+25]
	RtlGetAppContainerNamedObjectPath [0x0x771582ae+286]
	RtlGetAppContainerNamedObjectPath [0x0x7715827e+238]

2025-07-22 13:42:17,822 - property_scraper - INFO - Approach 3: Pure JavaScript approach
2025-07-22 13:42:17,824 - property_scraper - WARNING - Approach 3 failed: Message: invalid session id
Stacktrace:
	GetHandleVerifier [0x0x4244a3+62419]
	GetHandleVerifier [0x0x4244e4+62484]
	(No symbol) [0x0x261f90]
	(No symbol) [0x0x29db48]
	(No symbol) [0x0x2cf326]
	(No symbol) [0x0x2caf15]
	(No symbol) [0x0x2ca496]
	(No symbol) [0x0x233a45]
	(No symbol) [0x0x233f9e]
	(No symbol) [0x0x23442d]
	GetHandleVerifier [0x0x694793+2619075]
	GetHandleVerifier [0x0x68fbaa+2599642]
	GetHandleVerifier [0x0x44b04a+221050]
	GetHandleVerifier [0x0x43b2c8+156152]
	GetHandleVerifier [0x0x441c7d+183213]
	(No symbol) [0x0x233710]
	(No symbol) [0x0x232f1d]
	GetHandleVerifier [0x0x7c8aec+3881500]
	BaseThreadInitThunk [0x0x768ffcc9+25]
	RtlGetAppContainerNamedObjectPath [0x0x771582ae+286]
	RtlGetAppContainerNamedObjectPath [0x0x7715827e+238]

2025-07-22 13:42:17,826 - property_scraper - INFO - Approach 4: ActionChains approach
2025-07-22 13:42:17,828 - property_scraper - WARNING - Approach 4 failed: Message: invalid session id
Stacktrace:
	GetHandleVerifier [0x0x4244a3+62419]
	GetHandleVerifier [0x0x4244e4+62484]
	(No symbol) [0x0x261f90]
	(No symbol) [0x0x29db48]
	(No symbol) [0x0x2cf326]
	(No symbol) [0x0x2caf15]
	(No symbol) [0x0x2ca496]
	(No symbol) [0x0x233a45]
	(No symbol) [0x0x233f9e]
	(No symbol) [0x0x23442d]
	GetHandleVerifier [0x0x694793+2619075]
	GetHandleVerifier [0x0x68fbaa+2599642]
	GetHandleVerifier [0x0x44b04a+221050]
	GetHandleVerifier [0x0x43b2c8+156152]
	GetHandleVerifier [0x0x441c7d+183213]
	(No symbol) [0x0x233710]
	(No symbol) [0x0x232f1d]
	GetHandleVerifier [0x0x7c8aec+3881500]
	BaseThreadInitThunk [0x0x768ffcc9+25]
	RtlGetAppContainerNamedObjectPath [0x0x771582ae+286]
	RtlGetAppContainerNamedObjectPath [0x0x7715827e+238]

2025-07-22 13:42:17,831 - property_scraper - INFO - Approach 5: Advanced DOM manipulation with mutation observer
2025-07-22 13:42:17,833 - property_scraper - WARNING - Approach 5 failed: Message: invalid session id
Stacktrace:
	GetHandleVerifier [0x0x4244a3+62419]
	GetHandleVerifier [0x0x4244e4+62484]
	(No symbol) [0x0x261f90]
	(No symbol) [0x0x29db48]
	(No symbol) [0x0x2cf326]
	(No symbol) [0x0x2caf15]
	(No symbol) [0x0x2ca496]
	(No symbol) [0x0x233a45]
	(No symbol) [0x0x233f9e]
	(No symbol) [0x0x23442d]
	GetHandleVerifier [0x0x694793+2619075]
	GetHandleVerifier [0x0x68fbaa+2599642]
	GetHandleVerifier [0x0x44b04a+221050]
	GetHandleVerifier [0x0x43b2c8+156152]
	GetHandleVerifier [0x0x441c7d+183213]
	(No symbol) [0x0x233710]
	(No symbol) [0x0x232f1d]
	GetHandleVerifier [0x0x7c8aec+3881500]
	BaseThreadInitThunk [0x0x768ffcc9+25]
	RtlGetAppContainerNamedObjectPath [0x0x771582ae+286]
	RtlGetAppContainerNamedObjectPath [0x0x7715827e+238]

2025-07-22 13:42:17,834 - property_scraper - INFO - All approaches failed. Refreshing page and retrying... (2 retries left)
2025-07-22 13:42:17,836 - property_scraper - WARNING - Error refreshing page: Message: invalid session id
Stacktrace:
	GetHandleVerifier [0x0x4244a3+62419]
	GetHandleVerifier [0x0x4244e4+62484]
	(No symbol) [0x0x261f90]
	(No symbol) [0x0x29db48]
	(No symbol) [0x0x2cf326]
	(No symbol) [0x0x2caf15]
	(No symbol) [0x0x2ca496]
	(No symbol) [0x0x233a45]
	(No symbol) [0x0x233f9e]
	(No symbol) [0x0x23442d]
	GetHandleVerifier [0x0x694793+2619075]
	GetHandleVerifier [0x0x68fbaa+2599642]
	GetHandleVerifier [0x0x44b04a+221050]
	GetHandleVerifier [0x0x43b2c8+156152]
	GetHandleVerifier [0x0x441c7d+183213]
	(No symbol) [0x0x233710]
	(No symbol) [0x0x232f1d]
	GetHandleVerifier [0x0x7c8aec+3881500]
	BaseThreadInitThunk [0x0x768ffcc9+25]
	RtlGetAppContainerNamedObjectPath [0x0x771582ae+286]
	RtlGetAppContainerNamedObjectPath [0x0x7715827e+238]

2025-07-22 13:42:17,839 - property_scraper - ERROR - All specialized year selection approaches failed
2025-07-22 13:42:17,841 - property_scraper - WARNING - Special year handling failed, falling back to standard methods
2025-07-22 13:42:17,843 - property_scraper - ERROR - Error selecting option '1989' from dropdown 'year': Message: invalid session id
Stacktrace:
	GetHandleVerifier [0x0x4244a3+62419]
	GetHandleVerifier [0x0x4244e4+62484]
	(No symbol) [0x0x261f90]
	(No symbol) [0x0x29db48]
	(No symbol) [0x0x2cf326]
	(No symbol) [0x0x2caf15]
	(No symbol) [0x0x2ca496]
	(No symbol) [0x0x233a45]
	(No symbol) [0x0x233f9e]
	(No symbol) [0x0x23442d]
	GetHandleVerifier [0x0x694793+2619075]
	GetHandleVerifier [0x0x68fbaa+2599642]
	GetHandleVerifier [0x0x44b04a+221050]
	GetHandleVerifier [0x0x43b2c8+156152]
	GetHandleVerifier [0x0x441c7d+183213]
	(No symbol) [0x0x233710]
	(No symbol) [0x0x232f1d]
	GetHandleVerifier [0x0x7c8aec+3881500]
	BaseThreadInitThunk [0x0x768ffcc9+25]
	RtlGetAppContainerNamedObjectPath [0x0x771582ae+286]
	RtlGetAppContainerNamedObjectPath [0x0x7715827e+238]

2025-07-22 13:42:17,845 - property_scraper - INFO - Attempting last-resort approach for year dropdown
2025-07-22 13:42:17,847 - property_scraper - ERROR - Last-resort year selection failed: Message: invalid session id
Stacktrace:
	GetHandleVerifier [0x0x4244a3+62419]
	GetHandleVerifier [0x0x4244e4+62484]
	(No symbol) [0x0x261f90]
	(No symbol) [0x0x29db48]
	(No symbol) [0x0x2cf326]
	(No symbol) [0x0x2caf15]
	(No symbol) [0x0x2ca496]
	(No symbol) [0x0x233a45]
	(No symbol) [0x0x233f9e]
	(No symbol) [0x0x23442d]
	GetHandleVerifier [0x0x694793+2619075]
	GetHandleVerifier [0x0x68fbaa+2599642]
	GetHandleVerifier [0x0x44b04a+221050]
	GetHandleVerifier [0x0x43b2c8+156152]
	GetHandleVerifier [0x0x441c7d+183213]
	(No symbol) [0x0x233710]
	(No symbol) [0x0x232f1d]
	GetHandleVerifier [0x0x7c8aec+3881500]
	BaseThreadInitThunk [0x0x768ffcc9+25]
	RtlGetAppContainerNamedObjectPath [0x0x771582ae+286]
	RtlGetAppContainerNamedObjectPath [0x0x7715827e+238]

2025-07-22 13:42:17,849 - property_scraper - INFO - Retrying after exception with 2 attempts remaining. Waiting 2 seconds...
2025-07-22 13:42:19,113 - uc - INFO - ensuring close
