2025-07-14 12:53:15,983 - property_scraper - INFO - Starting property scraper with automated dropdown selection...
2025-07-14 12:53:15,983 - property_scraper - INFO - Using DEMO MODE for reliable operation.
2025-07-14 12:53:15,983 - property_scraper - INFO - Starting property scraper in DEMO MODE with automatic dropdown selection...
2025-07-14 12:53:15,984 - property_scraper - INFO - Automatically selecting values from dropdowns...
2025-07-14 12:53:15,984 - property_scraper - INFO - Fetching options for dropdown 'year'...
2025-07-14 12:53:16,286 - property_scraper - INFO - Selected Year: 2022
2025-07-14 12:53:16,286 - property_scraper - INFO - Fetching options for dropdown 'district'...
2025-07-14 12:53:16,604 - property_scraper - INFO - Selected District: Thane
2025-07-14 12:53:16,605 - property_scraper - INFO - Fetching options for dropdown 'taluka'...
2025-07-14 12:53:16,922 - property_scraper - INFO - Selected Taluka: Thane
2025-07-14 12:53:16,936 - property_scraper - INFO - Fetching options for dropdown 'village'...
2025-07-14 12:53:17,269 - property_scraper - INFO - Selected Village: Majiwada
2025-07-14 12:53:17,272 - property_scraper - INFO - Selected Document Number: 5
2025-07-14 12:53:17,272 - property_scraper - INFO - Processing combination: 2022_Thane_Thane_Majiwada_5
2025-07-14 12:53:17,273 - property_scraper - INFO - Processing in DEMO MODE: Year=2022, District=Thane, Taluka=Thane, Village=Majiwada, Doc#=5
2025-07-14 12:53:17,273 - property_scraper - INFO - Simulating navigation to https://pay2igr.igrmaharashtra.gov.in/eDisplay/Propertydetails/index
2025-07-14 12:53:17,775 - property_scraper - INFO - Simulating selecting Year: 2022
2025-07-14 12:53:17,775 - property_scraper - INFO - Simulating selecting District: Thane
2025-07-14 12:53:17,775 - property_scraper - INFO - Simulating selecting Taluka: Thane
2025-07-14 12:53:17,775 - property_scraper - INFO - Simulating selecting Village: Majiwada
2025-07-14 12:53:17,776 - property_scraper - INFO - Simulating entering Document Number: 5
2025-07-14 12:53:17,776 - property_scraper - INFO - Simulating captcha solving...
2025-07-14 12:53:18,777 - property_scraper - ERROR - Failed to solve captcha
2025-07-14 12:53:18,777 - property_scraper - ERROR - Failed to handle captcha. Retrying...
2025-07-14 12:53:18,777 - property_scraper - INFO - Simulating captcha solving...
2025-07-14 12:53:19,779 - property_scraper - ERROR - Failed to solve captcha
2025-07-14 12:53:19,779 - property_scraper - ERROR - Failed to handle captcha again. Skipping this combination.
2025-07-14 12:53:19,779 - property_scraper - INFO - Retrying with a new session...
2025-07-14 12:53:19,780 - property_scraper - INFO - Processing in DEMO MODE: Year=2022, District=Thane, Taluka=Thane, Village=Majiwada, Doc#=5
2025-07-14 12:53:19,781 - property_scraper - INFO - Simulating navigation to https://pay2igr.igrmaharashtra.gov.in/eDisplay/Propertydetails/index
2025-07-14 12:53:20,282 - property_scraper - INFO - Simulating selecting Year: 2022
2025-07-14 12:53:20,282 - property_scraper - INFO - Simulating selecting District: Thane
2025-07-14 12:53:20,282 - property_scraper - INFO - Simulating selecting Taluka: Thane
2025-07-14 12:53:20,282 - property_scraper - INFO - Simulating selecting Village: Majiwada
2025-07-14 12:53:20,282 - property_scraper - INFO - Simulating entering Document Number: 5
2025-07-14 12:53:20,283 - property_scraper - INFO - Simulating captcha solving...
2025-07-14 12:53:21,283 - property_scraper - INFO - Captcha solved: DNTSYF
2025-07-14 12:53:21,283 - property_scraper - INFO - Simulating clicking Search button...
2025-07-14 12:53:21,785 - property_scraper - INFO - Selecting 'All' entries per page from dropdown...
2025-07-14 12:53:22,286 - property_scraper - INFO - Page refreshed with All entries per page
2025-07-14 12:53:23,086 - property_scraper - INFO - Found 39 entries with 'List No. 2' buttons in the search results table
2025-07-14 12:53:23,086 - property_scraper - INFO - Note: In real-world usage with 'All' selected, this could be hundreds or thousands of entries
2025-07-14 12:53:23,086 - property_scraper - INFO - For demo purposes, downloading up to 5 PDFs out of 39 entries
2025-07-14 12:53:23,087 - property_scraper - INFO - Clicking on 'List No. 2' button for entry #1...
2025-07-14 12:53:23,888 - property_scraper - INFO - PDF opened in new tab: Doc Reg. No. NGP3-5726-2022
2025-07-14 12:53:23,888 - property_scraper - INFO - Downloading PDF from new tab...
2025-07-14 12:53:24,890 - property_scraper - INFO - Downloaded PDF: 5726-2022-IndexII_copy.pdf
2025-07-14 12:53:24,890 - property_scraper - INFO - Clicking on 'List No. 2' button for entry #2...
2025-07-14 12:53:25,690 - property_scraper - INFO - PDF opened in new tab: Doc Reg. No. PUN7-2059-2022
2025-07-14 12:53:25,691 - property_scraper - INFO - Downloading PDF from new tab...
2025-07-14 12:53:26,692 - property_scraper - INFO - Downloaded PDF: 2059-2022-IndexII_copy.pdf
2025-07-14 12:53:26,692 - property_scraper - INFO - Clicking on 'List No. 2' button for entry #3...
2025-07-14 12:53:27,493 - property_scraper - INFO - PDF opened in new tab: Doc Reg. No. AND8-5106-2022
2025-07-14 12:53:27,493 - property_scraper - INFO - Downloading PDF from new tab...
2025-07-14 12:53:28,495 - property_scraper - INFO - Downloaded PDF: 5106-2022-IndexII_copy.pdf
2025-07-14 12:53:28,495 - property_scraper - INFO - Clicking on 'List No. 2' button for entry #4...
2025-07-14 12:53:29,296 - property_scraper - INFO - PDF opened in new tab: Doc Reg. No. PUN7-2973-2022
2025-07-14 12:53:29,296 - property_scraper - INFO - Downloading PDF from new tab...
2025-07-14 12:53:30,298 - property_scraper - INFO - Downloaded PDF: 2973-2022-IndexII_copy.pdf
2025-07-14 12:53:30,298 - property_scraper - INFO - Clicking on 'List No. 2' button for entry #5...
2025-07-14 12:53:31,109 - property_scraper - INFO - PDF opened in new tab: Doc Reg. No. BRL4-2039-2022
2025-07-14 12:53:31,120 - property_scraper - INFO - Downloading PDF from new tab...
2025-07-14 12:53:32,130 - property_scraper - INFO - Downloaded PDF: 2039-2022-IndexII_copy.pdf
2025-07-14 12:53:32,130 - property_scraper - INFO - Successfully downloaded 5 PDFs from 'List No. 2' buttons
2025-07-14 12:53:32,130 - property_scraper - INFO - Successfully processed combination: 2022_Thane_Thane_Majiwada_5
2025-07-14 12:53:32,131 - property_scraper - INFO - Daily requests: 1/5
2025-07-14 12:53:32,131 - property_scraper - INFO - Waiting 6.81 seconds before next request...
2025-07-14 12:53:38,943 - property_scraper - INFO - Automatically selecting values from dropdowns...
2025-07-14 12:53:38,943 - property_scraper - INFO - Fetching options for dropdown 'year'...
2025-07-14 12:53:39,244 - property_scraper - INFO - Selected Year: 2022
2025-07-14 12:53:39,244 - property_scraper - INFO - Fetching options for dropdown 'district'...
2025-07-14 12:53:39,545 - property_scraper - INFO - Selected District: Mumbai
2025-07-14 12:53:39,545 - property_scraper - INFO - Fetching options for dropdown 'taluka'...
2025-07-14 12:53:39,846 - property_scraper - INFO - Selected Taluka: Mumbai City
2025-07-14 12:53:39,846 - property_scraper - INFO - Fetching options for dropdown 'village'...
2025-07-14 12:53:40,146 - property_scraper - INFO - Selected Village: Fort
2025-07-14 12:53:40,146 - property_scraper - INFO - Selected Document Number: 9
2025-07-14 12:53:40,146 - property_scraper - INFO - Processing combination: 2022_Mumbai_Mumbai City_Fort_9
2025-07-14 12:53:40,147 - property_scraper - INFO - Processing in DEMO MODE: Year=2022, District=Mumbai, Taluka=Mumbai City, Village=Fort, Doc#=9
2025-07-14 12:53:40,147 - property_scraper - INFO - Simulating navigation to https://pay2igr.igrmaharashtra.gov.in/eDisplay/Propertydetails/index
2025-07-14 12:53:40,649 - property_scraper - INFO - Simulating selecting Year: 2022
2025-07-14 12:53:40,649 - property_scraper - INFO - Simulating selecting District: Mumbai
2025-07-14 12:53:40,649 - property_scraper - INFO - Simulating selecting Taluka: Mumbai City
2025-07-14 12:53:40,649 - property_scraper - INFO - Simulating selecting Village: Fort
2025-07-14 12:53:40,650 - property_scraper - INFO - Simulating entering Document Number: 9
2025-07-14 12:53:40,650 - property_scraper - INFO - Simulating captcha solving...
2025-07-14 12:53:41,651 - property_scraper - INFO - Captcha solved: Q4H77E
2025-07-14 12:53:41,651 - property_scraper - INFO - Simulating clicking Search button...
2025-07-14 12:53:42,152 - property_scraper - INFO - Selecting 'All' entries per page from dropdown...
2025-07-14 12:53:42,653 - property_scraper - INFO - Page refreshed with All entries per page
2025-07-14 12:53:43,454 - property_scraper - INFO - Found 36 entries with 'List No. 2' buttons in the search results table
2025-07-14 12:53:43,454 - property_scraper - INFO - Note: In real-world usage with 'All' selected, this could be hundreds or thousands of entries
2025-07-14 12:53:43,455 - property_scraper - INFO - For demo purposes, downloading up to 5 PDFs out of 36 entries
2025-07-14 12:53:43,455 - property_scraper - INFO - Clicking on 'List No. 2' button for entry #1...
2025-07-14 12:53:44,256 - property_scraper - WARNING - Failed to open PDF for entry #1 in new tab. The link may be broken.
2025-07-14 12:53:44,256 - property_scraper - INFO - Clicking on 'List No. 2' button for entry #2...
2025-07-14 12:53:45,057 - property_scraper - WARNING - Failed to open PDF for entry #2 in new tab. The link may be broken.
2025-07-14 12:53:45,057 - property_scraper - INFO - Clicking on 'List No. 2' button for entry #3...
2025-07-14 12:53:45,858 - property_scraper - INFO - PDF opened in new tab: Doc Reg. No. NGP2-7803-2022
2025-07-14 12:53:45,858 - property_scraper - INFO - Downloading PDF from new tab...
2025-07-14 12:53:46,859 - property_scraper - INFO - Downloaded PDF: 7803-2022-IndexII_copy.pdf
2025-07-14 12:53:46,860 - property_scraper - INFO - Clicking on 'List No. 2' button for entry #4...
2025-07-14 12:53:47,661 - property_scraper - INFO - PDF opened in new tab: Doc Reg. No. AND7-2356-2022
2025-07-14 12:53:47,661 - property_scraper - INFO - Downloading PDF from new tab...
2025-07-14 12:53:48,662 - property_scraper - INFO - Downloaded PDF: 2356-2022-IndexII_copy.pdf
2025-07-14 12:53:48,662 - property_scraper - INFO - Clicking on 'List No. 2' button for entry #5...
2025-07-14 12:53:49,463 - property_scraper - INFO - PDF opened in new tab: Doc Reg. No. PUN7-6334-2022
2025-07-14 12:53:49,463 - property_scraper - INFO - Downloading PDF from new tab...
2025-07-14 12:53:50,465 - property_scraper - INFO - Downloaded PDF: 6334-2022-IndexII_copy.pdf
2025-07-14 12:53:50,466 - property_scraper - INFO - Successfully downloaded 3 PDFs from 'List No. 2' buttons
2025-07-14 12:53:50,466 - property_scraper - INFO - Successfully processed combination: 2022_Mumbai_Mumbai City_Fort_9
2025-07-14 12:53:50,466 - property_scraper - INFO - Daily requests: 2/5
2025-07-14 12:53:50,467 - property_scraper - INFO - Waiting 4.40 seconds before next request...
2025-07-14 12:53:54,864 - property_scraper - INFO - Automatically selecting values from dropdowns...
2025-07-14 12:53:54,864 - property_scraper - INFO - Fetching options for dropdown 'year'...
2025-07-14 12:53:55,165 - property_scraper - INFO - Selected Year: 2023
2025-07-14 12:53:55,165 - property_scraper - INFO - Fetching options for dropdown 'district'...
2025-07-14 12:53:55,467 - property_scraper - INFO - Selected District: Pune
2025-07-14 12:53:55,467 - property_scraper - INFO - Fetching options for dropdown 'taluka'...
2025-07-14 12:53:55,767 - property_scraper - INFO - Selected Taluka: Pune City
2025-07-14 12:53:55,767 - property_scraper - INFO - Fetching options for dropdown 'village'...
2025-07-14 12:53:56,075 - property_scraper - INFO - Selected Village: Shivajinagar
2025-07-14 12:53:56,081 - property_scraper - INFO - Selected Document Number: 9
2025-07-14 12:53:56,081 - property_scraper - INFO - Processing combination: 2023_Pune_Pune City_Shivajinagar_9
2025-07-14 12:53:56,082 - property_scraper - INFO - Processing in DEMO MODE: Year=2023, District=Pune, Taluka=Pune City, Village=Shivajinagar, Doc#=9
2025-07-14 12:53:56,083 - property_scraper - INFO - Simulating navigation to https://pay2igr.igrmaharashtra.gov.in/eDisplay/Propertydetails/index
2025-07-14 12:53:56,590 - property_scraper - INFO - Simulating selecting Year: 2023
2025-07-14 12:53:56,599 - property_scraper - INFO - Simulating selecting District: Pune
2025-07-14 12:53:56,600 - property_scraper - INFO - Simulating selecting Taluka: Pune City
2025-07-14 12:53:56,600 - property_scraper - INFO - Simulating selecting Village: Shivajinagar
2025-07-14 12:53:56,601 - property_scraper - INFO - Simulating entering Document Number: 9
2025-07-14 12:53:56,601 - property_scraper - INFO - Simulating captcha solving...
2025-07-14 12:53:57,606 - property_scraper - ERROR - Failed to solve captcha
2025-07-14 12:53:57,606 - property_scraper - ERROR - Failed to handle captcha. Retrying...
2025-07-14 12:53:57,606 - property_scraper - INFO - Simulating captcha solving...
2025-07-14 12:53:58,607 - property_scraper - INFO - Captcha solved: CDNCCT
2025-07-14 12:53:58,607 - property_scraper - INFO - Simulating clicking Search button...
2025-07-14 12:53:59,108 - property_scraper - INFO - Selecting 'All' entries per page from dropdown...
2025-07-14 12:53:59,608 - property_scraper - INFO - Page refreshed with All entries per page
2025-07-14 12:54:00,410 - property_scraper - INFO - Found 18 entries with 'List No. 2' buttons in the search results table
2025-07-14 12:54:00,410 - property_scraper - INFO - Note: In real-world usage with 'All' selected, this could be hundreds or thousands of entries
2025-07-14 12:54:00,410 - property_scraper - INFO - For demo purposes, downloading up to 5 PDFs out of 18 entries
2025-07-14 12:54:00,410 - property_scraper - INFO - Clicking on 'List No. 2' button for entry #1...
2025-07-14 12:54:01,211 - property_scraper - INFO - PDF opened in new tab: Doc Reg. No. NGP8-3392-2023
2025-07-14 12:54:01,211 - property_scraper - INFO - Downloading PDF from new tab...
2025-07-14 12:54:02,213 - property_scraper - INFO - Downloaded PDF: 3392-2023-IndexII_copy.pdf
2025-07-14 12:54:02,213 - property_scraper - INFO - Clicking on 'List No. 2' button for entry #2...
2025-07-14 12:54:03,014 - property_scraper - INFO - PDF opened in new tab: Doc Reg. No. NGP7-2603-2023
2025-07-14 12:54:03,014 - property_scraper - INFO - Downloading PDF from new tab...
2025-07-14 12:54:04,029 - property_scraper - INFO - Downloaded PDF: 2603-2023-IndexII_copy.pdf
2025-07-14 12:54:04,030 - property_scraper - INFO - Clicking on 'List No. 2' button for entry #3...
2025-07-14 12:54:04,831 - property_scraper - INFO - PDF opened in new tab: Doc Reg. No. PUN1-8401-2023
2025-07-14 12:54:04,831 - property_scraper - INFO - Downloading PDF from new tab...
2025-07-14 12:54:05,833 - property_scraper - INFO - Downloaded PDF: 8401-2023-IndexII_copy.pdf
2025-07-14 12:54:05,833 - property_scraper - INFO - Clicking on 'List No. 2' button for entry #4...
2025-07-14 12:54:06,635 - property_scraper - INFO - PDF opened in new tab: Doc Reg. No. NGP8-5184-2023
2025-07-14 12:54:06,635 - property_scraper - INFO - Downloading PDF from new tab...
2025-07-14 12:54:07,636 - property_scraper - INFO - Downloaded PDF: 5184-2023-IndexII_copy.pdf
2025-07-14 12:54:07,637 - property_scraper - INFO - Clicking on 'List No. 2' button for entry #5...
2025-07-14 12:54:08,440 - property_scraper - INFO - PDF opened in new tab: Doc Reg. No. NGP5-3499-2023
2025-07-14 12:54:08,442 - property_scraper - INFO - Downloading PDF from new tab...
2025-07-14 12:54:09,444 - property_scraper - INFO - Downloaded PDF: 3499-2023-IndexII_copy.pdf
2025-07-14 12:54:09,445 - property_scraper - INFO - Successfully downloaded 5 PDFs from 'List No. 2' buttons
2025-07-14 12:54:09,446 - property_scraper - INFO - Successfully processed combination: 2023_Pune_Pune City_Shivajinagar_9
2025-07-14 12:54:09,446 - property_scraper - INFO - Daily requests: 3/5
2025-07-14 12:54:09,447 - property_scraper - INFO - Waiting 6.80 seconds before next request...
2025-07-14 12:54:16,250 - property_scraper - INFO - Automatically selecting values from dropdowns...
2025-07-14 12:54:16,250 - property_scraper - INFO - Fetching options for dropdown 'year'...
2025-07-14 12:54:16,551 - property_scraper - INFO - Selected Year: 2023
2025-07-14 12:54:16,551 - property_scraper - INFO - Fetching options for dropdown 'district'...
2025-07-14 12:54:16,852 - property_scraper - INFO - Selected District: Mumbai
2025-07-14 12:54:16,852 - property_scraper - INFO - Fetching options for dropdown 'taluka'...
2025-07-14 12:54:17,153 - property_scraper - INFO - Selected Taluka: Mumbai City
2025-07-14 12:54:17,153 - property_scraper - INFO - Fetching options for dropdown 'village'...
2025-07-14 12:54:17,455 - property_scraper - INFO - Selected Village: Fort
2025-07-14 12:54:17,455 - property_scraper - INFO - Selected Document Number: 4
2025-07-14 12:54:17,455 - property_scraper - INFO - Processing combination: 2023_Mumbai_Mumbai City_Fort_4
2025-07-14 12:54:17,456 - property_scraper - INFO - Processing in DEMO MODE: Year=2023, District=Mumbai, Taluka=Mumbai City, Village=Fort, Doc#=4
2025-07-14 12:54:17,457 - property_scraper - INFO - Simulating navigation to https://pay2igr.igrmaharashtra.gov.in/eDisplay/Propertydetails/index
2025-07-14 12:54:17,958 - property_scraper - INFO - Simulating selecting Year: 2023
2025-07-14 12:54:17,958 - property_scraper - INFO - Simulating selecting District: Mumbai
2025-07-14 12:54:17,958 - property_scraper - INFO - Simulating selecting Taluka: Mumbai City
2025-07-14 12:54:17,958 - property_scraper - INFO - Simulating selecting Village: Fort
2025-07-14 12:54:17,959 - property_scraper - INFO - Simulating entering Document Number: 4
2025-07-14 12:54:17,959 - property_scraper - INFO - Simulating captcha solving...
2025-07-14 12:54:18,960 - property_scraper - INFO - Captcha solved: ANGQSH
2025-07-14 12:54:18,960 - property_scraper - INFO - Simulating clicking Search button...
2025-07-14 12:54:19,461 - property_scraper - INFO - Selecting 'All' entries per page from dropdown...
2025-07-14 12:54:19,962 - property_scraper - INFO - Page refreshed with All entries per page
2025-07-14 12:54:20,763 - property_scraper - INFO - Found 40 entries with 'List No. 2' buttons in the search results table
2025-07-14 12:54:20,763 - property_scraper - INFO - Note: In real-world usage with 'All' selected, this could be hundreds or thousands of entries
2025-07-14 12:54:20,763 - property_scraper - INFO - For demo purposes, downloading up to 5 PDFs out of 40 entries
2025-07-14 12:54:20,763 - property_scraper - INFO - Clicking on 'List No. 2' button for entry #1...
2025-07-14 12:54:21,564 - property_scraper - INFO - PDF opened in new tab: Doc Reg. No. BRL6-3524-2023
2025-07-14 12:54:21,564 - property_scraper - INFO - Downloading PDF from new tab...
2025-07-14 12:54:22,566 - property_scraper - INFO - Downloaded PDF: 3524-2023-IndexII_copy.pdf
2025-07-14 12:54:22,566 - property_scraper - INFO - Clicking on 'List No. 2' button for entry #2...
2025-07-14 12:54:23,367 - property_scraper - INFO - PDF opened in new tab: Doc Reg. No. PUN4-5579-2023
2025-07-14 12:54:23,367 - property_scraper - INFO - Downloading PDF from new tab...
2025-07-14 12:54:24,368 - property_scraper - INFO - Downloaded PDF: 5579-2023-IndexII_copy.pdf
2025-07-14 12:54:24,369 - property_scraper - INFO - Clicking on 'List No. 2' button for entry #3...
2025-07-14 12:54:25,170 - property_scraper - INFO - PDF opened in new tab: Doc Reg. No. BRL6-9868-2023
2025-07-14 12:54:25,170 - property_scraper - INFO - Downloading PDF from new tab...
2025-07-14 12:54:26,171 - property_scraper - INFO - Downloaded PDF: 9868-2023-IndexII_copy.pdf
2025-07-14 12:54:26,172 - property_scraper - INFO - Clicking on 'List No. 2' button for entry #4...
2025-07-14 12:54:26,973 - property_scraper - WARNING - Failed to open PDF for entry #4 in new tab. The link may be broken.
2025-07-14 12:54:26,973 - property_scraper - INFO - Clicking on 'List No. 2' button for entry #5...
2025-07-14 12:54:27,774 - property_scraper - WARNING - Failed to open PDF for entry #5 in new tab. The link may be broken.
2025-07-14 12:54:27,774 - property_scraper - INFO - Successfully downloaded 3 PDFs from 'List No. 2' buttons
2025-07-14 12:54:27,775 - property_scraper - INFO - Successfully processed combination: 2023_Mumbai_Mumbai City_Fort_4
2025-07-14 12:54:27,775 - property_scraper - INFO - Daily requests: 4/5
2025-07-14 12:54:27,775 - property_scraper - INFO - Waiting 4.80 seconds before next request...
2025-07-14 12:54:32,581 - property_scraper - INFO - Automatically selecting values from dropdowns...
2025-07-14 12:54:32,581 - property_scraper - INFO - Fetching options for dropdown 'year'...
2025-07-14 12:54:32,882 - property_scraper - INFO - Selected Year: 2022
2025-07-14 12:54:32,882 - property_scraper - INFO - Fetching options for dropdown 'district'...
2025-07-14 12:54:33,183 - property_scraper - INFO - Selected District: Nagpur
2025-07-14 12:54:33,183 - property_scraper - INFO - Fetching options for dropdown 'taluka'...
2025-07-14 12:54:33,485 - property_scraper - INFO - Selected Taluka: Nagpur Urban
2025-07-14 12:54:33,485 - property_scraper - INFO - Fetching options for dropdown 'village'...
2025-07-14 12:54:33,786 - property_scraper - INFO - Selected Village: Sadar
2025-07-14 12:54:33,786 - property_scraper - INFO - Selected Document Number: 3
2025-07-14 12:54:33,786 - property_scraper - INFO - Processing combination: 2022_Nagpur_Nagpur Urban_Sadar_3
2025-07-14 12:54:33,788 - property_scraper - INFO - Processing in DEMO MODE: Year=2022, District=Nagpur, Taluka=Nagpur Urban, Village=Sadar, Doc#=3
2025-07-14 12:54:33,788 - property_scraper - INFO - Simulating navigation to https://pay2igr.igrmaharashtra.gov.in/eDisplay/Propertydetails/index
2025-07-14 12:54:34,290 - property_scraper - INFO - Simulating selecting Year: 2022
2025-07-14 12:54:34,290 - property_scraper - INFO - Simulating selecting District: Nagpur
2025-07-14 12:54:34,290 - property_scraper - INFO - Simulating selecting Taluka: Nagpur Urban
2025-07-14 12:54:34,291 - property_scraper - INFO - Simulating selecting Village: Sadar
2025-07-14 12:54:34,291 - property_scraper - INFO - Simulating entering Document Number: 3
2025-07-14 12:54:34,292 - property_scraper - INFO - Simulating captcha solving...
2025-07-14 12:54:35,292 - property_scraper - INFO - Captcha solved: 02QYHC
2025-07-14 12:54:35,292 - property_scraper - INFO - Simulating clicking Search button...
2025-07-14 12:54:35,793 - property_scraper - INFO - Selecting 'All' entries per page from dropdown...
2025-07-14 12:54:36,294 - property_scraper - INFO - Page refreshed with All entries per page
2025-07-14 12:54:37,095 - property_scraper - INFO - Found 48 entries with 'List No. 2' buttons in the search results table
2025-07-14 12:54:37,095 - property_scraper - INFO - Note: In real-world usage with 'All' selected, this could be hundreds or thousands of entries
2025-07-14 12:54:37,095 - property_scraper - INFO - For demo purposes, downloading up to 5 PDFs out of 48 entries
2025-07-14 12:54:37,095 - property_scraper - INFO - Clicking on 'List No. 2' button for entry #1...
2025-07-14 12:54:37,897 - property_scraper - INFO - PDF opened in new tab: Doc Reg. No. BRL8-5548-2022
2025-07-14 12:54:37,897 - property_scraper - INFO - Downloading PDF from new tab...
2025-07-14 12:54:38,907 - property_scraper - INFO - Downloaded PDF: 5548-2022-IndexII_copy.pdf
2025-07-14 12:54:38,907 - property_scraper - INFO - Clicking on 'List No. 2' button for entry #2...
2025-07-14 12:54:39,708 - property_scraper - WARNING - Failed to open PDF for entry #2 in new tab. The link may be broken.
2025-07-14 12:54:39,708 - property_scraper - INFO - Clicking on 'List No. 2' button for entry #3...
2025-07-14 12:54:40,510 - property_scraper - INFO - PDF opened in new tab: Doc Reg. No. THN5-7591-2022
2025-07-14 12:54:40,510 - property_scraper - INFO - Downloading PDF from new tab...
2025-07-14 12:54:41,511 - property_scraper - INFO - Downloaded PDF: 7591-2022-IndexII_copy.pdf
2025-07-14 12:54:41,512 - property_scraper - INFO - Clicking on 'List No. 2' button for entry #4...
2025-07-14 12:54:42,313 - property_scraper - WARNING - Failed to open PDF for entry #4 in new tab. The link may be broken.
2025-07-14 12:54:42,313 - property_scraper - INFO - Clicking on 'List No. 2' button for entry #5...
2025-07-14 12:54:43,114 - property_scraper - WARNING - Failed to open PDF for entry #5 in new tab. The link may be broken.
2025-07-14 12:54:43,114 - property_scraper - INFO - Successfully downloaded 2 PDFs from 'List No. 2' buttons
2025-07-14 12:54:43,114 - property_scraper - INFO - Successfully processed combination: 2022_Nagpur_Nagpur Urban_Sadar_3
2025-07-14 12:54:43,115 - property_scraper - INFO - Daily requests: 5/5
2025-07-14 12:54:43,115 - property_scraper - INFO - Waiting 3.73 seconds before next request...
2025-07-14 12:54:46,845 - property_scraper - INFO - Demo scraper completed.
