2025-07-21 16:38:17,034 - property_scraper - INFO - Instance ID: local_bfa7307b
2025-07-21 16:38:17,034 - property_scraper - INFO - Tesseract path set to: C:\Program Files\Tesseract-OCR\tesseract.exe
2025-07-21 16:38:17,034 - property_scraper - INFO - Running in normal mode
2025-07-21 16:38:17,034 - property_scraper - INFO - Starting property scraper...
2025-07-21 16:38:17,034 - property_scraper - INFO - Instance ID: local_bfa7307b
2025-07-21 16:38:17,034 - property_scraper - INFO - Setting up Chrome WebDriver...
2025-07-21 16:38:17,191 - property_scraper - INFO - Using user agent: Mozilla/5.0 (Macintosh; Intel Mac OS X 10_15_7) AppleWebKit/605.1.15 (KHTML, like Gecko) Version/14.1.1 Safari/605.1.15
2025-07-21 16:38:17,192 - property_scraper - INFO - Creating Chrome driver using undetected_chromedriver with enhanced settings
2025-07-21 16:38:18,540 - property_scraper - INFO - Chrome WebDriver set up successfully
2025-07-21 16:38:18,542 - property_scraper - INFO - Navigating to https://pay2igr.igrmaharashtra.gov.in/eDisplay/Propertydetails/index
2025-07-21 16:38:25,453 - property_scraper - INFO - Saved initial page screenshot to captcha_debug/initial_page_1753096105.png
2025-07-21 16:38:26,675 - property_scraper - INFO - Looking for available tasks...
2025-07-21 16:38:26,675 - property_scraper - INFO - No current task to continue. Need to get dropdown options from website.
2025-07-21 16:38:26,675 - property_scraper - INFO - No available tasks found. Getting dropdown options from website...
2025-07-21 16:38:26,921 - property_scraper - INFO - Saved screenshot before dropdown interactions: dropdown_debug/before_dropdowns_1753096106.png
2025-07-21 16:38:35,733 - property_scraper - ERROR - Could not find year dropdown
2025-07-21 16:38:35,734 - property_scraper - ERROR - Error in main run loop: Message: invalid session id
Stacktrace:
	GetHandleVerifier [0x0x4244a3+62419]
	GetHandleVerifier [0x0x4244e4+62484]
	(No symbol) [0x0x261f90]
	(No symbol) [0x0x29db48]
	(No symbol) [0x0x2cf326]
	(No symbol) [0x0x2caf15]
	(No symbol) [0x0x2ca496]
	(No symbol) [0x0x233a45]
	(No symbol) [0x0x233f9e]
	(No symbol) [0x0x23442d]
	GetHandleVerifier [0x0x694793+2619075]
	GetHandleVerifier [0x0x68fbaa+2599642]
	GetHandleVerifier [0x0x44b04a+221050]
	GetHandleVerifier [0x0x43b2c8+156152]
	GetHandleVerifier [0x0x441c7d+183213]
	(No symbol) [0x0x233710]
	(No symbol) [0x0x232f1d]
	GetHandleVerifier [0x0x7c8aec+3881500]
	BaseThreadInitThunk [0x0x768ffcc9+25]
	RtlGetAppContainerNamedObjectPath [0x0x771582ae+286]
	RtlGetAppContainerNamedObjectPath [0x0x7715827e+238]

2025-07-21 16:38:36,136 - uc - INFO - ensuring close
