2025-07-22 13:03:02,791 - property_scraper - INFO - Instance ID: local_22aa9e0b
2025-07-22 13:03:02,791 - property_scraper - INFO - Tesseract path set to: C:\Program Files\Tesseract-OCR\tesseract.exe
2025-07-22 13:03:02,792 - property_scraper - INFO - Running property scraper
2025-07-22 13:03:02,793 - property_scraper - INFO - Starting property scraper...
2025-07-22 13:03:02,793 - property_scraper - INFO - Instance ID: local_22aa9e0b
2025-07-22 13:03:02,793 - property_scraper - INFO - Setting up Chrome WebDriver...
2025-07-22 13:03:02,924 - property_scraper - INFO - Using user agent: Mozilla/5.0 (Windows NT 10.0; Win64; x64) AppleWebKit/537.36 (KHTML, like Gecko) Chrome/92.0.4515.107 Safari/537.36 Edg/92.0.902.55
2025-07-22 13:03:02,925 - property_scraper - INFO - Creating Chrome driver using undetected_chromedriver with enhanced settings
2025-07-22 13:03:04,354 - property_scraper - INFO - Chrome WebDriver set up successfully
2025-07-22 13:03:04,356 - property_scraper - INFO - Navigating to https://pay2igr.igrmaharashtra.gov.in/eDisplay/Propertydetails/index
2025-07-22 13:03:10,796 - property_scraper - INFO - Saved initial page screenshot to captcha_debug/initial_page_1753169590.png
2025-07-22 13:03:11,816 - property_scraper - INFO - Looking for available tasks...
2025-07-22 13:03:11,817 - property_scraper - INFO - No current task to continue. Need to get dropdown options from website.
2025-07-22 13:03:11,817 - property_scraper - INFO - No available tasks found. Getting dropdown options from website...
2025-07-22 13:03:11,977 - property_scraper - INFO - Saved screenshot before dropdown interactions: dropdown_debug/before_dropdowns_1753169591.png
2025-07-22 13:03:23,142 - property_scraper - INFO - Selected Year: 1988
2025-07-22 13:03:26,399 - property_scraper - INFO - Saved screenshot after year selection: dropdown_debug/after_year_1753169606.png
2025-07-22 13:03:37,632 - property_scraper - INFO - Selected District: मुंबई
2025-07-22 13:03:40,880 - property_scraper - INFO - Saved screenshot after district selection: dropdown_debug/after_district_1753169620.png
2025-07-22 13:03:51,476 - property_scraper - INFO - Selected Taluka: Mumbai
2025-07-22 13:03:54,708 - property_scraper - INFO - Saved screenshot after taluka selection: dropdown_debug/after_taluka_1753169634.png
2025-07-22 13:04:07,509 - property_scraper - INFO - Selected Village: साकी
2025-07-22 13:04:10,762 - property_scraper - INFO - Saved screenshot after village selection: dropdown_debug/after_village_1753169650.png
2025-07-22 13:04:10,763 - property_scraper - INFO - Processing combination: 1988_मुंबई_Mumbai_साकी_3
2025-07-22 13:04:10,763 - property_scraper - INFO - Processing: Year=1988, District=मुंबई, Taluka=Mumbai, Village=साकी, Doc#=3
2025-07-22 13:04:10,764 - property_scraper - INFO - Getting current dropdown selections
2025-07-22 13:04:10,783 - property_scraper - INFO - Current dropdown selections: {'year': None, 'district': None, 'taluka': None, 'village': None}
2025-07-22 13:04:10,783 - property_scraper - INFO - Need to select year: 1988 (current: None)
2025-07-22 13:04:10,783 - property_scraper - INFO - Need to select district: मुंबई (current: None)
2025-07-22 13:04:10,783 - property_scraper - INFO - Need to select taluka: Mumbai (current: None)
2025-07-22 13:04:10,784 - property_scraper - INFO - Need to select village: साकी (current: None)
2025-07-22 13:04:10,784 - property_scraper - INFO - Some dropdown selections need to be updated. Navigating to main page...
2025-07-22 13:04:15,678 - property_scraper - INFO - Selecting '1988' from dropdown 'year'
2025-07-22 13:04:15,832 - property_scraper - INFO - Saved screenshot before dropdown interaction: dropdown_debug/before_year_1753169655.png
2025-07-22 13:04:15,833 - property_scraper - INFO - Using special handling for year dropdown
2025-07-22 13:04:15,833 - property_scraper - INFO - Using specialized year selection method for year: 1988
2025-07-22 13:04:15,833 - property_scraper - INFO - Approach 1: Direct XPath selection
2025-07-22 13:04:26,377 - property_scraper - WARNING - Approach 1 failed: Message: 
Stacktrace:
	GetHandleVerifier [0x0x4244a3+62419]
	GetHandleVerifier [0x0x4244e4+62484]
	(No symbol) [0x0x262133]
	(No symbol) [0x0x2aa8fe]
	(No symbol) [0x0x2aac9b]
	(No symbol) [0x0x2f3052]
	(No symbol) [0x0x2cf4b4]
	(No symbol) [0x0x2f087a]
	(No symbol) [0x0x2cf266]
	(No symbol) [0x0x29e852]
	(No symbol) [0x0x29f6f4]
	GetHandleVerifier [0x0x694793+2619075]
	GetHandleVerifier [0x0x68fbaa+2599642]
	GetHandleVerifier [0x0x44b04a+221050]
	GetHandleVerifier [0x0x43b2c8+156152]
	GetHandleVerifier [0x0x441c7d+183213]
	GetHandleVerifier [0x0x42c388+94904]
	GetHandleVerifier [0x0x42c512+95298]
	GetHandleVerifier [0x0x41766a+9626]
	BaseThreadInitThunk [0x0x768ffcc9+25]
	RtlGetAppContainerNamedObjectPath [0x0x771582ae+286]
	RtlGetAppContainerNamedObjectPath [0x0x7715827e+238]

2025-07-22 13:04:26,378 - property_scraper - INFO - Approach 2: Select class with explicit wait
2025-07-22 13:04:36,906 - property_scraper - WARNING - Approach 2 failed: Message: 
Stacktrace:
	GetHandleVerifier [0x0x4244a3+62419]
	GetHandleVerifier [0x0x4244e4+62484]
	(No symbol) [0x0x262133]
	(No symbol) [0x0x2aa8fe]
	(No symbol) [0x0x2aac9b]
	(No symbol) [0x0x2f3052]
	(No symbol) [0x0x2cf4b4]
	(No symbol) [0x0x2f087a]
	(No symbol) [0x0x2cf266]
	(No symbol) [0x0x29e852]
	(No symbol) [0x0x29f6f4]
	GetHandleVerifier [0x0x694793+2619075]
	GetHandleVerifier [0x0x68fbaa+2599642]
	GetHandleVerifier [0x0x44b04a+221050]
	GetHandleVerifier [0x0x43b2c8+156152]
	GetHandleVerifier [0x0x441c7d+183213]
	GetHandleVerifier [0x0x42c388+94904]
	GetHandleVerifier [0x0x42c512+95298]
	GetHandleVerifier [0x0x41766a+9626]
	BaseThreadInitThunk [0x0x768ffcc9+25]
	RtlGetAppContainerNamedObjectPath [0x0x771582ae+286]
	RtlGetAppContainerNamedObjectPath [0x0x7715827e+238]

2025-07-22 13:04:36,907 - property_scraper - INFO - Approach 3: Pure JavaScript approach
2025-07-22 13:04:36,915 - property_scraper - WARNING - Approach 3 failed: Message: javascript error: Cannot read properties of null (reading 'options')
  (Session info: chrome=138.0.7204.158)
Stacktrace:
	GetHandleVerifier [0x0x4244a3+62419]
	GetHandleVerifier [0x0x4244e4+62484]
	(No symbol) [0x0x262133]
	(No symbol) [0x0x268909]
	(No symbol) [0x0x26aec3]
	(No symbol) [0x0x2f1874]
	(No symbol) [0x0x2cf46c]
	(No symbol) [0x0x2f087a]
	(No symbol) [0x0x2cf266]
	(No symbol) [0x0x29e852]
	(No symbol) [0x0x29f6f4]
	GetHandleVerifier [0x0x694793+2619075]
	GetHandleVerifier [0x0x68fbaa+2599642]
	GetHandleVerifier [0x0x44b04a+221050]
	GetHandleVerifier [0x0x43b2c8+156152]
	GetHandleVerifier [0x0x441c7d+183213]
	GetHandleVerifier [0x0x42c388+94904]
	GetHandleVerifier [0x0x42c512+95298]
	GetHandleVerifier [0x0x41766a+9626]
	BaseThreadInitThunk [0x0x768ffcc9+25]
	RtlGetAppContainerNamedObjectPath [0x0x771582ae+286]
	RtlGetAppContainerNamedObjectPath [0x0x7715827e+238]

2025-07-22 13:04:36,917 - property_scraper - INFO - Approach 4: ActionChains approach
2025-07-22 13:04:47,451 - property_scraper - WARNING - Approach 4 failed: Message: 
Stacktrace:
	GetHandleVerifier [0x0x4244a3+62419]
	GetHandleVerifier [0x0x4244e4+62484]
	(No symbol) [0x0x262133]
	(No symbol) [0x0x2aa8fe]
	(No symbol) [0x0x2aac9b]
	(No symbol) [0x0x2f3052]
	(No symbol) [0x0x2cf4b4]
	(No symbol) [0x0x2f087a]
	(No symbol) [0x0x2cf266]
	(No symbol) [0x0x29e852]
	(No symbol) [0x0x29f6f4]
	GetHandleVerifier [0x0x694793+2619075]
	GetHandleVerifier [0x0x68fbaa+2599642]
	GetHandleVerifier [0x0x44b04a+221050]
	GetHandleVerifier [0x0x43b2c8+156152]
	GetHandleVerifier [0x0x441c7d+183213]
	GetHandleVerifier [0x0x42c388+94904]
	GetHandleVerifier [0x0x42c512+95298]
	GetHandleVerifier [0x0x41766a+9626]
	BaseThreadInitThunk [0x0x768ffcc9+25]
	RtlGetAppContainerNamedObjectPath [0x0x771582ae+286]
	RtlGetAppContainerNamedObjectPath [0x0x7715827e+238]

2025-07-22 13:04:47,453 - property_scraper - ERROR - All specialized year selection approaches failed
2025-07-22 13:04:47,453 - property_scraper - WARNING - Special year handling failed, falling back to standard methods
2025-07-22 13:05:08,535 - property_scraper - ERROR - Error selecting option '1988' from dropdown 'year': Message: 
Stacktrace:
	GetHandleVerifier [0x0x4244a3+62419]
	GetHandleVerifier [0x0x4244e4+62484]
	(No symbol) [0x0x262133]
	(No symbol) [0x0x2aa8fe]
	(No symbol) [0x0x2aac9b]
	(No symbol) [0x0x2f3052]
	(No symbol) [0x0x2cf4b4]
	(No symbol) [0x0x2f087a]
	(No symbol) [0x0x2cf266]
	(No symbol) [0x0x29e852]
	(No symbol) [0x0x29f6f4]
	GetHandleVerifier [0x0x694793+2619075]
	GetHandleVerifier [0x0x68fbaa+2599642]
	GetHandleVerifier [0x0x44b04a+221050]
	GetHandleVerifier [0x0x43b2c8+156152]
	GetHandleVerifier [0x0x441c7d+183213]
	GetHandleVerifier [0x0x42c388+94904]
	GetHandleVerifier [0x0x42c512+95298]
	GetHandleVerifier [0x0x41766a+9626]
	BaseThreadInitThunk [0x0x768ffcc9+25]
	RtlGetAppContainerNamedObjectPath [0x0x771582ae+286]
	RtlGetAppContainerNamedObjectPath [0x0x7715827e+238]

2025-07-22 13:05:08,536 - property_scraper - INFO - Attempting last-resort approach for year dropdown
2025-07-22 13:05:11,543 - property_scraper - INFO - Last-resort year selection attempt completed
2025-07-22 13:05:11,673 - property_scraper - INFO - Saved screenshot after last resort attempt: dropdown_debug/last_resort_year_1753169711.png
2025-07-22 13:05:13,674 - property_scraper - INFO - Selecting 'मुंबई' from dropdown 'district'
2025-07-22 13:05:13,804 - property_scraper - INFO - Saved screenshot before dropdown interaction: dropdown_debug/before_district_1753169713.png
2025-07-22 13:05:34,890 - property_scraper - ERROR - Error selecting option 'मुंबई' from dropdown 'district': Message: 
Stacktrace:
	GetHandleVerifier [0x0x4244a3+62419]
	GetHandleVerifier [0x0x4244e4+62484]
	(No symbol) [0x0x262133]
	(No symbol) [0x0x2aa8fe]
	(No symbol) [0x0x2aac9b]
	(No symbol) [0x0x2f3052]
	(No symbol) [0x0x2cf4b4]
	(No symbol) [0x0x2f087a]
	(No symbol) [0x0x2cf266]
	(No symbol) [0x0x29e852]
	(No symbol) [0x0x29f6f4]
	GetHandleVerifier [0x0x694793+2619075]
	GetHandleVerifier [0x0x68fbaa+2599642]
	GetHandleVerifier [0x0x44b04a+221050]
	GetHandleVerifier [0x0x43b2c8+156152]
	GetHandleVerifier [0x0x441c7d+183213]
	GetHandleVerifier [0x0x42c388+94904]
	GetHandleVerifier [0x0x42c512+95298]
	GetHandleVerifier [0x0x41766a+9626]
	BaseThreadInitThunk [0x0x768ffcc9+25]
	RtlGetAppContainerNamedObjectPath [0x0x771582ae+286]
	RtlGetAppContainerNamedObjectPath [0x0x7715827e+238]

2025-07-22 13:05:34,892 - property_scraper - ERROR - Failed to select district: मुंबई
2025-07-22 13:05:34,892 - property_scraper - INFO - Retrying with a new session...
2025-07-22 13:05:34,893 - property_scraper - INFO - Processing: Year=1988, District=मुंबई, Taluka=Mumbai, Village=साकी, Doc#=3
2025-07-22 13:05:34,894 - property_scraper - INFO - Getting current dropdown selections
2025-07-22 13:05:34,913 - property_scraper - INFO - Current dropdown selections: {'year': None, 'district': None, 'taluka': None, 'village': None}
2025-07-22 13:05:34,914 - property_scraper - INFO - Need to select year: 1988 (current: None)
2025-07-22 13:05:34,914 - property_scraper - INFO - Need to select district: मुंबई (current: None)
2025-07-22 13:05:34,914 - property_scraper - INFO - Need to select taluka: Mumbai (current: None)
2025-07-22 13:05:34,914 - property_scraper - INFO - Need to select village: साकी (current: None)
2025-07-22 13:05:34,914 - property_scraper - INFO - Some dropdown selections need to be updated. Navigating to main page...
2025-07-22 13:05:39,045 - property_scraper - INFO - Selecting '1988' from dropdown 'year'
2025-07-22 13:05:39,194 - property_scraper - INFO - Saved screenshot before dropdown interaction: dropdown_debug/before_year_1753169739.png
2025-07-22 13:05:39,195 - property_scraper - INFO - Using special handling for year dropdown
2025-07-22 13:05:39,195 - property_scraper - INFO - Using specialized year selection method for year: 1988
2025-07-22 13:05:39,195 - property_scraper - INFO - Approach 1: Direct XPath selection
2025-07-22 13:05:49,746 - property_scraper - WARNING - Approach 1 failed: Message: 
Stacktrace:
	GetHandleVerifier [0x0x4244a3+62419]
	GetHandleVerifier [0x0x4244e4+62484]
	(No symbol) [0x0x262133]
	(No symbol) [0x0x2aa8fe]
	(No symbol) [0x0x2aac9b]
	(No symbol) [0x0x2f3052]
	(No symbol) [0x0x2cf4b4]
	(No symbol) [0x0x2f087a]
	(No symbol) [0x0x2cf266]
	(No symbol) [0x0x29e852]
	(No symbol) [0x0x29f6f4]
	GetHandleVerifier [0x0x694793+2619075]
	GetHandleVerifier [0x0x68fbaa+2599642]
	GetHandleVerifier [0x0x44b04a+221050]
	GetHandleVerifier [0x0x43b2c8+156152]
	GetHandleVerifier [0x0x441c7d+183213]
	GetHandleVerifier [0x0x42c388+94904]
	GetHandleVerifier [0x0x42c512+95298]
	GetHandleVerifier [0x0x41766a+9626]
	BaseThreadInitThunk [0x0x768ffcc9+25]
	RtlGetAppContainerNamedObjectPath [0x0x771582ae+286]
	RtlGetAppContainerNamedObjectPath [0x0x7715827e+238]

2025-07-22 13:05:49,748 - property_scraper - INFO - Approach 2: Select class with explicit wait
2025-07-22 13:06:00,263 - property_scraper - WARNING - Approach 2 failed: Message: 
Stacktrace:
	GetHandleVerifier [0x0x4244a3+62419]
	GetHandleVerifier [0x0x4244e4+62484]
	(No symbol) [0x0x262133]
	(No symbol) [0x0x2aa8fe]
	(No symbol) [0x0x2aac9b]
	(No symbol) [0x0x2f3052]
	(No symbol) [0x0x2cf4b4]
	(No symbol) [0x0x2f087a]
	(No symbol) [0x0x2cf266]
	(No symbol) [0x0x29e852]
	(No symbol) [0x0x29f6f4]
	GetHandleVerifier [0x0x694793+2619075]
	GetHandleVerifier [0x0x68fbaa+2599642]
	GetHandleVerifier [0x0x44b04a+221050]
	GetHandleVerifier [0x0x43b2c8+156152]
	GetHandleVerifier [0x0x441c7d+183213]
	GetHandleVerifier [0x0x42c388+94904]
	GetHandleVerifier [0x0x42c512+95298]
	GetHandleVerifier [0x0x41766a+9626]
	BaseThreadInitThunk [0x0x768ffcc9+25]
	RtlGetAppContainerNamedObjectPath [0x0x771582ae+286]
	RtlGetAppContainerNamedObjectPath [0x0x7715827e+238]

2025-07-22 13:06:00,263 - property_scraper - INFO - Approach 3: Pure JavaScript approach
2025-07-22 13:06:00,270 - property_scraper - WARNING - Approach 3 failed: Message: javascript error: Cannot read properties of null (reading 'options')
  (Session info: chrome=138.0.7204.158)
Stacktrace:
	GetHandleVerifier [0x0x4244a3+62419]
	GetHandleVerifier [0x0x4244e4+62484]
	(No symbol) [0x0x262133]
	(No symbol) [0x0x268909]
	(No symbol) [0x0x26aec3]
	(No symbol) [0x0x2f1874]
	(No symbol) [0x0x2cf46c]
	(No symbol) [0x0x2f087a]
	(No symbol) [0x0x2cf266]
	(No symbol) [0x0x29e852]
	(No symbol) [0x0x29f6f4]
	GetHandleVerifier [0x0x694793+2619075]
	GetHandleVerifier [0x0x68fbaa+2599642]
	GetHandleVerifier [0x0x44b04a+221050]
	GetHandleVerifier [0x0x43b2c8+156152]
	GetHandleVerifier [0x0x441c7d+183213]
	GetHandleVerifier [0x0x42c388+94904]
	GetHandleVerifier [0x0x42c512+95298]
	GetHandleVerifier [0x0x41766a+9626]
	BaseThreadInitThunk [0x0x768ffcc9+25]
	RtlGetAppContainerNamedObjectPath [0x0x771582ae+286]
	RtlGetAppContainerNamedObjectPath [0x0x7715827e+238]

2025-07-22 13:06:00,271 - property_scraper - INFO - Approach 4: ActionChains approach
2025-07-22 13:06:11,175 - uc - INFO - ensuring close
