2025-07-14 12:38:10,151 - property_scraper - INFO - Starting property scraper with automated dropdown selection...
2025-07-14 12:38:10,151 - property_scraper - INFO - Using DEMO MODE for reliable operation.
2025-07-14 12:38:10,152 - property_scraper - INFO - Starting property scraper in DEMO MODE with automatic dropdown selection...
2025-07-14 12:38:10,152 - property_scraper - INFO - Automatically selecting values from dropdowns...
2025-07-14 12:38:10,152 - property_scraper - INFO - Fetching options for dropdown 'year'...
2025-07-14 12:38:10,454 - property_scraper - INFO - Selected Year: 2024
2025-07-14 12:38:10,454 - property_scraper - INFO - Fetching options for dropdown 'district'...
2025-07-14 12:38:10,755 - property_scraper - INFO - Selected District: Pune
2025-07-14 12:38:10,755 - property_scraper - INFO - Fetching options for dropdown 'taluka'...
2025-07-14 12:38:11,056 - property_scraper - INFO - Selected Taluka: Pune City
2025-07-14 12:38:11,056 - property_scraper - INFO - Fetching options for dropdown 'village'...
2025-07-14 12:38:11,358 - property_scraper - INFO - Selected Village: Shivajinagar
2025-07-14 12:38:11,358 - property_scraper - INFO - Selected Document Number: 7
2025-07-14 12:38:11,358 - property_scraper - INFO - Processing combination: 2024_Pune_Pune City_Shivajinagar_7
2025-07-14 12:38:11,359 - property_scraper - INFO - Processing in DEMO MODE: Year=2024, District=Pune, Taluka=Pune City, Village=Shivajinagar, Doc#=7
2025-07-14 12:38:11,359 - property_scraper - INFO - Simulating navigation to https://pay2igr.igrmaharashtra.gov.in/eDisplay/Propertydetails/index
2025-07-14 12:38:11,860 - property_scraper - INFO - Simulating selecting Year: 2024
2025-07-14 12:38:11,860 - property_scraper - INFO - Simulating selecting District: Pune
2025-07-14 12:38:11,860 - property_scraper - INFO - Simulating selecting Taluka: Pune City
2025-07-14 12:38:11,860 - property_scraper - INFO - Simulating selecting Village: Shivajinagar
2025-07-14 12:38:11,861 - property_scraper - INFO - Simulating entering Document Number: 7
2025-07-14 12:38:11,861 - property_scraper - INFO - Simulating captcha solving...
2025-07-14 12:38:12,862 - property_scraper - INFO - Captcha solved: 7XS09I
2025-07-14 12:38:12,862 - property_scraper - INFO - Simulating clicking Search button...
2025-07-14 12:38:13,363 - property_scraper - INFO - Selecting '50' entries per page from dropdown...
2025-07-14 12:38:13,863 - property_scraper - INFO - Page refreshed with 50 entries per page
2025-07-14 12:38:14,664 - property_scraper - INFO - Found 2 entries with 'List No. 2' buttons in the search results table
2025-07-14 12:38:14,664 - property_scraper - INFO - Clicking on 'List No. 2' button for entry #1...
2025-07-14 12:38:15,465 - property_scraper - INFO - PDF opened in new tab: Doc Reg. No. AND2-7761-2024
2025-07-14 12:38:15,465 - property_scraper - INFO - Downloading PDF from new tab...
2025-07-14 12:38:16,467 - property_scraper - INFO - Downloaded PDF: 7761-2024-IndexII_copy.pdf
2025-07-14 12:38:16,467 - property_scraper - INFO - Clicking on 'List No. 2' button for entry #2...
2025-07-14 12:38:17,268 - property_scraper - INFO - PDF opened in new tab: Doc Reg. No. NGP8-8401-2024
2025-07-14 12:38:17,268 - property_scraper - INFO - Downloading PDF from new tab...
2025-07-14 12:38:18,270 - property_scraper - INFO - Downloaded PDF: 8401-2024-IndexII_copy.pdf
2025-07-14 12:38:18,270 - property_scraper - INFO - Successfully downloaded 2 PDFs from 'List No. 2' buttons
2025-07-14 12:38:18,271 - property_scraper - INFO - Successfully processed combination: 2024_Pune_Pune City_Shivajinagar_7
2025-07-14 12:38:18,271 - property_scraper - INFO - Daily requests: 1/5
2025-07-14 12:38:18,271 - property_scraper - INFO - Waiting 4.14 seconds before next request...
2025-07-14 12:38:22,413 - property_scraper - INFO - Automatically selecting values from dropdowns...
2025-07-14 12:38:22,413 - property_scraper - INFO - Fetching options for dropdown 'year'...
2025-07-14 12:38:22,719 - property_scraper - INFO - Selected Year: 2024
2025-07-14 12:38:22,719 - property_scraper - INFO - Fetching options for dropdown 'district'...
2025-07-14 12:38:23,026 - property_scraper - INFO - Selected District: Thane
2025-07-14 12:38:23,030 - property_scraper - INFO - Fetching options for dropdown 'taluka'...
2025-07-14 12:38:23,334 - property_scraper - INFO - Selected Taluka: Kalyan
2025-07-14 12:38:23,336 - property_scraper - INFO - Fetching options for dropdown 'village'...
2025-07-14 12:38:23,637 - property_scraper - INFO - Selected Village: Kalyan East
2025-07-14 12:38:23,637 - property_scraper - INFO - Selected Document Number: 5
2025-07-14 12:38:23,637 - property_scraper - INFO - Processing combination: 2024_Thane_Kalyan_Kalyan East_5
2025-07-14 12:38:23,638 - property_scraper - INFO - Processing in DEMO MODE: Year=2024, District=Thane, Taluka=Kalyan, Village=Kalyan East, Doc#=5
2025-07-14 12:38:23,639 - property_scraper - INFO - Simulating navigation to https://pay2igr.igrmaharashtra.gov.in/eDisplay/Propertydetails/index
2025-07-14 12:38:24,141 - property_scraper - INFO - Simulating selecting Year: 2024
2025-07-14 12:38:24,141 - property_scraper - INFO - Simulating selecting District: Thane
2025-07-14 12:38:24,141 - property_scraper - INFO - Simulating selecting Taluka: Kalyan
2025-07-14 12:38:24,142 - property_scraper - INFO - Simulating selecting Village: Kalyan East
2025-07-14 12:38:24,142 - property_scraper - INFO - Simulating entering Document Number: 5
2025-07-14 12:38:24,142 - property_scraper - INFO - Simulating captcha solving...
2025-07-14 12:38:25,143 - property_scraper - INFO - Captcha solved: FH859D
2025-07-14 12:38:25,144 - property_scraper - INFO - Simulating clicking Search button...
2025-07-14 12:38:25,645 - property_scraper - INFO - Selecting '25' entries per page from dropdown...
2025-07-14 12:38:26,146 - property_scraper - INFO - Page refreshed with 25 entries per page
2025-07-14 12:38:26,947 - property_scraper - INFO - Found 3 entries with 'List No. 2' buttons in the search results table
2025-07-14 12:38:26,947 - property_scraper - INFO - Clicking on 'List No. 2' button for entry #1...
2025-07-14 12:38:27,747 - property_scraper - WARNING - Failed to open PDF for entry #1 in new tab. The link may be broken.
2025-07-14 12:38:27,747 - property_scraper - INFO - Clicking on 'List No. 2' button for entry #2...
2025-07-14 12:38:28,548 - property_scraper - WARNING - Failed to open PDF for entry #2 in new tab. The link may be broken.
2025-07-14 12:38:28,548 - property_scraper - INFO - Clicking on 'List No. 2' button for entry #3...
2025-07-14 12:38:29,349 - property_scraper - INFO - PDF opened in new tab: Doc Reg. No. BRL3-7582-2024
2025-07-14 12:38:29,349 - property_scraper - INFO - Downloading PDF from new tab...
2025-07-14 12:38:30,351 - property_scraper - INFO - Downloaded PDF: 7582-2024-IndexII_copy.pdf
2025-07-14 12:38:30,351 - property_scraper - INFO - Successfully downloaded 1 PDFs from 'List No. 2' buttons
2025-07-14 12:38:30,352 - property_scraper - INFO - Successfully processed combination: 2024_Thane_Kalyan_Kalyan East_5
2025-07-14 12:38:30,352 - property_scraper - INFO - Daily requests: 2/5
2025-07-14 12:38:30,353 - property_scraper - INFO - Waiting 5.97 seconds before next request...
2025-07-14 12:38:36,329 - property_scraper - INFO - Automatically selecting values from dropdowns...
2025-07-14 12:38:36,329 - property_scraper - INFO - Fetching options for dropdown 'year'...
2025-07-14 12:38:36,630 - property_scraper - INFO - Selected Year: 2023
2025-07-14 12:38:36,630 - property_scraper - INFO - Fetching options for dropdown 'district'...
2025-07-14 12:38:36,931 - property_scraper - INFO - Selected District: Mumbai
2025-07-14 12:38:36,931 - property_scraper - INFO - Fetching options for dropdown 'taluka'...
2025-07-14 12:38:37,233 - property_scraper - INFO - Selected Taluka: Mumbai City
2025-07-14 12:38:37,233 - property_scraper - INFO - Fetching options for dropdown 'village'...
2025-07-14 12:38:37,534 - property_scraper - INFO - Selected Village: Fort
2025-07-14 12:38:37,534 - property_scraper - INFO - Selected Document Number: 0
2025-07-14 12:38:37,534 - property_scraper - INFO - Processing combination: 2023_Mumbai_Mumbai City_Fort_0
2025-07-14 12:38:37,535 - property_scraper - INFO - Processing in DEMO MODE: Year=2023, District=Mumbai, Taluka=Mumbai City, Village=Fort, Doc#=0
2025-07-14 12:38:37,535 - property_scraper - INFO - Simulating navigation to https://pay2igr.igrmaharashtra.gov.in/eDisplay/Propertydetails/index
2025-07-14 12:38:38,036 - property_scraper - INFO - Simulating selecting Year: 2023
2025-07-14 12:38:38,036 - property_scraper - INFO - Simulating selecting District: Mumbai
2025-07-14 12:38:38,036 - property_scraper - INFO - Simulating selecting Taluka: Mumbai City
2025-07-14 12:38:38,036 - property_scraper - INFO - Simulating selecting Village: Fort
2025-07-14 12:38:38,036 - property_scraper - INFO - Simulating entering Document Number: 0
2025-07-14 12:38:38,037 - property_scraper - INFO - Simulating captcha solving...
2025-07-14 12:38:39,038 - property_scraper - INFO - Captcha solved: G2Y5G5
2025-07-14 12:38:39,038 - property_scraper - INFO - Simulating clicking Search button...
2025-07-14 12:38:39,546 - property_scraper - INFO - Selecting 'All' entries per page from dropdown...
2025-07-14 12:38:40,054 - property_scraper - INFO - Page refreshed with All entries per page
2025-07-14 12:38:40,857 - property_scraper - INFO - Found 4 entries with 'List No. 2' buttons in the search results table
2025-07-14 12:38:40,869 - property_scraper - INFO - Clicking on 'List No. 2' button for entry #1...
2025-07-14 12:38:41,670 - property_scraper - INFO - PDF opened in new tab: Doc Reg. No. THN1-9131-2023
2025-07-14 12:38:41,670 - property_scraper - INFO - Downloading PDF from new tab...
2025-07-14 12:38:42,671 - property_scraper - INFO - Downloaded PDF: 9131-2023-IndexII_copy.pdf
2025-07-14 12:38:42,671 - property_scraper - INFO - Clicking on 'List No. 2' button for entry #2...
2025-07-14 12:38:43,472 - property_scraper - INFO - PDF opened in new tab: Doc Reg. No. AND9-5026-2023
2025-07-14 12:38:43,472 - property_scraper - INFO - Downloading PDF from new tab...
2025-07-14 12:38:44,475 - property_scraper - INFO - Downloaded PDF: 5026-2023-IndexII_copy.pdf
2025-07-14 12:38:44,475 - property_scraper - INFO - Clicking on 'List No. 2' button for entry #3...
2025-07-14 12:38:45,276 - property_scraper - INFO - PDF opened in new tab: Doc Reg. No. NGP4-7723-2023
2025-07-14 12:38:45,276 - property_scraper - INFO - Downloading PDF from new tab...
2025-07-14 12:38:46,278 - property_scraper - INFO - Downloaded PDF: 7723-2023-IndexII_copy.pdf
2025-07-14 12:38:46,278 - property_scraper - INFO - Clicking on 'List No. 2' button for entry #4...
2025-07-14 12:38:47,080 - property_scraper - INFO - PDF opened in new tab: Doc Reg. No. BRL9-1534-2023
2025-07-14 12:38:47,080 - property_scraper - INFO - Downloading PDF from new tab...
2025-07-14 12:38:48,082 - property_scraper - INFO - Downloaded PDF: 1534-2023-IndexII_copy.pdf
2025-07-14 12:38:48,082 - property_scraper - INFO - Successfully downloaded 4 PDFs from 'List No. 2' buttons
2025-07-14 12:38:48,082 - property_scraper - INFO - Successfully processed combination: 2023_Mumbai_Mumbai City_Fort_0
2025-07-14 12:38:48,083 - property_scraper - INFO - Daily requests: 3/5
2025-07-14 12:38:48,083 - property_scraper - INFO - Waiting 4.77 seconds before next request...
2025-07-14 12:38:52,850 - property_scraper - INFO - Automatically selecting values from dropdowns...
2025-07-14 12:38:52,850 - property_scraper - INFO - Fetching options for dropdown 'year'...
2025-07-14 12:38:53,151 - property_scraper - INFO - Selected Year: 2023
2025-07-14 12:38:53,151 - property_scraper - INFO - Fetching options for dropdown 'district'...
2025-07-14 12:38:53,452 - property_scraper - INFO - Selected District: Nagpur
2025-07-14 12:38:53,452 - property_scraper - INFO - Fetching options for dropdown 'taluka'...
2025-07-14 12:38:53,754 - property_scraper - INFO - Selected Taluka: Nagpur Rural
2025-07-14 12:38:53,754 - property_scraper - INFO - Fetching options for dropdown 'village'...
2025-07-14 12:38:54,055 - property_scraper - INFO - Selected Village: Wadi
2025-07-14 12:38:54,056 - property_scraper - INFO - Selected Document Number: 9
2025-07-14 12:38:54,056 - property_scraper - INFO - Processing combination: 2023_Nagpur_Nagpur Rural_Wadi_9
2025-07-14 12:38:54,057 - property_scraper - INFO - Processing in DEMO MODE: Year=2023, District=Nagpur, Taluka=Nagpur Rural, Village=Wadi, Doc#=9
2025-07-14 12:38:54,057 - property_scraper - INFO - Simulating navigation to https://pay2igr.igrmaharashtra.gov.in/eDisplay/Propertydetails/index
2025-07-14 12:38:54,560 - property_scraper - INFO - Simulating selecting Year: 2023
2025-07-14 12:38:54,581 - property_scraper - INFO - Simulating selecting District: Nagpur
2025-07-14 12:38:54,588 - property_scraper - INFO - Simulating selecting Taluka: Nagpur Rural
2025-07-14 12:38:54,600 - property_scraper - INFO - Simulating selecting Village: Wadi
2025-07-14 12:38:54,614 - property_scraper - INFO - Simulating entering Document Number: 9
2025-07-14 12:38:54,614 - property_scraper - INFO - Simulating captcha solving...
2025-07-14 12:38:55,617 - property_scraper - INFO - Captcha solved: FGE606
2025-07-14 12:38:55,617 - property_scraper - INFO - Simulating clicking Search button...
2025-07-14 12:38:56,118 - property_scraper - INFO - Selecting '50' entries per page from dropdown...
2025-07-14 12:38:56,619 - property_scraper - INFO - Page refreshed with 50 entries per page
2025-07-14 12:38:57,420 - property_scraper - INFO - Found 5 entries with 'List No. 2' buttons in the search results table
2025-07-14 12:38:57,420 - property_scraper - INFO - Clicking on 'List No. 2' button for entry #1...
2025-07-14 12:38:58,221 - property_scraper - INFO - PDF opened in new tab: Doc Reg. No. BRL1-4570-2023
2025-07-14 12:38:58,221 - property_scraper - INFO - Downloading PDF from new tab...
2025-07-14 12:38:59,223 - property_scraper - INFO - Downloaded PDF: 4570-2023-IndexII_copy.pdf
2025-07-14 12:38:59,223 - property_scraper - INFO - Clicking on 'List No. 2' button for entry #2...
2025-07-14 12:39:00,025 - property_scraper - WARNING - Failed to open PDF for entry #2 in new tab. The link may be broken.
2025-07-14 12:39:00,025 - property_scraper - INFO - Clicking on 'List No. 2' button for entry #3...
2025-07-14 12:39:00,826 - property_scraper - INFO - PDF opened in new tab: Doc Reg. No. THN7-6167-2023
2025-07-14 12:39:00,826 - property_scraper - INFO - Downloading PDF from new tab...
2025-07-14 12:39:01,827 - property_scraper - INFO - Downloaded PDF: 6167-2023-IndexII_copy.pdf
2025-07-14 12:39:01,827 - property_scraper - INFO - Clicking on 'List No. 2' button for entry #4...
2025-07-14 12:39:02,628 - property_scraper - WARNING - Failed to open PDF for entry #4 in new tab. The link may be broken.
2025-07-14 12:39:02,628 - property_scraper - INFO - Clicking on 'List No. 2' button for entry #5...
2025-07-14 12:39:03,430 - property_scraper - INFO - PDF opened in new tab: Doc Reg. No. NGP4-7774-2023
2025-07-14 12:39:03,430 - property_scraper - INFO - Downloading PDF from new tab...
2025-07-14 12:39:04,432 - property_scraper - INFO - Downloaded PDF: 7774-2023-IndexII_copy.pdf
2025-07-14 12:39:04,432 - property_scraper - INFO - Successfully downloaded 3 PDFs from 'List No. 2' buttons
2025-07-14 12:39:04,433 - property_scraper - INFO - Successfully processed combination: 2023_Nagpur_Nagpur Rural_Wadi_9
2025-07-14 12:39:04,433 - property_scraper - INFO - Daily requests: 4/5
2025-07-14 12:39:04,434 - property_scraper - INFO - Waiting 4.42 seconds before next request...
