2025-07-14 12:33:04,570 - property_scraper - INFO - Starting property scraper with automated dropdown selection...
2025-07-14 12:33:04,570 - property_scraper - INFO - Using DEMO MODE for reliable operation.
2025-07-14 12:33:04,571 - property_scraper - INFO - Starting property scraper in DEMO MODE with automatic dropdown selection...
2025-07-14 12:33:04,571 - property_scraper - INFO - Automatically selecting values from dropdowns...
2025-07-14 12:33:04,571 - property_scraper - INFO - Fetching options for dropdown 'year'...
2025-07-14 12:33:04,875 - property_scraper - INFO - Selected Year: 2024
2025-07-14 12:33:04,880 - property_scraper - INFO - Fetching options for dropdown 'district'...
2025-07-14 12:33:05,257 - property_scraper - INFO - Selected District: Nagpur
2025-07-14 12:33:05,288 - property_scraper - INFO - Fetching options for dropdown 'taluka'...
2025-07-14 12:33:05,621 - property_scraper - INFO - Selected Taluka: Nagpur Rural
2025-07-14 12:33:05,621 - property_scraper - INFO - Fetching options for dropdown 'village'...
2025-07-14 12:33:05,922 - property_scraper - INFO - Selected Village: Hingna
2025-07-14 12:33:05,922 - property_scraper - INFO - Selected Document Number: 9
2025-07-14 12:33:05,922 - property_scraper - INFO - Processing combination: 2024_Nagpur_Nagpur Rural_Hingna_9
2025-07-14 12:33:05,923 - property_scraper - INFO - Processing in DEMO MODE: Year=2024, District=Nagpur, Taluka=Nagpur Rural, Village=Hingna, Doc#=9
2025-07-14 12:33:05,923 - property_scraper - INFO - Simulating navigation to https://pay2igr.igrmaharashtra.gov.in/eDisplay/Propertydetails/index
2025-07-14 12:33:06,424 - property_scraper - INFO - Simulating selecting Year: 2024
2025-07-14 12:33:06,424 - property_scraper - INFO - Simulating selecting District: Nagpur
2025-07-14 12:33:06,424 - property_scraper - INFO - Simulating selecting Taluka: Nagpur Rural
2025-07-14 12:33:06,425 - property_scraper - INFO - Simulating selecting Village: Hingna
2025-07-14 12:33:06,425 - property_scraper - INFO - Simulating entering Document Number: 9
2025-07-14 12:33:06,425 - property_scraper - INFO - Simulating captcha solving...
2025-07-14 12:33:07,426 - property_scraper - INFO - Captcha solved: C4OC5N
2025-07-14 12:33:07,426 - property_scraper - INFO - Simulating clicking Search button...
2025-07-14 12:33:07,927 - property_scraper - INFO - Found 5 entries with 'List No. 2' buttons in the search results table
2025-07-14 12:33:07,927 - property_scraper - INFO - Clicking on 'List No. 2' button for entry #1...
2025-07-14 12:33:08,728 - property_scraper - INFO - PDF opened in new tab: Doc Reg. No. AND1-5929-2024
2025-07-14 12:33:08,728 - property_scraper - INFO - Downloading PDF from new tab...
2025-07-14 12:33:09,730 - property_scraper - INFO - Downloaded PDF: 5929-2024-IndexII_copy.pdf
2025-07-14 12:33:09,731 - property_scraper - INFO - Clicking on 'List No. 2' button for entry #2...
2025-07-14 12:33:10,531 - property_scraper - WARNING - Failed to open PDF for entry #2 in new tab. The link may be broken.
2025-07-14 12:33:10,531 - property_scraper - INFO - Clicking on 'List No. 2' button for entry #3...
2025-07-14 12:33:11,332 - property_scraper - INFO - PDF opened in new tab: Doc Reg. No. THN8-7974-2024
2025-07-14 12:33:11,332 - property_scraper - INFO - Downloading PDF from new tab...
2025-07-14 12:33:12,334 - property_scraper - INFO - Downloaded PDF: 7974-2024-IndexII_copy.pdf
2025-07-14 12:33:12,334 - property_scraper - INFO - Clicking on 'List No. 2' button for entry #4...
2025-07-14 12:33:13,136 - property_scraper - INFO - PDF opened in new tab: Doc Reg. No. BRL3-7545-2024
2025-07-14 12:33:13,136 - property_scraper - INFO - Downloading PDF from new tab...
2025-07-14 12:33:14,138 - property_scraper - INFO - Downloaded PDF: 7545-2024-IndexII_copy.pdf
2025-07-14 12:33:14,138 - property_scraper - INFO - Clicking on 'List No. 2' button for entry #5...
2025-07-14 12:33:14,939 - property_scraper - INFO - PDF opened in new tab: Doc Reg. No. AND2-9657-2024
2025-07-14 12:33:14,939 - property_scraper - INFO - Downloading PDF from new tab...
2025-07-14 12:33:15,940 - property_scraper - INFO - Downloaded PDF: 9657-2024-IndexII_copy.pdf
2025-07-14 12:33:15,941 - property_scraper - INFO - Successfully downloaded 4 PDFs from 'List No. 2' buttons
2025-07-14 12:33:15,942 - property_scraper - INFO - Successfully processed combination: 2024_Nagpur_Nagpur Rural_Hingna_9
2025-07-14 12:33:15,942 - property_scraper - INFO - Daily requests: 1/5
2025-07-14 12:33:15,942 - property_scraper - INFO - Waiting 6.55 seconds before next request...
2025-07-14 12:33:22,490 - property_scraper - INFO - Automatically selecting values from dropdowns...
2025-07-14 12:33:22,490 - property_scraper - INFO - Fetching options for dropdown 'year'...
2025-07-14 12:33:22,792 - property_scraper - INFO - Selected Year: 2022
2025-07-14 12:33:22,792 - property_scraper - INFO - Fetching options for dropdown 'district'...
2025-07-14 12:33:23,093 - property_scraper - INFO - Selected District: Thane
2025-07-14 12:33:23,093 - property_scraper - INFO - Fetching options for dropdown 'taluka'...
2025-07-14 12:33:23,393 - property_scraper - INFO - Selected Taluka: Kalyan
2025-07-14 12:33:23,393 - property_scraper - INFO - Fetching options for dropdown 'village'...
2025-07-14 12:33:23,696 - property_scraper - INFO - Selected Village: Kalyan West
2025-07-14 12:33:23,716 - property_scraper - INFO - Selected Document Number: 7
2025-07-14 12:33:23,718 - property_scraper - INFO - Processing combination: 2022_Thane_Kalyan_Kalyan West_7
2025-07-14 12:33:23,726 - property_scraper - INFO - Processing in DEMO MODE: Year=2022, District=Thane, Taluka=Kalyan, Village=Kalyan West, Doc#=7
2025-07-14 12:33:23,727 - property_scraper - INFO - Simulating navigation to https://pay2igr.igrmaharashtra.gov.in/eDisplay/Propertydetails/index
2025-07-14 12:33:24,235 - property_scraper - INFO - Simulating selecting Year: 2022
2025-07-14 12:33:24,237 - property_scraper - INFO - Simulating selecting District: Thane
2025-07-14 12:33:24,237 - property_scraper - INFO - Simulating selecting Taluka: Kalyan
2025-07-14 12:33:24,243 - property_scraper - INFO - Simulating selecting Village: Kalyan West
2025-07-14 12:33:24,251 - property_scraper - INFO - Simulating entering Document Number: 7
2025-07-14 12:33:24,252 - property_scraper - INFO - Simulating captcha solving...
2025-07-14 12:33:25,253 - property_scraper - INFO - Captcha solved: MHXFIZ
2025-07-14 12:33:25,253 - property_scraper - INFO - Simulating clicking Search button...
2025-07-14 12:33:25,755 - property_scraper - INFO - Found 3 entries with 'List No. 2' buttons in the search results table
2025-07-14 12:33:25,755 - property_scraper - INFO - Clicking on 'List No. 2' button for entry #1...
2025-07-14 12:33:26,557 - property_scraper - INFO - PDF opened in new tab: Doc Reg. No. PUN3-9348-2022
2025-07-14 12:33:26,557 - property_scraper - INFO - Downloading PDF from new tab...
2025-07-14 12:33:27,559 - property_scraper - INFO - Downloaded PDF: 9348-2022-IndexII_copy.pdf
2025-07-14 12:33:27,559 - property_scraper - INFO - Clicking on 'List No. 2' button for entry #2...
2025-07-14 12:33:28,360 - property_scraper - INFO - PDF opened in new tab: Doc Reg. No. THN4-9637-2022
2025-07-14 12:33:28,360 - property_scraper - INFO - Downloading PDF from new tab...
2025-07-14 12:33:29,361 - property_scraper - INFO - Downloaded PDF: 9637-2022-IndexII_copy.pdf
2025-07-14 12:33:29,362 - property_scraper - INFO - Clicking on 'List No. 2' button for entry #3...
2025-07-14 12:33:30,162 - property_scraper - INFO - PDF opened in new tab: Doc Reg. No. BRL9-8997-2022
2025-07-14 12:33:30,162 - property_scraper - INFO - Downloading PDF from new tab...
2025-07-14 12:33:31,164 - property_scraper - INFO - Downloaded PDF: 8997-2022-IndexII_copy.pdf
2025-07-14 12:33:31,165 - property_scraper - INFO - Successfully downloaded 3 PDFs from 'List No. 2' buttons
2025-07-14 12:33:31,165 - property_scraper - INFO - Successfully processed combination: 2022_Thane_Kalyan_Kalyan West_7
2025-07-14 12:33:31,166 - property_scraper - INFO - Daily requests: 2/5
2025-07-14 12:33:31,166 - property_scraper - INFO - Waiting 6.16 seconds before next request...
2025-07-14 12:33:37,329 - property_scraper - INFO - Automatically selecting values from dropdowns...
2025-07-14 12:33:37,329 - property_scraper - INFO - Fetching options for dropdown 'year'...
2025-07-14 12:33:37,630 - property_scraper - INFO - Selected Year: 2025
2025-07-14 12:33:37,630 - property_scraper - INFO - Fetching options for dropdown 'district'...
2025-07-14 12:33:37,945 - property_scraper - INFO - Selected District: Pune
2025-07-14 12:33:37,946 - property_scraper - INFO - Fetching options for dropdown 'taluka'...
2025-07-14 12:33:38,266 - property_scraper - INFO - Selected Taluka: Pune City
2025-07-14 12:33:38,289 - property_scraper - INFO - Fetching options for dropdown 'village'...
2025-07-14 12:33:38,590 - property_scraper - INFO - Selected Village: Kothrud
2025-07-14 12:33:38,590 - property_scraper - INFO - Selected Document Number: 9
2025-07-14 12:33:38,590 - property_scraper - INFO - Processing combination: 2025_Pune_Pune City_Kothrud_9
2025-07-14 12:33:38,591 - property_scraper - INFO - Processing in DEMO MODE: Year=2025, District=Pune, Taluka=Pune City, Village=Kothrud, Doc#=9
2025-07-14 12:33:38,591 - property_scraper - INFO - Simulating navigation to https://pay2igr.igrmaharashtra.gov.in/eDisplay/Propertydetails/index
2025-07-14 12:33:39,093 - property_scraper - INFO - Simulating selecting Year: 2025
2025-07-14 12:33:39,093 - property_scraper - INFO - Simulating selecting District: Pune
2025-07-14 12:33:39,093 - property_scraper - INFO - Simulating selecting Taluka: Pune City
2025-07-14 12:33:39,093 - property_scraper - INFO - Simulating selecting Village: Kothrud
2025-07-14 12:33:39,094 - property_scraper - INFO - Simulating entering Document Number: 9
2025-07-14 12:33:39,094 - property_scraper - INFO - Simulating captcha solving...
2025-07-14 12:33:40,095 - property_scraper - INFO - Captcha solved: LRT7TM
2025-07-14 12:33:40,095 - property_scraper - INFO - Simulating clicking Search button...
2025-07-14 12:33:40,596 - property_scraper - INFO - Found 2 entries with 'List No. 2' buttons in the search results table
2025-07-14 12:33:40,596 - property_scraper - INFO - Clicking on 'List No. 2' button for entry #1...
2025-07-14 12:33:41,397 - property_scraper - INFO - PDF opened in new tab: Doc Reg. No. AND1-4821-2025
2025-07-14 12:33:41,397 - property_scraper - INFO - Downloading PDF from new tab...
2025-07-14 12:33:42,398 - property_scraper - INFO - Downloaded PDF: 4821-2025-IndexII_copy.pdf
2025-07-14 12:33:42,399 - property_scraper - INFO - Clicking on 'List No. 2' button for entry #2...
2025-07-14 12:33:43,200 - property_scraper - INFO - PDF opened in new tab: Doc Reg. No. PUN5-8643-2025
2025-07-14 12:33:43,200 - property_scraper - INFO - Downloading PDF from new tab...
2025-07-14 12:33:44,202 - property_scraper - INFO - Downloaded PDF: 8643-2025-IndexII_copy.pdf
2025-07-14 12:33:44,202 - property_scraper - INFO - Successfully downloaded 2 PDFs from 'List No. 2' buttons
2025-07-14 12:33:44,204 - property_scraper - INFO - Successfully processed combination: 2025_Pune_Pune City_Kothrud_9
2025-07-14 12:33:44,204 - property_scraper - INFO - Daily requests: 3/5
2025-07-14 12:33:44,204 - property_scraper - INFO - Waiting 6.47 seconds before next request...
2025-07-14 12:33:50,671 - property_scraper - INFO - Automatically selecting values from dropdowns...
2025-07-14 12:33:50,671 - property_scraper - INFO - Fetching options for dropdown 'year'...
2025-07-14 12:33:50,972 - property_scraper - INFO - Selected Year: 2022
2025-07-14 12:33:50,972 - property_scraper - INFO - Fetching options for dropdown 'district'...
2025-07-14 12:33:51,298 - property_scraper - INFO - Selected District: Mumbai
2025-07-14 12:33:51,340 - property_scraper - INFO - Fetching options for dropdown 'taluka'...
2025-07-14 12:33:51,667 - property_scraper - INFO - Selected Taluka: Mumbai City
2025-07-14 12:33:51,702 - property_scraper - INFO - Fetching options for dropdown 'village'...
2025-07-14 12:33:52,011 - property_scraper - INFO - Selected Village: Fort
2025-07-14 12:33:52,011 - property_scraper - INFO - Selected Document Number: 1
2025-07-14 12:33:52,011 - property_scraper - INFO - Processing combination: 2022_Mumbai_Mumbai City_Fort_1
2025-07-14 12:33:52,012 - property_scraper - INFO - Processing in DEMO MODE: Year=2022, District=Mumbai, Taluka=Mumbai City, Village=Fort, Doc#=1
2025-07-14 12:33:52,012 - property_scraper - INFO - Simulating navigation to https://pay2igr.igrmaharashtra.gov.in/eDisplay/Propertydetails/index
2025-07-14 12:33:52,514 - property_scraper - INFO - Simulating selecting Year: 2022
2025-07-14 12:33:52,514 - property_scraper - INFO - Simulating selecting District: Mumbai
2025-07-14 12:33:52,514 - property_scraper - INFO - Simulating selecting Taluka: Mumbai City
2025-07-14 12:33:52,514 - property_scraper - INFO - Simulating selecting Village: Fort
2025-07-14 12:33:52,515 - property_scraper - INFO - Simulating entering Document Number: 1
2025-07-14 12:33:52,515 - property_scraper - INFO - Simulating captcha solving...
2025-07-14 12:33:53,515 - property_scraper - INFO - Captcha solved: CQT6OI
2025-07-14 12:33:53,515 - property_scraper - INFO - Simulating clicking Search button...
2025-07-14 12:33:54,017 - property_scraper - INFO - Found 2 entries with 'List No. 2' buttons in the search results table
2025-07-14 12:33:54,017 - property_scraper - INFO - Clicking on 'List No. 2' button for entry #1...
2025-07-14 12:33:54,819 - property_scraper - INFO - PDF opened in new tab: Doc Reg. No. AND8-3246-2022
2025-07-14 12:33:54,819 - property_scraper - INFO - Downloading PDF from new tab...
2025-07-14 12:33:55,821 - property_scraper - INFO - Downloaded PDF: 3246-2022-IndexII_copy.pdf
2025-07-14 12:33:55,821 - property_scraper - INFO - Clicking on 'List No. 2' button for entry #2...
2025-07-14 12:33:56,622 - property_scraper - INFO - PDF opened in new tab: Doc Reg. No. NGP8-3281-2022
2025-07-14 12:33:56,622 - property_scraper - INFO - Downloading PDF from new tab...
2025-07-14 12:33:57,623 - property_scraper - INFO - Downloaded PDF: 3281-2022-IndexII_copy.pdf
2025-07-14 12:33:57,623 - property_scraper - INFO - Successfully downloaded 2 PDFs from 'List No. 2' buttons
2025-07-14 12:33:57,624 - property_scraper - INFO - Successfully processed combination: 2022_Mumbai_Mumbai City_Fort_1
2025-07-14 12:33:57,625 - property_scraper - INFO - Daily requests: 4/5
2025-07-14 12:33:57,625 - property_scraper - INFO - Waiting 3.94 seconds before next request...
2025-07-14 12:34:01,564 - property_scraper - INFO - Automatically selecting values from dropdowns...
2025-07-14 12:34:01,564 - property_scraper - INFO - Fetching options for dropdown 'year'...
2025-07-14 12:34:01,865 - property_scraper - INFO - Selected Year: 2024
2025-07-14 12:34:01,865 - property_scraper - INFO - Fetching options for dropdown 'district'...
2025-07-14 12:34:02,166 - property_scraper - INFO - Selected District: Nagpur
2025-07-14 12:34:02,166 - property_scraper - INFO - Fetching options for dropdown 'taluka'...
2025-07-14 12:34:02,467 - property_scraper - INFO - Selected Taluka: Nagpur Urban
2025-07-14 12:34:02,467 - property_scraper - INFO - Fetching options for dropdown 'village'...
2025-07-14 12:34:02,775 - property_scraper - INFO - Selected Village: Sadar
2025-07-14 12:34:02,783 - property_scraper - INFO - Selected Document Number: 2
2025-07-14 12:34:02,803 - property_scraper - INFO - Processing combination: 2024_Nagpur_Nagpur Urban_Sadar_2
2025-07-14 12:34:02,806 - property_scraper - INFO - Processing in DEMO MODE: Year=2024, District=Nagpur, Taluka=Nagpur Urban, Village=Sadar, Doc#=2
2025-07-14 12:34:02,807 - property_scraper - INFO - Simulating navigation to https://pay2igr.igrmaharashtra.gov.in/eDisplay/Propertydetails/index
2025-07-14 12:34:03,315 - property_scraper - INFO - Simulating selecting Year: 2024
2025-07-14 12:34:03,316 - property_scraper - INFO - Simulating selecting District: Nagpur
2025-07-14 12:34:03,316 - property_scraper - INFO - Simulating selecting Taluka: Nagpur Urban
2025-07-14 12:34:03,316 - property_scraper - INFO - Simulating selecting Village: Sadar
2025-07-14 12:34:03,317 - property_scraper - INFO - Simulating entering Document Number: 2
2025-07-14 12:34:03,317 - property_scraper - INFO - Simulating captcha solving...
2025-07-14 12:34:04,319 - property_scraper - INFO - Captcha solved: WHHM46
2025-07-14 12:34:04,319 - property_scraper - INFO - Simulating clicking Search button...
2025-07-14 12:34:04,820 - property_scraper - INFO - Found 1 entries with 'List No. 2' buttons in the search results table
2025-07-14 12:34:04,820 - property_scraper - INFO - Clicking on 'List No. 2' button for entry #1...
2025-07-14 12:34:05,621 - property_scraper - INFO - PDF opened in new tab: Doc Reg. No. BRL8-4998-2024
2025-07-14 12:34:05,621 - property_scraper - INFO - Downloading PDF from new tab...
2025-07-14 12:34:06,623 - property_scraper - INFO - Downloaded PDF: 4998-2024-IndexII_copy.pdf
2025-07-14 12:34:06,623 - property_scraper - INFO - Successfully downloaded 1 PDFs from 'List No. 2' buttons
2025-07-14 12:34:06,623 - property_scraper - INFO - Successfully processed combination: 2024_Nagpur_Nagpur Urban_Sadar_2
2025-07-14 12:34:06,624 - property_scraper - INFO - Daily requests: 5/5
2025-07-14 12:34:06,624 - property_scraper - INFO - Waiting 6.36 seconds before next request...
2025-07-14 12:34:12,983 - property_scraper - INFO - Demo scraper completed.
