2025-07-22 12:56:48,659 - property_scraper - INFO - Instance ID: local_83e81e73
2025-07-22 12:56:48,660 - property_scraper - INFO - Tesseract path set to: C:\Program Files\Tesseract-OCR\tesseract.exe
2025-07-22 12:56:48,666 - property_scraper - INFO - Running property scraper
2025-07-22 12:56:48,666 - property_scraper - INFO - Starting property scraper...
2025-07-22 12:56:48,666 - property_scraper - INFO - Instance ID: local_83e81e73
2025-07-22 12:56:48,667 - property_scraper - INFO - Setting up Chrome WebDriver...
2025-07-22 12:56:48,809 - property_scraper - INFO - Using user agent: Mozilla/5.0 (Windows NT 10.0; Win64; x64) AppleWebKit/537.36 (KHTML, like Gecko) Chrome/92.0.4515.107 Safari/537.36 Edg/92.0.902.55
2025-07-22 12:56:48,810 - property_scraper - INFO - Creating Chrome driver using undetected_chromedriver with enhanced settings
2025-07-22 12:56:50,283 - property_scraper - INFO - Chrome WebDriver set up successfully
2025-07-22 12:56:50,284 - property_scraper - INFO - Navigating to https://pay2igr.igrmaharashtra.gov.in/eDisplay/Propertydetails/index
2025-07-22 12:56:56,865 - property_scraper - INFO - Saved initial page screenshot to captcha_debug/initial_page_1753169216.png
2025-07-22 12:56:57,856 - property_scraper - INFO - Looking for available tasks...
2025-07-22 12:56:57,856 - property_scraper - INFO - Continuing with previous task: 1994_मुंबई_Mumbai_मांडवी_2
2025-07-22 12:56:57,857 - property_scraper - INFO - Found available task: 1994_मुंबई_Mumbai_मांडवी_2
2025-07-22 12:56:57,857 - property_scraper - INFO - Getting current dropdown selections
2025-07-22 12:56:57,876 - property_scraper - INFO - Current dropdown selections: {'year': None, 'district': None, 'taluka': None, 'village': None}
2025-07-22 12:56:57,876 - property_scraper - INFO - Need to select year: 1994 (current: None)
2025-07-22 12:56:57,876 - property_scraper - INFO - Need to select district: मुंबई (current: None)
2025-07-22 12:56:57,877 - property_scraper - INFO - Need to select taluka: Mumbai (current: None)
2025-07-22 12:56:57,877 - property_scraper - INFO - Need to select village: मांडवी (current: None)
2025-07-22 12:56:57,877 - property_scraper - INFO - Some dropdown selections need to be updated
2025-07-22 12:56:57,877 - property_scraper - INFO - Selecting '1994' from dropdown 'year'
2025-07-22 12:56:58,031 - property_scraper - INFO - Saved screenshot before dropdown interaction: dropdown_debug/before_year_1753169217.png
2025-07-22 12:57:19,060 - property_scraper - ERROR - Error selecting option '1994' from dropdown 'year': Message: 
Stacktrace:
	GetHandleVerifier [0x0x4244a3+62419]
	GetHandleVerifier [0x0x4244e4+62484]
	(No symbol) [0x0x262133]
	(No symbol) [0x0x2aa8fe]
	(No symbol) [0x0x2aac9b]
	(No symbol) [0x0x2f3052]
	(No symbol) [0x0x2cf4b4]
	(No symbol) [0x0x2f087a]
	(No symbol) [0x0x2cf266]
	(No symbol) [0x0x29e852]
	(No symbol) [0x0x29f6f4]
	GetHandleVerifier [0x0x694793+2619075]
	GetHandleVerifier [0x0x68fbaa+2599642]
	GetHandleVerifier [0x0x44b04a+221050]
	GetHandleVerifier [0x0x43b2c8+156152]
	GetHandleVerifier [0x0x441c7d+183213]
	GetHandleVerifier [0x0x42c388+94904]
	GetHandleVerifier [0x0x42c512+95298]
	GetHandleVerifier [0x0x41766a+9626]
	BaseThreadInitThunk [0x0x768ffcc9+25]
	RtlGetAppContainerNamedObjectPath [0x0x771582ae+286]
	RtlGetAppContainerNamedObjectPath [0x0x7715827e+238]

2025-07-22 12:57:19,062 - property_scraper - ERROR - Failed to select year: 1994
2025-07-22 12:57:20,125 - property_scraper - INFO - Looking for available tasks...
2025-07-22 12:57:20,125 - property_scraper - INFO - Continuing with previous task: 1994_मुंबई_Mumbai_मांडवी_2
2025-07-22 12:57:20,126 - property_scraper - INFO - Found available task: 1994_मुंबई_Mumbai_मांडवी_2
2025-07-22 12:57:20,126 - property_scraper - INFO - Getting current dropdown selections
2025-07-22 12:57:20,146 - property_scraper - INFO - Current dropdown selections: {'year': None, 'district': None, 'taluka': None, 'village': None}
2025-07-22 12:57:20,146 - property_scraper - INFO - Need to select year: 1994 (current: None)
2025-07-22 12:57:20,146 - property_scraper - INFO - Need to select district: मुंबई (current: None)
2025-07-22 12:57:20,147 - property_scraper - INFO - Need to select taluka: Mumbai (current: None)
2025-07-22 12:57:20,147 - property_scraper - INFO - Need to select village: मांडवी (current: None)
2025-07-22 12:57:20,147 - property_scraper - INFO - Some dropdown selections need to be updated
2025-07-22 12:57:20,147 - property_scraper - INFO - Selecting '1994' from dropdown 'year'
2025-07-22 12:57:20,303 - property_scraper - INFO - Saved screenshot before dropdown interaction: dropdown_debug/before_year_1753169240.png
2025-07-22 12:57:41,357 - property_scraper - ERROR - Error selecting option '1994' from dropdown 'year': Message: 
Stacktrace:
	GetHandleVerifier [0x0x4244a3+62419]
	GetHandleVerifier [0x0x4244e4+62484]
	(No symbol) [0x0x262133]
	(No symbol) [0x0x2aa8fe]
	(No symbol) [0x0x2aac9b]
	(No symbol) [0x0x2f3052]
	(No symbol) [0x0x2cf4b4]
	(No symbol) [0x0x2f087a]
	(No symbol) [0x0x2cf266]
	(No symbol) [0x0x29e852]
	(No symbol) [0x0x29f6f4]
	GetHandleVerifier [0x0x694793+2619075]
	GetHandleVerifier [0x0x68fbaa+2599642]
	GetHandleVerifier [0x0x44b04a+221050]
	GetHandleVerifier [0x0x43b2c8+156152]
	GetHandleVerifier [0x0x441c7d+183213]
	GetHandleVerifier [0x0x42c388+94904]
	GetHandleVerifier [0x0x42c512+95298]
	GetHandleVerifier [0x0x41766a+9626]
	BaseThreadInitThunk [0x0x768ffcc9+25]
	RtlGetAppContainerNamedObjectPath [0x0x771582ae+286]
	RtlGetAppContainerNamedObjectPath [0x0x7715827e+238]

2025-07-22 12:57:41,358 - property_scraper - ERROR - Failed to select year: 1994
2025-07-22 12:57:42,462 - property_scraper - INFO - Looking for available tasks...
2025-07-22 12:57:42,463 - property_scraper - INFO - Continuing with previous task: 1994_मुंबई_Mumbai_मांडवी_2
2025-07-22 12:57:42,463 - property_scraper - INFO - Found available task: 1994_मुंबई_Mumbai_मांडवी_2
2025-07-22 12:57:42,463 - property_scraper - INFO - Getting current dropdown selections
2025-07-22 12:57:42,480 - property_scraper - INFO - Current dropdown selections: {'year': None, 'district': None, 'taluka': None, 'village': None}
2025-07-22 12:57:42,481 - property_scraper - INFO - Need to select year: 1994 (current: None)
2025-07-22 12:57:42,481 - property_scraper - INFO - Need to select district: मुंबई (current: None)
2025-07-22 12:57:42,481 - property_scraper - INFO - Need to select taluka: Mumbai (current: None)
2025-07-22 12:57:42,481 - property_scraper - INFO - Need to select village: मांडवी (current: None)
2025-07-22 12:57:42,482 - property_scraper - INFO - Some dropdown selections need to be updated
2025-07-22 12:57:42,483 - property_scraper - INFO - Selecting '1994' from dropdown 'year'
2025-07-22 12:57:42,644 - property_scraper - INFO - Saved screenshot before dropdown interaction: dropdown_debug/before_year_1753169262.png
2025-07-22 12:58:03,671 - property_scraper - ERROR - Error selecting option '1994' from dropdown 'year': Message: 
Stacktrace:
	GetHandleVerifier [0x0x4244a3+62419]
	GetHandleVerifier [0x0x4244e4+62484]
	(No symbol) [0x0x262133]
	(No symbol) [0x0x2aa8fe]
	(No symbol) [0x0x2aac9b]
	(No symbol) [0x0x2f3052]
	(No symbol) [0x0x2cf4b4]
	(No symbol) [0x0x2f087a]
	(No symbol) [0x0x2cf266]
	(No symbol) [0x0x29e852]
	(No symbol) [0x0x29f6f4]
	GetHandleVerifier [0x0x694793+2619075]
	GetHandleVerifier [0x0x68fbaa+2599642]
	GetHandleVerifier [0x0x44b04a+221050]
	GetHandleVerifier [0x0x43b2c8+156152]
	GetHandleVerifier [0x0x441c7d+183213]
	GetHandleVerifier [0x0x42c388+94904]
	GetHandleVerifier [0x0x42c512+95298]
	GetHandleVerifier [0x0x41766a+9626]
	BaseThreadInitThunk [0x0x768ffcc9+25]
	RtlGetAppContainerNamedObjectPath [0x0x771582ae+286]
	RtlGetAppContainerNamedObjectPath [0x0x7715827e+238]

2025-07-22 12:58:03,672 - property_scraper - ERROR - Failed to select year: 1994
2025-07-22 12:58:05,195 - property_scraper - INFO - Looking for available tasks...
2025-07-22 12:58:05,196 - property_scraper - INFO - Continuing with previous task: 1994_मुंबई_Mumbai_मांडवी_2
2025-07-22 12:58:05,196 - property_scraper - INFO - Found available task: 1994_मुंबई_Mumbai_मांडवी_2
2025-07-22 12:58:05,196 - property_scraper - INFO - Getting current dropdown selections
2025-07-22 12:58:05,214 - property_scraper - INFO - Current dropdown selections: {'year': None, 'district': None, 'taluka': None, 'village': None}
2025-07-22 12:58:05,214 - property_scraper - INFO - Need to select year: 1994 (current: None)
2025-07-22 12:58:05,215 - property_scraper - INFO - Need to select district: मुंबई (current: None)
2025-07-22 12:58:05,215 - property_scraper - INFO - Need to select taluka: Mumbai (current: None)
2025-07-22 12:58:05,215 - property_scraper - INFO - Need to select village: मांडवी (current: None)
2025-07-22 12:58:05,215 - property_scraper - INFO - Some dropdown selections need to be updated
2025-07-22 12:58:05,216 - property_scraper - INFO - Selecting '1994' from dropdown 'year'
2025-07-22 12:58:05,365 - property_scraper - INFO - Saved screenshot before dropdown interaction: dropdown_debug/before_year_1753169285.png
2025-07-22 12:58:26,420 - property_scraper - ERROR - Error selecting option '1994' from dropdown 'year': Message: 
Stacktrace:
	GetHandleVerifier [0x0x4244a3+62419]
	GetHandleVerifier [0x0x4244e4+62484]
	(No symbol) [0x0x262133]
	(No symbol) [0x0x2aa8fe]
	(No symbol) [0x0x2aac9b]
	(No symbol) [0x0x2f3052]
	(No symbol) [0x0x2cf4b4]
	(No symbol) [0x0x2f087a]
	(No symbol) [0x0x2cf266]
	(No symbol) [0x0x29e852]
	(No symbol) [0x0x29f6f4]
	GetHandleVerifier [0x0x694793+2619075]
	GetHandleVerifier [0x0x68fbaa+2599642]
	GetHandleVerifier [0x0x44b04a+221050]
	GetHandleVerifier [0x0x43b2c8+156152]
	GetHandleVerifier [0x0x441c7d+183213]
	GetHandleVerifier [0x0x42c388+94904]
	GetHandleVerifier [0x0x42c512+95298]
	GetHandleVerifier [0x0x41766a+9626]
	BaseThreadInitThunk [0x0x768ffcc9+25]
	RtlGetAppContainerNamedObjectPath [0x0x771582ae+286]
	RtlGetAppContainerNamedObjectPath [0x0x7715827e+238]

2025-07-22 12:58:26,421 - property_scraper - ERROR - Failed to select year: 1994
2025-07-22 12:58:27,812 - property_scraper - INFO - Looking for available tasks...
2025-07-22 12:58:27,812 - property_scraper - INFO - Continuing with previous task: 1994_मुंबई_Mumbai_मांडवी_2
2025-07-22 12:58:27,813 - property_scraper - INFO - Found available task: 1994_मुंबई_Mumbai_मांडवी_2
2025-07-22 12:58:27,813 - property_scraper - INFO - Getting current dropdown selections
2025-07-22 12:58:27,841 - property_scraper - INFO - Current dropdown selections: {'year': None, 'district': None, 'taluka': None, 'village': None}
2025-07-22 12:58:27,842 - property_scraper - INFO - Need to select year: 1994 (current: None)
2025-07-22 12:58:27,842 - property_scraper - INFO - Need to select district: मुंबई (current: None)
2025-07-22 12:58:27,842 - property_scraper - INFO - Need to select taluka: Mumbai (current: None)
2025-07-22 12:58:27,842 - property_scraper - INFO - Need to select village: मांडवी (current: None)
2025-07-22 12:58:27,842 - property_scraper - INFO - Some dropdown selections need to be updated
2025-07-22 12:58:27,843 - property_scraper - INFO - Selecting '1994' from dropdown 'year'
2025-07-22 12:58:27,998 - property_scraper - INFO - Saved screenshot before dropdown interaction: dropdown_debug/before_year_1753169307.png
2025-07-22 12:58:49,045 - property_scraper - ERROR - Error selecting option '1994' from dropdown 'year': Message: 
Stacktrace:
	GetHandleVerifier [0x0x4244a3+62419]
	GetHandleVerifier [0x0x4244e4+62484]
	(No symbol) [0x0x262133]
	(No symbol) [0x0x2aa8fe]
	(No symbol) [0x0x2aac9b]
	(No symbol) [0x0x2f3052]
	(No symbol) [0x0x2cf4b4]
	(No symbol) [0x0x2f087a]
	(No symbol) [0x0x2cf266]
	(No symbol) [0x0x29e852]
	(No symbol) [0x0x29f6f4]
	GetHandleVerifier [0x0x694793+2619075]
	GetHandleVerifier [0x0x68fbaa+2599642]
	GetHandleVerifier [0x0x44b04a+221050]
	GetHandleVerifier [0x0x43b2c8+156152]
	GetHandleVerifier [0x0x441c7d+183213]
	GetHandleVerifier [0x0x42c388+94904]
	GetHandleVerifier [0x0x42c512+95298]
	GetHandleVerifier [0x0x41766a+9626]
	BaseThreadInitThunk [0x0x768ffcc9+25]
	RtlGetAppContainerNamedObjectPath [0x0x771582ae+286]
	RtlGetAppContainerNamedObjectPath [0x0x7715827e+238]

2025-07-22 12:58:49,045 - property_scraper - ERROR - Failed to select year: 1994
2025-07-22 12:58:50,292 - property_scraper - INFO - Looking for available tasks...
2025-07-22 12:58:50,292 - property_scraper - INFO - Continuing with previous task: 1994_मुंबई_Mumbai_मांडवी_2
2025-07-22 12:58:50,293 - property_scraper - INFO - Found available task: 1994_मुंबई_Mumbai_मांडवी_2
2025-07-22 12:58:50,293 - property_scraper - INFO - Getting current dropdown selections
2025-07-22 12:58:50,305 - property_scraper - INFO - Current dropdown selections: {'year': None, 'district': None, 'taluka': None, 'village': None}
2025-07-22 12:58:50,306 - property_scraper - INFO - Need to select year: 1994 (current: None)
2025-07-22 12:58:50,306 - property_scraper - INFO - Need to select district: मुंबई (current: None)
2025-07-22 12:58:50,306 - property_scraper - INFO - Need to select taluka: Mumbai (current: None)
2025-07-22 12:58:50,307 - property_scraper - INFO - Need to select village: मांडवी (current: None)
2025-07-22 12:58:50,307 - property_scraper - INFO - Some dropdown selections need to be updated
2025-07-22 12:58:50,307 - property_scraper - INFO - Selecting '1994' from dropdown 'year'
2025-07-22 12:58:50,449 - property_scraper - INFO - Saved screenshot before dropdown interaction: dropdown_debug/before_year_1753169330.png
2025-07-22 12:59:10,737 - uc - INFO - ensuring close
