2025-07-22 13:57:30,372 - property_scraper - INFO - Instance ID: local_d12fd4ae
2025-07-22 13:57:30,373 - property_scraper - INFO - Tesseract path set to: C:\Program Files\Tesseract-OCR\tesseract.exe
2025-07-22 13:57:30,379 - property_scraper - INFO - Running property scraper
2025-07-22 13:57:30,379 - property_scraper - INFO - Starting property scraper...
2025-07-22 13:57:30,379 - property_scraper - INFO - Instance ID: local_d12fd4ae
2025-07-22 13:57:30,380 - property_scraper - INFO - Setting up Chrome WebDriver...
2025-07-22 13:57:30,575 - property_scraper - INFO - Using user agent: Mozilla/5.0 (Windows NT 10.0; Win64; x64; rv:89.0) Gecko/20100101 Firefox/89.0
2025-07-22 13:57:30,575 - property_scraper - INFO - Creating Chrome driver using undetected_chromedriver with enhanced settings
2025-07-22 13:57:32,106 - property_scraper - INFO - Chrome WebDriver set up successfully
2025-07-22 13:57:32,107 - property_scraper - INFO - Navigating to https://pay2igr.igrmaharashtra.gov.in/eDisplay/Propertydetails/index
2025-07-22 13:57:33,844 - property_scraper - INFO - Waiting for page to fully load...
2025-07-22 13:57:33,852 - property_scraper - INFO - Page fully loaded
2025-07-22 13:57:39,002 - property_scraper - INFO - Saved initial page screenshot to captcha_debug/initial_page_1753172858.png
2025-07-22 13:57:40,579 - property_scraper - INFO - Looking for available tasks...
2025-07-22 13:57:40,579 - property_scraper - INFO - Continuing with previous task: 1995_मुंबई_Mumbai_कोपरी_2
2025-07-22 13:57:40,579 - property_scraper - INFO - Found available task: 1995_मुंबई_Mumbai_कोपरी_2
2025-07-22 13:57:40,579 - property_scraper - INFO - Getting current dropdown selections
2025-07-22 13:57:40,599 - property_scraper - INFO - Current dropdown selections: {'year': None, 'district': None, 'taluka': None, 'village': None}
2025-07-22 13:57:40,599 - property_scraper - INFO - Need to select year: 1995 (current: None)
2025-07-22 13:57:40,599 - property_scraper - INFO - Need to select district: मुंबई (current: None)
2025-07-22 13:57:40,599 - property_scraper - INFO - Need to select taluka: Mumbai (current: None)
2025-07-22 13:57:40,599 - property_scraper - INFO - Need to select village: कोपरी (current: None)
2025-07-22 13:57:40,599 - property_scraper - INFO - Some dropdown selections need to be updated
2025-07-22 13:57:40,599 - property_scraper - INFO - Selecting '1995' from dropdown 'year'
2025-07-22 13:57:40,804 - property_scraper - INFO - Saved screenshot before dropdown interaction: dropdown_debug/before_year_1753172860.png
2025-07-22 13:57:40,811 - property_scraper - INFO - Using special handling for year dropdown
2025-07-22 13:57:40,811 - property_scraper - INFO - Using specialized year selection method for year: 1995
2025-07-22 13:57:40,811 - property_scraper - INFO - Approach 1: Direct XPath selection
2025-07-22 13:57:51,320 - property_scraper - WARNING - Approach 1 failed: Message: 
Stacktrace:
	GetHandleVerifier [0x0x4244a3+62419]
	GetHandleVerifier [0x0x4244e4+62484]
	(No symbol) [0x0x262133]
	(No symbol) [0x0x2aa8fe]
	(No symbol) [0x0x2aac9b]
	(No symbol) [0x0x2f3052]
	(No symbol) [0x0x2cf4b4]
	(No symbol) [0x0x2f087a]
	(No symbol) [0x0x2cf266]
	(No symbol) [0x0x29e852]
	(No symbol) [0x0x29f6f4]
	GetHandleVerifier [0x0x694793+2619075]
	GetHandleVerifier [0x0x68fbaa+2599642]
	GetHandleVerifier [0x0x44b04a+221050]
	GetHandleVerifier [0x0x43b2c8+156152]
	GetHandleVerifier [0x0x441c7d+183213]
	GetHandleVerifier [0x0x42c388+94904]
	GetHandleVerifier [0x0x42c512+95298]
	GetHandleVerifier [0x0x41766a+9626]
	BaseThreadInitThunk [0x0x768ffcc9+25]
	RtlGetAppContainerNamedObjectPath [0x0x771582ae+286]
	RtlGetAppContainerNamedObjectPath [0x0x7715827e+238]

2025-07-22 13:57:51,320 - property_scraper - INFO - Approach 2: Select class with explicit wait
2025-07-22 13:58:01,842 - property_scraper - WARNING - Approach 2 failed: Message: 
Stacktrace:
	GetHandleVerifier [0x0x4244a3+62419]
	GetHandleVerifier [0x0x4244e4+62484]
	(No symbol) [0x0x262133]
	(No symbol) [0x0x2aa8fe]
	(No symbol) [0x0x2aac9b]
	(No symbol) [0x0x2f3052]
	(No symbol) [0x0x2cf4b4]
	(No symbol) [0x0x2f087a]
	(No symbol) [0x0x2cf266]
	(No symbol) [0x0x29e852]
	(No symbol) [0x0x29f6f4]
	GetHandleVerifier [0x0x694793+2619075]
	GetHandleVerifier [0x0x68fbaa+2599642]
	GetHandleVerifier [0x0x44b04a+221050]
	GetHandleVerifier [0x0x43b2c8+156152]
	GetHandleVerifier [0x0x441c7d+183213]
	GetHandleVerifier [0x0x42c388+94904]
	GetHandleVerifier [0x0x42c512+95298]
	GetHandleVerifier [0x0x41766a+9626]
	BaseThreadInitThunk [0x0x768ffcc9+25]
	RtlGetAppContainerNamedObjectPath [0x0x771582ae+286]
	RtlGetAppContainerNamedObjectPath [0x0x7715827e+238]

2025-07-22 13:58:01,842 - property_scraper - INFO - Approach 3: Pure JavaScript approach
2025-07-22 13:58:01,849 - property_scraper - INFO - Year options: ['--Select Year--', '2025', '2024', '2023', '2022', '2021', '2020', '2019', '2018', '2017', '2016', '2015', '2014', '2013', '2012', '2002', '2001', '2000', '1999', '1998', '1997', '1996', '1995', '1994', '1993', '1992', '1991', '1990', '1989', '1988', '1987', '1986', '1985']
2025-07-22 13:58:01,856 - property_scraper - WARNING - Approach 3 failed: Message: javascript error: Cannot set properties of null (setting 'selectedIndex')
  (Session info: chrome=138.0.7204.158)
Stacktrace:
	GetHandleVerifier [0x0x4244a3+62419]
	GetHandleVerifier [0x0x4244e4+62484]
	(No symbol) [0x0x262133]
	(No symbol) [0x0x268909]
	(No symbol) [0x0x26aec3]
	(No symbol) [0x0x2f1874]
	(No symbol) [0x0x2cf46c]
	(No symbol) [0x0x2f087a]
	(No symbol) [0x0x2cf266]
	(No symbol) [0x0x29e852]
	(No symbol) [0x0x29f6f4]
	GetHandleVerifier [0x0x694793+2619075]
	GetHandleVerifier [0x0x68fbaa+2599642]
	GetHandleVerifier [0x0x44b04a+221050]
	GetHandleVerifier [0x0x43b2c8+156152]
	GetHandleVerifier [0x0x441c7d+183213]
	GetHandleVerifier [0x0x42c388+94904]
	GetHandleVerifier [0x0x42c512+95298]
	GetHandleVerifier [0x0x41766a+9626]
	BaseThreadInitThunk [0x0x768ffcc9+25]
	RtlGetAppContainerNamedObjectPath [0x0x771582ae+286]
	RtlGetAppContainerNamedObjectPath [0x0x7715827e+238]

2025-07-22 13:58:01,856 - property_scraper - INFO - Approach 4: ActionChains approach
2025-07-22 13:58:12,407 - property_scraper - WARNING - Approach 4 failed: Message: 
Stacktrace:
	GetHandleVerifier [0x0x4244a3+62419]
	GetHandleVerifier [0x0x4244e4+62484]
	(No symbol) [0x0x262133]
	(No symbol) [0x0x2aa8fe]
	(No symbol) [0x0x2aac9b]
	(No symbol) [0x0x2f3052]
	(No symbol) [0x0x2cf4b4]
	(No symbol) [0x0x2f087a]
	(No symbol) [0x0x2cf266]
	(No symbol) [0x0x29e852]
	(No symbol) [0x0x29f6f4]
	GetHandleVerifier [0x0x694793+2619075]
	GetHandleVerifier [0x0x68fbaa+2599642]
	GetHandleVerifier [0x0x44b04a+221050]
	GetHandleVerifier [0x0x43b2c8+156152]
	GetHandleVerifier [0x0x441c7d+183213]
	GetHandleVerifier [0x0x42c388+94904]
	GetHandleVerifier [0x0x42c512+95298]
	GetHandleVerifier [0x0x41766a+9626]
	BaseThreadInitThunk [0x0x768ffcc9+25]
	RtlGetAppContainerNamedObjectPath [0x0x771582ae+286]
	RtlGetAppContainerNamedObjectPath [0x0x7715827e+238]

2025-07-22 13:58:12,407 - property_scraper - INFO - Approach 5: Advanced DOM manipulation with mutation observer
2025-07-22 13:58:12,427 - property_scraper - INFO - Approach 5 result: 1995
2025-07-22 13:58:12,649 - property_scraper - INFO - Approach 5 successful: 1995
2025-07-22 13:58:12,649 - property_scraper - INFO - Successfully selected year '1995' using special handling
2025-07-22 13:58:14,650 - property_scraper - INFO - Selecting 'मुंबई' from dropdown 'district'
2025-07-22 13:58:14,882 - property_scraper - INFO - Saved screenshot before dropdown interaction: dropdown_debug/before_district_1753172894.png
2025-07-22 13:58:35,932 - property_scraper - ERROR - Error selecting option 'मुंबई' from dropdown 'district': Message: 
Stacktrace:
	GetHandleVerifier [0x0x4244a3+62419]
	GetHandleVerifier [0x0x4244e4+62484]
	(No symbol) [0x0x262133]
	(No symbol) [0x0x2aa8fe]
	(No symbol) [0x0x2aac9b]
	(No symbol) [0x0x2f3052]
	(No symbol) [0x0x2cf4b4]
	(No symbol) [0x0x2f087a]
	(No symbol) [0x0x2cf266]
	(No symbol) [0x0x29e852]
	(No symbol) [0x0x29f6f4]
	GetHandleVerifier [0x0x694793+2619075]
	GetHandleVerifier [0x0x68fbaa+2599642]
	GetHandleVerifier [0x0x44b04a+221050]
	GetHandleVerifier [0x0x43b2c8+156152]
	GetHandleVerifier [0x0x441c7d+183213]
	GetHandleVerifier [0x0x42c388+94904]
	GetHandleVerifier [0x0x42c512+95298]
	GetHandleVerifier [0x0x41766a+9626]
	BaseThreadInitThunk [0x0x768ffcc9+25]
	RtlGetAppContainerNamedObjectPath [0x0x771582ae+286]
	RtlGetAppContainerNamedObjectPath [0x0x7715827e+238]

2025-07-22 13:58:35,932 - property_scraper - INFO - Retrying after exception with 3 attempts remaining. Waiting 1 seconds...
2025-07-22 13:58:41,377 - property_scraper - INFO - Selecting 'मुंबई' from dropdown 'district'
2025-07-22 13:58:41,549 - property_scraper - INFO - Saved screenshot before dropdown interaction: dropdown_debug/before_district_1753172921.png
2025-07-22 13:59:02,614 - property_scraper - ERROR - Error selecting option 'मुंबई' from dropdown 'district': Message: 
Stacktrace:
	GetHandleVerifier [0x0x4244a3+62419]
	GetHandleVerifier [0x0x4244e4+62484]
	(No symbol) [0x0x262133]
	(No symbol) [0x0x2aa8fe]
	(No symbol) [0x0x2aac9b]
	(No symbol) [0x0x2f3052]
	(No symbol) [0x0x2cf4b4]
	(No symbol) [0x0x2f087a]
	(No symbol) [0x0x2cf266]
	(No symbol) [0x0x29e852]
	(No symbol) [0x0x29f6f4]
	GetHandleVerifier [0x0x694793+2619075]
	GetHandleVerifier [0x0x68fbaa+2599642]
	GetHandleVerifier [0x0x44b04a+221050]
	GetHandleVerifier [0x0x43b2c8+156152]
	GetHandleVerifier [0x0x441c7d+183213]
	GetHandleVerifier [0x0x42c388+94904]
	GetHandleVerifier [0x0x42c512+95298]
	GetHandleVerifier [0x0x41766a+9626]
	BaseThreadInitThunk [0x0x768ffcc9+25]
	RtlGetAppContainerNamedObjectPath [0x0x771582ae+286]
	RtlGetAppContainerNamedObjectPath [0x0x7715827e+238]

2025-07-22 13:59:02,614 - property_scraper - INFO - Retrying after exception with 2 attempts remaining. Waiting 2 seconds...
2025-07-22 13:59:09,266 - property_scraper - INFO - Selecting 'मुंबई' from dropdown 'district'
2025-07-22 13:59:09,422 - property_scraper - INFO - Saved screenshot before dropdown interaction: dropdown_debug/before_district_1753172949.png
2025-07-22 13:59:30,453 - property_scraper - ERROR - Error selecting option 'मुंबई' from dropdown 'district': Message: 
Stacktrace:
	GetHandleVerifier [0x0x4244a3+62419]
	GetHandleVerifier [0x0x4244e4+62484]
	(No symbol) [0x0x262133]
	(No symbol) [0x0x2aa8fe]
	(No symbol) [0x0x2aac9b]
	(No symbol) [0x0x2f3052]
	(No symbol) [0x0x2cf4b4]
	(No symbol) [0x0x2f087a]
	(No symbol) [0x0x2cf266]
	(No symbol) [0x0x29e852]
	(No symbol) [0x0x29f6f4]
	GetHandleVerifier [0x0x694793+2619075]
	GetHandleVerifier [0x0x68fbaa+2599642]
	GetHandleVerifier [0x0x44b04a+221050]
	GetHandleVerifier [0x0x43b2c8+156152]
	GetHandleVerifier [0x0x441c7d+183213]
	GetHandleVerifier [0x0x42c388+94904]
	GetHandleVerifier [0x0x42c512+95298]
	GetHandleVerifier [0x0x41766a+9626]
	BaseThreadInitThunk [0x0x768ffcc9+25]
	RtlGetAppContainerNamedObjectPath [0x0x771582ae+286]
	RtlGetAppContainerNamedObjectPath [0x0x7715827e+238]

2025-07-22 13:59:30,453 - property_scraper - INFO - Retrying after exception with 1 attempts remaining. Waiting 4 seconds...
2025-07-22 13:59:38,924 - property_scraper - INFO - Selecting 'मुंबई' from dropdown 'district'
2025-07-22 13:59:39,080 - property_scraper - INFO - Saved screenshot before dropdown interaction: dropdown_debug/before_district_1753172978.png
2025-07-22 14:00:00,127 - property_scraper - ERROR - Error selecting option 'मुंबई' from dropdown 'district': Message: 
Stacktrace:
	GetHandleVerifier [0x0x4244a3+62419]
	GetHandleVerifier [0x0x4244e4+62484]
	(No symbol) [0x0x262133]
	(No symbol) [0x0x2aa8fe]
	(No symbol) [0x0x2aac9b]
	(No symbol) [0x0x2f3052]
	(No symbol) [0x0x2cf4b4]
	(No symbol) [0x0x2f087a]
	(No symbol) [0x0x2cf266]
	(No symbol) [0x0x29e852]
	(No symbol) [0x0x29f6f4]
	GetHandleVerifier [0x0x694793+2619075]
	GetHandleVerifier [0x0x68fbaa+2599642]
	GetHandleVerifier [0x0x44b04a+221050]
	GetHandleVerifier [0x0x43b2c8+156152]
	GetHandleVerifier [0x0x441c7d+183213]
	GetHandleVerifier [0x0x42c388+94904]
	GetHandleVerifier [0x0x42c512+95298]
	GetHandleVerifier [0x0x41766a+9626]
	BaseThreadInitThunk [0x0x768ffcc9+25]
	RtlGetAppContainerNamedObjectPath [0x0x771582ae+286]
	RtlGetAppContainerNamedObjectPath [0x0x7715827e+238]

2025-07-22 14:00:00,127 - property_scraper - WARNING - Standard selection failed for district: मुंबई. Trying forced selection...
2025-07-22 14:00:00,127 - property_scraper - INFO - LAST RESORT: Forcing selection of 'मुंबई' in dropdown 'district'
2025-07-22 14:00:00,345 - property_scraper - INFO - Saved screenshot before forced selection: dropdown_debug/before_force_district_1753173000.png
2025-07-22 14:00:00,353 - property_scraper - INFO - Available options for district: ['--Select District--', 'अकोला', 'अमरावती', 'अहमदनगर', 'उस्मानाबाद', 'औरंगाबाद', 'कोल्हापूर', 'गडचिरोली', 'गोंदिया', 'चंद्रपूर', 'जळगाव', 'जालना', 'ठाणे', 'धुळे', 'नंदुरबार', 'नागपूर', 'नांदेड', 'नाशिक', 'परभणी', 'पालघर', 'पुणे', 'बीड', 'बुलढाणा', 'भंडारा', 'मुंबई', 'मुंबई उपनगर', 'यवतमाळ', 'रत्नागिरी', 'रायगड', 'लातूर', 'वर्धा', 'वाशीम', 'सांगली', 'सातारा', 'सिंधुदुर्ग', 'सोलापूर', 'हिंगोली']
2025-07-22 14:00:00,353 - property_scraper - INFO - Found exact match: मुंबई at index 24
2025-07-22 14:00:00,553 - property_scraper - INFO - Saved screenshot after forced selection: dropdown_debug/after_force_district_1753173000.png
2025-07-22 14:00:00,553 - property_scraper - INFO - Successfully forced selection: 'मुंबई' at index 24
2025-07-22 14:00:02,555 - property_scraper - INFO - Verifying that selecting from 'district' populated 'taluka'
2025-07-22 14:00:13,115 - property_scraper - ERROR - Error verifying dropdown dependency: Message: 
Stacktrace:
	GetHandleVerifier [0x0x4244a3+62419]
	GetHandleVerifier [0x0x4244e4+62484]
	(No symbol) [0x0x262133]
	(No symbol) [0x0x2aa8fe]
	(No symbol) [0x0x2aac9b]
	(No symbol) [0x0x2f3052]
	(No symbol) [0x0x2cf4b4]
	(No symbol) [0x0x2f087a]
	(No symbol) [0x0x2cf266]
	(No symbol) [0x0x29e852]
	(No symbol) [0x0x29f6f4]
	GetHandleVerifier [0x0x694793+2619075]
	GetHandleVerifier [0x0x68fbaa+2599642]
	GetHandleVerifier [0x0x44b04a+221050]
	GetHandleVerifier [0x0x43b2c8+156152]
	GetHandleVerifier [0x0x441c7d+183213]
	GetHandleVerifier [0x0x42c388+94904]
	GetHandleVerifier [0x0x42c512+95298]
	GetHandleVerifier [0x0x41766a+9626]
	BaseThreadInitThunk [0x0x768ffcc9+25]
	RtlGetAppContainerNamedObjectPath [0x0x771582ae+286]
	RtlGetAppContainerNamedObjectPath [0x0x7715827e+238]

2025-07-22 14:00:13,115 - property_scraper - WARNING - District selection did not populate taluka dropdown. Retrying...
2025-07-22 14:00:13,115 - property_scraper - INFO - Selecting 'मुंबई' from dropdown 'district'
2025-07-22 14:00:13,353 - property_scraper - INFO - Saved screenshot before dropdown interaction: dropdown_debug/before_district_1753173013.png
2025-07-22 14:00:34,643 - property_scraper - ERROR - Error selecting option 'मुंबई' from dropdown 'district': Message: 
Stacktrace:
	GetHandleVerifier [0x0x4244a3+62419]
	GetHandleVerifier [0x0x4244e4+62484]
	(No symbol) [0x0x262133]
	(No symbol) [0x0x2aa8fe]
	(No symbol) [0x0x2aac9b]
	(No symbol) [0x0x2f3052]
	(No symbol) [0x0x2cf4b4]
	(No symbol) [0x0x2f087a]
	(No symbol) [0x0x2cf266]
	(No symbol) [0x0x29e852]
	(No symbol) [0x0x29f6f4]
	GetHandleVerifier [0x0x694793+2619075]
	GetHandleVerifier [0x0x68fbaa+2599642]
	GetHandleVerifier [0x0x44b04a+221050]
	GetHandleVerifier [0x0x43b2c8+156152]
	GetHandleVerifier [0x0x441c7d+183213]
	GetHandleVerifier [0x0x42c388+94904]
	GetHandleVerifier [0x0x42c512+95298]
	GetHandleVerifier [0x0x41766a+9626]
	BaseThreadInitThunk [0x0x768ffcc9+25]
	RtlGetAppContainerNamedObjectPath [0x0x771582ae+286]
	RtlGetAppContainerNamedObjectPath [0x0x7715827e+238]

2025-07-22 14:00:34,643 - property_scraper - INFO - Retrying after exception with 3 attempts remaining. Waiting 1 seconds...
2025-07-22 14:00:40,158 - property_scraper - INFO - Selecting 'मुंबई' from dropdown 'district'
2025-07-22 14:00:40,406 - property_scraper - INFO - Saved screenshot before dropdown interaction: dropdown_debug/before_district_1753173040.png
2025-07-22 14:01:01,500 - property_scraper - ERROR - Error selecting option 'मुंबई' from dropdown 'district': Message: 
Stacktrace:
	GetHandleVerifier [0x0x4244a3+62419]
	GetHandleVerifier [0x0x4244e4+62484]
	(No symbol) [0x0x262133]
	(No symbol) [0x0x2aa8fe]
	(No symbol) [0x0x2aac9b]
	(No symbol) [0x0x2f3052]
	(No symbol) [0x0x2cf4b4]
	(No symbol) [0x0x2f087a]
	(No symbol) [0x0x2cf266]
	(No symbol) [0x0x29e852]
	(No symbol) [0x0x29f6f4]
	GetHandleVerifier [0x0x694793+2619075]
	GetHandleVerifier [0x0x68fbaa+2599642]
	GetHandleVerifier [0x0x44b04a+221050]
	GetHandleVerifier [0x0x43b2c8+156152]
	GetHandleVerifier [0x0x441c7d+183213]
	GetHandleVerifier [0x0x42c388+94904]
	GetHandleVerifier [0x0x42c512+95298]
	GetHandleVerifier [0x0x41766a+9626]
	BaseThreadInitThunk [0x0x768ffcc9+25]
	RtlGetAppContainerNamedObjectPath [0x0x771582ae+286]
	RtlGetAppContainerNamedObjectPath [0x0x7715827e+238]

2025-07-22 14:01:01,500 - property_scraper - INFO - Retrying after exception with 2 attempts remaining. Waiting 2 seconds...
2025-07-22 14:01:07,943 - property_scraper - INFO - Selecting 'मुंबई' from dropdown 'district'
2025-07-22 14:01:08,199 - property_scraper - INFO - Saved screenshot before dropdown interaction: dropdown_debug/before_district_1753173067.png
2025-07-22 14:01:29,270 - property_scraper - ERROR - Error selecting option 'मुंबई' from dropdown 'district': Message: 
Stacktrace:
	GetHandleVerifier [0x0x4244a3+62419]
	GetHandleVerifier [0x0x4244e4+62484]
	(No symbol) [0x0x262133]
	(No symbol) [0x0x2aa8fe]
	(No symbol) [0x0x2aac9b]
	(No symbol) [0x0x2f3052]
	(No symbol) [0x0x2cf4b4]
	(No symbol) [0x0x2f087a]
	(No symbol) [0x0x2cf266]
	(No symbol) [0x0x29e852]
	(No symbol) [0x0x29f6f4]
	GetHandleVerifier [0x0x694793+2619075]
	GetHandleVerifier [0x0x68fbaa+2599642]
	GetHandleVerifier [0x0x44b04a+221050]
	GetHandleVerifier [0x0x43b2c8+156152]
	GetHandleVerifier [0x0x441c7d+183213]
	GetHandleVerifier [0x0x42c388+94904]
	GetHandleVerifier [0x0x42c512+95298]
	GetHandleVerifier [0x0x41766a+9626]
	BaseThreadInitThunk [0x0x768ffcc9+25]
	RtlGetAppContainerNamedObjectPath [0x0x771582ae+286]
	RtlGetAppContainerNamedObjectPath [0x0x7715827e+238]

2025-07-22 14:01:29,270 - property_scraper - INFO - Retrying after exception with 1 attempts remaining. Waiting 4 seconds...
2025-07-22 14:01:37,757 - property_scraper - INFO - Selecting 'मुंबई' from dropdown 'district'
2025-07-22 14:01:37,962 - property_scraper - INFO - Saved screenshot before dropdown interaction: dropdown_debug/before_district_1753173097.png
2025-07-22 14:01:59,036 - property_scraper - ERROR - Error selecting option 'मुंबई' from dropdown 'district': Message: 
Stacktrace:
	GetHandleVerifier [0x0x4244a3+62419]
	GetHandleVerifier [0x0x4244e4+62484]
	(No symbol) [0x0x262133]
	(No symbol) [0x0x2aa8fe]
	(No symbol) [0x0x2aac9b]
	(No symbol) [0x0x2f3052]
	(No symbol) [0x0x2cf4b4]
	(No symbol) [0x0x2f087a]
	(No symbol) [0x0x2cf266]
	(No symbol) [0x0x29e852]
	(No symbol) [0x0x29f6f4]
	GetHandleVerifier [0x0x694793+2619075]
	GetHandleVerifier [0x0x68fbaa+2599642]
	GetHandleVerifier [0x0x44b04a+221050]
	GetHandleVerifier [0x0x43b2c8+156152]
	GetHandleVerifier [0x0x441c7d+183213]
	GetHandleVerifier [0x0x42c388+94904]
	GetHandleVerifier [0x0x42c512+95298]
	GetHandleVerifier [0x0x41766a+9626]
	BaseThreadInitThunk [0x0x768ffcc9+25]
	RtlGetAppContainerNamedObjectPath [0x0x771582ae+286]
	RtlGetAppContainerNamedObjectPath [0x0x7715827e+238]

2025-07-22 14:01:59,036 - property_scraper - ERROR - Failed to select district on retry: मुंबई
2025-07-22 14:02:00,353 - property_scraper - INFO - Looking for available tasks...
2025-07-22 14:02:00,353 - property_scraper - INFO - Continuing with previous task: 1995_मुंबई_Mumbai_कोपरी_2
2025-07-22 14:02:00,353 - property_scraper - INFO - Found available task: 1995_मुंबई_Mumbai_कोपरी_2
2025-07-22 14:02:00,353 - property_scraper - INFO - Getting current dropdown selections
2025-07-22 14:02:00,373 - property_scraper - INFO - Current dropdown selections: {'year': None, 'district': None, 'taluka': None, 'village': None}
2025-07-22 14:02:00,374 - property_scraper - INFO - Need to select year: 1995 (current: None)
2025-07-22 14:02:00,374 - property_scraper - INFO - Need to select district: मुंबई (current: None)
2025-07-22 14:02:00,374 - property_scraper - INFO - Need to select taluka: Mumbai (current: None)
2025-07-22 14:02:00,374 - property_scraper - INFO - Need to select village: कोपरी (current: None)
2025-07-22 14:02:00,374 - property_scraper - INFO - Some dropdown selections need to be updated
2025-07-22 14:02:00,374 - property_scraper - INFO - Selecting '1995' from dropdown 'year'
2025-07-22 14:02:00,606 - property_scraper - INFO - Saved screenshot before dropdown interaction: dropdown_debug/before_year_1753173120.png
2025-07-22 14:02:00,610 - property_scraper - INFO - Using special handling for year dropdown
2025-07-22 14:02:00,611 - property_scraper - INFO - Using specialized year selection method for year: 1995
2025-07-22 14:02:00,611 - property_scraper - INFO - Approach 1: Direct XPath selection
2025-07-22 14:02:11,148 - property_scraper - WARNING - Approach 1 failed: Message: 
Stacktrace:
	GetHandleVerifier [0x0x4244a3+62419]
	GetHandleVerifier [0x0x4244e4+62484]
	(No symbol) [0x0x262133]
	(No symbol) [0x0x2aa8fe]
	(No symbol) [0x0x2aac9b]
	(No symbol) [0x0x2f3052]
	(No symbol) [0x0x2cf4b4]
	(No symbol) [0x0x2f087a]
	(No symbol) [0x0x2cf266]
	(No symbol) [0x0x29e852]
	(No symbol) [0x0x29f6f4]
	GetHandleVerifier [0x0x694793+2619075]
	GetHandleVerifier [0x0x68fbaa+2599642]
	GetHandleVerifier [0x0x44b04a+221050]
	GetHandleVerifier [0x0x43b2c8+156152]
	GetHandleVerifier [0x0x441c7d+183213]
	GetHandleVerifier [0x0x42c388+94904]
	GetHandleVerifier [0x0x42c512+95298]
	GetHandleVerifier [0x0x41766a+9626]
	BaseThreadInitThunk [0x0x768ffcc9+25]
	RtlGetAppContainerNamedObjectPath [0x0x771582ae+286]
	RtlGetAppContainerNamedObjectPath [0x0x7715827e+238]

2025-07-22 14:02:11,148 - property_scraper - INFO - Approach 2: Select class with explicit wait
2025-07-22 14:02:21,676 - property_scraper - WARNING - Approach 2 failed: Message: 
Stacktrace:
	GetHandleVerifier [0x0x4244a3+62419]
	GetHandleVerifier [0x0x4244e4+62484]
	(No symbol) [0x0x262133]
	(No symbol) [0x0x2aa8fe]
	(No symbol) [0x0x2aac9b]
	(No symbol) [0x0x2f3052]
	(No symbol) [0x0x2cf4b4]
	(No symbol) [0x0x2f087a]
	(No symbol) [0x0x2cf266]
	(No symbol) [0x0x29e852]
	(No symbol) [0x0x29f6f4]
	GetHandleVerifier [0x0x694793+2619075]
	GetHandleVerifier [0x0x68fbaa+2599642]
	GetHandleVerifier [0x0x44b04a+221050]
	GetHandleVerifier [0x0x43b2c8+156152]
	GetHandleVerifier [0x0x441c7d+183213]
	GetHandleVerifier [0x0x42c388+94904]
	GetHandleVerifier [0x0x42c512+95298]
	GetHandleVerifier [0x0x41766a+9626]
	BaseThreadInitThunk [0x0x768ffcc9+25]
	RtlGetAppContainerNamedObjectPath [0x0x771582ae+286]
	RtlGetAppContainerNamedObjectPath [0x0x7715827e+238]

2025-07-22 14:02:21,676 - property_scraper - INFO - Approach 3: Pure JavaScript approach
2025-07-22 14:02:21,683 - property_scraper - INFO - Year options: ['--Select Year--', '2025', '2024', '2023', '2022', '2021', '2020', '2019', '2018', '2017', '2016', '2015', '2014', '2013', '2012', '2002', '2001', '2000', '1999', '1998', '1997', '1996', '1995', '1994', '1993', '1992', '1991', '1990', '1989', '1988', '1987', '1986', '1985']
2025-07-22 14:02:21,689 - property_scraper - WARNING - Approach 3 failed: Message: javascript error: Cannot set properties of null (setting 'selectedIndex')
  (Session info: chrome=138.0.7204.158)
Stacktrace:
	GetHandleVerifier [0x0x4244a3+62419]
	GetHandleVerifier [0x0x4244e4+62484]
	(No symbol) [0x0x262133]
	(No symbol) [0x0x268909]
	(No symbol) [0x0x26aec3]
	(No symbol) [0x0x2f1874]
	(No symbol) [0x0x2cf46c]
	(No symbol) [0x0x2f087a]
	(No symbol) [0x0x2cf266]
	(No symbol) [0x0x29e852]
	(No symbol) [0x0x29f6f4]
	GetHandleVerifier [0x0x694793+2619075]
	GetHandleVerifier [0x0x68fbaa+2599642]
	GetHandleVerifier [0x0x44b04a+221050]
	GetHandleVerifier [0x0x43b2c8+156152]
	GetHandleVerifier [0x0x441c7d+183213]
	GetHandleVerifier [0x0x42c388+94904]
	GetHandleVerifier [0x0x42c512+95298]
	GetHandleVerifier [0x0x41766a+9626]
	BaseThreadInitThunk [0x0x768ffcc9+25]
	RtlGetAppContainerNamedObjectPath [0x0x771582ae+286]
	RtlGetAppContainerNamedObjectPath [0x0x7715827e+238]

2025-07-22 14:02:21,689 - property_scraper - INFO - Approach 4: ActionChains approach
2025-07-22 14:02:32,195 - property_scraper - WARNING - Approach 4 failed: Message: 
Stacktrace:
	GetHandleVerifier [0x0x4244a3+62419]
	GetHandleVerifier [0x0x4244e4+62484]
	(No symbol) [0x0x262133]
	(No symbol) [0x0x2aa8fe]
	(No symbol) [0x0x2aac9b]
	(No symbol) [0x0x2f3052]
	(No symbol) [0x0x2cf4b4]
	(No symbol) [0x0x2f087a]
	(No symbol) [0x0x2cf266]
	(No symbol) [0x0x29e852]
	(No symbol) [0x0x29f6f4]
	GetHandleVerifier [0x0x694793+2619075]
	GetHandleVerifier [0x0x68fbaa+2599642]
	GetHandleVerifier [0x0x44b04a+221050]
	GetHandleVerifier [0x0x43b2c8+156152]
	GetHandleVerifier [0x0x441c7d+183213]
	GetHandleVerifier [0x0x42c388+94904]
	GetHandleVerifier [0x0x42c512+95298]
	GetHandleVerifier [0x0x41766a+9626]
	BaseThreadInitThunk [0x0x768ffcc9+25]
	RtlGetAppContainerNamedObjectPath [0x0x771582ae+286]
	RtlGetAppContainerNamedObjectPath [0x0x7715827e+238]

2025-07-22 14:02:32,195 - property_scraper - INFO - Approach 5: Advanced DOM manipulation with mutation observer
2025-07-22 14:02:32,215 - property_scraper - INFO - Approach 5 result: 1995
2025-07-22 14:02:32,417 - property_scraper - INFO - Approach 5 successful: 1995
2025-07-22 14:02:32,417 - property_scraper - INFO - Successfully selected year '1995' using special handling
2025-07-22 14:02:34,418 - property_scraper - INFO - Selecting 'मुंबई' from dropdown 'district'
2025-07-22 14:02:34,643 - property_scraper - INFO - Saved screenshot before dropdown interaction: dropdown_debug/before_district_1753173154.png
2025-07-22 14:02:55,725 - property_scraper - ERROR - Error selecting option 'मुंबई' from dropdown 'district': Message: 
Stacktrace:
	GetHandleVerifier [0x0x4244a3+62419]
	GetHandleVerifier [0x0x4244e4+62484]
	(No symbol) [0x0x262133]
	(No symbol) [0x0x2aa8fe]
	(No symbol) [0x0x2aac9b]
	(No symbol) [0x0x2f3052]
	(No symbol) [0x0x2cf4b4]
	(No symbol) [0x0x2f087a]
	(No symbol) [0x0x2cf266]
	(No symbol) [0x0x29e852]
	(No symbol) [0x0x29f6f4]
	GetHandleVerifier [0x0x694793+2619075]
	GetHandleVerifier [0x0x68fbaa+2599642]
	GetHandleVerifier [0x0x44b04a+221050]
	GetHandleVerifier [0x0x43b2c8+156152]
	GetHandleVerifier [0x0x441c7d+183213]
	GetHandleVerifier [0x0x42c388+94904]
	GetHandleVerifier [0x0x42c512+95298]
	GetHandleVerifier [0x0x41766a+9626]
	BaseThreadInitThunk [0x0x768ffcc9+25]
	RtlGetAppContainerNamedObjectPath [0x0x771582ae+286]
	RtlGetAppContainerNamedObjectPath [0x0x7715827e+238]

2025-07-22 14:02:55,725 - property_scraper - INFO - Retrying after exception with 3 attempts remaining. Waiting 1 seconds...
2025-07-22 14:03:01,226 - property_scraper - INFO - Selecting 'मुंबई' from dropdown 'district'
2025-07-22 14:03:01,545 - property_scraper - INFO - Saved screenshot before dropdown interaction: dropdown_debug/before_district_1753173181.png
2025-07-22 14:03:22,601 - property_scraper - ERROR - Error selecting option 'मुंबई' from dropdown 'district': Message: 
Stacktrace:
	GetHandleVerifier [0x0x4244a3+62419]
	GetHandleVerifier [0x0x4244e4+62484]
	(No symbol) [0x0x262133]
	(No symbol) [0x0x2aa8fe]
	(No symbol) [0x0x2aac9b]
	(No symbol) [0x0x2f3052]
	(No symbol) [0x0x2cf4b4]
	(No symbol) [0x0x2f087a]
	(No symbol) [0x0x2cf266]
	(No symbol) [0x0x29e852]
	(No symbol) [0x0x29f6f4]
	GetHandleVerifier [0x0x694793+2619075]
	GetHandleVerifier [0x0x68fbaa+2599642]
	GetHandleVerifier [0x0x44b04a+221050]
	GetHandleVerifier [0x0x43b2c8+156152]
	GetHandleVerifier [0x0x441c7d+183213]
	GetHandleVerifier [0x0x42c388+94904]
	GetHandleVerifier [0x0x42c512+95298]
	GetHandleVerifier [0x0x41766a+9626]
	BaseThreadInitThunk [0x0x768ffcc9+25]
	RtlGetAppContainerNamedObjectPath [0x0x771582ae+286]
	RtlGetAppContainerNamedObjectPath [0x0x7715827e+238]

2025-07-22 14:03:22,601 - property_scraper - INFO - Retrying after exception with 2 attempts remaining. Waiting 2 seconds...
2025-07-22 14:03:28,931 - property_scraper - INFO - Selecting 'मुंबई' from dropdown 'district'
2025-07-22 14:03:29,081 - property_scraper - INFO - Saved screenshot before dropdown interaction: dropdown_debug/before_district_1753173208.png
2025-07-22 14:03:50,206 - property_scraper - ERROR - Error selecting option 'मुंबई' from dropdown 'district': Message: 
Stacktrace:
	GetHandleVerifier [0x0x4244a3+62419]
	GetHandleVerifier [0x0x4244e4+62484]
	(No symbol) [0x0x262133]
	(No symbol) [0x0x2aa8fe]
	(No symbol) [0x0x2aac9b]
	(No symbol) [0x0x2f3052]
	(No symbol) [0x0x2cf4b4]
	(No symbol) [0x0x2f087a]
	(No symbol) [0x0x2cf266]
	(No symbol) [0x0x29e852]
	(No symbol) [0x0x29f6f4]
	GetHandleVerifier [0x0x694793+2619075]
	GetHandleVerifier [0x0x68fbaa+2599642]
	GetHandleVerifier [0x0x44b04a+221050]
	GetHandleVerifier [0x0x43b2c8+156152]
	GetHandleVerifier [0x0x441c7d+183213]
	GetHandleVerifier [0x0x42c388+94904]
	GetHandleVerifier [0x0x42c512+95298]
	GetHandleVerifier [0x0x41766a+9626]
	BaseThreadInitThunk [0x0x768ffcc9+25]
	RtlGetAppContainerNamedObjectPath [0x0x771582ae+286]
	RtlGetAppContainerNamedObjectPath [0x0x7715827e+238]

2025-07-22 14:03:50,206 - property_scraper - INFO - Retrying after exception with 1 attempts remaining. Waiting 4 seconds...
2025-07-22 14:03:58,651 - property_scraper - INFO - Selecting 'मुंबई' from dropdown 'district'
2025-07-22 14:03:58,888 - property_scraper - INFO - Saved screenshot before dropdown interaction: dropdown_debug/before_district_1753173238.png
2025-07-22 14:04:19,972 - property_scraper - ERROR - Error selecting option 'मुंबई' from dropdown 'district': Message: 
Stacktrace:
	GetHandleVerifier [0x0x4244a3+62419]
	GetHandleVerifier [0x0x4244e4+62484]
	(No symbol) [0x0x262133]
	(No symbol) [0x0x2aa8fe]
	(No symbol) [0x0x2aac9b]
	(No symbol) [0x0x2f3052]
	(No symbol) [0x0x2cf4b4]
	(No symbol) [0x0x2f087a]
	(No symbol) [0x0x2cf266]
	(No symbol) [0x0x29e852]
	(No symbol) [0x0x29f6f4]
	GetHandleVerifier [0x0x694793+2619075]
	GetHandleVerifier [0x0x68fbaa+2599642]
	GetHandleVerifier [0x0x44b04a+221050]
	GetHandleVerifier [0x0x43b2c8+156152]
	GetHandleVerifier [0x0x441c7d+183213]
	GetHandleVerifier [0x0x42c388+94904]
	GetHandleVerifier [0x0x42c512+95298]
	GetHandleVerifier [0x0x41766a+9626]
	BaseThreadInitThunk [0x0x768ffcc9+25]
	RtlGetAppContainerNamedObjectPath [0x0x771582ae+286]
	RtlGetAppContainerNamedObjectPath [0x0x7715827e+238]

2025-07-22 14:04:19,972 - property_scraper - WARNING - Standard selection failed for district: मुंबई. Trying forced selection...
2025-07-22 14:04:19,972 - property_scraper - INFO - LAST RESORT: Forcing selection of 'मुंबई' in dropdown 'district'
2025-07-22 14:04:20,169 - property_scraper - INFO - Saved screenshot before forced selection: dropdown_debug/before_force_district_1753173259.png
2025-07-22 14:04:20,177 - property_scraper - INFO - Available options for district: ['--Select District--', 'अकोला', 'अमरावती', 'अहमदनगर', 'उस्मानाबाद', 'औरंगाबाद', 'कोल्हापूर', 'गडचिरोली', 'गोंदिया', 'चंद्रपूर', 'जळगाव', 'जालना', 'ठाणे', 'धुळे', 'नंदुरबार', 'नागपूर', 'नांदेड', 'नाशिक', 'परभणी', 'पालघर', 'पुणे', 'बीड', 'बुलढाणा', 'भंडारा', 'मुंबई', 'मुंबई उपनगर', 'यवतमाळ', 'रत्नागिरी', 'रायगड', 'लातूर', 'वर्धा', 'वाशीम', 'सांगली', 'सातारा', 'सिंधुदुर्ग', 'सोलापूर', 'हिंगोली']
2025-07-22 14:04:20,177 - property_scraper - INFO - Found exact match: मुंबई at index 24
2025-07-22 14:04:20,376 - property_scraper - INFO - Saved screenshot after forced selection: dropdown_debug/after_force_district_1753173259.png
2025-07-22 14:04:20,376 - property_scraper - INFO - Successfully forced selection: 'मुंबई' at index 24
2025-07-22 14:04:22,376 - property_scraper - INFO - Verifying that selecting from 'district' populated 'taluka'
2025-07-22 14:04:32,897 - property_scraper - ERROR - Error verifying dropdown dependency: Message: 
Stacktrace:
	GetHandleVerifier [0x0x4244a3+62419]
	GetHandleVerifier [0x0x4244e4+62484]
	(No symbol) [0x0x262133]
	(No symbol) [0x0x2aa8fe]
	(No symbol) [0x0x2aac9b]
	(No symbol) [0x0x2f3052]
	(No symbol) [0x0x2cf4b4]
	(No symbol) [0x0x2f087a]
	(No symbol) [0x0x2cf266]
	(No symbol) [0x0x29e852]
	(No symbol) [0x0x29f6f4]
	GetHandleVerifier [0x0x694793+2619075]
	GetHandleVerifier [0x0x68fbaa+2599642]
	GetHandleVerifier [0x0x44b04a+221050]
	GetHandleVerifier [0x0x43b2c8+156152]
	GetHandleVerifier [0x0x441c7d+183213]
	GetHandleVerifier [0x0x42c388+94904]
	GetHandleVerifier [0x0x42c512+95298]
	GetHandleVerifier [0x0x41766a+9626]
	BaseThreadInitThunk [0x0x768ffcc9+25]
	RtlGetAppContainerNamedObjectPath [0x0x771582ae+286]
	RtlGetAppContainerNamedObjectPath [0x0x7715827e+238]

2025-07-22 14:04:32,897 - property_scraper - WARNING - District selection did not populate taluka dropdown. Retrying...
2025-07-22 14:04:32,897 - property_scraper - INFO - Selecting 'मुंबई' from dropdown 'district'
2025-07-22 14:04:33,109 - property_scraper - INFO - Saved screenshot before dropdown interaction: dropdown_debug/before_district_1753173272.png
2025-07-22 14:04:54,165 - property_scraper - ERROR - Error selecting option 'मुंबई' from dropdown 'district': Message: 
Stacktrace:
	GetHandleVerifier [0x0x4244a3+62419]
	GetHandleVerifier [0x0x4244e4+62484]
	(No symbol) [0x0x262133]
	(No symbol) [0x0x2aa8fe]
	(No symbol) [0x0x2aac9b]
	(No symbol) [0x0x2f3052]
	(No symbol) [0x0x2cf4b4]
	(No symbol) [0x0x2f087a]
	(No symbol) [0x0x2cf266]
	(No symbol) [0x0x29e852]
	(No symbol) [0x0x29f6f4]
	GetHandleVerifier [0x0x694793+2619075]
	GetHandleVerifier [0x0x68fbaa+2599642]
	GetHandleVerifier [0x0x44b04a+221050]
	GetHandleVerifier [0x0x43b2c8+156152]
	GetHandleVerifier [0x0x441c7d+183213]
	GetHandleVerifier [0x0x42c388+94904]
	GetHandleVerifier [0x0x42c512+95298]
	GetHandleVerifier [0x0x41766a+9626]
	BaseThreadInitThunk [0x0x768ffcc9+25]
	RtlGetAppContainerNamedObjectPath [0x0x771582ae+286]
	RtlGetAppContainerNamedObjectPath [0x0x7715827e+238]

2025-07-22 14:04:54,165 - property_scraper - INFO - Retrying after exception with 3 attempts remaining. Waiting 1 seconds...
2025-07-22 14:04:59,558 - property_scraper - INFO - Selecting 'मुंबई' from dropdown 'district'
2025-07-22 14:04:59,705 - property_scraper - INFO - Saved screenshot before dropdown interaction: dropdown_debug/before_district_1753173299.png
2025-07-22 14:05:20,731 - property_scraper - ERROR - Error selecting option 'मुंबई' from dropdown 'district': Message: 
Stacktrace:
	GetHandleVerifier [0x0x4244a3+62419]
	GetHandleVerifier [0x0x4244e4+62484]
	(No symbol) [0x0x262133]
	(No symbol) [0x0x2aa8fe]
	(No symbol) [0x0x2aac9b]
	(No symbol) [0x0x2f3052]
	(No symbol) [0x0x2cf4b4]
	(No symbol) [0x0x2f087a]
	(No symbol) [0x0x2cf266]
	(No symbol) [0x0x29e852]
	(No symbol) [0x0x29f6f4]
	GetHandleVerifier [0x0x694793+2619075]
	GetHandleVerifier [0x0x68fbaa+2599642]
	GetHandleVerifier [0x0x44b04a+221050]
	GetHandleVerifier [0x0x43b2c8+156152]
	GetHandleVerifier [0x0x441c7d+183213]
	GetHandleVerifier [0x0x42c388+94904]
	GetHandleVerifier [0x0x42c512+95298]
	GetHandleVerifier [0x0x41766a+9626]
	BaseThreadInitThunk [0x0x768ffcc9+25]
	RtlGetAppContainerNamedObjectPath [0x0x771582ae+286]
	RtlGetAppContainerNamedObjectPath [0x0x7715827e+238]

2025-07-22 14:05:20,731 - property_scraper - INFO - Retrying after exception with 2 attempts remaining. Waiting 2 seconds...
2025-07-22 14:05:27,152 - property_scraper - INFO - Selecting 'मुंबई' from dropdown 'district'
2025-07-22 14:05:27,349 - property_scraper - INFO - Saved screenshot before dropdown interaction: dropdown_debug/before_district_1753173327.png
2025-07-22 14:05:48,378 - property_scraper - ERROR - Error selecting option 'मुंबई' from dropdown 'district': Message: 
Stacktrace:
	GetHandleVerifier [0x0x4244a3+62419]
	GetHandleVerifier [0x0x4244e4+62484]
	(No symbol) [0x0x262133]
	(No symbol) [0x0x2aa8fe]
	(No symbol) [0x0x2aac9b]
	(No symbol) [0x0x2f3052]
	(No symbol) [0x0x2cf4b4]
	(No symbol) [0x0x2f087a]
	(No symbol) [0x0x2cf266]
	(No symbol) [0x0x29e852]
	(No symbol) [0x0x29f6f4]
	GetHandleVerifier [0x0x694793+2619075]
	GetHandleVerifier [0x0x68fbaa+2599642]
	GetHandleVerifier [0x0x44b04a+221050]
	GetHandleVerifier [0x0x43b2c8+156152]
	GetHandleVerifier [0x0x441c7d+183213]
	GetHandleVerifier [0x0x42c388+94904]
	GetHandleVerifier [0x0x42c512+95298]
	GetHandleVerifier [0x0x41766a+9626]
	BaseThreadInitThunk [0x0x768ffcc9+25]
	RtlGetAppContainerNamedObjectPath [0x0x771582ae+286]
	RtlGetAppContainerNamedObjectPath [0x0x7715827e+238]

2025-07-22 14:05:48,378 - property_scraper - INFO - Retrying after exception with 1 attempts remaining. Waiting 4 seconds...
2025-07-22 14:05:56,809 - property_scraper - INFO - Selecting 'मुंबई' from dropdown 'district'
2025-07-22 14:05:56,989 - property_scraper - INFO - Saved screenshot before dropdown interaction: dropdown_debug/before_district_1753173356.png
2025-07-22 14:06:18,097 - property_scraper - ERROR - Error selecting option 'मुंबई' from dropdown 'district': Message: 
Stacktrace:
	GetHandleVerifier [0x0x4244a3+62419]
	GetHandleVerifier [0x0x4244e4+62484]
	(No symbol) [0x0x262133]
	(No symbol) [0x0x2aa8fe]
	(No symbol) [0x0x2aac9b]
	(No symbol) [0x0x2f3052]
	(No symbol) [0x0x2cf4b4]
	(No symbol) [0x0x2f087a]
	(No symbol) [0x0x2cf266]
	(No symbol) [0x0x29e852]
	(No symbol) [0x0x29f6f4]
	GetHandleVerifier [0x0x694793+2619075]
	GetHandleVerifier [0x0x68fbaa+2599642]
	GetHandleVerifier [0x0x44b04a+221050]
	GetHandleVerifier [0x0x43b2c8+156152]
	GetHandleVerifier [0x0x441c7d+183213]
	GetHandleVerifier [0x0x42c388+94904]
	GetHandleVerifier [0x0x42c512+95298]
	GetHandleVerifier [0x0x41766a+9626]
	BaseThreadInitThunk [0x0x768ffcc9+25]
	RtlGetAppContainerNamedObjectPath [0x0x771582ae+286]
	RtlGetAppContainerNamedObjectPath [0x0x7715827e+238]

2025-07-22 14:06:18,097 - property_scraper - ERROR - Failed to select district on retry: मुंबई
2025-07-22 14:06:19,609 - property_scraper - INFO - Looking for available tasks...
2025-07-22 14:06:19,609 - property_scraper - INFO - Continuing with previous task: 1995_मुंबई_Mumbai_कोपरी_2
2025-07-22 14:06:19,609 - property_scraper - INFO - Found available task: 1995_मुंबई_Mumbai_कोपरी_2
2025-07-22 14:06:19,609 - property_scraper - INFO - Getting current dropdown selections
2025-07-22 14:06:19,628 - property_scraper - INFO - Current dropdown selections: {'year': None, 'district': None, 'taluka': None, 'village': None}
2025-07-22 14:06:19,628 - property_scraper - INFO - Need to select year: 1995 (current: None)
2025-07-22 14:06:19,628 - property_scraper - INFO - Need to select district: मुंबई (current: None)
2025-07-22 14:06:19,628 - property_scraper - INFO - Need to select taluka: Mumbai (current: None)
2025-07-22 14:06:19,628 - property_scraper - INFO - Need to select village: कोपरी (current: None)
2025-07-22 14:06:19,628 - property_scraper - INFO - Some dropdown selections need to be updated
2025-07-22 14:06:19,628 - property_scraper - INFO - Selecting '1995' from dropdown 'year'
2025-07-22 14:06:19,836 - property_scraper - INFO - Saved screenshot before dropdown interaction: dropdown_debug/before_year_1753173379.png
2025-07-22 14:06:19,842 - property_scraper - INFO - Using special handling for year dropdown
2025-07-22 14:06:19,842 - property_scraper - INFO - Using specialized year selection method for year: 1995
2025-07-22 14:06:19,842 - property_scraper - INFO - Approach 1: Direct XPath selection
2025-07-22 14:06:30,398 - property_scraper - WARNING - Approach 1 failed: Message: 
Stacktrace:
	GetHandleVerifier [0x0x4244a3+62419]
	GetHandleVerifier [0x0x4244e4+62484]
	(No symbol) [0x0x262133]
	(No symbol) [0x0x2aa8fe]
	(No symbol) [0x0x2aac9b]
	(No symbol) [0x0x2f3052]
	(No symbol) [0x0x2cf4b4]
	(No symbol) [0x0x2f087a]
	(No symbol) [0x0x2cf266]
	(No symbol) [0x0x29e852]
	(No symbol) [0x0x29f6f4]
	GetHandleVerifier [0x0x694793+2619075]
	GetHandleVerifier [0x0x68fbaa+2599642]
	GetHandleVerifier [0x0x44b04a+221050]
	GetHandleVerifier [0x0x43b2c8+156152]
	GetHandleVerifier [0x0x441c7d+183213]
	GetHandleVerifier [0x0x42c388+94904]
	GetHandleVerifier [0x0x42c512+95298]
	GetHandleVerifier [0x0x41766a+9626]
	BaseThreadInitThunk [0x0x768ffcc9+25]
	RtlGetAppContainerNamedObjectPath [0x0x771582ae+286]
	RtlGetAppContainerNamedObjectPath [0x0x7715827e+238]

2025-07-22 14:06:30,398 - property_scraper - INFO - Approach 2: Select class with explicit wait
2025-07-22 14:06:40,942 - property_scraper - WARNING - Approach 2 failed: Message: 
Stacktrace:
	GetHandleVerifier [0x0x4244a3+62419]
	GetHandleVerifier [0x0x4244e4+62484]
	(No symbol) [0x0x262133]
	(No symbol) [0x0x2aa8fe]
	(No symbol) [0x0x2aac9b]
	(No symbol) [0x0x2f3052]
	(No symbol) [0x0x2cf4b4]
	(No symbol) [0x0x2f087a]
	(No symbol) [0x0x2cf266]
	(No symbol) [0x0x29e852]
	(No symbol) [0x0x29f6f4]
	GetHandleVerifier [0x0x694793+2619075]
	GetHandleVerifier [0x0x68fbaa+2599642]
	GetHandleVerifier [0x0x44b04a+221050]
	GetHandleVerifier [0x0x43b2c8+156152]
	GetHandleVerifier [0x0x441c7d+183213]
	GetHandleVerifier [0x0x42c388+94904]
	GetHandleVerifier [0x0x42c512+95298]
	GetHandleVerifier [0x0x41766a+9626]
	BaseThreadInitThunk [0x0x768ffcc9+25]
	RtlGetAppContainerNamedObjectPath [0x0x771582ae+286]
	RtlGetAppContainerNamedObjectPath [0x0x7715827e+238]

2025-07-22 14:06:40,942 - property_scraper - INFO - Approach 3: Pure JavaScript approach
2025-07-22 14:06:40,947 - property_scraper - INFO - Year options: ['--Select Year--', '2025', '2024', '2023', '2022', '2021', '2020', '2019', '2018', '2017', '2016', '2015', '2014', '2013', '2012', '2002', '2001', '2000', '1999', '1998', '1997', '1996', '1995', '1994', '1993', '1992', '1991', '1990', '1989', '1988', '1987', '1986', '1985']
2025-07-22 14:06:40,954 - property_scraper - WARNING - Approach 3 failed: Message: javascript error: Cannot set properties of null (setting 'selectedIndex')
  (Session info: chrome=138.0.7204.158)
Stacktrace:
	GetHandleVerifier [0x0x4244a3+62419]
	GetHandleVerifier [0x0x4244e4+62484]
	(No symbol) [0x0x262133]
	(No symbol) [0x0x268909]
	(No symbol) [0x0x26aec3]
	(No symbol) [0x0x2f1874]
	(No symbol) [0x0x2cf46c]
	(No symbol) [0x0x2f087a]
	(No symbol) [0x0x2cf266]
	(No symbol) [0x0x29e852]
	(No symbol) [0x0x29f6f4]
	GetHandleVerifier [0x0x694793+2619075]
	GetHandleVerifier [0x0x68fbaa+2599642]
	GetHandleVerifier [0x0x44b04a+221050]
	GetHandleVerifier [0x0x43b2c8+156152]
	GetHandleVerifier [0x0x441c7d+183213]
	GetHandleVerifier [0x0x42c388+94904]
	GetHandleVerifier [0x0x42c512+95298]
	GetHandleVerifier [0x0x41766a+9626]
	BaseThreadInitThunk [0x0x768ffcc9+25]
	RtlGetAppContainerNamedObjectPath [0x0x771582ae+286]
	RtlGetAppContainerNamedObjectPath [0x0x7715827e+238]

2025-07-22 14:06:40,954 - property_scraper - INFO - Approach 4: ActionChains approach
2025-07-22 14:06:51,513 - property_scraper - WARNING - Approach 4 failed: Message: 
Stacktrace:
	GetHandleVerifier [0x0x4244a3+62419]
	GetHandleVerifier [0x0x4244e4+62484]
	(No symbol) [0x0x262133]
	(No symbol) [0x0x2aa8fe]
	(No symbol) [0x0x2aac9b]
	(No symbol) [0x0x2f3052]
	(No symbol) [0x0x2cf4b4]
	(No symbol) [0x0x2f087a]
	(No symbol) [0x0x2cf266]
	(No symbol) [0x0x29e852]
	(No symbol) [0x0x29f6f4]
	GetHandleVerifier [0x0x694793+2619075]
	GetHandleVerifier [0x0x68fbaa+2599642]
	GetHandleVerifier [0x0x44b04a+221050]
	GetHandleVerifier [0x0x43b2c8+156152]
	GetHandleVerifier [0x0x441c7d+183213]
	GetHandleVerifier [0x0x42c388+94904]
	GetHandleVerifier [0x0x42c512+95298]
	GetHandleVerifier [0x0x41766a+9626]
	BaseThreadInitThunk [0x0x768ffcc9+25]
	RtlGetAppContainerNamedObjectPath [0x0x771582ae+286]
	RtlGetAppContainerNamedObjectPath [0x0x7715827e+238]

2025-07-22 14:06:51,513 - property_scraper - INFO - Approach 5: Advanced DOM manipulation with mutation observer
2025-07-22 14:06:51,534 - property_scraper - INFO - Approach 5 result: 1995
2025-07-22 14:06:51,797 - property_scraper - INFO - Approach 5 successful: 1995
2025-07-22 14:06:51,797 - property_scraper - INFO - Successfully selected year '1995' using special handling
2025-07-22 14:06:53,798 - property_scraper - INFO - Selecting 'मुंबई' from dropdown 'district'
2025-07-22 14:06:54,035 - property_scraper - INFO - Saved screenshot before dropdown interaction: dropdown_debug/before_district_1753173413.png
2025-07-22 14:07:15,090 - property_scraper - ERROR - Error selecting option 'मुंबई' from dropdown 'district': Message: 
Stacktrace:
	GetHandleVerifier [0x0x4244a3+62419]
	GetHandleVerifier [0x0x4244e4+62484]
	(No symbol) [0x0x262133]
	(No symbol) [0x0x2aa8fe]
	(No symbol) [0x0x2aac9b]
	(No symbol) [0x0x2f3052]
	(No symbol) [0x0x2cf4b4]
	(No symbol) [0x0x2f087a]
	(No symbol) [0x0x2cf266]
	(No symbol) [0x0x29e852]
	(No symbol) [0x0x29f6f4]
	GetHandleVerifier [0x0x694793+2619075]
	GetHandleVerifier [0x0x68fbaa+2599642]
	GetHandleVerifier [0x0x44b04a+221050]
	GetHandleVerifier [0x0x43b2c8+156152]
	GetHandleVerifier [0x0x441c7d+183213]
	GetHandleVerifier [0x0x42c388+94904]
	GetHandleVerifier [0x0x42c512+95298]
	GetHandleVerifier [0x0x41766a+9626]
	BaseThreadInitThunk [0x0x768ffcc9+25]
	RtlGetAppContainerNamedObjectPath [0x0x771582ae+286]
	RtlGetAppContainerNamedObjectPath [0x0x7715827e+238]

2025-07-22 14:07:15,090 - property_scraper - INFO - Retrying after exception with 3 attempts remaining. Waiting 1 seconds...
2025-07-22 14:07:20,446 - property_scraper - INFO - Selecting 'मुंबई' from dropdown 'district'
2025-07-22 14:07:20,646 - property_scraper - INFO - Saved screenshot before dropdown interaction: dropdown_debug/before_district_1753173440.png
2025-07-22 14:07:41,704 - property_scraper - ERROR - Error selecting option 'मुंबई' from dropdown 'district': Message: 
Stacktrace:
	GetHandleVerifier [0x0x4244a3+62419]
	GetHandleVerifier [0x0x4244e4+62484]
	(No symbol) [0x0x262133]
	(No symbol) [0x0x2aa8fe]
	(No symbol) [0x0x2aac9b]
	(No symbol) [0x0x2f3052]
	(No symbol) [0x0x2cf4b4]
	(No symbol) [0x0x2f087a]
	(No symbol) [0x0x2cf266]
	(No symbol) [0x0x29e852]
	(No symbol) [0x0x29f6f4]
	GetHandleVerifier [0x0x694793+2619075]
	GetHandleVerifier [0x0x68fbaa+2599642]
	GetHandleVerifier [0x0x44b04a+221050]
	GetHandleVerifier [0x0x43b2c8+156152]
	GetHandleVerifier [0x0x441c7d+183213]
	GetHandleVerifier [0x0x42c388+94904]
	GetHandleVerifier [0x0x42c512+95298]
	GetHandleVerifier [0x0x41766a+9626]
	BaseThreadInitThunk [0x0x768ffcc9+25]
	RtlGetAppContainerNamedObjectPath [0x0x771582ae+286]
	RtlGetAppContainerNamedObjectPath [0x0x7715827e+238]

2025-07-22 14:07:41,704 - property_scraper - INFO - Retrying after exception with 2 attempts remaining. Waiting 2 seconds...
2025-07-22 14:07:48,035 - property_scraper - INFO - Selecting 'मुंबई' from dropdown 'district'
2025-07-22 14:07:48,262 - property_scraper - INFO - Saved screenshot before dropdown interaction: dropdown_debug/before_district_1753173468.png
2025-07-22 14:08:09,333 - property_scraper - ERROR - Error selecting option 'मुंबई' from dropdown 'district': Message: 
Stacktrace:
	GetHandleVerifier [0x0x4244a3+62419]
	GetHandleVerifier [0x0x4244e4+62484]
	(No symbol) [0x0x262133]
	(No symbol) [0x0x2aa8fe]
	(No symbol) [0x0x2aac9b]
	(No symbol) [0x0x2f3052]
	(No symbol) [0x0x2cf4b4]
	(No symbol) [0x0x2f087a]
	(No symbol) [0x0x2cf266]
	(No symbol) [0x0x29e852]
	(No symbol) [0x0x29f6f4]
	GetHandleVerifier [0x0x694793+2619075]
	GetHandleVerifier [0x0x68fbaa+2599642]
	GetHandleVerifier [0x0x44b04a+221050]
	GetHandleVerifier [0x0x43b2c8+156152]
	GetHandleVerifier [0x0x441c7d+183213]
	GetHandleVerifier [0x0x42c388+94904]
	GetHandleVerifier [0x0x42c512+95298]
	GetHandleVerifier [0x0x41766a+9626]
	BaseThreadInitThunk [0x0x768ffcc9+25]
	RtlGetAppContainerNamedObjectPath [0x0x771582ae+286]
	RtlGetAppContainerNamedObjectPath [0x0x7715827e+238]

2025-07-22 14:08:09,333 - property_scraper - INFO - Retrying after exception with 1 attempts remaining. Waiting 4 seconds...
2025-07-22 14:08:17,777 - property_scraper - INFO - Selecting 'मुंबई' from dropdown 'district'
2025-07-22 14:08:17,952 - property_scraper - INFO - Saved screenshot before dropdown interaction: dropdown_debug/before_district_1753173497.png
2025-07-22 14:08:39,001 - property_scraper - ERROR - Error selecting option 'मुंबई' from dropdown 'district': Message: 
Stacktrace:
	GetHandleVerifier [0x0x4244a3+62419]
	GetHandleVerifier [0x0x4244e4+62484]
	(No symbol) [0x0x262133]
	(No symbol) [0x0x2aa8fe]
	(No symbol) [0x0x2aac9b]
	(No symbol) [0x0x2f3052]
	(No symbol) [0x0x2cf4b4]
	(No symbol) [0x0x2f087a]
	(No symbol) [0x0x2cf266]
	(No symbol) [0x0x29e852]
	(No symbol) [0x0x29f6f4]
	GetHandleVerifier [0x0x694793+2619075]
	GetHandleVerifier [0x0x68fbaa+2599642]
	GetHandleVerifier [0x0x44b04a+221050]
	GetHandleVerifier [0x0x43b2c8+156152]
	GetHandleVerifier [0x0x441c7d+183213]
	GetHandleVerifier [0x0x42c388+94904]
	GetHandleVerifier [0x0x42c512+95298]
	GetHandleVerifier [0x0x41766a+9626]
	BaseThreadInitThunk [0x0x768ffcc9+25]
	RtlGetAppContainerNamedObjectPath [0x0x771582ae+286]
	RtlGetAppContainerNamedObjectPath [0x0x7715827e+238]

2025-07-22 14:08:39,001 - property_scraper - WARNING - Standard selection failed for district: मुंबई. Trying forced selection...
2025-07-22 14:08:39,001 - property_scraper - INFO - LAST RESORT: Forcing selection of 'मुंबई' in dropdown 'district'
2025-07-22 14:08:39,147 - property_scraper - INFO - Saved screenshot before forced selection: dropdown_debug/before_force_district_1753173519.png
2025-07-22 14:08:39,154 - property_scraper - INFO - Available options for district: ['--Select District--', 'अकोला', 'अमरावती', 'अहमदनगर', 'उस्मानाबाद', 'औरंगाबाद', 'कोल्हापूर', 'गडचिरोली', 'गोंदिया', 'चंद्रपूर', 'जळगाव', 'जालना', 'ठाणे', 'धुळे', 'नंदुरबार', 'नागपूर', 'नांदेड', 'नाशिक', 'परभणी', 'पालघर', 'पुणे', 'बीड', 'बुलढाणा', 'भंडारा', 'मुंबई', 'मुंबई उपनगर', 'यवतमाळ', 'रत्नागिरी', 'रायगड', 'लातूर', 'वर्धा', 'वाशीम', 'सांगली', 'सातारा', 'सिंधुदुर्ग', 'सोलापूर', 'हिंगोली']
2025-07-22 14:08:39,154 - property_scraper - INFO - Found exact match: मुंबई at index 24
2025-07-22 14:08:39,334 - property_scraper - INFO - Saved screenshot after forced selection: dropdown_debug/after_force_district_1753173519.png
2025-07-22 14:08:39,334 - property_scraper - INFO - Successfully forced selection: 'मुंबई' at index 24
2025-07-22 14:08:41,335 - property_scraper - INFO - Verifying that selecting from 'district' populated 'taluka'
2025-07-22 14:08:51,878 - property_scraper - ERROR - Error verifying dropdown dependency: Message: 
Stacktrace:
	GetHandleVerifier [0x0x4244a3+62419]
	GetHandleVerifier [0x0x4244e4+62484]
	(No symbol) [0x0x262133]
	(No symbol) [0x0x2aa8fe]
	(No symbol) [0x0x2aac9b]
	(No symbol) [0x0x2f3052]
	(No symbol) [0x0x2cf4b4]
	(No symbol) [0x0x2f087a]
	(No symbol) [0x0x2cf266]
	(No symbol) [0x0x29e852]
	(No symbol) [0x0x29f6f4]
	GetHandleVerifier [0x0x694793+2619075]
	GetHandleVerifier [0x0x68fbaa+2599642]
	GetHandleVerifier [0x0x44b04a+221050]
	GetHandleVerifier [0x0x43b2c8+156152]
	GetHandleVerifier [0x0x441c7d+183213]
	GetHandleVerifier [0x0x42c388+94904]
	GetHandleVerifier [0x0x42c512+95298]
	GetHandleVerifier [0x0x41766a+9626]
	BaseThreadInitThunk [0x0x768ffcc9+25]
	RtlGetAppContainerNamedObjectPath [0x0x771582ae+286]
	RtlGetAppContainerNamedObjectPath [0x0x7715827e+238]

2025-07-22 14:08:51,878 - property_scraper - WARNING - District selection did not populate taluka dropdown. Retrying...
2025-07-22 14:08:51,878 - property_scraper - INFO - Selecting 'मुंबई' from dropdown 'district'
2025-07-22 14:08:52,148 - property_scraper - INFO - Saved screenshot before dropdown interaction: dropdown_debug/before_district_1753173531.png
2025-07-22 14:09:13,209 - property_scraper - ERROR - Error selecting option 'मुंबई' from dropdown 'district': Message: 
Stacktrace:
	GetHandleVerifier [0x0x4244a3+62419]
	GetHandleVerifier [0x0x4244e4+62484]
	(No symbol) [0x0x262133]
	(No symbol) [0x0x2aa8fe]
	(No symbol) [0x0x2aac9b]
	(No symbol) [0x0x2f3052]
	(No symbol) [0x0x2cf4b4]
	(No symbol) [0x0x2f087a]
	(No symbol) [0x0x2cf266]
	(No symbol) [0x0x29e852]
	(No symbol) [0x0x29f6f4]
	GetHandleVerifier [0x0x694793+2619075]
	GetHandleVerifier [0x0x68fbaa+2599642]
	GetHandleVerifier [0x0x44b04a+221050]
	GetHandleVerifier [0x0x43b2c8+156152]
	GetHandleVerifier [0x0x441c7d+183213]
	GetHandleVerifier [0x0x42c388+94904]
	GetHandleVerifier [0x0x42c512+95298]
	GetHandleVerifier [0x0x41766a+9626]
	BaseThreadInitThunk [0x0x768ffcc9+25]
	RtlGetAppContainerNamedObjectPath [0x0x771582ae+286]
	RtlGetAppContainerNamedObjectPath [0x0x7715827e+238]

2025-07-22 14:09:13,209 - property_scraper - INFO - Retrying after exception with 3 attempts remaining. Waiting 1 seconds...
2025-07-22 14:09:18,723 - property_scraper - INFO - Selecting 'मुंबई' from dropdown 'district'
2025-07-22 14:09:18,901 - property_scraper - INFO - Saved screenshot before dropdown interaction: dropdown_debug/before_district_1753173558.png
2025-07-22 14:09:40,022 - property_scraper - ERROR - Error selecting option 'मुंबई' from dropdown 'district': Message: 
Stacktrace:
	GetHandleVerifier [0x0x4244a3+62419]
	GetHandleVerifier [0x0x4244e4+62484]
	(No symbol) [0x0x262133]
	(No symbol) [0x0x2aa8fe]
	(No symbol) [0x0x2aac9b]
	(No symbol) [0x0x2f3052]
	(No symbol) [0x0x2cf4b4]
	(No symbol) [0x0x2f087a]
	(No symbol) [0x0x2cf266]
	(No symbol) [0x0x29e852]
	(No symbol) [0x0x29f6f4]
	GetHandleVerifier [0x0x694793+2619075]
	GetHandleVerifier [0x0x68fbaa+2599642]
	GetHandleVerifier [0x0x44b04a+221050]
	GetHandleVerifier [0x0x43b2c8+156152]
	GetHandleVerifier [0x0x441c7d+183213]
	GetHandleVerifier [0x0x42c388+94904]
	GetHandleVerifier [0x0x42c512+95298]
	GetHandleVerifier [0x0x41766a+9626]
	BaseThreadInitThunk [0x0x768ffcc9+25]
	RtlGetAppContainerNamedObjectPath [0x0x771582ae+286]
	RtlGetAppContainerNamedObjectPath [0x0x7715827e+238]

2025-07-22 14:09:40,022 - property_scraper - INFO - Retrying after exception with 2 attempts remaining. Waiting 2 seconds...
2025-07-22 14:09:46,491 - property_scraper - INFO - Selecting 'मुंबई' from dropdown 'district'
2025-07-22 14:09:46,731 - property_scraper - INFO - Saved screenshot before dropdown interaction: dropdown_debug/before_district_1753173586.png
2025-07-22 14:10:07,969 - property_scraper - ERROR - Error selecting option 'मुंबई' from dropdown 'district': Message: 
Stacktrace:
	GetHandleVerifier [0x0x4244a3+62419]
	GetHandleVerifier [0x0x4244e4+62484]
	(No symbol) [0x0x262133]
	(No symbol) [0x0x2aa8fe]
	(No symbol) [0x0x2aac9b]
	(No symbol) [0x0x2f3052]
	(No symbol) [0x0x2cf4b4]
	(No symbol) [0x0x2f087a]
	(No symbol) [0x0x2cf266]
	(No symbol) [0x0x29e852]
	(No symbol) [0x0x29f6f4]
	GetHandleVerifier [0x0x694793+2619075]
	GetHandleVerifier [0x0x68fbaa+2599642]
	GetHandleVerifier [0x0x44b04a+221050]
	GetHandleVerifier [0x0x43b2c8+156152]
	GetHandleVerifier [0x0x441c7d+183213]
	GetHandleVerifier [0x0x42c388+94904]
	GetHandleVerifier [0x0x42c512+95298]
	GetHandleVerifier [0x0x41766a+9626]
	BaseThreadInitThunk [0x0x768ffcc9+25]
	RtlGetAppContainerNamedObjectPath [0x0x771582ae+286]
	RtlGetAppContainerNamedObjectPath [0x0x7715827e+238]

2025-07-22 14:10:07,969 - property_scraper - INFO - Retrying after exception with 1 attempts remaining. Waiting 4 seconds...
2025-07-22 14:10:16,384 - property_scraper - INFO - Selecting 'मुंबई' from dropdown 'district'
2025-07-22 14:10:16,594 - property_scraper - INFO - Saved screenshot before dropdown interaction: dropdown_debug/before_district_1753173616.png
2025-07-22 14:10:37,668 - property_scraper - ERROR - Error selecting option 'मुंबई' from dropdown 'district': Message: 
Stacktrace:
	GetHandleVerifier [0x0x4244a3+62419]
	GetHandleVerifier [0x0x4244e4+62484]
	(No symbol) [0x0x262133]
	(No symbol) [0x0x2aa8fe]
	(No symbol) [0x0x2aac9b]
	(No symbol) [0x0x2f3052]
	(No symbol) [0x0x2cf4b4]
	(No symbol) [0x0x2f087a]
	(No symbol) [0x0x2cf266]
	(No symbol) [0x0x29e852]
	(No symbol) [0x0x29f6f4]
	GetHandleVerifier [0x0x694793+2619075]
	GetHandleVerifier [0x0x68fbaa+2599642]
	GetHandleVerifier [0x0x44b04a+221050]
	GetHandleVerifier [0x0x43b2c8+156152]
	GetHandleVerifier [0x0x441c7d+183213]
	GetHandleVerifier [0x0x42c388+94904]
	GetHandleVerifier [0x0x42c512+95298]
	GetHandleVerifier [0x0x41766a+9626]
	BaseThreadInitThunk [0x0x768ffcc9+25]
	RtlGetAppContainerNamedObjectPath [0x0x771582ae+286]
	RtlGetAppContainerNamedObjectPath [0x0x7715827e+238]

2025-07-22 14:10:37,668 - property_scraper - ERROR - Failed to select district on retry: मुंबई
2025-07-22 14:10:39,630 - property_scraper - INFO - Looking for available tasks...
2025-07-22 14:10:39,630 - property_scraper - INFO - Continuing with previous task: 1995_मुंबई_Mumbai_कोपरी_2
2025-07-22 14:10:39,630 - property_scraper - INFO - Found available task: 1995_मुंबई_Mumbai_कोपरी_2
2025-07-22 14:10:39,630 - property_scraper - INFO - Getting current dropdown selections
2025-07-22 14:10:39,650 - property_scraper - INFO - Current dropdown selections: {'year': None, 'district': None, 'taluka': None, 'village': None}
2025-07-22 14:10:39,650 - property_scraper - INFO - Need to select year: 1995 (current: None)
2025-07-22 14:10:39,650 - property_scraper - INFO - Need to select district: मुंबई (current: None)
2025-07-22 14:10:39,650 - property_scraper - INFO - Need to select taluka: Mumbai (current: None)
2025-07-22 14:10:39,650 - property_scraper - INFO - Need to select village: कोपरी (current: None)
2025-07-22 14:10:39,650 - property_scraper - INFO - Some dropdown selections need to be updated
2025-07-22 14:10:39,650 - property_scraper - INFO - Selecting '1995' from dropdown 'year'
2025-07-22 14:10:39,842 - property_scraper - INFO - Saved screenshot before dropdown interaction: dropdown_debug/before_year_1753173639.png
2025-07-22 14:10:39,861 - property_scraper - INFO - Using special handling for year dropdown
2025-07-22 14:10:39,861 - property_scraper - INFO - Using specialized year selection method for year: 1995
2025-07-22 14:10:39,861 - property_scraper - INFO - Approach 1: Direct XPath selection
2025-07-22 14:10:50,425 - property_scraper - WARNING - Approach 1 failed: Message: 
Stacktrace:
	GetHandleVerifier [0x0x4244a3+62419]
	GetHandleVerifier [0x0x4244e4+62484]
	(No symbol) [0x0x262133]
	(No symbol) [0x0x2aa8fe]
	(No symbol) [0x0x2aac9b]
	(No symbol) [0x0x2f3052]
	(No symbol) [0x0x2cf4b4]
	(No symbol) [0x0x2f087a]
	(No symbol) [0x0x2cf266]
	(No symbol) [0x0x29e852]
	(No symbol) [0x0x29f6f4]
	GetHandleVerifier [0x0x694793+2619075]
	GetHandleVerifier [0x0x68fbaa+2599642]
	GetHandleVerifier [0x0x44b04a+221050]
	GetHandleVerifier [0x0x43b2c8+156152]
	GetHandleVerifier [0x0x441c7d+183213]
	GetHandleVerifier [0x0x42c388+94904]
	GetHandleVerifier [0x0x42c512+95298]
	GetHandleVerifier [0x0x41766a+9626]
	BaseThreadInitThunk [0x0x768ffcc9+25]
	RtlGetAppContainerNamedObjectPath [0x0x771582ae+286]
	RtlGetAppContainerNamedObjectPath [0x0x7715827e+238]

2025-07-22 14:10:50,425 - property_scraper - INFO - Approach 2: Select class with explicit wait
2025-07-22 14:11:00,988 - property_scraper - WARNING - Approach 2 failed: Message: 
Stacktrace:
	GetHandleVerifier [0x0x4244a3+62419]
	GetHandleVerifier [0x0x4244e4+62484]
	(No symbol) [0x0x262133]
	(No symbol) [0x0x2aa8fe]
	(No symbol) [0x0x2aac9b]
	(No symbol) [0x0x2f3052]
	(No symbol) [0x0x2cf4b4]
	(No symbol) [0x0x2f087a]
	(No symbol) [0x0x2cf266]
	(No symbol) [0x0x29e852]
	(No symbol) [0x0x29f6f4]
	GetHandleVerifier [0x0x694793+2619075]
	GetHandleVerifier [0x0x68fbaa+2599642]
	GetHandleVerifier [0x0x44b04a+221050]
	GetHandleVerifier [0x0x43b2c8+156152]
	GetHandleVerifier [0x0x441c7d+183213]
	GetHandleVerifier [0x0x42c388+94904]
	GetHandleVerifier [0x0x42c512+95298]
	GetHandleVerifier [0x0x41766a+9626]
	BaseThreadInitThunk [0x0x768ffcc9+25]
	RtlGetAppContainerNamedObjectPath [0x0x771582ae+286]
	RtlGetAppContainerNamedObjectPath [0x0x7715827e+238]

2025-07-22 14:11:00,988 - property_scraper - INFO - Approach 3: Pure JavaScript approach
2025-07-22 14:11:00,995 - property_scraper - INFO - Year options: ['--Select Year--', '2025', '2024', '2023', '2022', '2021', '2020', '2019', '2018', '2017', '2016', '2015', '2014', '2013', '2012', '2002', '2001', '2000', '1999', '1998', '1997', '1996', '1995', '1994', '1993', '1992', '1991', '1990', '1989', '1988', '1987', '1986', '1985']
2025-07-22 14:11:01,002 - property_scraper - WARNING - Approach 3 failed: Message: javascript error: Cannot set properties of null (setting 'selectedIndex')
  (Session info: chrome=138.0.7204.158)
Stacktrace:
	GetHandleVerifier [0x0x4244a3+62419]
	GetHandleVerifier [0x0x4244e4+62484]
	(No symbol) [0x0x262133]
	(No symbol) [0x0x268909]
	(No symbol) [0x0x26aec3]
	(No symbol) [0x0x2f1874]
	(No symbol) [0x0x2cf46c]
	(No symbol) [0x0x2f087a]
	(No symbol) [0x0x2cf266]
	(No symbol) [0x0x29e852]
	(No symbol) [0x0x29f6f4]
	GetHandleVerifier [0x0x694793+2619075]
	GetHandleVerifier [0x0x68fbaa+2599642]
	GetHandleVerifier [0x0x44b04a+221050]
	GetHandleVerifier [0x0x43b2c8+156152]
	GetHandleVerifier [0x0x441c7d+183213]
	GetHandleVerifier [0x0x42c388+94904]
	GetHandleVerifier [0x0x42c512+95298]
	GetHandleVerifier [0x0x41766a+9626]
	BaseThreadInitThunk [0x0x768ffcc9+25]
	RtlGetAppContainerNamedObjectPath [0x0x771582ae+286]
	RtlGetAppContainerNamedObjectPath [0x0x7715827e+238]

2025-07-22 14:11:01,003 - property_scraper - INFO - Approach 4: ActionChains approach
2025-07-22 14:11:11,569 - property_scraper - WARNING - Approach 4 failed: Message: 
Stacktrace:
	GetHandleVerifier [0x0x4244a3+62419]
	GetHandleVerifier [0x0x4244e4+62484]
	(No symbol) [0x0x262133]
	(No symbol) [0x0x2aa8fe]
	(No symbol) [0x0x2aac9b]
	(No symbol) [0x0x2f3052]
	(No symbol) [0x0x2cf4b4]
	(No symbol) [0x0x2f087a]
	(No symbol) [0x0x2cf266]
	(No symbol) [0x0x29e852]
	(No symbol) [0x0x29f6f4]
	GetHandleVerifier [0x0x694793+2619075]
	GetHandleVerifier [0x0x68fbaa+2599642]
	GetHandleVerifier [0x0x44b04a+221050]
	GetHandleVerifier [0x0x43b2c8+156152]
	GetHandleVerifier [0x0x441c7d+183213]
	GetHandleVerifier [0x0x42c388+94904]
	GetHandleVerifier [0x0x42c512+95298]
	GetHandleVerifier [0x0x41766a+9626]
	BaseThreadInitThunk [0x0x768ffcc9+25]
	RtlGetAppContainerNamedObjectPath [0x0x771582ae+286]
	RtlGetAppContainerNamedObjectPath [0x0x7715827e+238]

2025-07-22 14:11:11,569 - property_scraper - INFO - Approach 5: Advanced DOM manipulation with mutation observer
2025-07-22 14:11:11,589 - property_scraper - INFO - Approach 5 result: 1995
2025-07-22 14:11:11,827 - property_scraper - INFO - Approach 5 successful: 1995
2025-07-22 14:11:11,828 - property_scraper - INFO - Successfully selected year '1995' using special handling
2025-07-22 14:11:13,829 - property_scraper - INFO - Selecting 'मुंबई' from dropdown 'district'
2025-07-22 14:11:14,023 - property_scraper - INFO - Saved screenshot before dropdown interaction: dropdown_debug/before_district_1753173673.png
2025-07-22 14:11:35,126 - property_scraper - ERROR - Error selecting option 'मुंबई' from dropdown 'district': Message: 
Stacktrace:
	GetHandleVerifier [0x0x4244a3+62419]
	GetHandleVerifier [0x0x4244e4+62484]
	(No symbol) [0x0x262133]
	(No symbol) [0x0x2aa8fe]
	(No symbol) [0x0x2aac9b]
	(No symbol) [0x0x2f3052]
	(No symbol) [0x0x2cf4b4]
	(No symbol) [0x0x2f087a]
	(No symbol) [0x0x2cf266]
	(No symbol) [0x0x29e852]
	(No symbol) [0x0x29f6f4]
	GetHandleVerifier [0x0x694793+2619075]
	GetHandleVerifier [0x0x68fbaa+2599642]
	GetHandleVerifier [0x0x44b04a+221050]
	GetHandleVerifier [0x0x43b2c8+156152]
	GetHandleVerifier [0x0x441c7d+183213]
	GetHandleVerifier [0x0x42c388+94904]
	GetHandleVerifier [0x0x42c512+95298]
	GetHandleVerifier [0x0x41766a+9626]
	BaseThreadInitThunk [0x0x768ffcc9+25]
	RtlGetAppContainerNamedObjectPath [0x0x771582ae+286]
	RtlGetAppContainerNamedObjectPath [0x0x7715827e+238]

2025-07-22 14:11:35,126 - property_scraper - INFO - Retrying after exception with 3 attempts remaining. Waiting 1 seconds...
2025-07-22 14:11:40,580 - property_scraper - INFO - Selecting 'मुंबई' from dropdown 'district'
2025-07-22 14:11:40,801 - property_scraper - INFO - Saved screenshot before dropdown interaction: dropdown_debug/before_district_1753173700.png
2025-07-22 14:12:01,822 - property_scraper - ERROR - Error selecting option 'मुंबई' from dropdown 'district': Message: 
Stacktrace:
	GetHandleVerifier [0x0x4244a3+62419]
	GetHandleVerifier [0x0x4244e4+62484]
	(No symbol) [0x0x262133]
	(No symbol) [0x0x2aa8fe]
	(No symbol) [0x0x2aac9b]
	(No symbol) [0x0x2f3052]
	(No symbol) [0x0x2cf4b4]
	(No symbol) [0x0x2f087a]
	(No symbol) [0x0x2cf266]
	(No symbol) [0x0x29e852]
	(No symbol) [0x0x29f6f4]
	GetHandleVerifier [0x0x694793+2619075]
	GetHandleVerifier [0x0x68fbaa+2599642]
	GetHandleVerifier [0x0x44b04a+221050]
	GetHandleVerifier [0x0x43b2c8+156152]
	GetHandleVerifier [0x0x441c7d+183213]
	GetHandleVerifier [0x0x42c388+94904]
	GetHandleVerifier [0x0x42c512+95298]
	GetHandleVerifier [0x0x41766a+9626]
	BaseThreadInitThunk [0x0x768ffcc9+25]
	RtlGetAppContainerNamedObjectPath [0x0x771582ae+286]
	RtlGetAppContainerNamedObjectPath [0x0x7715827e+238]

2025-07-22 14:12:01,822 - property_scraper - INFO - Retrying after exception with 2 attempts remaining. Waiting 2 seconds...
2025-07-22 14:12:08,179 - property_scraper - INFO - Selecting 'मुंबई' from dropdown 'district'
2025-07-22 14:12:08,417 - property_scraper - INFO - Saved screenshot before dropdown interaction: dropdown_debug/before_district_1753173728.png
2025-07-22 14:12:29,459 - property_scraper - ERROR - Error selecting option 'मुंबई' from dropdown 'district': Message: 
Stacktrace:
	GetHandleVerifier [0x0x4244a3+62419]
	GetHandleVerifier [0x0x4244e4+62484]
	(No symbol) [0x0x262133]
	(No symbol) [0x0x2aa8fe]
	(No symbol) [0x0x2aac9b]
	(No symbol) [0x0x2f3052]
	(No symbol) [0x0x2cf4b4]
	(No symbol) [0x0x2f087a]
	(No symbol) [0x0x2cf266]
	(No symbol) [0x0x29e852]
	(No symbol) [0x0x29f6f4]
	GetHandleVerifier [0x0x694793+2619075]
	GetHandleVerifier [0x0x68fbaa+2599642]
	GetHandleVerifier [0x0x44b04a+221050]
	GetHandleVerifier [0x0x43b2c8+156152]
	GetHandleVerifier [0x0x441c7d+183213]
	GetHandleVerifier [0x0x42c388+94904]
	GetHandleVerifier [0x0x42c512+95298]
	GetHandleVerifier [0x0x41766a+9626]
	BaseThreadInitThunk [0x0x768ffcc9+25]
	RtlGetAppContainerNamedObjectPath [0x0x771582ae+286]
	RtlGetAppContainerNamedObjectPath [0x0x7715827e+238]

2025-07-22 14:12:29,459 - property_scraper - INFO - Retrying after exception with 1 attempts remaining. Waiting 4 seconds...
2025-07-22 14:12:38,016 - property_scraper - INFO - Selecting 'मुंबई' from dropdown 'district'
2025-07-22 14:12:38,247 - property_scraper - INFO - Saved screenshot before dropdown interaction: dropdown_debug/before_district_1753173758.png
2025-07-22 14:12:59,283 - property_scraper - ERROR - Error selecting option 'मुंबई' from dropdown 'district': Message: 
Stacktrace:
	GetHandleVerifier [0x0x4244a3+62419]
	GetHandleVerifier [0x0x4244e4+62484]
	(No symbol) [0x0x262133]
	(No symbol) [0x0x2aa8fe]
	(No symbol) [0x0x2aac9b]
	(No symbol) [0x0x2f3052]
	(No symbol) [0x0x2cf4b4]
	(No symbol) [0x0x2f087a]
	(No symbol) [0x0x2cf266]
	(No symbol) [0x0x29e852]
	(No symbol) [0x0x29f6f4]
	GetHandleVerifier [0x0x694793+2619075]
	GetHandleVerifier [0x0x68fbaa+2599642]
	GetHandleVerifier [0x0x44b04a+221050]
	GetHandleVerifier [0x0x43b2c8+156152]
	GetHandleVerifier [0x0x441c7d+183213]
	GetHandleVerifier [0x0x42c388+94904]
	GetHandleVerifier [0x0x42c512+95298]
	GetHandleVerifier [0x0x41766a+9626]
	BaseThreadInitThunk [0x0x768ffcc9+25]
	RtlGetAppContainerNamedObjectPath [0x0x771582ae+286]
	RtlGetAppContainerNamedObjectPath [0x0x7715827e+238]

2025-07-22 14:12:59,283 - property_scraper - WARNING - Standard selection failed for district: मुंबई. Trying forced selection...
2025-07-22 14:12:59,283 - property_scraper - INFO - LAST RESORT: Forcing selection of 'मुंबई' in dropdown 'district'
2025-07-22 14:12:59,473 - property_scraper - INFO - Saved screenshot before forced selection: dropdown_debug/before_force_district_1753173779.png
2025-07-22 14:12:59,478 - property_scraper - INFO - Available options for district: ['--Select District--', 'अकोला', 'अमरावती', 'अहमदनगर', 'उस्मानाबाद', 'औरंगाबाद', 'कोल्हापूर', 'गडचिरोली', 'गोंदिया', 'चंद्रपूर', 'जळगाव', 'जालना', 'ठाणे', 'धुळे', 'नंदुरबार', 'नागपूर', 'नांदेड', 'नाशिक', 'परभणी', 'पालघर', 'पुणे', 'बीड', 'बुलढाणा', 'भंडारा', 'मुंबई', 'मुंबई उपनगर', 'यवतमाळ', 'रत्नागिरी', 'रायगड', 'लातूर', 'वर्धा', 'वाशीम', 'सांगली', 'सातारा', 'सिंधुदुर्ग', 'सोलापूर', 'हिंगोली']
2025-07-22 14:12:59,478 - property_scraper - INFO - Found exact match: मुंबई at index 24
2025-07-22 14:12:59,651 - property_scraper - INFO - Saved screenshot after forced selection: dropdown_debug/after_force_district_1753173779.png
2025-07-22 14:12:59,651 - property_scraper - INFO - Successfully forced selection: 'मुंबई' at index 24
2025-07-22 14:13:01,652 - property_scraper - INFO - Verifying that selecting from 'district' populated 'taluka'
2025-07-22 14:13:12,189 - property_scraper - ERROR - Error verifying dropdown dependency: Message: 
Stacktrace:
	GetHandleVerifier [0x0x4244a3+62419]
	GetHandleVerifier [0x0x4244e4+62484]
	(No symbol) [0x0x262133]
	(No symbol) [0x0x2aa8fe]
	(No symbol) [0x0x2aac9b]
	(No symbol) [0x0x2f3052]
	(No symbol) [0x0x2cf4b4]
	(No symbol) [0x0x2f087a]
	(No symbol) [0x0x2cf266]
	(No symbol) [0x0x29e852]
	(No symbol) [0x0x29f6f4]
	GetHandleVerifier [0x0x694793+2619075]
	GetHandleVerifier [0x0x68fbaa+2599642]
	GetHandleVerifier [0x0x44b04a+221050]
	GetHandleVerifier [0x0x43b2c8+156152]
	GetHandleVerifier [0x0x441c7d+183213]
	GetHandleVerifier [0x0x42c388+94904]
	GetHandleVerifier [0x0x42c512+95298]
	GetHandleVerifier [0x0x41766a+9626]
	BaseThreadInitThunk [0x0x768ffcc9+25]
	RtlGetAppContainerNamedObjectPath [0x0x771582ae+286]
	RtlGetAppContainerNamedObjectPath [0x0x7715827e+238]

2025-07-22 14:13:12,189 - property_scraper - WARNING - District selection did not populate taluka dropdown. Retrying...
2025-07-22 14:13:12,189 - property_scraper - INFO - Selecting 'मुंबई' from dropdown 'district'
2025-07-22 14:13:12,462 - property_scraper - INFO - Saved screenshot before dropdown interaction: dropdown_debug/before_district_1753173792.png
2025-07-22 14:13:33,631 - property_scraper - ERROR - Error selecting option 'मुंबई' from dropdown 'district': Message: 
Stacktrace:
	GetHandleVerifier [0x0x4244a3+62419]
	GetHandleVerifier [0x0x4244e4+62484]
	(No symbol) [0x0x262133]
	(No symbol) [0x0x2aa8fe]
	(No symbol) [0x0x2aac9b]
	(No symbol) [0x0x2f3052]
	(No symbol) [0x0x2cf4b4]
	(No symbol) [0x0x2f087a]
	(No symbol) [0x0x2cf266]
	(No symbol) [0x0x29e852]
	(No symbol) [0x0x29f6f4]
	GetHandleVerifier [0x0x694793+2619075]
	GetHandleVerifier [0x0x68fbaa+2599642]
	GetHandleVerifier [0x0x44b04a+221050]
	GetHandleVerifier [0x0x43b2c8+156152]
	GetHandleVerifier [0x0x441c7d+183213]
	GetHandleVerifier [0x0x42c388+94904]
	GetHandleVerifier [0x0x42c512+95298]
	GetHandleVerifier [0x0x41766a+9626]
	BaseThreadInitThunk [0x0x768ffcc9+25]
	RtlGetAppContainerNamedObjectPath [0x0x771582ae+286]
	RtlGetAppContainerNamedObjectPath [0x0x7715827e+238]

2025-07-22 14:13:33,631 - property_scraper - INFO - Retrying after exception with 3 attempts remaining. Waiting 1 seconds...
2025-07-22 14:13:39,197 - property_scraper - INFO - Selecting 'मुंबई' from dropdown 'district'
2025-07-22 14:13:39,402 - property_scraper - INFO - Saved screenshot before dropdown interaction: dropdown_debug/before_district_1753173819.png
2025-07-22 14:14:00,505 - property_scraper - ERROR - Error selecting option 'मुंबई' from dropdown 'district': Message: 
Stacktrace:
	GetHandleVerifier [0x0x4244a3+62419]
	GetHandleVerifier [0x0x4244e4+62484]
	(No symbol) [0x0x262133]
	(No symbol) [0x0x2aa8fe]
	(No symbol) [0x0x2aac9b]
	(No symbol) [0x0x2f3052]
	(No symbol) [0x0x2cf4b4]
	(No symbol) [0x0x2f087a]
	(No symbol) [0x0x2cf266]
	(No symbol) [0x0x29e852]
	(No symbol) [0x0x29f6f4]
	GetHandleVerifier [0x0x694793+2619075]
	GetHandleVerifier [0x0x68fbaa+2599642]
	GetHandleVerifier [0x0x44b04a+221050]
	GetHandleVerifier [0x0x43b2c8+156152]
	GetHandleVerifier [0x0x441c7d+183213]
	GetHandleVerifier [0x0x42c388+94904]
	GetHandleVerifier [0x0x42c512+95298]
	GetHandleVerifier [0x0x41766a+9626]
	BaseThreadInitThunk [0x0x768ffcc9+25]
	RtlGetAppContainerNamedObjectPath [0x0x771582ae+286]
	RtlGetAppContainerNamedObjectPath [0x0x7715827e+238]

2025-07-22 14:14:00,505 - property_scraper - INFO - Retrying after exception with 2 attempts remaining. Waiting 2 seconds...
2025-07-22 14:14:06,835 - property_scraper - INFO - Selecting 'मुंबई' from dropdown 'district'
2025-07-22 14:14:07,024 - property_scraper - INFO - Saved screenshot before dropdown interaction: dropdown_debug/before_district_1753173846.png
2025-07-22 14:14:28,065 - property_scraper - ERROR - Error selecting option 'मुंबई' from dropdown 'district': Message: 
Stacktrace:
	GetHandleVerifier [0x0x4244a3+62419]
	GetHandleVerifier [0x0x4244e4+62484]
	(No symbol) [0x0x262133]
	(No symbol) [0x0x2aa8fe]
	(No symbol) [0x0x2aac9b]
	(No symbol) [0x0x2f3052]
	(No symbol) [0x0x2cf4b4]
	(No symbol) [0x0x2f087a]
	(No symbol) [0x0x2cf266]
	(No symbol) [0x0x29e852]
	(No symbol) [0x0x29f6f4]
	GetHandleVerifier [0x0x694793+2619075]
	GetHandleVerifier [0x0x68fbaa+2599642]
	GetHandleVerifier [0x0x44b04a+221050]
	GetHandleVerifier [0x0x43b2c8+156152]
	GetHandleVerifier [0x0x441c7d+183213]
	GetHandleVerifier [0x0x42c388+94904]
	GetHandleVerifier [0x0x42c512+95298]
	GetHandleVerifier [0x0x41766a+9626]
	BaseThreadInitThunk [0x0x768ffcc9+25]
	RtlGetAppContainerNamedObjectPath [0x0x771582ae+286]
	RtlGetAppContainerNamedObjectPath [0x0x7715827e+238]

2025-07-22 14:14:28,065 - property_scraper - INFO - Retrying after exception with 1 attempts remaining. Waiting 4 seconds...
2025-07-22 14:14:36,322 - property_scraper - INFO - Selecting 'मुंबई' from dropdown 'district'
2025-07-22 14:14:36,517 - property_scraper - INFO - Saved screenshot before dropdown interaction: dropdown_debug/before_district_1753173876.png
2025-07-22 14:14:57,567 - property_scraper - ERROR - Error selecting option 'मुंबई' from dropdown 'district': Message: 
Stacktrace:
	GetHandleVerifier [0x0x4244a3+62419]
	GetHandleVerifier [0x0x4244e4+62484]
	(No symbol) [0x0x262133]
	(No symbol) [0x0x2aa8fe]
	(No symbol) [0x0x2aac9b]
	(No symbol) [0x0x2f3052]
	(No symbol) [0x0x2cf4b4]
	(No symbol) [0x0x2f087a]
	(No symbol) [0x0x2cf266]
	(No symbol) [0x0x29e852]
	(No symbol) [0x0x29f6f4]
	GetHandleVerifier [0x0x694793+2619075]
	GetHandleVerifier [0x0x68fbaa+2599642]
	GetHandleVerifier [0x0x44b04a+221050]
	GetHandleVerifier [0x0x43b2c8+156152]
	GetHandleVerifier [0x0x441c7d+183213]
	GetHandleVerifier [0x0x42c388+94904]
	GetHandleVerifier [0x0x42c512+95298]
	GetHandleVerifier [0x0x41766a+9626]
	BaseThreadInitThunk [0x0x768ffcc9+25]
	RtlGetAppContainerNamedObjectPath [0x0x771582ae+286]
	RtlGetAppContainerNamedObjectPath [0x0x7715827e+238]

2025-07-22 14:14:57,567 - property_scraper - ERROR - Failed to select district on retry: मुंबई
2025-07-22 14:14:58,926 - property_scraper - INFO - Looking for available tasks...
2025-07-22 14:14:58,926 - property_scraper - INFO - Continuing with previous task: 1995_मुंबई_Mumbai_कोपरी_2
2025-07-22 14:14:58,926 - property_scraper - INFO - Found available task: 1995_मुंबई_Mumbai_कोपरी_2
2025-07-22 14:14:58,927 - property_scraper - INFO - Getting current dropdown selections
2025-07-22 14:14:58,945 - property_scraper - INFO - Current dropdown selections: {'year': None, 'district': None, 'taluka': None, 'village': None}
2025-07-22 14:14:58,945 - property_scraper - INFO - Need to select year: 1995 (current: None)
2025-07-22 14:14:58,945 - property_scraper - INFO - Need to select district: मुंबई (current: None)
2025-07-22 14:14:58,945 - property_scraper - INFO - Need to select taluka: Mumbai (current: None)
2025-07-22 14:14:58,945 - property_scraper - INFO - Need to select village: कोपरी (current: None)
2025-07-22 14:14:58,945 - property_scraper - INFO - Some dropdown selections need to be updated
2025-07-22 14:14:58,945 - property_scraper - INFO - Selecting '1995' from dropdown 'year'
2025-07-22 14:14:59,151 - property_scraper - INFO - Saved screenshot before dropdown interaction: dropdown_debug/before_year_1753173898.png
2025-07-22 14:14:59,156 - property_scraper - INFO - Using special handling for year dropdown
2025-07-22 14:14:59,157 - property_scraper - INFO - Using specialized year selection method for year: 1995
2025-07-22 14:14:59,157 - property_scraper - INFO - Approach 1: Direct XPath selection
2025-07-22 14:15:09,689 - property_scraper - WARNING - Approach 1 failed: Message: 
Stacktrace:
	GetHandleVerifier [0x0x4244a3+62419]
	GetHandleVerifier [0x0x4244e4+62484]
	(No symbol) [0x0x262133]
	(No symbol) [0x0x2aa8fe]
	(No symbol) [0x0x2aac9b]
	(No symbol) [0x0x2f3052]
	(No symbol) [0x0x2cf4b4]
	(No symbol) [0x0x2f087a]
	(No symbol) [0x0x2cf266]
	(No symbol) [0x0x29e852]
	(No symbol) [0x0x29f6f4]
	GetHandleVerifier [0x0x694793+2619075]
	GetHandleVerifier [0x0x68fbaa+2599642]
	GetHandleVerifier [0x0x44b04a+221050]
	GetHandleVerifier [0x0x43b2c8+156152]
	GetHandleVerifier [0x0x441c7d+183213]
	GetHandleVerifier [0x0x42c388+94904]
	GetHandleVerifier [0x0x42c512+95298]
	GetHandleVerifier [0x0x41766a+9626]
	BaseThreadInitThunk [0x0x768ffcc9+25]
	RtlGetAppContainerNamedObjectPath [0x0x771582ae+286]
	RtlGetAppContainerNamedObjectPath [0x0x7715827e+238]

2025-07-22 14:15:09,689 - property_scraper - INFO - Approach 2: Select class with explicit wait
2025-07-22 14:15:20,206 - property_scraper - WARNING - Approach 2 failed: Message: 
Stacktrace:
	GetHandleVerifier [0x0x4244a3+62419]
	GetHandleVerifier [0x0x4244e4+62484]
	(No symbol) [0x0x262133]
	(No symbol) [0x0x2aa8fe]
	(No symbol) [0x0x2aac9b]
	(No symbol) [0x0x2f3052]
	(No symbol) [0x0x2cf4b4]
	(No symbol) [0x0x2f087a]
	(No symbol) [0x0x2cf266]
	(No symbol) [0x0x29e852]
	(No symbol) [0x0x29f6f4]
	GetHandleVerifier [0x0x694793+2619075]
	GetHandleVerifier [0x0x68fbaa+2599642]
	GetHandleVerifier [0x0x44b04a+221050]
	GetHandleVerifier [0x0x43b2c8+156152]
	GetHandleVerifier [0x0x441c7d+183213]
	GetHandleVerifier [0x0x42c388+94904]
	GetHandleVerifier [0x0x42c512+95298]
	GetHandleVerifier [0x0x41766a+9626]
	BaseThreadInitThunk [0x0x768ffcc9+25]
	RtlGetAppContainerNamedObjectPath [0x0x771582ae+286]
	RtlGetAppContainerNamedObjectPath [0x0x7715827e+238]

2025-07-22 14:15:20,206 - property_scraper - INFO - Approach 3: Pure JavaScript approach
2025-07-22 14:15:20,213 - property_scraper - INFO - Year options: ['--Select Year--', '2025', '2024', '2023', '2022', '2021', '2020', '2019', '2018', '2017', '2016', '2015', '2014', '2013', '2012', '2002', '2001', '2000', '1999', '1998', '1997', '1996', '1995', '1994', '1993', '1992', '1991', '1990', '1989', '1988', '1987', '1986', '1985']
2025-07-22 14:15:20,219 - property_scraper - WARNING - Approach 3 failed: Message: javascript error: Cannot set properties of null (setting 'selectedIndex')
  (Session info: chrome=138.0.7204.158)
Stacktrace:
	GetHandleVerifier [0x0x4244a3+62419]
	GetHandleVerifier [0x0x4244e4+62484]
	(No symbol) [0x0x262133]
	(No symbol) [0x0x268909]
	(No symbol) [0x0x26aec3]
	(No symbol) [0x0x2f1874]
	(No symbol) [0x0x2cf46c]
	(No symbol) [0x0x2f087a]
	(No symbol) [0x0x2cf266]
	(No symbol) [0x0x29e852]
	(No symbol) [0x0x29f6f4]
	GetHandleVerifier [0x0x694793+2619075]
	GetHandleVerifier [0x0x68fbaa+2599642]
	GetHandleVerifier [0x0x44b04a+221050]
	GetHandleVerifier [0x0x43b2c8+156152]
	GetHandleVerifier [0x0x441c7d+183213]
	GetHandleVerifier [0x0x42c388+94904]
	GetHandleVerifier [0x0x42c512+95298]
	GetHandleVerifier [0x0x41766a+9626]
	BaseThreadInitThunk [0x0x768ffcc9+25]
	RtlGetAppContainerNamedObjectPath [0x0x771582ae+286]
	RtlGetAppContainerNamedObjectPath [0x0x7715827e+238]

2025-07-22 14:15:20,219 - property_scraper - INFO - Approach 4: ActionChains approach
2025-07-22 14:15:30,730 - property_scraper - WARNING - Approach 4 failed: Message: 
Stacktrace:
	GetHandleVerifier [0x0x4244a3+62419]
	GetHandleVerifier [0x0x4244e4+62484]
	(No symbol) [0x0x262133]
	(No symbol) [0x0x2aa8fe]
	(No symbol) [0x0x2aac9b]
	(No symbol) [0x0x2f3052]
	(No symbol) [0x0x2cf4b4]
	(No symbol) [0x0x2f087a]
	(No symbol) [0x0x2cf266]
	(No symbol) [0x0x29e852]
	(No symbol) [0x0x29f6f4]
	GetHandleVerifier [0x0x694793+2619075]
	GetHandleVerifier [0x0x68fbaa+2599642]
	GetHandleVerifier [0x0x44b04a+221050]
	GetHandleVerifier [0x0x43b2c8+156152]
	GetHandleVerifier [0x0x441c7d+183213]
	GetHandleVerifier [0x0x42c388+94904]
	GetHandleVerifier [0x0x42c512+95298]
	GetHandleVerifier [0x0x41766a+9626]
	BaseThreadInitThunk [0x0x768ffcc9+25]
	RtlGetAppContainerNamedObjectPath [0x0x771582ae+286]
	RtlGetAppContainerNamedObjectPath [0x0x7715827e+238]

2025-07-22 14:15:30,730 - property_scraper - INFO - Approach 5: Advanced DOM manipulation with mutation observer
2025-07-22 14:15:30,749 - property_scraper - INFO - Approach 5 result: 1995
2025-07-22 14:15:30,958 - property_scraper - INFO - Approach 5 successful: 1995
2025-07-22 14:15:30,958 - property_scraper - INFO - Successfully selected year '1995' using special handling
2025-07-22 14:15:32,959 - property_scraper - INFO - Selecting 'मुंबई' from dropdown 'district'
2025-07-22 14:15:33,219 - property_scraper - INFO - Saved screenshot before dropdown interaction: dropdown_debug/before_district_1753173932.png
2025-07-22 14:15:54,321 - property_scraper - ERROR - Error selecting option 'मुंबई' from dropdown 'district': Message: 
Stacktrace:
	GetHandleVerifier [0x0x4244a3+62419]
	GetHandleVerifier [0x0x4244e4+62484]
	(No symbol) [0x0x262133]
	(No symbol) [0x0x2aa8fe]
	(No symbol) [0x0x2aac9b]
	(No symbol) [0x0x2f3052]
	(No symbol) [0x0x2cf4b4]
	(No symbol) [0x0x2f087a]
	(No symbol) [0x0x2cf266]
	(No symbol) [0x0x29e852]
	(No symbol) [0x0x29f6f4]
	GetHandleVerifier [0x0x694793+2619075]
	GetHandleVerifier [0x0x68fbaa+2599642]
	GetHandleVerifier [0x0x44b04a+221050]
	GetHandleVerifier [0x0x43b2c8+156152]
	GetHandleVerifier [0x0x441c7d+183213]
	GetHandleVerifier [0x0x42c388+94904]
	GetHandleVerifier [0x0x42c512+95298]
	GetHandleVerifier [0x0x41766a+9626]
	BaseThreadInitThunk [0x0x768ffcc9+25]
	RtlGetAppContainerNamedObjectPath [0x0x771582ae+286]
	RtlGetAppContainerNamedObjectPath [0x0x7715827e+238]

2025-07-22 14:15:54,321 - property_scraper - INFO - Retrying after exception with 3 attempts remaining. Waiting 1 seconds...
2025-07-22 14:15:59,676 - property_scraper - INFO - Selecting 'मुंबई' from dropdown 'district'
2025-07-22 14:15:59,830 - property_scraper - INFO - Saved screenshot before dropdown interaction: dropdown_debug/before_district_1753173959.png
2025-07-22 14:16:20,914 - property_scraper - ERROR - Error selecting option 'मुंबई' from dropdown 'district': Message: 
Stacktrace:
	GetHandleVerifier [0x0x4244a3+62419]
	GetHandleVerifier [0x0x4244e4+62484]
	(No symbol) [0x0x262133]
	(No symbol) [0x0x2aa8fe]
	(No symbol) [0x0x2aac9b]
	(No symbol) [0x0x2f3052]
	(No symbol) [0x0x2cf4b4]
	(No symbol) [0x0x2f087a]
	(No symbol) [0x0x2cf266]
	(No symbol) [0x0x29e852]
	(No symbol) [0x0x29f6f4]
	GetHandleVerifier [0x0x694793+2619075]
	GetHandleVerifier [0x0x68fbaa+2599642]
	GetHandleVerifier [0x0x44b04a+221050]
	GetHandleVerifier [0x0x43b2c8+156152]
	GetHandleVerifier [0x0x441c7d+183213]
	GetHandleVerifier [0x0x42c388+94904]
	GetHandleVerifier [0x0x42c512+95298]
	GetHandleVerifier [0x0x41766a+9626]
	BaseThreadInitThunk [0x0x768ffcc9+25]
	RtlGetAppContainerNamedObjectPath [0x0x771582ae+286]
	RtlGetAppContainerNamedObjectPath [0x0x7715827e+238]

2025-07-22 14:16:20,914 - property_scraper - INFO - Retrying after exception with 2 attempts remaining. Waiting 2 seconds...
2025-07-22 14:16:27,270 - property_scraper - INFO - Selecting 'मुंबई' from dropdown 'district'
2025-07-22 14:16:27,482 - property_scraper - INFO - Saved screenshot before dropdown interaction: dropdown_debug/before_district_1753173987.png
2025-07-22 14:16:48,552 - property_scraper - ERROR - Error selecting option 'मुंबई' from dropdown 'district': Message: 
Stacktrace:
	GetHandleVerifier [0x0x4244a3+62419]
	GetHandleVerifier [0x0x4244e4+62484]
	(No symbol) [0x0x262133]
	(No symbol) [0x0x2aa8fe]
	(No symbol) [0x0x2aac9b]
	(No symbol) [0x0x2f3052]
	(No symbol) [0x0x2cf4b4]
	(No symbol) [0x0x2f087a]
	(No symbol) [0x0x2cf266]
	(No symbol) [0x0x29e852]
	(No symbol) [0x0x29f6f4]
	GetHandleVerifier [0x0x694793+2619075]
	GetHandleVerifier [0x0x68fbaa+2599642]
	GetHandleVerifier [0x0x44b04a+221050]
	GetHandleVerifier [0x0x43b2c8+156152]
	GetHandleVerifier [0x0x441c7d+183213]
	GetHandleVerifier [0x0x42c388+94904]
	GetHandleVerifier [0x0x42c512+95298]
	GetHandleVerifier [0x0x41766a+9626]
	BaseThreadInitThunk [0x0x768ffcc9+25]
	RtlGetAppContainerNamedObjectPath [0x0x771582ae+286]
	RtlGetAppContainerNamedObjectPath [0x0x7715827e+238]

2025-07-22 14:16:48,552 - property_scraper - INFO - Retrying after exception with 1 attempts remaining. Waiting 4 seconds...
2025-07-22 14:16:56,880 - property_scraper - INFO - Selecting 'मुंबई' from dropdown 'district'
2025-07-22 14:16:57,072 - property_scraper - INFO - Saved screenshot before dropdown interaction: dropdown_debug/before_district_1753174016.png
2025-07-22 14:17:18,137 - property_scraper - ERROR - Error selecting option 'मुंबई' from dropdown 'district': Message: 
Stacktrace:
	GetHandleVerifier [0x0x4244a3+62419]
	GetHandleVerifier [0x0x4244e4+62484]
	(No symbol) [0x0x262133]
	(No symbol) [0x0x2aa8fe]
	(No symbol) [0x0x2aac9b]
	(No symbol) [0x0x2f3052]
	(No symbol) [0x0x2cf4b4]
	(No symbol) [0x0x2f087a]
	(No symbol) [0x0x2cf266]
	(No symbol) [0x0x29e852]
	(No symbol) [0x0x29f6f4]
	GetHandleVerifier [0x0x694793+2619075]
	GetHandleVerifier [0x0x68fbaa+2599642]
	GetHandleVerifier [0x0x44b04a+221050]
	GetHandleVerifier [0x0x43b2c8+156152]
	GetHandleVerifier [0x0x441c7d+183213]
	GetHandleVerifier [0x0x42c388+94904]
	GetHandleVerifier [0x0x42c512+95298]
	GetHandleVerifier [0x0x41766a+9626]
	BaseThreadInitThunk [0x0x768ffcc9+25]
	RtlGetAppContainerNamedObjectPath [0x0x771582ae+286]
	RtlGetAppContainerNamedObjectPath [0x0x7715827e+238]

2025-07-22 14:17:18,137 - property_scraper - WARNING - Standard selection failed for district: मुंबई. Trying forced selection...
2025-07-22 14:17:18,137 - property_scraper - INFO - LAST RESORT: Forcing selection of 'मुंबई' in dropdown 'district'
2025-07-22 14:17:18,345 - property_scraper - INFO - Saved screenshot before forced selection: dropdown_debug/before_force_district_1753174038.png
2025-07-22 14:17:18,351 - property_scraper - INFO - Available options for district: ['--Select District--', 'अकोला', 'अमरावती', 'अहमदनगर', 'उस्मानाबाद', 'औरंगाबाद', 'कोल्हापूर', 'गडचिरोली', 'गोंदिया', 'चंद्रपूर', 'जळगाव', 'जालना', 'ठाणे', 'धुळे', 'नंदुरबार', 'नागपूर', 'नांदेड', 'नाशिक', 'परभणी', 'पालघर', 'पुणे', 'बीड', 'बुलढाणा', 'भंडारा', 'मुंबई', 'मुंबई उपनगर', 'यवतमाळ', 'रत्नागिरी', 'रायगड', 'लातूर', 'वर्धा', 'वाशीम', 'सांगली', 'सातारा', 'सिंधुदुर्ग', 'सोलापूर', 'हिंगोली']
2025-07-22 14:17:18,352 - property_scraper - INFO - Found exact match: मुंबई at index 24
2025-07-22 14:17:18,639 - property_scraper - INFO - Saved screenshot after forced selection: dropdown_debug/after_force_district_1753174038.png
2025-07-22 14:17:18,639 - property_scraper - INFO - Successfully forced selection: 'मुंबई' at index 24
2025-07-22 14:17:20,641 - property_scraper - INFO - Verifying that selecting from 'district' populated 'taluka'
2025-07-22 14:17:31,205 - property_scraper - ERROR - Error verifying dropdown dependency: Message: 
Stacktrace:
	GetHandleVerifier [0x0x4244a3+62419]
	GetHandleVerifier [0x0x4244e4+62484]
	(No symbol) [0x0x262133]
	(No symbol) [0x0x2aa8fe]
	(No symbol) [0x0x2aac9b]
	(No symbol) [0x0x2f3052]
	(No symbol) [0x0x2cf4b4]
	(No symbol) [0x0x2f087a]
	(No symbol) [0x0x2cf266]
	(No symbol) [0x0x29e852]
	(No symbol) [0x0x29f6f4]
	GetHandleVerifier [0x0x694793+2619075]
	GetHandleVerifier [0x0x68fbaa+2599642]
	GetHandleVerifier [0x0x44b04a+221050]
	GetHandleVerifier [0x0x43b2c8+156152]
	GetHandleVerifier [0x0x441c7d+183213]
	GetHandleVerifier [0x0x42c388+94904]
	GetHandleVerifier [0x0x42c512+95298]
	GetHandleVerifier [0x0x41766a+9626]
	BaseThreadInitThunk [0x0x768ffcc9+25]
	RtlGetAppContainerNamedObjectPath [0x0x771582ae+286]
	RtlGetAppContainerNamedObjectPath [0x0x7715827e+238]

2025-07-22 14:17:31,205 - property_scraper - WARNING - District selection did not populate taluka dropdown. Retrying...
2025-07-22 14:17:31,205 - property_scraper - INFO - Selecting 'मुंबई' from dropdown 'district'
2025-07-22 14:17:31,380 - property_scraper - INFO - Saved screenshot before dropdown interaction: dropdown_debug/before_district_1753174051.png
2025-07-22 14:17:52,487 - property_scraper - ERROR - Error selecting option 'मुंबई' from dropdown 'district': Message: 
Stacktrace:
	GetHandleVerifier [0x0x4244a3+62419]
	GetHandleVerifier [0x0x4244e4+62484]
	(No symbol) [0x0x262133]
	(No symbol) [0x0x2aa8fe]
	(No symbol) [0x0x2aac9b]
	(No symbol) [0x0x2f3052]
	(No symbol) [0x0x2cf4b4]
	(No symbol) [0x0x2f087a]
	(No symbol) [0x0x2cf266]
	(No symbol) [0x0x29e852]
	(No symbol) [0x0x29f6f4]
	GetHandleVerifier [0x0x694793+2619075]
	GetHandleVerifier [0x0x68fbaa+2599642]
	GetHandleVerifier [0x0x44b04a+221050]
	GetHandleVerifier [0x0x43b2c8+156152]
	GetHandleVerifier [0x0x441c7d+183213]
	GetHandleVerifier [0x0x42c388+94904]
	GetHandleVerifier [0x0x42c512+95298]
	GetHandleVerifier [0x0x41766a+9626]
	BaseThreadInitThunk [0x0x768ffcc9+25]
	RtlGetAppContainerNamedObjectPath [0x0x771582ae+286]
	RtlGetAppContainerNamedObjectPath [0x0x7715827e+238]

2025-07-22 14:17:52,487 - property_scraper - INFO - Retrying after exception with 3 attempts remaining. Waiting 1 seconds...
2025-07-22 14:17:57,954 - property_scraper - INFO - Selecting 'मुंबई' from dropdown 'district'
2025-07-22 14:17:58,143 - property_scraper - INFO - Saved screenshot before dropdown interaction: dropdown_debug/before_district_1753174077.png
2025-07-22 14:18:19,262 - property_scraper - ERROR - Error selecting option 'मुंबई' from dropdown 'district': Message: 
Stacktrace:
	GetHandleVerifier [0x0x4244a3+62419]
	GetHandleVerifier [0x0x4244e4+62484]
	(No symbol) [0x0x262133]
	(No symbol) [0x0x2aa8fe]
	(No symbol) [0x0x2aac9b]
	(No symbol) [0x0x2f3052]
	(No symbol) [0x0x2cf4b4]
	(No symbol) [0x0x2f087a]
	(No symbol) [0x0x2cf266]
	(No symbol) [0x0x29e852]
	(No symbol) [0x0x29f6f4]
	GetHandleVerifier [0x0x694793+2619075]
	GetHandleVerifier [0x0x68fbaa+2599642]
	GetHandleVerifier [0x0x44b04a+221050]
	GetHandleVerifier [0x0x43b2c8+156152]
	GetHandleVerifier [0x0x441c7d+183213]
	GetHandleVerifier [0x0x42c388+94904]
	GetHandleVerifier [0x0x42c512+95298]
	GetHandleVerifier [0x0x41766a+9626]
	BaseThreadInitThunk [0x0x768ffcc9+25]
	RtlGetAppContainerNamedObjectPath [0x0x771582ae+286]
	RtlGetAppContainerNamedObjectPath [0x0x7715827e+238]

2025-07-22 14:18:19,262 - property_scraper - INFO - Retrying after exception with 2 attempts remaining. Waiting 2 seconds...
2025-07-22 14:18:25,509 - property_scraper - INFO - Selecting 'मुंबई' from dropdown 'district'
2025-07-22 14:18:25,673 - property_scraper - INFO - Saved screenshot before dropdown interaction: dropdown_debug/before_district_1753174105.png
2025-07-22 14:18:29,966 - property_scraper - ERROR - Error selecting option 'मुंबई' from dropdown 'district': Message: invalid session id: session deleted as the browser has closed the connection
from disconnected: unable to send message to renderer
  (Session info: chrome=138.0.7204.158)
Stacktrace:
	GetHandleVerifier [0x0x4244a3+62419]
	GetHandleVerifier [0x0x4244e4+62484]
	(No symbol) [0x0x262133]
	(No symbol) [0x0x2520c0]
	(No symbol) [0x0x252046]
	(No symbol) [0x0x250963]
	(No symbol) [0x0x25162d]
	(No symbol) [0x0x266cc7]
	(No symbol) [0x0x26745b]
	(No symbol) [0x0x26ac7a]
	(No symbol) [0x0x26acf7]
	(No symbol) [0x0x2aa194]
	(No symbol) [0x0x2aac9b]
	(No symbol) [0x0x2f3052]
	(No symbol) [0x0x2cf4b4]
	(No symbol) [0x0x2f087a]
	(No symbol) [0x0x2cf266]
	(No symbol) [0x0x29e852]
	(No symbol) [0x0x29f6f4]
	GetHandleVerifier [0x0x694793+2619075]
	GetHandleVerifier [0x0x68fbaa+2599642]
	GetHandleVerifier [0x0x44b04a+221050]
	GetHandleVerifier [0x0x43b2c8+156152]
	GetHandleVerifier [0x0x441c7d+183213]
	GetHandleVerifier [0x0x42c388+94904]
	GetHandleVerifier [0x0x42c512+95298]
	GetHandleVerifier [0x0x41766a+9626]
	BaseThreadInitThunk [0x0x768ffcc9+25]
	RtlGetAppContainerNamedObjectPath [0x0x771582ae+286]
	RtlGetAppContainerNamedObjectPath [0x0x7715827e+238]

2025-07-22 14:18:29,967 - property_scraper - INFO - Retrying after exception with 1 attempts remaining. Waiting 4 seconds...
2025-07-22 14:18:33,968 - property_scraper - WARNING - Error refreshing page: Message: invalid session id
Stacktrace:
	GetHandleVerifier [0x0x4244a3+62419]
	GetHandleVerifier [0x0x4244e4+62484]
	(No symbol) [0x0x261f90]
	(No symbol) [0x0x29db48]
	(No symbol) [0x0x2cf326]
	(No symbol) [0x0x2caf15]
	(No symbol) [0x0x2ca496]
	(No symbol) [0x0x233a45]
	(No symbol) [0x0x233f9e]
	(No symbol) [0x0x23442d]
	GetHandleVerifier [0x0x694793+2619075]
	GetHandleVerifier [0x0x68fbaa+2599642]
	GetHandleVerifier [0x0x44b04a+221050]
	GetHandleVerifier [0x0x43b2c8+156152]
	GetHandleVerifier [0x0x441c7d+183213]
	(No symbol) [0x0x233710]
	(No symbol) [0x0x232f1d]
	GetHandleVerifier [0x0x7c8aec+3881500]
	BaseThreadInitThunk [0x0x768ffcc9+25]
	RtlGetAppContainerNamedObjectPath [0x0x771582ae+286]
	RtlGetAppContainerNamedObjectPath [0x0x7715827e+238]

2025-07-22 14:18:33,968 - property_scraper - INFO - Selecting 'मुंबई' from dropdown 'district'
2025-07-22 14:18:33,969 - property_scraper - WARNING - Could not save screenshot: Message: invalid session id
Stacktrace:
	GetHandleVerifier [0x0x4244a3+62419]
	GetHandleVerifier [0x0x4244e4+62484]
	(No symbol) [0x0x261f90]
	(No symbol) [0x0x29db48]
	(No symbol) [0x0x2cf326]
	(No symbol) [0x0x2caf15]
	(No symbol) [0x0x2ca496]
	(No symbol) [0x0x233a45]
	(No symbol) [0x0x233f9e]
	(No symbol) [0x0x23442d]
	GetHandleVerifier [0x0x694793+2619075]
	GetHandleVerifier [0x0x68fbaa+2599642]
	GetHandleVerifier [0x0x44b04a+221050]
	GetHandleVerifier [0x0x43b2c8+156152]
	GetHandleVerifier [0x0x441c7d+183213]
	(No symbol) [0x0x233710]
	(No symbol) [0x0x232f1d]
	GetHandleVerifier [0x0x7c8aec+3881500]
	BaseThreadInitThunk [0x0x768ffcc9+25]
	RtlGetAppContainerNamedObjectPath [0x0x771582ae+286]
	RtlGetAppContainerNamedObjectPath [0x0x7715827e+238]

2025-07-22 14:18:33,970 - property_scraper - WARNING - Error checking page state: Message: invalid session id
Stacktrace:
	GetHandleVerifier [0x0x4244a3+62419]
	GetHandleVerifier [0x0x4244e4+62484]
	(No symbol) [0x0x261f90]
	(No symbol) [0x0x29db48]
	(No symbol) [0x0x2cf326]
	(No symbol) [0x0x2caf15]
	(No symbol) [0x0x2ca496]
	(No symbol) [0x0x233a45]
	(No symbol) [0x0x233f9e]
	(No symbol) [0x0x23442d]
	GetHandleVerifier [0x0x694793+2619075]
	GetHandleVerifier [0x0x68fbaa+2599642]
	GetHandleVerifier [0x0x44b04a+221050]
	GetHandleVerifier [0x0x43b2c8+156152]
	GetHandleVerifier [0x0x441c7d+183213]
	(No symbol) [0x0x233710]
	(No symbol) [0x0x232f1d]
	GetHandleVerifier [0x0x7c8aec+3881500]
	BaseThreadInitThunk [0x0x768ffcc9+25]
	RtlGetAppContainerNamedObjectPath [0x0x771582ae+286]
	RtlGetAppContainerNamedObjectPath [0x0x7715827e+238]

2025-07-22 14:18:33,971 - property_scraper - ERROR - Error selecting option 'मुंबई' from dropdown 'district': Message: invalid session id
Stacktrace:
	GetHandleVerifier [0x0x4244a3+62419]
	GetHandleVerifier [0x0x4244e4+62484]
	(No symbol) [0x0x261f90]
	(No symbol) [0x0x29db48]
	(No symbol) [0x0x2cf326]
	(No symbol) [0x0x2caf15]
	(No symbol) [0x0x2ca496]
	(No symbol) [0x0x233a45]
	(No symbol) [0x0x233f9e]
	(No symbol) [0x0x23442d]
	GetHandleVerifier [0x0x694793+2619075]
	GetHandleVerifier [0x0x68fbaa+2599642]
	GetHandleVerifier [0x0x44b04a+221050]
	GetHandleVerifier [0x0x43b2c8+156152]
	GetHandleVerifier [0x0x441c7d+183213]
	(No symbol) [0x0x233710]
	(No symbol) [0x0x232f1d]
	GetHandleVerifier [0x0x7c8aec+3881500]
	BaseThreadInitThunk [0x0x768ffcc9+25]
	RtlGetAppContainerNamedObjectPath [0x0x771582ae+286]
	RtlGetAppContainerNamedObjectPath [0x0x7715827e+238]

2025-07-22 14:18:33,971 - property_scraper - ERROR - Failed to select district on retry: मुंबई
2025-07-22 14:18:33,972 - property_scraper - ERROR - Error in main run loop: Message: invalid session id
Stacktrace:
	GetHandleVerifier [0x0x4244a3+62419]
	GetHandleVerifier [0x0x4244e4+62484]
	(No symbol) [0x0x261f90]
	(No symbol) [0x0x29db48]
	(No symbol) [0x0x2cf326]
	(No symbol) [0x0x2caf15]
	(No symbol) [0x0x2ca496]
	(No symbol) [0x0x233a45]
	(No symbol) [0x0x233f9e]
	(No symbol) [0x0x23442d]
	GetHandleVerifier [0x0x694793+2619075]
	GetHandleVerifier [0x0x68fbaa+2599642]
	GetHandleVerifier [0x0x44b04a+221050]
	GetHandleVerifier [0x0x43b2c8+156152]
	GetHandleVerifier [0x0x441c7d+183213]
	(No symbol) [0x0x233710]
	(No symbol) [0x0x232f1d]
	GetHandleVerifier [0x0x7c8aec+3881500]
	BaseThreadInitThunk [0x0x768ffcc9+25]
	RtlGetAppContainerNamedObjectPath [0x0x771582ae+286]
	RtlGetAppContainerNamedObjectPath [0x0x7715827e+238]

2025-07-22 14:18:34,076 - uc - INFO - ensuring close
