2025-07-14 12:45:43,996 - property_scraper - INFO - Starting property scraper with automated dropdown selection...
2025-07-14 12:45:43,996 - property_scraper - INFO - Using DEMO MODE for reliable operation.
2025-07-14 12:45:43,996 - property_scraper - INFO - Starting property scraper in DEMO MODE with automatic dropdown selection...
2025-07-14 12:45:43,997 - property_scraper - INFO - Automatically selecting values from dropdowns...
2025-07-14 12:45:43,997 - property_scraper - INFO - Fetching options for dropdown 'year'...
2025-07-14 12:45:44,306 - property_scraper - INFO - Selected Year: 2023
2025-07-14 12:45:44,307 - property_scraper - INFO - Fetching options for dropdown 'district'...
2025-07-14 12:45:44,675 - property_scraper - INFO - Selected District: Pune
2025-07-14 12:45:44,728 - property_scraper - INFO - Fetching options for dropdown 'taluka'...
2025-07-14 12:45:45,029 - property_scraper - INFO - Selected Taluka: Haveli
2025-07-14 12:45:45,032 - property_scraper - INFO - Fetching options for dropdown 'village'...
2025-07-14 12:45:45,341 - property_scraper - INFO - Selected Village: Wagholi
2025-07-14 12:45:45,347 - property_scraper - INFO - Selected Document Number: 4
2025-07-14 12:45:45,363 - property_scraper - INFO - Processing combination: 2023_Pune_Haveli_Wagholi_4
2025-07-14 12:45:45,365 - property_scraper - INFO - Processing in DEMO MODE: Year=2023, District=Pune, Taluka=Haveli, Village=Wagholi, Doc#=4
2025-07-14 12:45:45,365 - property_scraper - INFO - Simulating navigation to https://pay2igr.igrmaharashtra.gov.in/eDisplay/Propertydetails/index
2025-07-14 12:45:45,868 - property_scraper - INFO - Simulating selecting Year: 2023
2025-07-14 12:45:45,868 - property_scraper - INFO - Simulating selecting District: Pune
2025-07-14 12:45:45,868 - property_scraper - INFO - Simulating selecting Taluka: Haveli
2025-07-14 12:45:45,868 - property_scraper - INFO - Simulating selecting Village: Wagholi
2025-07-14 12:45:45,869 - property_scraper - INFO - Simulating entering Document Number: 4
2025-07-14 12:45:45,869 - property_scraper - INFO - Simulating captcha solving...
2025-07-14 12:45:46,870 - property_scraper - INFO - Captcha solved: DIMB0F
2025-07-14 12:45:46,870 - property_scraper - INFO - Simulating clicking Search button...
2025-07-14 12:45:47,371 - property_scraper - INFO - Selecting 'All' entries per page from dropdown...
2025-07-14 12:45:47,872 - property_scraper - INFO - Page refreshed with All entries per page
2025-07-14 12:45:48,673 - property_scraper - INFO - Found 5 entries with 'List No. 2' buttons in the search results table
2025-07-14 12:45:48,673 - property_scraper - INFO - Clicking on 'List No. 2' button for entry #1...
2025-07-14 12:45:49,474 - property_scraper - INFO - PDF opened in new tab: Doc Reg. No. BRL5-2541-2023
2025-07-14 12:45:49,474 - property_scraper - INFO - Downloading PDF from new tab...
2025-07-14 12:45:50,477 - property_scraper - INFO - Downloaded PDF: 2541-2023-IndexII_copy.pdf
2025-07-14 12:45:50,477 - property_scraper - INFO - Clicking on 'List No. 2' button for entry #2...
2025-07-14 12:45:51,278 - property_scraper - INFO - PDF opened in new tab: Doc Reg. No. NGP1-4034-2023
2025-07-14 12:45:51,278 - property_scraper - INFO - Downloading PDF from new tab...
2025-07-14 12:45:52,299 - property_scraper - INFO - Downloaded PDF: 4034-2023-IndexII_copy.pdf
2025-07-14 12:45:52,300 - property_scraper - INFO - Clicking on 'List No. 2' button for entry #3...
2025-07-14 12:45:53,101 - property_scraper - INFO - PDF opened in new tab: Doc Reg. No. NGP6-3527-2023
2025-07-14 12:45:53,101 - property_scraper - INFO - Downloading PDF from new tab...
2025-07-14 12:45:54,103 - property_scraper - INFO - Downloaded PDF: 3527-2023-IndexII_copy.pdf
2025-07-14 12:45:54,103 - property_scraper - INFO - Clicking on 'List No. 2' button for entry #4...
2025-07-14 12:45:54,904 - property_scraper - WARNING - Failed to open PDF for entry #4 in new tab. The link may be broken.
2025-07-14 12:45:54,904 - property_scraper - INFO - Clicking on 'List No. 2' button for entry #5...
2025-07-14 12:45:55,706 - property_scraper - INFO - PDF opened in new tab: Doc Reg. No. BRL8-6995-2023
2025-07-14 12:45:55,706 - property_scraper - INFO - Downloading PDF from new tab...
2025-07-14 12:45:56,708 - property_scraper - INFO - Downloaded PDF: 6995-2023-IndexII_copy.pdf
2025-07-14 12:45:56,708 - property_scraper - INFO - Successfully downloaded 4 PDFs from 'List No. 2' buttons
2025-07-14 12:45:56,709 - property_scraper - INFO - Successfully processed combination: 2023_Pune_Haveli_Wagholi_4
2025-07-14 12:45:56,709 - property_scraper - INFO - Daily requests: 1/5
2025-07-14 12:45:56,709 - property_scraper - INFO - Waiting 3.05 seconds before next request...
2025-07-14 12:45:59,758 - property_scraper - INFO - Automatically selecting values from dropdowns...
2025-07-14 12:45:59,758 - property_scraper - INFO - Fetching options for dropdown 'year'...
2025-07-14 12:46:00,060 - property_scraper - INFO - Selected Year: 2024
2025-07-14 12:46:00,060 - property_scraper - INFO - Fetching options for dropdown 'district'...
2025-07-14 12:46:00,361 - property_scraper - INFO - Selected District: Pune
2025-07-14 12:46:00,363 - property_scraper - INFO - Fetching options for dropdown 'taluka'...
2025-07-14 12:46:00,669 - property_scraper - INFO - Selected Taluka: Pune City
2025-07-14 12:46:00,669 - property_scraper - INFO - Fetching options for dropdown 'village'...
2025-07-14 12:46:00,986 - property_scraper - INFO - Selected Village: Kothrud
2025-07-14 12:46:00,992 - property_scraper - INFO - Selected Document Number: 9
2025-07-14 12:46:00,992 - property_scraper - INFO - Processing combination: 2024_Pune_Pune City_Kothrud_9
2025-07-14 12:46:00,995 - property_scraper - INFO - Processing in DEMO MODE: Year=2024, District=Pune, Taluka=Pune City, Village=Kothrud, Doc#=9
2025-07-14 12:46:01,009 - property_scraper - INFO - Simulating navigation to https://pay2igr.igrmaharashtra.gov.in/eDisplay/Propertydetails/index
2025-07-14 12:46:01,512 - property_scraper - INFO - Simulating selecting Year: 2024
2025-07-14 12:46:01,512 - property_scraper - INFO - Simulating selecting District: Pune
2025-07-14 12:46:01,512 - property_scraper - INFO - Simulating selecting Taluka: Pune City
2025-07-14 12:46:01,513 - property_scraper - INFO - Simulating selecting Village: Kothrud
2025-07-14 12:46:01,513 - property_scraper - INFO - Simulating entering Document Number: 9
2025-07-14 12:46:01,513 - property_scraper - INFO - Simulating captcha solving...
2025-07-14 12:46:02,515 - property_scraper - INFO - Captcha solved: 59S381
2025-07-14 12:46:02,515 - property_scraper - INFO - Simulating clicking Search button...
2025-07-14 12:46:03,016 - property_scraper - INFO - Selecting 'All' entries per page from dropdown...
2025-07-14 12:46:03,516 - property_scraper - INFO - Page refreshed with All entries per page
2025-07-14 12:46:04,317 - property_scraper - INFO - Found 3 entries with 'List No. 2' buttons in the search results table
2025-07-14 12:46:04,317 - property_scraper - INFO - Clicking on 'List No. 2' button for entry #1...
2025-07-14 12:46:05,118 - property_scraper - INFO - PDF opened in new tab: Doc Reg. No. AND3-7591-2024
2025-07-14 12:46:05,118 - property_scraper - INFO - Downloading PDF from new tab...
2025-07-14 12:46:06,119 - property_scraper - INFO - Downloaded PDF: 7591-2024-IndexII_copy.pdf
2025-07-14 12:46:06,119 - property_scraper - INFO - Clicking on 'List No. 2' button for entry #2...
2025-07-14 12:46:06,920 - property_scraper - INFO - PDF opened in new tab: Doc Reg. No. NGP3-3739-2024
2025-07-14 12:46:06,921 - property_scraper - INFO - Downloading PDF from new tab...
2025-07-14 12:46:07,923 - property_scraper - INFO - Downloaded PDF: 3739-2024-IndexII_copy.pdf
2025-07-14 12:46:07,923 - property_scraper - INFO - Clicking on 'List No. 2' button for entry #3...
2025-07-14 12:46:08,723 - property_scraper - INFO - PDF opened in new tab: Doc Reg. No. NGP8-5120-2024
2025-07-14 12:46:08,723 - property_scraper - INFO - Downloading PDF from new tab...
2025-07-14 12:46:09,725 - property_scraper - INFO - Downloaded PDF: 5120-2024-IndexII_copy.pdf
2025-07-14 12:46:09,725 - property_scraper - INFO - Successfully downloaded 3 PDFs from 'List No. 2' buttons
2025-07-14 12:46:09,726 - property_scraper - INFO - Successfully processed combination: 2024_Pune_Pune City_Kothrud_9
2025-07-14 12:46:09,726 - property_scraper - INFO - Daily requests: 2/5
2025-07-14 12:46:09,726 - property_scraper - INFO - Waiting 5.94 seconds before next request...
2025-07-14 12:46:15,671 - property_scraper - INFO - Automatically selecting values from dropdowns...
2025-07-14 12:46:15,671 - property_scraper - INFO - Fetching options for dropdown 'year'...
2025-07-14 12:46:15,973 - property_scraper - INFO - Selected Year: 2025
2025-07-14 12:46:15,973 - property_scraper - INFO - Fetching options for dropdown 'district'...
2025-07-14 12:46:16,274 - property_scraper - INFO - Selected District: Mumbai
2025-07-14 12:46:16,274 - property_scraper - INFO - Fetching options for dropdown 'taluka'...
2025-07-14 12:46:16,575 - property_scraper - INFO - Selected Taluka: Mumbai Suburban
2025-07-14 12:46:16,575 - property_scraper - INFO - Fetching options for dropdown 'village'...
2025-07-14 12:46:16,877 - property_scraper - INFO - Selected Village: Andheri
2025-07-14 12:46:16,878 - property_scraper - INFO - Selected Document Number: 7
2025-07-14 12:46:16,879 - property_scraper - INFO - Processing combination: 2025_Mumbai_Mumbai Suburban_Andheri_7
2025-07-14 12:46:16,882 - property_scraper - INFO - Processing in DEMO MODE: Year=2025, District=Mumbai, Taluka=Mumbai Suburban, Village=Andheri, Doc#=7
2025-07-14 12:46:16,882 - property_scraper - INFO - Simulating navigation to https://pay2igr.igrmaharashtra.gov.in/eDisplay/Propertydetails/index
2025-07-14 12:46:17,389 - property_scraper - INFO - Simulating selecting Year: 2025
2025-07-14 12:46:17,391 - property_scraper - INFO - Simulating selecting District: Mumbai
2025-07-14 12:46:17,406 - property_scraper - INFO - Simulating selecting Taluka: Mumbai Suburban
2025-07-14 12:46:17,410 - property_scraper - INFO - Simulating selecting Village: Andheri
2025-07-14 12:46:17,424 - property_scraper - INFO - Simulating entering Document Number: 7
2025-07-14 12:46:17,446 - property_scraper - INFO - Simulating captcha solving...
2025-07-14 12:46:18,451 - property_scraper - INFO - Captcha solved: WI4J4K
2025-07-14 12:46:18,451 - property_scraper - INFO - Simulating clicking Search button...
2025-07-14 12:46:18,952 - property_scraper - INFO - Selecting 'All' entries per page from dropdown...
2025-07-14 12:46:19,453 - property_scraper - INFO - Page refreshed with All entries per page
2025-07-14 12:46:20,253 - property_scraper - INFO - Found 2 entries with 'List No. 2' buttons in the search results table
2025-07-14 12:46:20,253 - property_scraper - INFO - Clicking on 'List No. 2' button for entry #1...
2025-07-14 12:46:21,054 - property_scraper - WARNING - Failed to open PDF for entry #1 in new tab. The link may be broken.
2025-07-14 12:46:21,054 - property_scraper - INFO - Clicking on 'List No. 2' button for entry #2...
2025-07-14 12:46:21,855 - property_scraper - INFO - PDF opened in new tab: Doc Reg. No. PUN6-1007-2025
2025-07-14 12:46:21,855 - property_scraper - INFO - Downloading PDF from new tab...
2025-07-14 12:46:22,857 - property_scraper - INFO - Downloaded PDF: 1007-2025-IndexII_copy.pdf
2025-07-14 12:46:22,858 - property_scraper - INFO - Successfully downloaded 1 PDFs from 'List No. 2' buttons
2025-07-14 12:46:22,858 - property_scraper - INFO - Successfully processed combination: 2025_Mumbai_Mumbai Suburban_Andheri_7
2025-07-14 12:46:22,859 - property_scraper - INFO - Daily requests: 3/5
2025-07-14 12:46:22,859 - property_scraper - INFO - Waiting 5.14 seconds before next request...
2025-07-14 12:46:28,000 - property_scraper - INFO - Automatically selecting values from dropdowns...
2025-07-14 12:46:28,000 - property_scraper - INFO - Fetching options for dropdown 'year'...
2025-07-14 12:46:28,301 - property_scraper - INFO - Selected Year: 2025
2025-07-14 12:46:28,301 - property_scraper - INFO - Fetching options for dropdown 'district'...
2025-07-14 12:46:28,632 - property_scraper - INFO - Selected District: Nagpur
2025-07-14 12:46:28,652 - property_scraper - INFO - Fetching options for dropdown 'taluka'...
2025-07-14 12:46:28,955 - property_scraper - INFO - Selected Taluka: Nagpur Rural
2025-07-14 12:46:28,955 - property_scraper - INFO - Fetching options for dropdown 'village'...
2025-07-14 12:46:29,256 - property_scraper - INFO - Selected Village: Hingna
2025-07-14 12:46:29,256 - property_scraper - INFO - Selected Document Number: 9
2025-07-14 12:46:29,256 - property_scraper - INFO - Processing combination: 2025_Nagpur_Nagpur Rural_Hingna_9
2025-07-14 12:46:29,257 - property_scraper - INFO - Processing in DEMO MODE: Year=2025, District=Nagpur, Taluka=Nagpur Rural, Village=Hingna, Doc#=9
2025-07-14 12:46:29,258 - property_scraper - INFO - Simulating navigation to https://pay2igr.igrmaharashtra.gov.in/eDisplay/Propertydetails/index
2025-07-14 12:46:29,760 - property_scraper - INFO - Simulating selecting Year: 2025
2025-07-14 12:46:29,760 - property_scraper - INFO - Simulating selecting District: Nagpur
2025-07-14 12:46:29,760 - property_scraper - INFO - Simulating selecting Taluka: Nagpur Rural
2025-07-14 12:46:29,760 - property_scraper - INFO - Simulating selecting Village: Hingna
2025-07-14 12:46:29,760 - property_scraper - INFO - Simulating entering Document Number: 9
2025-07-14 12:46:29,761 - property_scraper - INFO - Simulating captcha solving...
2025-07-14 12:46:30,762 - property_scraper - INFO - Captcha solved: 12X0IZ
2025-07-14 12:46:30,762 - property_scraper - INFO - Simulating clicking Search button...
2025-07-14 12:46:31,263 - property_scraper - INFO - Selecting 'All' entries per page from dropdown...
2025-07-14 12:46:31,764 - property_scraper - INFO - Page refreshed with All entries per page
2025-07-14 12:46:32,564 - property_scraper - INFO - Found 5 entries with 'List No. 2' buttons in the search results table
2025-07-14 12:46:32,564 - property_scraper - INFO - Clicking on 'List No. 2' button for entry #1...
2025-07-14 12:46:33,365 - property_scraper - INFO - PDF opened in new tab: Doc Reg. No. THN2-5716-2025
2025-07-14 12:46:33,365 - property_scraper - INFO - Downloading PDF from new tab...
2025-07-14 12:46:34,366 - property_scraper - INFO - Downloaded PDF: 5716-2025-IndexII_copy.pdf
2025-07-14 12:46:34,367 - property_scraper - INFO - Clicking on 'List No. 2' button for entry #2...
2025-07-14 12:46:35,168 - property_scraper - INFO - PDF opened in new tab: Doc Reg. No. BRL5-8253-2025
2025-07-14 12:46:35,168 - property_scraper - INFO - Downloading PDF from new tab...
2025-07-14 12:46:36,170 - property_scraper - INFO - Downloaded PDF: 8253-2025-IndexII_copy.pdf
2025-07-14 12:46:36,170 - property_scraper - INFO - Clicking on 'List No. 2' button for entry #3...
2025-07-14 12:46:36,972 - property_scraper - INFO - PDF opened in new tab: Doc Reg. No. BRL5-5209-2025
2025-07-14 12:46:36,972 - property_scraper - INFO - Downloading PDF from new tab...
2025-07-14 12:46:37,974 - property_scraper - INFO - Downloaded PDF: 5209-2025-IndexII_copy.pdf
2025-07-14 12:46:37,974 - property_scraper - INFO - Clicking on 'List No. 2' button for entry #4...
2025-07-14 12:46:38,775 - property_scraper - INFO - PDF opened in new tab: Doc Reg. No. PUN9-8585-2025
2025-07-14 12:46:38,775 - property_scraper - INFO - Downloading PDF from new tab...
2025-07-14 12:46:39,777 - property_scraper - INFO - Downloaded PDF: 8585-2025-IndexII_copy.pdf
2025-07-14 12:46:39,777 - property_scraper - INFO - Clicking on 'List No. 2' button for entry #5...
2025-07-14 12:46:40,578 - property_scraper - INFO - PDF opened in new tab: Doc Reg. No. AND7-4819-2025
2025-07-14 12:46:40,578 - property_scraper - INFO - Downloading PDF from new tab...
2025-07-14 12:46:41,580 - property_scraper - INFO - Downloaded PDF: 4819-2025-IndexII_copy.pdf
2025-07-14 12:46:41,580 - property_scraper - INFO - Successfully downloaded 5 PDFs from 'List No. 2' buttons
2025-07-14 12:46:41,581 - property_scraper - INFO - Successfully processed combination: 2025_Nagpur_Nagpur Rural_Hingna_9
2025-07-14 12:46:41,582 - property_scraper - INFO - Daily requests: 4/5
2025-07-14 12:46:41,582 - property_scraper - INFO - Waiting 5.33 seconds before next request...
2025-07-14 12:46:46,918 - property_scraper - INFO - Automatically selecting values from dropdowns...
2025-07-14 12:46:46,918 - property_scraper - INFO - Fetching options for dropdown 'year'...
2025-07-14 12:46:47,265 - property_scraper - INFO - Selected Year: 2022
2025-07-14 12:46:47,298 - property_scraper - INFO - Fetching options for dropdown 'district'...
2025-07-14 12:46:47,681 - property_scraper - INFO - Selected District: Pune
2025-07-14 12:46:47,761 - property_scraper - INFO - Fetching options for dropdown 'taluka'...
2025-07-14 12:46:48,089 - property_scraper - INFO - Selected Taluka: Haveli
2025-07-14 12:46:48,089 - property_scraper - INFO - Fetching options for dropdown 'village'...
2025-07-14 12:46:48,390 - property_scraper - INFO - Selected Village: Wagholi
2025-07-14 12:46:48,390 - property_scraper - INFO - Selected Document Number: 1
2025-07-14 12:46:48,390 - property_scraper - INFO - Processing combination: 2022_Pune_Haveli_Wagholi_1
2025-07-14 12:46:48,391 - property_scraper - INFO - Processing in DEMO MODE: Year=2022, District=Pune, Taluka=Haveli, Village=Wagholi, Doc#=1
2025-07-14 12:46:48,391 - property_scraper - INFO - Simulating navigation to https://pay2igr.igrmaharashtra.gov.in/eDisplay/Propertydetails/index
2025-07-14 12:46:48,892 - property_scraper - INFO - Simulating selecting Year: 2022
2025-07-14 12:46:48,892 - property_scraper - INFO - Simulating selecting District: Pune
2025-07-14 12:46:48,892 - property_scraper - INFO - Simulating selecting Taluka: Haveli
2025-07-14 12:46:48,892 - property_scraper - INFO - Simulating selecting Village: Wagholi
2025-07-14 12:46:48,893 - property_scraper - INFO - Simulating entering Document Number: 1
2025-07-14 12:46:48,893 - property_scraper - INFO - Simulating captcha solving...
2025-07-14 12:46:49,894 - property_scraper - INFO - Captcha solved: L8WY4R
2025-07-14 12:46:49,894 - property_scraper - INFO - Simulating clicking Search button...
2025-07-14 12:46:50,396 - property_scraper - INFO - Selecting 'All' entries per page from dropdown...
2025-07-14 12:46:50,898 - property_scraper - INFO - Page refreshed with All entries per page
2025-07-14 12:46:51,699 - property_scraper - INFO - Found 4 entries with 'List No. 2' buttons in the search results table
2025-07-14 12:46:51,699 - property_scraper - INFO - Clicking on 'List No. 2' button for entry #1...
2025-07-14 12:46:52,500 - property_scraper - WARNING - Failed to open PDF for entry #1 in new tab. The link may be broken.
2025-07-14 12:46:52,500 - property_scraper - INFO - Clicking on 'List No. 2' button for entry #2...
2025-07-14 12:46:53,305 - property_scraper - INFO - PDF opened in new tab: Doc Reg. No. NGP9-3762-2022
2025-07-14 12:46:53,305 - property_scraper - INFO - Downloading PDF from new tab...
2025-07-14 12:46:54,307 - property_scraper - INFO - Downloaded PDF: 3762-2022-IndexII_copy.pdf
2025-07-14 12:46:54,307 - property_scraper - INFO - Clicking on 'List No. 2' button for entry #3...
2025-07-14 12:46:55,108 - property_scraper - WARNING - Failed to open PDF for entry #3 in new tab. The link may be broken.
2025-07-14 12:46:55,108 - property_scraper - INFO - Clicking on 'List No. 2' button for entry #4...
2025-07-14 12:46:55,910 - property_scraper - INFO - PDF opened in new tab: Doc Reg. No. PUN9-5731-2022
2025-07-14 12:46:55,910 - property_scraper - INFO - Downloading PDF from new tab...
2025-07-14 12:46:56,911 - property_scraper - INFO - Downloaded PDF: 5731-2022-IndexII_copy.pdf
2025-07-14 12:46:56,912 - property_scraper - INFO - Successfully downloaded 2 PDFs from 'List No. 2' buttons
2025-07-14 12:46:56,912 - property_scraper - INFO - Successfully processed combination: 2022_Pune_Haveli_Wagholi_1
2025-07-14 12:46:56,913 - property_scraper - INFO - Daily requests: 5/5
2025-07-14 12:46:56,913 - property_scraper - INFO - Waiting 5.10 seconds before next request...
2025-07-14 12:47:02,019 - property_scraper - INFO - Demo scraper completed.
