2025-07-14 12:11:27,211 - property_scraper - INFO - Starting property scraper...
2025-07-14 12:11:27,211 - property_scraper - INFO - Using DEMO MODE for reliable operation.
2025-07-14 12:11:27,211 - property_scraper - INFO - Starting property scraper in DEMO MODE...
2025-07-14 12:11:27,212 - property_scraper - INFO - Skipping taluka Mumbai City as it's already processed.
2025-07-14 12:11:27,212 - property_scraper - INFO - Skipping village Andheri as it's already processed.
2025-07-14 12:11:27,212 - property_scraper - INFO - Skipping doc number 0 as it's already processed.
2025-07-14 12:11:27,212 - property_scraper - INFO - Processing combination: 2025_Mumbai_Mumbai Suburban_Bandra_1
2025-07-14 12:11:27,213 - property_scraper - INFO - Processing in DEMO MODE: Year=2025, District=Mumbai, Taluka=Mumbai Suburban, Village=Bandra, Doc#=1
2025-07-14 12:11:27,213 - property_scraper - INFO - Simulating navigation to https://pay2igr.igrmaharashtra.gov.in/eDisplay/Propertydetails/index
2025-07-14 12:11:27,715 - property_scraper - INFO - Simulating selecting Year: 2025
2025-07-14 12:11:27,715 - property_scraper - INFO - Simulating selecting District: Mumbai
2025-07-14 12:11:27,715 - property_scraper - INFO - Simulating selecting Taluka: Mumbai Suburban
2025-07-14 12:11:27,715 - property_scraper - INFO - Simulating selecting Village: Bandra
2025-07-14 12:11:27,716 - property_scraper - INFO - Simulating entering Document Number: 1
2025-07-14 12:11:27,716 - property_scraper - INFO - Simulating captcha solving...
2025-07-14 12:11:28,717 - property_scraper - INFO - Captcha solved: JM7XLJ
2025-07-14 12:11:28,717 - property_scraper - INFO - Simulating clicking Search button...
2025-07-14 12:11:29,227 - property_scraper - INFO - Found 3 entries with 'List No. 2' buttons in the search results table
2025-07-14 12:11:29,228 - property_scraper - INFO - Clicking on 'List No. 2' button for entry #1...
2025-07-14 12:11:30,029 - property_scraper - INFO - PDF opened in new tab: Doc Reg. No. BRL6-8096-2025
2025-07-14 12:11:30,030 - property_scraper - INFO - Downloading PDF from new tab...
