2025-07-21 16:40:11,695 - property_scraper - INFO - Instance ID: local_4ad5633f
2025-07-21 16:40:11,695 - property_scraper - INFO - Tesseract path set to: C:\Program Files\Tesseract-OCR\tesseract.exe
2025-07-21 16:40:11,696 - property_scraper - INFO - Running in normal mode
2025-07-21 16:40:11,696 - property_scraper - INFO - Starting property scraper...
2025-07-21 16:40:11,696 - property_scraper - INFO - Instance ID: local_4ad5633f
2025-07-21 16:40:11,696 - property_scraper - INFO - Setting up Chrome WebDriver...
2025-07-21 16:40:11,897 - property_scraper - INFO - Using user agent: Mozilla/5.0 (Windows NT 10.0; Win64; x64) AppleWebKit/537.36 (KHTML, like Gecko) Chrome/92.0.4515.107 Safari/537.36 Edg/92.0.902.55
2025-07-21 16:40:11,900 - property_scraper - INFO - Creating Chrome driver using undetected_chromedriver with enhanced settings
2025-07-21 16:40:11,915 - uc - WARNING - could not detect version_main.therefore, we are assuming it is chrome 108 or higher
2025-07-21 16:40:12,706 - uc - INFO - setting properties for headless
2025-07-21 16:40:12,809 - property_scraper - INFO - Chrome WebDriver set up successfully
2025-07-21 16:40:12,811 - property_scraper - INFO - Navigating to https://pay2igr.igrmaharashtra.gov.in/eDisplay/Propertydetails/index
2025-07-21 16:40:19,423 - property_scraper - INFO - Saved initial page screenshot to captcha_debug/initial_page_1753096219.png
2025-07-21 16:40:20,640 - property_scraper - INFO - Looking for available tasks...
2025-07-21 16:40:20,640 - property_scraper - INFO - No current task to continue. Need to get dropdown options from website.
2025-07-21 16:40:20,641 - property_scraper - INFO - No available tasks found. Getting dropdown options from website...
2025-07-21 16:40:20,771 - property_scraper - INFO - Saved screenshot before dropdown interactions: dropdown_debug/before_dropdowns_1753096220.png
2025-07-21 16:40:32,130 - property_scraper - INFO - Selected Year: 1989
2025-07-21 16:40:35,518 - property_scraper - INFO - Saved screenshot after year selection: dropdown_debug/after_year_1753096235.png
2025-07-21 16:40:46,986 - property_scraper - INFO - Selected District: मुंबई
2025-07-21 16:40:50,294 - property_scraper - INFO - Saved screenshot after district selection: dropdown_debug/after_district_1753096250.png
2025-07-21 16:41:00,922 - property_scraper - INFO - Selected Taluka: Mumbai
2025-07-21 16:41:04,190 - property_scraper - INFO - Saved screenshot after taluka selection: dropdown_debug/after_taluka_1753096264.png
2025-07-21 16:41:17,579 - property_scraper - INFO - Selected Village: तिरंदाज
2025-07-21 16:41:20,883 - property_scraper - INFO - Saved screenshot after village selection: dropdown_debug/after_village_1753096280.png
2025-07-21 16:41:20,884 - property_scraper - INFO - Processing combination: 1989_मुंबई_Mumbai_तिरंदाज_1
2025-07-21 16:41:20,884 - property_scraper - INFO - Processing: Year=1989, District=मुंबई, Taluka=Mumbai, Village=तिरंदाज, Doc#=1
2025-07-21 16:41:20,885 - property_scraper - INFO - Selecting '1989' from dropdown 'year'
2025-07-21 16:41:21,187 - property_scraper - INFO - Saved screenshot before dropdown interaction: dropdown_debug/before_year_1753096280.png
2025-07-21 16:41:42,204 - property_scraper - ERROR - Error selecting option '1989' from dropdown 'year': Message: 
Stacktrace:
	GetHandleVerifier [0x0x4244a3+62419]
	GetHandleVerifier [0x0x4244e4+62484]
	(No symbol) [0x0x262133]
	(No symbol) [0x0x2aa8fe]
	(No symbol) [0x0x2aac9b]
	(No symbol) [0x0x2f3052]
	(No symbol) [0x0x2cf4b4]
	(No symbol) [0x0x2f087a]
	(No symbol) [0x0x2cf266]
	(No symbol) [0x0x29e852]
	(No symbol) [0x0x29f6f4]
	GetHandleVerifier [0x0x694793+2619075]
	GetHandleVerifier [0x0x68fbaa+2599642]
	GetHandleVerifier [0x0x44b04a+221050]
	GetHandleVerifier [0x0x43b2c8+156152]
	GetHandleVerifier [0x0x441c7d+183213]
	GetHandleVerifier [0x0x42c388+94904]
	GetHandleVerifier [0x0x42c512+95298]
	GetHandleVerifier [0x0x41766a+9626]
	BaseThreadInitThunk [0x0x768ffcc9+25]
	RtlGetAppContainerNamedObjectPath [0x0x771582ae+286]
	RtlGetAppContainerNamedObjectPath [0x0x7715827e+238]

2025-07-21 16:41:42,204 - property_scraper - INFO - Selecting 'मुंबई' from dropdown 'district'
2025-07-21 16:41:42,362 - property_scraper - INFO - Saved screenshot before dropdown interaction: dropdown_debug/before_district_1753096302.png
2025-07-21 16:42:03,472 - property_scraper - ERROR - Error selecting option 'मुंबई' from dropdown 'district': Message: 
Stacktrace:
	GetHandleVerifier [0x0x4244a3+62419]
	GetHandleVerifier [0x0x4244e4+62484]
	(No symbol) [0x0x262133]
	(No symbol) [0x0x2aa8fe]
	(No symbol) [0x0x2aac9b]
	(No symbol) [0x0x2f3052]
	(No symbol) [0x0x2cf4b4]
	(No symbol) [0x0x2f087a]
	(No symbol) [0x0x2cf266]
	(No symbol) [0x0x29e852]
	(No symbol) [0x0x29f6f4]
	GetHandleVerifier [0x0x694793+2619075]
	GetHandleVerifier [0x0x68fbaa+2599642]
	GetHandleVerifier [0x0x44b04a+221050]
	GetHandleVerifier [0x0x43b2c8+156152]
	GetHandleVerifier [0x0x441c7d+183213]
	GetHandleVerifier [0x0x42c388+94904]
	GetHandleVerifier [0x0x42c512+95298]
	GetHandleVerifier [0x0x41766a+9626]
	BaseThreadInitThunk [0x0x768ffcc9+25]
	RtlGetAppContainerNamedObjectPath [0x0x771582ae+286]
	RtlGetAppContainerNamedObjectPath [0x0x7715827e+238]

2025-07-21 16:42:03,472 - property_scraper - INFO - Selecting 'Mumbai' from dropdown 'taluka'
2025-07-21 16:42:03,601 - property_scraper - INFO - Saved screenshot before dropdown interaction: dropdown_debug/before_taluka_1753096323.png
2025-07-21 16:42:24,646 - property_scraper - ERROR - Error selecting option 'Mumbai' from dropdown 'taluka': Message: 
Stacktrace:
	GetHandleVerifier [0x0x4244a3+62419]
	GetHandleVerifier [0x0x4244e4+62484]
	(No symbol) [0x0x262133]
	(No symbol) [0x0x2aa8fe]
	(No symbol) [0x0x2aac9b]
	(No symbol) [0x0x2f3052]
	(No symbol) [0x0x2cf4b4]
	(No symbol) [0x0x2f087a]
	(No symbol) [0x0x2cf266]
	(No symbol) [0x0x29e852]
	(No symbol) [0x0x29f6f4]
	GetHandleVerifier [0x0x694793+2619075]
	GetHandleVerifier [0x0x68fbaa+2599642]
	GetHandleVerifier [0x0x44b04a+221050]
	GetHandleVerifier [0x0x43b2c8+156152]
	GetHandleVerifier [0x0x441c7d+183213]
	GetHandleVerifier [0x0x42c388+94904]
	GetHandleVerifier [0x0x42c512+95298]
	GetHandleVerifier [0x0x41766a+9626]
	BaseThreadInitThunk [0x0x768ffcc9+25]
	RtlGetAppContainerNamedObjectPath [0x0x771582ae+286]
	RtlGetAppContainerNamedObjectPath [0x0x7715827e+238]

2025-07-21 16:42:24,646 - property_scraper - INFO - Selecting 'तिरंदाज' from dropdown 'village'
2025-07-21 16:42:24,782 - property_scraper - INFO - Saved screenshot before dropdown interaction: dropdown_debug/before_village_1753096344.png
2025-07-21 16:42:45,869 - property_scraper - ERROR - Error selecting option 'तिरंदाज' from dropdown 'village': Message: 
Stacktrace:
	GetHandleVerifier [0x0x4244a3+62419]
	GetHandleVerifier [0x0x4244e4+62484]
	(No symbol) [0x0x262133]
	(No symbol) [0x0x2aa8fe]
	(No symbol) [0x0x2aac9b]
	(No symbol) [0x0x2f3052]
	(No symbol) [0x0x2cf4b4]
	(No symbol) [0x0x2f087a]
	(No symbol) [0x0x2cf266]
	(No symbol) [0x0x29e852]
	(No symbol) [0x0x29f6f4]
	GetHandleVerifier [0x0x694793+2619075]
	GetHandleVerifier [0x0x68fbaa+2599642]
	GetHandleVerifier [0x0x44b04a+221050]
	GetHandleVerifier [0x0x43b2c8+156152]
	GetHandleVerifier [0x0x441c7d+183213]
	GetHandleVerifier [0x0x42c388+94904]
	GetHandleVerifier [0x0x42c512+95298]
	GetHandleVerifier [0x0x41766a+9626]
	BaseThreadInitThunk [0x0x768ffcc9+25]
	RtlGetAppContainerNamedObjectPath [0x0x771582ae+286]
	RtlGetAppContainerNamedObjectPath [0x0x7715827e+238]

2025-07-21 16:43:07,081 - property_scraper - INFO - Entered document number: 1
2025-07-21 16:43:07,081 - property_scraper - INFO - Looking for captcha...
2025-07-21 16:43:09,192 - property_scraper - INFO - Found district screenshot: dropdown_debug\after_district_1753096250.png
2025-07-21 16:43:09,192 - property_scraper - INFO - Using existing district screenshot for captcha extraction: dropdown_debug\after_district_1753096250.png
2025-07-21 16:43:09,192 - property_scraper - INFO - Extracting captcha from screenshot: dropdown_debug\after_district_1753096250.png
2025-07-21 16:43:09,212 - property_scraper - INFO - Image opened successfully: PNG, (782, 495), RGB
2025-07-21 16:43:09,217 - property_scraper - INFO - Saved captcha image to: captcha_extracts\captcha_after_district_1753096250.png
2025-07-21 16:43:11,078 - property_scraper - WARNING - OCR returned empty text
2025-07-21 16:43:11,079 - property_scraper - WARNING - Failed to extract captcha text from district screenshot
2025-07-21 16:43:11,079 - property_scraper - INFO - Using random captcha text as fallback: J5NM2J
2025-07-21 16:43:12,182 - property_scraper - INFO - Cleared captcha input field
2025-07-21 16:43:13,552 - property_scraper - INFO - Entered captcha text: J5NM2J
2025-07-21 16:43:15,626 - property_scraper - INFO - Clicked search button
2025-07-21 16:43:17,063 - property_scraper - INFO - Selecting 'All' entries per page from dropdown...
