2025-07-14 13:31:16,084 - property_scraper - INFO - Starting property scraper with automated dropdown selection...
2025-07-14 13:31:16,084 - property_scraper - INFO - Setting up Chrome WebDriver...
2025-07-14 13:31:16,084 - property_scraper - INFO - Using user agent: Mozilla/5.0 (Windows NT 10.0; Win64; x64) AppleWebKit/537.36 (KHTML, like Gecko) Chrome/92.0.4515.107 Safari/537.36 Edg/92.0.902.55
2025-07-14 13:31:16,115 - property_scraper - INFO - Trying to use webdriver_manager to get the correct ChromeDriver
2025-07-14 13:31:16,115 - WDM - INFO - ====== WebDriver manager ======
2025-07-14 13:31:16,511 - WDM - INFO - There is no [win32] chromedriver "latest" for browser google-chrome "138.0.7204" in cache
2025-07-14 13:31:16,511 - WDM - INFO - Get LATEST chromedriver version for google-chrome
2025-07-14 13:31:17,338 - property_scraper - WARNING - Could not use webdriver_manager: There is no such driver by url https://chromedriver.storage.googleapis.com/LATEST_RELEASE_138.0.7204
2025-07-14 13:31:17,471 - property_scraper - INFO - Trying to use undetected_chromedriver
2025-07-14 13:31:18,054 - property_scraper - INFO - Successfully created Chrome driver using undetected_chromedriver
2025-07-14 13:31:18,109 - property_scraper - INFO - Chrome WebDriver set up successfully
2025-07-14 13:31:20,359 - property_scraper - INFO - Looking for captcha...
2025-07-14 13:31:20,386 - property_scraper - INFO - Downloading captcha image with SSL verification...
2025-07-14 13:31:20,935 - property_scraper - WARNING - Error downloading captcha with SSL verification: HTTPSConnectionPool(host='pay2igr.igrmaharashtra.gov.in', port=443): Max retries exceeded with url: /eDisplay/captcha-image (Caused by SSLError(SSLCertVerificationError(1, '[SSL: CERTIFICATE_VERIFY_FAILED] certificate verify failed: unable to get local issuer certificate (_ssl.c:1000)')))
2025-07-14 13:31:20,935 - property_scraper - WARNING - Trying to download captcha image with SSL verification disabled...
2025-07-14 13:31:20,936 - property_scraper - WARNING - WARNING: SSL certificate verification is disabled. This is insecure!
2025-07-14 13:31:21,324 - captcha_solver - INFO - Attempting to solve captcha with OCR...
2025-07-14 13:31:21,361 - captcha_solver - ERROR - Error solving captcha with OCR: tesseract is not installed or it's not in your PATH. See README file for more information.
2025-07-14 13:31:21,362 - captcha_solver - WARNING - OCR failed to solve captcha or result too short.
2025-07-14 13:31:21,362 - captcha_solver - INFO - Solving captcha manually...
2025-07-14 13:31:45,510 - captcha_solver - INFO - Manual captcha solution: pEHaRt
2025-07-14 13:31:45,520 - property_scraper - INFO - Successfully downloaded captcha image with SSL verification disabled
2025-07-14 13:31:45,521 - property_scraper - INFO - Captcha solved: pEHaRt
2025-07-14 13:31:45,625 - property_scraper - INFO - Fetching options for dropdown 'year'...
2025-07-14 13:31:55,783 - property_scraper - ERROR - Error getting options for dropdown 'year': Message: 
Stacktrace:
	GetHandleVerifier [0x0x3e44a3+62419]
	GetHandleVerifier [0x0x3e44e4+62484]
	(No symbol) [0x0x222133]
	(No symbol) [0x0x26a8fe]
	(No symbol) [0x0x26ac9b]
	(No symbol) [0x0x2b3052]
	(No symbol) [0x0x28f4b4]
	(No symbol) [0x0x2b087a]
	(No symbol) [0x0x28f266]
	(No symbol) [0x0x25e852]
	(No symbol) [0x0x25f6f4]
	GetHandleVerifier [0x0x654793+2619075]
	GetHandleVerifier [0x0x64fbaa+2599642]
	GetHandleVerifier [0x0x40b04a+221050]
	GetHandleVerifier [0x0x3fb2c8+156152]
	GetHandleVerifier [0x0x401c7d+183213]
	GetHandleVerifier [0x0x3ec388+94904]
	GetHandleVerifier [0x0x3ec512+95298]
	GetHandleVerifier [0x0x3d766a+9626]
	BaseThreadInitThunk [0x0x76d1fcc9+25]
	RtlGetAppContainerNamedObjectPath [0x0x775882ae+286]
	RtlGetAppContainerNamedObjectPath [0x0x7758827e+238]

2025-07-14 13:31:55,784 - property_scraper - WARNING - Falling back to demo mode options for 'year'
2025-07-14 13:31:55,784 - property_scraper - INFO - Selecting '2023' from dropdown 'year'
2025-07-14 13:32:05,956 - property_scraper - ERROR - Error selecting option '2023' from dropdown 'year': Message: 
Stacktrace:
	GetHandleVerifier [0x0x3e44a3+62419]
	GetHandleVerifier [0x0x3e44e4+62484]
	(No symbol) [0x0x222133]
	(No symbol) [0x0x26a8fe]
	(No symbol) [0x0x26ac9b]
	(No symbol) [0x0x2b3052]
	(No symbol) [0x0x28f4b4]
	(No symbol) [0x0x2b087a]
	(No symbol) [0x0x28f266]
	(No symbol) [0x0x25e852]
	(No symbol) [0x0x25f6f4]
	GetHandleVerifier [0x0x654793+2619075]
	GetHandleVerifier [0x0x64fbaa+2599642]
	GetHandleVerifier [0x0x40b04a+221050]
	GetHandleVerifier [0x0x3fb2c8+156152]
	GetHandleVerifier [0x0x401c7d+183213]
	GetHandleVerifier [0x0x3ec388+94904]
	GetHandleVerifier [0x0x3ec512+95298]
	GetHandleVerifier [0x0x3d766a+9626]
	BaseThreadInitThunk [0x0x76d1fcc9+25]
	RtlGetAppContainerNamedObjectPath [0x0x775882ae+286]
	RtlGetAppContainerNamedObjectPath [0x0x7758827e+238]

2025-07-14 13:32:05,957 - property_scraper - INFO - Fetching options for dropdown 'district'...
2025-07-14 13:32:16,115 - property_scraper - ERROR - Error getting options for dropdown 'district': Message: 
Stacktrace:
	GetHandleVerifier [0x0x3e44a3+62419]
	GetHandleVerifier [0x0x3e44e4+62484]
	(No symbol) [0x0x222133]
	(No symbol) [0x0x26a8fe]
	(No symbol) [0x0x26ac9b]
	(No symbol) [0x0x2b3052]
	(No symbol) [0x0x28f4b4]
	(No symbol) [0x0x2b087a]
	(No symbol) [0x0x28f266]
	(No symbol) [0x0x25e852]
	(No symbol) [0x0x25f6f4]
	GetHandleVerifier [0x0x654793+2619075]
	GetHandleVerifier [0x0x64fbaa+2599642]
	GetHandleVerifier [0x0x40b04a+221050]
	GetHandleVerifier [0x0x3fb2c8+156152]
	GetHandleVerifier [0x0x401c7d+183213]
	GetHandleVerifier [0x0x3ec388+94904]
	GetHandleVerifier [0x0x3ec512+95298]
	GetHandleVerifier [0x0x3d766a+9626]
	BaseThreadInitThunk [0x0x76d1fcc9+25]
	RtlGetAppContainerNamedObjectPath [0x0x775882ae+286]
	RtlGetAppContainerNamedObjectPath [0x0x7758827e+238]

2025-07-14 13:32:16,116 - property_scraper - WARNING - Falling back to demo mode options for 'district'
2025-07-14 13:32:16,116 - property_scraper - INFO - Selecting 'Mumbai' from dropdown 'district'
2025-07-14 13:32:26,266 - property_scraper - ERROR - Error selecting option 'Mumbai' from dropdown 'district': Message: 
Stacktrace:
	GetHandleVerifier [0x0x3e44a3+62419]
	GetHandleVerifier [0x0x3e44e4+62484]
	(No symbol) [0x0x222133]
	(No symbol) [0x0x26a8fe]
	(No symbol) [0x0x26ac9b]
	(No symbol) [0x0x2b3052]
	(No symbol) [0x0x28f4b4]
	(No symbol) [0x0x2b087a]
	(No symbol) [0x0x28f266]
	(No symbol) [0x0x25e852]
	(No symbol) [0x0x25f6f4]
	GetHandleVerifier [0x0x654793+2619075]
	GetHandleVerifier [0x0x64fbaa+2599642]
	GetHandleVerifier [0x0x40b04a+221050]
	GetHandleVerifier [0x0x3fb2c8+156152]
	GetHandleVerifier [0x0x401c7d+183213]
	GetHandleVerifier [0x0x3ec388+94904]
	GetHandleVerifier [0x0x3ec512+95298]
	GetHandleVerifier [0x0x3d766a+9626]
	BaseThreadInitThunk [0x0x76d1fcc9+25]
	RtlGetAppContainerNamedObjectPath [0x0x775882ae+286]
	RtlGetAppContainerNamedObjectPath [0x0x7758827e+238]

2025-07-14 13:32:26,267 - property_scraper - INFO - Fetching options for dropdown 'taluka'...
2025-07-14 13:32:36,430 - property_scraper - ERROR - Error getting options for dropdown 'taluka': Message: 
Stacktrace:
	GetHandleVerifier [0x0x3e44a3+62419]
	GetHandleVerifier [0x0x3e44e4+62484]
	(No symbol) [0x0x222133]
	(No symbol) [0x0x26a8fe]
	(No symbol) [0x0x26ac9b]
	(No symbol) [0x0x2b3052]
	(No symbol) [0x0x28f4b4]
	(No symbol) [0x0x2b087a]
	(No symbol) [0x0x28f266]
	(No symbol) [0x0x25e852]
	(No symbol) [0x0x25f6f4]
	GetHandleVerifier [0x0x654793+2619075]
	GetHandleVerifier [0x0x64fbaa+2599642]
	GetHandleVerifier [0x0x40b04a+221050]
	GetHandleVerifier [0x0x3fb2c8+156152]
	GetHandleVerifier [0x0x401c7d+183213]
	GetHandleVerifier [0x0x3ec388+94904]
	GetHandleVerifier [0x0x3ec512+95298]
	GetHandleVerifier [0x0x3d766a+9626]
	BaseThreadInitThunk [0x0x76d1fcc9+25]
	RtlGetAppContainerNamedObjectPath [0x0x775882ae+286]
	RtlGetAppContainerNamedObjectPath [0x0x7758827e+238]

2025-07-14 13:32:36,430 - property_scraper - WARNING - Falling back to demo mode options for 'taluka'
2025-07-14 13:32:36,432 - property_scraper - INFO - Selecting 'Nagpur Rural' from dropdown 'taluka'
2025-07-14 13:32:46,671 - property_scraper - ERROR - Error selecting option 'Nagpur Rural' from dropdown 'taluka': Message: 
Stacktrace:
	GetHandleVerifier [0x0x3e44a3+62419]
	GetHandleVerifier [0x0x3e44e4+62484]
	(No symbol) [0x0x222133]
	(No symbol) [0x0x26a8fe]
	(No symbol) [0x0x26ac9b]
	(No symbol) [0x0x2b3052]
	(No symbol) [0x0x28f4b4]
	(No symbol) [0x0x2b087a]
	(No symbol) [0x0x28f266]
	(No symbol) [0x0x25e852]
	(No symbol) [0x0x25f6f4]
	GetHandleVerifier [0x0x654793+2619075]
	GetHandleVerifier [0x0x64fbaa+2599642]
	GetHandleVerifier [0x0x40b04a+221050]
	GetHandleVerifier [0x0x3fb2c8+156152]
	GetHandleVerifier [0x0x401c7d+183213]
	GetHandleVerifier [0x0x3ec388+94904]
	GetHandleVerifier [0x0x3ec512+95298]
	GetHandleVerifier [0x0x3d766a+9626]
	BaseThreadInitThunk [0x0x76d1fcc9+25]
	RtlGetAppContainerNamedObjectPath [0x0x775882ae+286]
	RtlGetAppContainerNamedObjectPath [0x0x7758827e+238]

2025-07-14 13:32:46,672 - property_scraper - INFO - Fetching options for dropdown 'village'...
2025-07-14 13:32:53,149 - uc - INFO - ensuring close
