2025-07-22 10:19:36,939 - property_scraper - INFO - Instance ID: local_dcea6035
2025-07-22 10:19:36,939 - property_scraper - INFO - Tesseract path set to: C:\Program Files\Tesseract-OCR\tesseract.exe
2025-07-22 10:19:36,939 - property_scraper - INFO - Running property scraper
2025-07-22 10:19:36,939 - property_scraper - INFO - Starting property scraper...
2025-07-22 10:19:36,939 - property_scraper - INFO - Instance ID: local_dcea6035
2025-07-22 10:19:36,939 - property_scraper - INFO - Setting up Chrome WebDriver...
2025-07-22 10:19:37,091 - property_scraper - INFO - Using user agent: Mozilla/5.0 (Windows NT 10.0; Win64; x64) AppleWebKit/537.36 (KHTML, like Gecko) Chrome/91.0.4472.124 Safari/537.36
2025-07-22 10:19:37,185 - property_scraper - INFO - Creating Chrome driver using undetected_chromedriver with enhanced settings
2025-07-22 10:19:37,200 - uc - WARNING - could not detect version_main.therefore, we are assuming it is chrome 108 or higher
2025-07-22 10:19:37,819 - uc - INFO - setting properties for headless
2025-07-22 10:19:37,854 - property_scraper - INFO - Chrome WebDriver set up successfully
2025-07-22 10:19:37,857 - property_scraper - INFO - Navigating to https://pay2igr.igrmaharashtra.gov.in/eDisplay/Propertydetails/index
2025-07-22 10:19:44,495 - property_scraper - INFO - Saved initial page screenshot to captcha_debug/initial_page_1753159784.png
2025-07-22 10:19:45,404 - property_scraper - INFO - Looking for available tasks...
2025-07-22 10:19:45,404 - property_scraper - INFO - No current task to continue. Need to get dropdown options from website.
2025-07-22 10:19:45,404 - property_scraper - INFO - No available tasks found. Getting dropdown options from website...
2025-07-22 10:19:45,523 - property_scraper - INFO - Saved screenshot before dropdown interactions: dropdown_debug/before_dropdowns_1753159785.png
2025-07-22 10:19:56,678 - property_scraper - INFO - Selected Year: 1987
2025-07-22 10:20:00,024 - property_scraper - INFO - Saved screenshot after year selection: dropdown_debug/after_year_1753159799.png
2025-07-22 10:20:11,257 - property_scraper - INFO - Selected District: मुंबई
2025-07-22 10:20:14,530 - property_scraper - INFO - Saved screenshot after district selection: dropdown_debug/after_district_1753159814.png
2025-07-22 10:20:25,134 - property_scraper - INFO - Selected Taluka: Mumbai
2025-07-22 10:20:28,382 - property_scraper - INFO - Saved screenshot after taluka selection: dropdown_debug/after_taluka_1753159828.png
2025-07-22 10:20:41,276 - property_scraper - INFO - Selected Village: विलेपार्ले
2025-07-22 10:20:44,516 - property_scraper - INFO - Saved screenshot after village selection: dropdown_debug/after_village_1753159844.png
2025-07-22 10:20:44,517 - property_scraper - INFO - Processing combination: 1987_मुंबई_Mumbai_विलेपार्ले_3
2025-07-22 10:20:44,518 - property_scraper - INFO - Processing: Year=1987, District=मुंबई, Taluka=Mumbai, Village=विलेपार्ले, Doc#=3
2025-07-22 10:20:44,518 - property_scraper - INFO - Selecting '1987' from dropdown 'year'
2025-07-22 10:20:44,633 - property_scraper - INFO - Saved screenshot before dropdown interaction: dropdown_debug/before_year_1753159844.png
2025-07-22 10:21:05,719 - property_scraper - ERROR - Error selecting option '1987' from dropdown 'year': Message: 
Stacktrace:
	GetHandleVerifier [0x0x4244a3+62419]
	GetHandleVerifier [0x0x4244e4+62484]
	(No symbol) [0x0x262133]
	(No symbol) [0x0x2aa8fe]
	(No symbol) [0x0x2aac9b]
	(No symbol) [0x0x2f3052]
	(No symbol) [0x0x2cf4b4]
	(No symbol) [0x0x2f087a]
	(No symbol) [0x0x2cf266]
	(No symbol) [0x0x29e852]
	(No symbol) [0x0x29f6f4]
	GetHandleVerifier [0x0x694793+2619075]
	GetHandleVerifier [0x0x68fbaa+2599642]
	GetHandleVerifier [0x0x44b04a+221050]
	GetHandleVerifier [0x0x43b2c8+156152]
	GetHandleVerifier [0x0x441c7d+183213]
	GetHandleVerifier [0x0x42c388+94904]
	GetHandleVerifier [0x0x42c512+95298]
	GetHandleVerifier [0x0x41766a+9626]
	BaseThreadInitThunk [0x0x768ffcc9+25]
	RtlGetAppContainerNamedObjectPath [0x0x771582ae+286]
	RtlGetAppContainerNamedObjectPath [0x0x7715827e+238]

2025-07-22 10:21:05,719 - property_scraper - INFO - Selecting 'मुंबई' from dropdown 'district'
2025-07-22 10:21:05,857 - property_scraper - INFO - Saved screenshot before dropdown interaction: dropdown_debug/before_district_1753159865.png
2025-07-22 10:21:26,904 - property_scraper - ERROR - Error selecting option 'मुंबई' from dropdown 'district': Message: 
Stacktrace:
	GetHandleVerifier [0x0x4244a3+62419]
	GetHandleVerifier [0x0x4244e4+62484]
	(No symbol) [0x0x262133]
	(No symbol) [0x0x2aa8fe]
	(No symbol) [0x0x2aac9b]
	(No symbol) [0x0x2f3052]
	(No symbol) [0x0x2cf4b4]
	(No symbol) [0x0x2f087a]
	(No symbol) [0x0x2cf266]
	(No symbol) [0x0x29e852]
	(No symbol) [0x0x29f6f4]
	GetHandleVerifier [0x0x694793+2619075]
	GetHandleVerifier [0x0x68fbaa+2599642]
	GetHandleVerifier [0x0x44b04a+221050]
	GetHandleVerifier [0x0x43b2c8+156152]
	GetHandleVerifier [0x0x441c7d+183213]
	GetHandleVerifier [0x0x42c388+94904]
	GetHandleVerifier [0x0x42c512+95298]
	GetHandleVerifier [0x0x41766a+9626]
	BaseThreadInitThunk [0x0x768ffcc9+25]
	RtlGetAppContainerNamedObjectPath [0x0x771582ae+286]
	RtlGetAppContainerNamedObjectPath [0x0x7715827e+238]

2025-07-22 10:21:26,904 - property_scraper - INFO - Selecting 'Mumbai' from dropdown 'taluka'
2025-07-22 10:21:27,047 - property_scraper - INFO - Saved screenshot before dropdown interaction: dropdown_debug/before_taluka_1753159886.png
2025-07-22 10:21:48,111 - property_scraper - ERROR - Error selecting option 'Mumbai' from dropdown 'taluka': Message: 
Stacktrace:
	GetHandleVerifier [0x0x4244a3+62419]
	GetHandleVerifier [0x0x4244e4+62484]
	(No symbol) [0x0x262133]
	(No symbol) [0x0x2aa8fe]
	(No symbol) [0x0x2aac9b]
	(No symbol) [0x0x2f3052]
	(No symbol) [0x0x2cf4b4]
	(No symbol) [0x0x2f087a]
	(No symbol) [0x0x2cf266]
	(No symbol) [0x0x29e852]
	(No symbol) [0x0x29f6f4]
	GetHandleVerifier [0x0x694793+2619075]
	GetHandleVerifier [0x0x68fbaa+2599642]
	GetHandleVerifier [0x0x44b04a+221050]
	GetHandleVerifier [0x0x43b2c8+156152]
	GetHandleVerifier [0x0x441c7d+183213]
	GetHandleVerifier [0x0x42c388+94904]
	GetHandleVerifier [0x0x42c512+95298]
	GetHandleVerifier [0x0x41766a+9626]
	BaseThreadInitThunk [0x0x768ffcc9+25]
	RtlGetAppContainerNamedObjectPath [0x0x771582ae+286]
	RtlGetAppContainerNamedObjectPath [0x0x7715827e+238]

2025-07-22 10:21:48,111 - property_scraper - INFO - Selecting 'विलेपार्ले' from dropdown 'village'
2025-07-22 10:21:48,257 - property_scraper - INFO - Saved screenshot before dropdown interaction: dropdown_debug/before_village_1753159908.png
2025-07-22 10:22:09,341 - property_scraper - ERROR - Error selecting option 'विलेपार्ले' from dropdown 'village': Message: 
Stacktrace:
	GetHandleVerifier [0x0x4244a3+62419]
	GetHandleVerifier [0x0x4244e4+62484]
	(No symbol) [0x0x262133]
	(No symbol) [0x0x2aa8fe]
	(No symbol) [0x0x2aac9b]
	(No symbol) [0x0x2f3052]
	(No symbol) [0x0x2cf4b4]
	(No symbol) [0x0x2f087a]
	(No symbol) [0x0x2cf266]
	(No symbol) [0x0x29e852]
	(No symbol) [0x0x29f6f4]
	GetHandleVerifier [0x0x694793+2619075]
	GetHandleVerifier [0x0x68fbaa+2599642]
	GetHandleVerifier [0x0x44b04a+221050]
	GetHandleVerifier [0x0x43b2c8+156152]
	GetHandleVerifier [0x0x441c7d+183213]
	GetHandleVerifier [0x0x42c388+94904]
	GetHandleVerifier [0x0x42c512+95298]
	GetHandleVerifier [0x0x41766a+9626]
	BaseThreadInitThunk [0x0x768ffcc9+25]
	RtlGetAppContainerNamedObjectPath [0x0x771582ae+286]
	RtlGetAppContainerNamedObjectPath [0x0x7715827e+238]

2025-07-22 10:22:30,483 - property_scraper - INFO - Entered document number: 3
2025-07-22 10:22:30,493 - property_scraper - INFO - Looking for captcha...
2025-07-22 10:22:32,511 - property_scraper - INFO - Found district screenshot: dropdown_debug\after_district_1753159814.png
2025-07-22 10:22:32,511 - property_scraper - INFO - Using existing district screenshot for captcha extraction: dropdown_debug\after_district_1753159814.png
2025-07-22 10:22:32,511 - extract_captcha - INFO - Extracting captcha from image: dropdown_debug\after_district_1753159814.png
2025-07-22 10:22:32,511 - extract_captcha - INFO - Using Tesseract path from config.json: C:\Program Files\Tesseract-OCR\tesseract.exe
2025-07-22 10:22:32,511 - extract_captcha - INFO - Extracted timestamp: 1753159814
2025-07-22 10:22:32,511 - extract_captcha - INFO - Expected captcha text based on timestamp: DR9814
2025-07-22 10:22:32,535 - extract_captcha - INFO - Image opened successfully: PNG, (782, 495), RGB
2025-07-22 10:22:32,542 - extract_captcha - INFO - Saved captcha image to: captcha_extracts\captcha_after_district_1753159814.png
2025-07-22 10:22:32,563 - extract_captcha - INFO - Performing OCR on Grayscale image...
2025-07-22 10:22:34,716 - extract_captcha - ERROR - Error with Grayscale - OEM 0: (1, "Error: Tesseract (legacy) engine requested, but components are not present in C:\\Program Files\\Tesseract-OCR/tessdata/eng.traineddata!! Failed loading language 'eng' Tesseract couldn't load any languages! Could not initialize tesseract.")
2025-07-22 10:22:34,872 - extract_captcha - ERROR - Error with Grayscale - OEM 2: (1, "Error: Tesseract (legacy) engine requested, but components are not present in C:\\Program Files\\Tesseract-OCR/tessdata/eng.traineddata!! Failed loading language 'eng' Tesseract couldn't load any languages! Could not initialize tesseract.")
2025-07-22 10:22:35,156 - extract_captcha - INFO - Performing OCR on Enhanced Contrast image...
2025-07-22 10:22:36,637 - extract_captcha - ERROR - Error with Enhanced Contrast - OEM 0: (1, "Error: Tesseract (legacy) engine requested, but components are not present in C:\\Program Files\\Tesseract-OCR/tessdata/eng.traineddata!! Failed loading language 'eng' Tesseract couldn't load any languages! Could not initialize tesseract.")
2025-07-22 10:22:36,788 - extract_captcha - ERROR - Error with Enhanced Contrast - OEM 2: (1, "Error: Tesseract (legacy) engine requested, but components are not present in C:\\Program Files\\Tesseract-OCR/tessdata/eng.traineddata!! Failed loading language 'eng' Tesseract couldn't load any languages! Could not initialize tesseract.")
2025-07-22 10:22:37,048 - extract_captcha - INFO - Performing OCR on Threshold image...
2025-07-22 10:22:38,629 - extract_captcha - ERROR - Error with Threshold - OEM 0: (1, "Error: Tesseract (legacy) engine requested, but components are not present in C:\\Program Files\\Tesseract-OCR/tessdata/eng.traineddata!! Failed loading language 'eng' Tesseract couldn't load any languages! Could not initialize tesseract.")
2025-07-22 10:22:38,804 - extract_captcha - ERROR - Error with Threshold - OEM 2: (1, "Error: Tesseract (legacy) engine requested, but components are not present in C:\\Program Files\\Tesseract-OCR/tessdata/eng.traineddata!! Failed loading language 'eng' Tesseract couldn't load any languages! Could not initialize tesseract.")
2025-07-22 10:22:39,068 - extract_captcha - INFO - Performing OCR on Resized image...
2025-07-22 10:22:40,806 - extract_captcha - ERROR - Error with Resized - OEM 0: (1, "Error: Tesseract (legacy) engine requested, but components are not present in C:\\Program Files\\Tesseract-OCR/tessdata/eng.traineddata!! Failed loading language 'eng' Tesseract couldn't load any languages! Could not initialize tesseract.")
2025-07-22 10:22:40,981 - extract_captcha - ERROR - Error with Resized - OEM 2: (1, "Error: Tesseract (legacy) engine requested, but components are not present in C:\\Program Files\\Tesseract-OCR/tessdata/eng.traineddata!! Failed loading language 'eng' Tesseract couldn't load any languages! Could not initialize tesseract.")
2025-07-22 10:22:41,231 - extract_captcha - INFO - Performing OCR on Edge Enhanced image...
2025-07-22 10:22:42,814 - extract_captcha - ERROR - Error with Edge Enhanced - OEM 0: (1, "Error: Tesseract (legacy) engine requested, but components are not present in C:\\Program Files\\Tesseract-OCR/tessdata/eng.traineddata!! Failed loading language 'eng' Tesseract couldn't load any languages! Could not initialize tesseract.")
2025-07-22 10:22:42,981 - extract_captcha - ERROR - Error with Edge Enhanced - OEM 2: (1, "Error: Tesseract (legacy) engine requested, but components are not present in C:\\Program Files\\Tesseract-OCR/tessdata/eng.traineddata!! Failed loading language 'eng' Tesseract couldn't load any languages! Could not initialize tesseract.")
2025-07-22 10:22:43,222 - extract_captcha - INFO - Performing OCR on Sharpened image...
2025-07-22 10:22:44,837 - extract_captcha - ERROR - Error with Sharpened - OEM 0: (1, "Error: Tesseract (legacy) engine requested, but components are not present in C:\\Program Files\\Tesseract-OCR/tessdata/eng.traineddata!! Failed loading language 'eng' Tesseract couldn't load any languages! Could not initialize tesseract.")
2025-07-22 10:22:45,014 - extract_captcha - ERROR - Error with Sharpened - OEM 2: (1, "Error: Tesseract (legacy) engine requested, but components are not present in C:\\Program Files\\Tesseract-OCR/tessdata/eng.traineddata!! Failed loading language 'eng' Tesseract couldn't load any languages! Could not initialize tesseract.")
2025-07-22 10:22:45,287 - extract_captcha - INFO - Performing OCR on Adaptive Threshold image...
2025-07-22 10:22:45,688 - extract_captcha - INFO - Adaptive Threshold - PSM 7: 'BO'
2025-07-22 10:22:45,820 - extract_captcha - INFO - Adaptive Threshold - PSM 8: 'BO'
2025-07-22 10:22:45,965 - extract_captcha - INFO - Adaptive Threshold - PSM 13: 'BO'
2025-07-22 10:22:46,383 - extract_captcha - INFO - Adaptive Threshold - PSM 10: 'BO'
2025-07-22 10:22:47,003 - extract_captcha - ERROR - Error with Adaptive Threshold - OEM 0: (1, "Error: Tesseract (legacy) engine requested, but components are not present in C:\\Program Files\\Tesseract-OCR/tessdata/eng.traineddata!! Failed loading language 'eng' Tesseract couldn't load any languages! Could not initialize tesseract.")
2025-07-22 10:22:47,203 - extract_captcha - ERROR - Error with Adaptive Threshold - OEM 2: (1, "Error: Tesseract (legacy) engine requested, but components are not present in C:\\Program Files\\Tesseract-OCR/tessdata/eng.traineddata!! Failed loading language 'eng' Tesseract couldn't load any languages! Could not initialize tesseract.")
2025-07-22 10:22:47,537 - extract_captcha - INFO - No good matches found to expected captcha text
2025-07-22 10:22:47,537 - extract_captcha - INFO - Most common OCR result: 'BO' (occurred 4 times)
2025-07-22 10:22:47,538 - property_scraper - INFO - Successfully extracted captcha text using extract_captcha.py: BO
2025-07-22 10:22:48,620 - property_scraper - INFO - Cleared captcha input field
2025-07-22 10:22:49,953 - property_scraper - INFO - Entered captcha text: BO
2025-07-22 10:22:52,060 - property_scraper - INFO - Clicked search button
2025-07-22 10:22:53,200 - property_scraper - INFO - Selecting 'All' entries per page from dropdown...
2025-07-22 10:22:55,090 - uc - INFO - ensuring close
