2025-07-14 13:01:00,913 - property_scraper - INFO - Starting property scraper with automated dropdown selection...
2025-07-14 13:01:00,913 - property_scraper - INFO - Using DEMO MODE for reliable operation.
2025-07-14 13:01:00,913 - property_scraper - INFO - Starting property scraper in DEMO MODE with automatic dropdown selection...
2025-07-14 13:01:00,913 - property_scraper - INFO - Automatically selecting values from dropdowns...
2025-07-14 13:01:00,913 - property_scraper - INFO - Fetching options for dropdown 'year'...
2025-07-14 13:01:01,214 - property_scraper - INFO - Selected Year: 2022
2025-07-14 13:01:01,214 - property_scraper - INFO - Fetching options for dropdown 'district'...
2025-07-14 13:01:01,515 - property_scraper - INFO - Selected District: Thane
2025-07-14 13:01:01,515 - property_scraper - INFO - Fetching options for dropdown 'taluka'...
2025-07-14 13:01:01,817 - property_scraper - INFO - Selected Taluka: Thane
2025-07-14 13:01:01,817 - property_scraper - INFO - Fetching options for dropdown 'village'...
2025-07-14 13:01:02,117 - property_scraper - INFO - Selected Village: Naupada
2025-07-14 13:01:02,117 - property_scraper - INFO - Selected Document Number: 1
2025-07-14 13:01:02,117 - property_scraper - INFO - Processing combination: 2022_Thane_Thane_Naupada_1
2025-07-14 13:01:02,117 - property_scraper - INFO - Processing in DEMO MODE: Year=2022, District=Thane, Taluka=Thane, Village=Naupada, Doc#=1
2025-07-14 13:01:02,117 - property_scraper - INFO - Simulating navigation to https://pay2igr.igrmaharashtra.gov.in/eDisplay/Propertydetails/index
2025-07-14 13:01:02,634 - property_scraper - INFO - Simulating selecting Year: 2022
2025-07-14 13:01:02,634 - property_scraper - INFO - Simulating selecting District: Thane
2025-07-14 13:01:02,634 - property_scraper - INFO - Simulating selecting Taluka: Thane
2025-07-14 13:01:02,634 - property_scraper - INFO - Simulating selecting Village: Naupada
2025-07-14 13:01:02,635 - property_scraper - INFO - Simulating entering Document Number: 1
2025-07-14 13:01:02,635 - property_scraper - INFO - Simulating captcha solving...
2025-07-14 13:01:03,636 - property_scraper - INFO - Captcha solved: SYRLL5
2025-07-14 13:01:03,636 - property_scraper - INFO - Simulating clicking Search button...
2025-07-14 13:01:04,137 - property_scraper - INFO - Selecting 'All' entries per page from dropdown...
2025-07-14 13:01:04,639 - property_scraper - INFO - Page refreshed with All entries per page
2025-07-14 13:01:05,440 - property_scraper - INFO - Found 2418 entries with 'List No. 2' buttons in the search results table
2025-07-14 13:01:05,440 - property_scraper - INFO - For demo purposes, downloading only 5 PDFs out of 2418 entries
2025-07-14 13:01:05,440 - property_scraper - INFO - In real usage, you could download all PDFs by processing them in batches
2025-07-14 13:01:05,440 - property_scraper - INFO - Clicking on 'List No. 2' button for entry #1...
2025-07-14 13:01:06,241 - property_scraper - INFO - PDF opened in new tab: Doc Reg. No. AND3-4700-2022
2025-07-14 13:01:06,241 - property_scraper - INFO - Downloading PDF from new tab...
2025-07-14 13:01:07,242 - property_scraper - INFO - Downloaded PDF: 4700-2022-IndexII_copy.pdf
2025-07-14 13:01:07,242 - property_scraper - INFO - Clicking on 'List No. 2' button for entry #2...
2025-07-14 13:01:08,043 - property_scraper - INFO - PDF opened in new tab: Doc Reg. No. NGP8-5999-2022
2025-07-14 13:01:08,043 - property_scraper - INFO - Downloading PDF from new tab...
2025-07-14 13:01:09,045 - property_scraper - INFO - Downloaded PDF: 5999-2022-IndexII_copy.pdf
2025-07-14 13:01:09,045 - property_scraper - INFO - Clicking on 'List No. 2' button for entry #3...
2025-07-14 13:01:09,847 - property_scraper - INFO - PDF opened in new tab: Doc Reg. No. BRL4-5341-2022
2025-07-14 13:01:09,847 - property_scraper - INFO - Downloading PDF from new tab...
2025-07-14 13:01:10,849 - property_scraper - INFO - Downloaded PDF: 5341-2022-IndexII_copy.pdf
2025-07-14 13:01:10,849 - property_scraper - INFO - Clicking on 'List No. 2' button for entry #4...
2025-07-14 13:01:11,650 - property_scraper - INFO - PDF opened in new tab: Doc Reg. No. PUN5-6909-2022
2025-07-14 13:01:11,650 - property_scraper - INFO - Downloading PDF from new tab...
2025-07-14 13:01:12,651 - property_scraper - INFO - Downloaded PDF: 6909-2022-IndexII_copy.pdf
2025-07-14 13:01:12,652 - property_scraper - INFO - Clicking on 'List No. 2' button for entry #5...
2025-07-14 13:01:13,453 - property_scraper - INFO - PDF opened in new tab: Doc Reg. No. PUN9-1162-2022
2025-07-14 13:01:13,453 - property_scraper - INFO - Downloading PDF from new tab...
2025-07-14 13:01:14,455 - property_scraper - INFO - Downloaded PDF: 1162-2022-IndexII_copy.pdf
2025-07-14 13:01:14,455 - property_scraper - INFO - Successfully downloaded 5 PDFs from 'List No. 2' buttons
2025-07-14 13:01:14,456 - property_scraper - INFO - Successfully processed combination: 2022_Thane_Thane_Naupada_1
2025-07-14 13:01:14,456 - property_scraper - INFO - Daily requests: 1/5
2025-07-14 13:01:14,456 - property_scraper - INFO - Waiting 3.20 seconds before next request...
2025-07-14 13:01:17,655 - property_scraper - INFO - Automatically selecting values from dropdowns...
2025-07-14 13:01:17,655 - property_scraper - INFO - Fetching options for dropdown 'year'...
2025-07-14 13:01:17,955 - property_scraper - INFO - Selected Year: 2022
2025-07-14 13:01:17,955 - property_scraper - INFO - Fetching options for dropdown 'district'...
2025-07-14 13:01:18,256 - property_scraper - INFO - Selected District: Thane
2025-07-14 13:01:18,256 - property_scraper - INFO - Fetching options for dropdown 'taluka'...
2025-07-14 13:01:18,557 - property_scraper - INFO - Selected Taluka: Thane
2025-07-14 13:01:18,557 - property_scraper - INFO - Fetching options for dropdown 'village'...
2025-07-14 13:01:18,857 - property_scraper - INFO - Selected Village: Naupada
2025-07-14 13:01:18,857 - property_scraper - INFO - Selected Document Number: 1
2025-07-14 13:01:18,857 - property_scraper - INFO - Skipping combination 2022_Thane_Thane_Naupada_1 as it's already completed.
2025-07-14 13:01:18,857 - property_scraper - INFO - Automatically selecting values from dropdowns...
2025-07-14 13:01:18,857 - property_scraper - INFO - Fetching options for dropdown 'year'...
2025-07-14 13:01:19,158 - property_scraper - INFO - Selected Year: 2023
2025-07-14 13:01:19,158 - property_scraper - INFO - Fetching options for dropdown 'district'...
2025-07-14 13:01:19,459 - property_scraper - INFO - Selected District: Thane
2025-07-14 13:01:19,459 - property_scraper - INFO - Fetching options for dropdown 'taluka'...
2025-07-14 13:01:19,760 - property_scraper - INFO - Selected Taluka: Kalyan
2025-07-14 13:01:19,761 - property_scraper - INFO - Fetching options for dropdown 'village'...
2025-07-14 13:01:20,067 - property_scraper - INFO - Selected Village: Kalyan East
2025-07-14 13:01:20,072 - property_scraper - INFO - Selected Document Number: 8
2025-07-14 13:01:20,072 - property_scraper - INFO - Processing combination: 2023_Thane_Kalyan_Kalyan East_8
2025-07-14 13:01:20,072 - property_scraper - INFO - Processing in DEMO MODE: Year=2023, District=Thane, Taluka=Kalyan, Village=Kalyan East, Doc#=8
2025-07-14 13:01:20,073 - property_scraper - INFO - Simulating navigation to https://pay2igr.igrmaharashtra.gov.in/eDisplay/Propertydetails/index
2025-07-14 13:01:20,574 - property_scraper - INFO - Simulating selecting Year: 2023
2025-07-14 13:01:20,574 - property_scraper - INFO - Simulating selecting District: Thane
2025-07-14 13:01:20,574 - property_scraper - INFO - Simulating selecting Taluka: Kalyan
2025-07-14 13:01:20,574 - property_scraper - INFO - Simulating selecting Village: Kalyan East
2025-07-14 13:01:20,574 - property_scraper - INFO - Simulating entering Document Number: 8
2025-07-14 13:01:20,574 - property_scraper - INFO - Simulating captcha solving...
2025-07-14 13:01:21,575 - property_scraper - ERROR - Failed to solve captcha
2025-07-14 13:01:21,575 - property_scraper - ERROR - Failed to handle captcha. Retrying...
2025-07-14 13:01:21,575 - property_scraper - INFO - Simulating captcha solving...
2025-07-14 13:01:22,576 - property_scraper - INFO - Captcha solved: EX6XLK
2025-07-14 13:01:22,576 - property_scraper - INFO - Simulating clicking Search button...
2025-07-14 13:01:23,077 - property_scraper - INFO - Selecting 'All' entries per page from dropdown...
2025-07-14 13:01:23,578 - property_scraper - INFO - Page refreshed with All entries per page
2025-07-14 13:01:24,378 - property_scraper - INFO - Found 2076 entries with 'List No. 2' buttons in the search results table
2025-07-14 13:01:24,378 - property_scraper - INFO - For demo purposes, downloading only 5 PDFs out of 2076 entries
2025-07-14 13:01:24,378 - property_scraper - INFO - In real usage, you could download all PDFs by processing them in batches
2025-07-14 13:01:24,378 - property_scraper - INFO - Clicking on 'List No. 2' button for entry #1...
2025-07-14 13:01:25,179 - property_scraper - WARNING - Failed to open PDF for entry #1 in new tab. The link may be broken.
2025-07-14 13:01:25,179 - property_scraper - INFO - Clicking on 'List No. 2' button for entry #2...
2025-07-14 13:01:25,982 - property_scraper - INFO - PDF opened in new tab: Doc Reg. No. PUN3-6320-2023
2025-07-14 13:01:25,983 - property_scraper - INFO - Downloading PDF from new tab...
2025-07-14 13:01:26,990 - property_scraper - INFO - Downloaded PDF: 6320-2023-IndexII_copy.pdf
2025-07-14 13:01:26,990 - property_scraper - INFO - Clicking on 'List No. 2' button for entry #3...
2025-07-14 13:01:27,791 - property_scraper - INFO - PDF opened in new tab: Doc Reg. No. NGP3-6172-2023
2025-07-14 13:01:27,791 - property_scraper - INFO - Downloading PDF from new tab...
2025-07-14 13:01:28,792 - property_scraper - INFO - Downloaded PDF: 6172-2023-IndexII_copy.pdf
2025-07-14 13:01:28,793 - property_scraper - INFO - Clicking on 'List No. 2' button for entry #4...
2025-07-14 13:01:29,594 - property_scraper - WARNING - Failed to open PDF for entry #4 in new tab. The link may be broken.
2025-07-14 13:01:29,594 - property_scraper - INFO - Clicking on 'List No. 2' button for entry #5...
2025-07-14 13:01:30,395 - property_scraper - INFO - PDF opened in new tab: Doc Reg. No. NGP5-5009-2023
2025-07-14 13:01:30,395 - property_scraper - INFO - Downloading PDF from new tab...
2025-07-14 13:01:31,397 - property_scraper - INFO - Downloaded PDF: 5009-2023-IndexII_copy.pdf
2025-07-14 13:01:31,397 - property_scraper - INFO - Successfully downloaded 3 PDFs from 'List No. 2' buttons
2025-07-14 13:01:31,397 - property_scraper - INFO - Successfully processed combination: 2023_Thane_Kalyan_Kalyan East_8
2025-07-14 13:01:31,397 - property_scraper - INFO - Daily requests: 2/5
2025-07-14 13:01:31,398 - property_scraper - INFO - Waiting 5.89 seconds before next request...
2025-07-14 13:01:37,292 - property_scraper - INFO - Automatically selecting values from dropdowns...
2025-07-14 13:01:37,292 - property_scraper - INFO - Fetching options for dropdown 'year'...
2025-07-14 13:01:37,594 - property_scraper - INFO - Selected Year: 2025
2025-07-14 13:01:37,595 - property_scraper - INFO - Fetching options for dropdown 'district'...
2025-07-14 13:01:37,899 - property_scraper - INFO - Selected District: Thane
2025-07-14 13:01:37,899 - property_scraper - INFO - Fetching options for dropdown 'taluka'...
2025-07-14 13:01:38,200 - property_scraper - INFO - Selected Taluka: Kalyan
2025-07-14 13:01:38,200 - property_scraper - INFO - Fetching options for dropdown 'village'...
2025-07-14 13:01:38,501 - property_scraper - INFO - Selected Village: Kalyan East
2025-07-14 13:01:38,501 - property_scraper - INFO - Selected Document Number: 2
2025-07-14 13:01:38,501 - property_scraper - INFO - Processing combination: 2025_Thane_Kalyan_Kalyan East_2
2025-07-14 13:01:38,501 - property_scraper - INFO - Processing in DEMO MODE: Year=2025, District=Thane, Taluka=Kalyan, Village=Kalyan East, Doc#=2
2025-07-14 13:01:38,502 - property_scraper - INFO - Simulating navigation to https://pay2igr.igrmaharashtra.gov.in/eDisplay/Propertydetails/index
2025-07-14 13:01:39,003 - property_scraper - INFO - Simulating selecting Year: 2025
2025-07-14 13:01:39,003 - property_scraper - INFO - Simulating selecting District: Thane
2025-07-14 13:01:39,003 - property_scraper - INFO - Simulating selecting Taluka: Kalyan
2025-07-14 13:01:39,003 - property_scraper - INFO - Simulating selecting Village: Kalyan East
2025-07-14 13:01:39,003 - property_scraper - INFO - Simulating entering Document Number: 2
2025-07-14 13:01:39,003 - property_scraper - INFO - Simulating captcha solving...
2025-07-14 13:01:40,005 - property_scraper - INFO - Captcha solved: 562RPL
2025-07-14 13:01:40,005 - property_scraper - INFO - Simulating clicking Search button...
2025-07-14 13:01:40,505 - property_scraper - INFO - Selecting 'All' entries per page from dropdown...
2025-07-14 13:01:41,007 - property_scraper - INFO - Page refreshed with All entries per page
2025-07-14 13:01:41,807 - property_scraper - INFO - Found 1946 entries with 'List No. 2' buttons in the search results table
2025-07-14 13:01:41,807 - property_scraper - INFO - For demo purposes, downloading only 5 PDFs out of 1946 entries
2025-07-14 13:01:41,807 - property_scraper - INFO - In real usage, you could download all PDFs by processing them in batches
2025-07-14 13:01:41,807 - property_scraper - INFO - Clicking on 'List No. 2' button for entry #1...
2025-07-14 13:01:42,608 - property_scraper - INFO - PDF opened in new tab: Doc Reg. No. PUN9-8507-2025
2025-07-14 13:01:42,608 - property_scraper - INFO - Downloading PDF from new tab...
2025-07-14 13:01:43,609 - property_scraper - INFO - Downloaded PDF: 8507-2025-IndexII_copy.pdf
2025-07-14 13:01:43,610 - property_scraper - INFO - Clicking on 'List No. 2' button for entry #2...
2025-07-14 13:01:44,411 - property_scraper - WARNING - Failed to open PDF for entry #2 in new tab. The link may be broken.
2025-07-14 13:01:44,411 - property_scraper - INFO - Clicking on 'List No. 2' button for entry #3...
2025-07-14 13:01:45,211 - property_scraper - INFO - PDF opened in new tab: Doc Reg. No. NGP9-8190-2025
2025-07-14 13:01:45,211 - property_scraper - INFO - Downloading PDF from new tab...
2025-07-14 13:01:46,213 - property_scraper - INFO - Downloaded PDF: 8190-2025-IndexII_copy.pdf
2025-07-14 13:01:46,213 - property_scraper - INFO - Clicking on 'List No. 2' button for entry #4...
2025-07-14 13:01:47,015 - property_scraper - WARNING - Failed to open PDF for entry #4 in new tab. The link may be broken.
2025-07-14 13:01:47,015 - property_scraper - INFO - Clicking on 'List No. 2' button for entry #5...
2025-07-14 13:01:47,815 - property_scraper - INFO - PDF opened in new tab: Doc Reg. No. BRL6-3006-2025
2025-07-14 13:01:47,815 - property_scraper - INFO - Downloading PDF from new tab...
2025-07-14 13:01:48,816 - property_scraper - INFO - Downloaded PDF: 3006-2025-IndexII_copy.pdf
2025-07-14 13:01:48,817 - property_scraper - INFO - Successfully downloaded 3 PDFs from 'List No. 2' buttons
2025-07-14 13:01:48,817 - property_scraper - INFO - Successfully processed combination: 2025_Thane_Kalyan_Kalyan East_2
2025-07-14 13:01:48,817 - property_scraper - INFO - Daily requests: 3/5
2025-07-14 13:01:48,817 - property_scraper - INFO - Waiting 3.24 seconds before next request...
2025-07-14 13:01:52,058 - property_scraper - INFO - Automatically selecting values from dropdowns...
2025-07-14 13:01:52,058 - property_scraper - INFO - Fetching options for dropdown 'year'...
2025-07-14 13:01:52,359 - property_scraper - INFO - Selected Year: 2024
2025-07-14 13:01:52,359 - property_scraper - INFO - Fetching options for dropdown 'district'...
2025-07-14 13:01:52,659 - property_scraper - INFO - Selected District: Thane
2025-07-14 13:01:52,659 - property_scraper - INFO - Fetching options for dropdown 'taluka'...
2025-07-14 13:01:52,960 - property_scraper - INFO - Selected Taluka: Thane
2025-07-14 13:01:52,960 - property_scraper - INFO - Fetching options for dropdown 'village'...
2025-07-14 13:01:53,260 - property_scraper - INFO - Selected Village: Naupada
2025-07-14 13:01:53,260 - property_scraper - INFO - Selected Document Number: 8
2025-07-14 13:01:53,260 - property_scraper - INFO - Processing combination: 2024_Thane_Thane_Naupada_8
2025-07-14 13:01:53,260 - property_scraper - INFO - Processing in DEMO MODE: Year=2024, District=Thane, Taluka=Thane, Village=Naupada, Doc#=8
2025-07-14 13:01:53,260 - property_scraper - INFO - Simulating navigation to https://pay2igr.igrmaharashtra.gov.in/eDisplay/Propertydetails/index
2025-07-14 13:01:53,762 - property_scraper - INFO - Simulating selecting Year: 2024
2025-07-14 13:01:53,762 - property_scraper - INFO - Simulating selecting District: Thane
2025-07-14 13:01:53,762 - property_scraper - INFO - Simulating selecting Taluka: Thane
2025-07-14 13:01:53,762 - property_scraper - INFO - Simulating selecting Village: Naupada
2025-07-14 13:01:53,762 - property_scraper - INFO - Simulating entering Document Number: 8
2025-07-14 13:01:53,762 - property_scraper - INFO - Simulating captcha solving...
2025-07-14 13:01:54,763 - property_scraper - INFO - Captcha solved: 4IEGJB
2025-07-14 13:01:54,763 - property_scraper - INFO - Simulating clicking Search button...
2025-07-14 13:01:55,268 - property_scraper - INFO - Selecting 'All' entries per page from dropdown...
2025-07-14 13:01:55,770 - property_scraper - INFO - Page refreshed with All entries per page
2025-07-14 13:01:56,570 - property_scraper - INFO - Found 1508 entries with 'List No. 2' buttons in the search results table
2025-07-14 13:01:56,570 - property_scraper - INFO - For demo purposes, downloading only 5 PDFs out of 1508 entries
2025-07-14 13:01:56,570 - property_scraper - INFO - In real usage, you could download all PDFs by processing them in batches
2025-07-14 13:01:56,570 - property_scraper - INFO - Clicking on 'List No. 2' button for entry #1...
2025-07-14 13:01:57,371 - property_scraper - WARNING - Failed to open PDF for entry #1 in new tab. The link may be broken.
2025-07-14 13:01:57,371 - property_scraper - INFO - Clicking on 'List No. 2' button for entry #2...
2025-07-14 13:01:58,172 - property_scraper - INFO - PDF opened in new tab: Doc Reg. No. BRL1-8124-2024
2025-07-14 13:01:58,172 - property_scraper - INFO - Downloading PDF from new tab...
2025-07-14 13:01:59,173 - property_scraper - INFO - Downloaded PDF: 8124-2024-IndexII_copy.pdf
2025-07-14 13:01:59,173 - property_scraper - INFO - Clicking on 'List No. 2' button for entry #3...
2025-07-14 13:01:59,974 - property_scraper - INFO - PDF opened in new tab: Doc Reg. No. THN4-7196-2024
2025-07-14 13:01:59,974 - property_scraper - INFO - Downloading PDF from new tab...
2025-07-14 13:02:00,976 - property_scraper - INFO - Downloaded PDF: 7196-2024-IndexII_copy.pdf
2025-07-14 13:02:00,976 - property_scraper - INFO - Clicking on 'List No. 2' button for entry #4...
2025-07-14 13:02:01,776 - property_scraper - INFO - PDF opened in new tab: Doc Reg. No. BRL8-4562-2024
2025-07-14 13:02:01,776 - property_scraper - INFO - Downloading PDF from new tab...
2025-07-14 13:02:02,778 - property_scraper - INFO - Downloaded PDF: 4562-2024-IndexII_copy.pdf
2025-07-14 13:02:02,778 - property_scraper - INFO - Clicking on 'List No. 2' button for entry #5...
2025-07-14 13:02:03,579 - property_scraper - WARNING - Failed to open PDF for entry #5 in new tab. The link may be broken.
2025-07-14 13:02:03,579 - property_scraper - INFO - Successfully downloaded 3 PDFs from 'List No. 2' buttons
2025-07-14 13:02:03,579 - property_scraper - INFO - Successfully processed combination: 2024_Thane_Thane_Naupada_8
2025-07-14 13:02:03,580 - property_scraper - INFO - Daily requests: 4/5
2025-07-14 13:02:03,580 - property_scraper - INFO - Waiting 3.34 seconds before next request...
2025-07-14 13:02:06,924 - property_scraper - INFO - Demo scraper completed.
