2025-07-14 11:55:18,312 - property_scraper - INFO - Starting property scraper...
2025-07-14 11:55:18,312 - property_scraper - INFO - Using DEMO MODE for reliable operation.
2025-07-14 11:55:18,313 - property_scraper - INFO - Starting property scraper in DEMO MODE...
2025-07-14 11:55:18,313 - property_scraper - INFO - Processing combination: 2025_Mumbai_Mumbai City_Colaba_0
2025-07-14 11:55:18,313 - property_scraper - INFO - Processing in DEMO MODE: Year=2025, District=Mumbai, Taluka=Mumbai City, Village=Colaba, Doc#=0
2025-07-14 11:55:18,314 - property_scraper - INFO - Simulating navigation to https://pay2igr.igrmaharashtra.gov.in/eDisplay/Propertydetails/index
2025-07-14 11:55:18,815 - property_scraper - INFO - Simulating selecting Year: 2025
2025-07-14 11:55:18,815 - property_scraper - INFO - Simulating selecting District: Mumbai
2025-07-14 11:55:18,815 - property_scraper - INFO - Simulating selecting Taluka: Mumbai City
2025-07-14 11:55:18,815 - property_scraper - INFO - Simulating selecting Village: Colaba
2025-07-14 11:55:18,816 - property_scraper - INFO - Simulating entering Document Number: 0
2025-07-14 11:55:18,816 - property_scraper - INFO - Simulating captcha solving...
2025-07-14 11:55:19,818 - property_scraper - INFO - Captcha solved: 1FZ4GD
2025-07-14 11:55:19,818 - property_scraper - INFO - Simulating clicking Search button...
2025-07-14 11:55:20,328 - property_scraper - INFO - Simulating download of 1 PDFs...
2025-07-14 11:55:20,831 - property_scraper - INFO - Created simulated PDF: 2025_property_doc_6061.pdf
2025-07-14 11:55:20,831 - property_scraper - INFO - Successfully processed combination: 2025_Mumbai_Mumbai City_Colaba_0
2025-07-14 11:55:20,831 - property_scraper - INFO - Daily requests: 1/5
2025-07-14 11:55:20,832 - property_scraper - INFO - Waiting 3.89 seconds before next request...
2025-07-14 11:55:24,719 - property_scraper - INFO - Processing combination: 2025_Mumbai_Mumbai City_Colaba_1
2025-07-14 11:55:24,720 - property_scraper - INFO - Processing in DEMO MODE: Year=2025, District=Mumbai, Taluka=Mumbai City, Village=Colaba, Doc#=1
2025-07-14 11:55:24,720 - property_scraper - INFO - Simulating navigation to https://pay2igr.igrmaharashtra.gov.in/eDisplay/Propertydetails/index
2025-07-14 11:55:25,221 - property_scraper - INFO - Simulating selecting Year: 2025
2025-07-14 11:55:25,221 - property_scraper - INFO - Simulating selecting District: Mumbai
2025-07-14 11:55:25,221 - property_scraper - INFO - Simulating selecting Taluka: Mumbai City
2025-07-14 11:55:25,221 - property_scraper - INFO - Simulating selecting Village: Colaba
2025-07-14 11:55:25,222 - property_scraper - INFO - Simulating entering Document Number: 1
2025-07-14 11:55:25,222 - property_scraper - INFO - Simulating captcha solving...
2025-07-14 11:55:26,223 - property_scraper - INFO - Captcha solved: 6FD41G
2025-07-14 11:55:26,223 - property_scraper - INFO - Simulating clicking Search button...
2025-07-14 11:55:26,724 - property_scraper - INFO - Simulating download of 1 PDFs...
2025-07-14 11:55:27,225 - property_scraper - INFO - Created simulated PDF: 2025_property_doc_6273.pdf
2025-07-14 11:55:27,226 - property_scraper - INFO - Successfully processed combination: 2025_Mumbai_Mumbai City_Colaba_1
2025-07-14 11:55:27,226 - property_scraper - INFO - Daily requests: 2/5
2025-07-14 11:55:27,227 - property_scraper - INFO - Waiting 6.11 seconds before next request...
2025-07-14 11:55:33,340 - property_scraper - INFO - Processing combination: 2025_Mumbai_Mumbai City_Colaba_2
2025-07-14 11:55:33,340 - property_scraper - INFO - Processing in DEMO MODE: Year=2025, District=Mumbai, Taluka=Mumbai City, Village=Colaba, Doc#=2
2025-07-14 11:55:33,341 - property_scraper - INFO - Simulating navigation to https://pay2igr.igrmaharashtra.gov.in/eDisplay/Propertydetails/index
2025-07-14 11:55:33,842 - property_scraper - INFO - Simulating selecting Year: 2025
2025-07-14 11:55:33,842 - property_scraper - INFO - Simulating selecting District: Mumbai
2025-07-14 11:55:33,842 - property_scraper - INFO - Simulating selecting Taluka: Mumbai City
2025-07-14 11:55:33,842 - property_scraper - INFO - Simulating selecting Village: Colaba
2025-07-14 11:55:33,843 - property_scraper - INFO - Simulating entering Document Number: 2
2025-07-14 11:55:33,843 - property_scraper - INFO - Simulating captcha solving...
2025-07-14 11:55:34,844 - property_scraper - INFO - Captcha solved: Z7UM6L
2025-07-14 11:55:34,844 - property_scraper - INFO - Simulating clicking Search button...
2025-07-14 11:55:35,345 - property_scraper - INFO - Simulating download of 3 PDFs...
2025-07-14 11:55:35,847 - property_scraper - INFO - Created simulated PDF: 2025_property_doc_5713.pdf
2025-07-14 11:55:36,348 - property_scraper - INFO - Created simulated PDF: 2025_property_doc_3280.pdf
2025-07-14 11:55:36,875 - property_scraper - INFO - Created simulated PDF: 2025_property_doc_6991.pdf
2025-07-14 11:55:36,881 - property_scraper - INFO - Successfully processed combination: 2025_Mumbai_Mumbai City_Colaba_2
2025-07-14 11:55:36,906 - property_scraper - INFO - Daily requests: 3/5
2025-07-14 11:55:36,906 - property_scraper - INFO - Waiting 3.71 seconds before next request...
2025-07-14 11:55:40,616 - property_scraper - INFO - Processing combination: 2025_Mumbai_Mumbai City_Fort_0
2025-07-14 11:55:40,616 - property_scraper - INFO - Processing in DEMO MODE: Year=2025, District=Mumbai, Taluka=Mumbai City, Village=Fort, Doc#=0
2025-07-14 11:55:40,617 - property_scraper - INFO - Simulating navigation to https://pay2igr.igrmaharashtra.gov.in/eDisplay/Propertydetails/index
2025-07-14 11:55:41,117 - property_scraper - INFO - Simulating selecting Year: 2025
2025-07-14 11:55:41,117 - property_scraper - INFO - Simulating selecting District: Mumbai
2025-07-14 11:55:41,117 - property_scraper - INFO - Simulating selecting Taluka: Mumbai City
2025-07-14 11:55:41,118 - property_scraper - INFO - Simulating selecting Village: Fort
2025-07-14 11:55:41,118 - property_scraper - INFO - Simulating entering Document Number: 0
2025-07-14 11:55:41,118 - property_scraper - INFO - Simulating captcha solving...
2025-07-14 11:55:42,120 - property_scraper - INFO - Captcha solved: 63IZ4E
2025-07-14 11:55:42,120 - property_scraper - INFO - Simulating clicking Search button...
2025-07-14 11:55:42,621 - property_scraper - INFO - Simulating download of 2 PDFs...
2025-07-14 11:55:43,123 - property_scraper - INFO - Created simulated PDF: 2025_property_doc_2220.pdf
2025-07-14 11:55:43,624 - property_scraper - INFO - Created simulated PDF: 2025_property_doc_2810.pdf
2025-07-14 11:55:43,625 - property_scraper - INFO - Successfully processed combination: 2025_Mumbai_Mumbai City_Fort_0
2025-07-14 11:55:43,625 - property_scraper - INFO - Daily requests: 4/5
2025-07-14 11:55:43,626 - property_scraper - INFO - Waiting 3.13 seconds before next request...
2025-07-14 11:55:46,761 - property_scraper - INFO - Processing combination: 2025_Mumbai_Mumbai City_Fort_1
2025-07-14 11:55:46,762 - property_scraper - INFO - Processing in DEMO MODE: Year=2025, District=Mumbai, Taluka=Mumbai City, Village=Fort, Doc#=1
2025-07-14 11:55:46,762 - property_scraper - INFO - Simulating navigation to https://pay2igr.igrmaharashtra.gov.in/eDisplay/Propertydetails/index
2025-07-14 11:55:47,264 - property_scraper - INFO - Simulating selecting Year: 2025
2025-07-14 11:55:47,264 - property_scraper - INFO - Simulating selecting District: Mumbai
2025-07-14 11:55:47,264 - property_scraper - INFO - Simulating selecting Taluka: Mumbai City
2025-07-14 11:55:47,264 - property_scraper - INFO - Simulating selecting Village: Fort
2025-07-14 11:55:47,264 - property_scraper - INFO - Simulating entering Document Number: 1
2025-07-14 11:55:47,265 - property_scraper - INFO - Simulating captcha solving...
2025-07-14 11:55:48,265 - property_scraper - INFO - Captcha solved: 959I23
2025-07-14 11:55:48,265 - property_scraper - INFO - Simulating clicking Search button...
2025-07-14 11:55:48,766 - property_scraper - INFO - Simulating download of 1 PDFs...
2025-07-14 11:55:49,267 - property_scraper - INFO - Created simulated PDF: 2025_property_doc_5729.pdf
2025-07-14 11:55:49,268 - property_scraper - INFO - Successfully processed combination: 2025_Mumbai_Mumbai City_Fort_1
2025-07-14 11:55:49,269 - property_scraper - INFO - Daily requests: 5/5
2025-07-14 11:55:49,269 - property_scraper - INFO - Waiting 5.99 seconds before next request...
2025-07-14 11:55:55,256 - property_scraper - INFO - Processing combination: 2025_Mumbai_Mumbai City_Fort_2
2025-07-14 11:55:55,256 - property_scraper - INFO - Daily limit of 5 requests reached.
2025-07-14 11:55:55,256 - property_scraper - INFO - Daily limit reached. Stopping processing.
2025-07-14 11:55:55,257 - property_scraper - INFO - Daily limit of 5 requests reached.
2025-07-14 11:55:55,257 - property_scraper - INFO - Daily limit reached. Exiting.
