2025-07-21 16:44:30,826 - property_scraper - INFO - Instance ID: local_9595419f
2025-07-21 16:44:30,826 - property_scraper - INFO - Tesseract path set to: C:\Program Files\Tesseract-OCR\tesseract.exe
2025-07-21 16:44:30,826 - property_scraper - INFO - Running in normal mode
2025-07-21 16:44:30,826 - property_scraper - INFO - Starting property scraper...
2025-07-21 16:44:30,826 - property_scraper - INFO - Instance ID: local_9595419f
2025-07-21 16:44:30,827 - property_scraper - INFO - Setting up Chrome WebDriver...
2025-07-21 16:44:31,091 - property_scraper - INFO - Using user agent: Mozilla/5.0 (Windows NT 10.0; Win64; x64) AppleWebKit/537.36 (KHTML, like Gecko) Chrome/92.0.4515.107 Safari/537.36 Edg/92.0.902.55
2025-07-21 16:44:31,092 - property_scraper - INFO - Creating Chrome driver using undetected_chromedriver with enhanced settings
2025-07-21 16:44:31,105 - uc - WARNING - could not detect version_main.therefore, we are assuming it is chrome 108 or higher
2025-07-21 16:44:31,779 - uc - INFO - setting properties for headless
2025-07-21 16:44:31,825 - property_scraper - INFO - Chrome WebDriver set up successfully
2025-07-21 16:44:31,828 - property_scraper - INFO - Navigating to https://pay2igr.igrmaharashtra.gov.in/eDisplay/Propertydetails/index
2025-07-21 16:44:38,411 - property_scraper - INFO - Saved initial page screenshot to captcha_debug/initial_page_1753096478.png
2025-07-21 16:44:39,591 - property_scraper - INFO - Looking for available tasks...
2025-07-21 16:44:39,591 - property_scraper - INFO - Continuing with previous task: 1989_मुंबई_Mumbai_तिरंदाज_1
2025-07-21 16:44:39,591 - property_scraper - INFO - Found available task: 1989_मुंबई_Mumbai_तिरंदाज_1
2025-07-21 16:44:39,591 - property_scraper - INFO - Selecting '1989' from dropdown 'year'
2025-07-21 16:44:39,716 - property_scraper - INFO - Saved screenshot before dropdown interaction: dropdown_debug/before_year_1753096479.png
2025-07-21 16:45:00,748 - property_scraper - ERROR - Error selecting option '1989' from dropdown 'year': Message: 
Stacktrace:
	GetHandleVerifier [0x0x4244a3+62419]
	GetHandleVerifier [0x0x4244e4+62484]
	(No symbol) [0x0x262133]
	(No symbol) [0x0x2aa8fe]
	(No symbol) [0x0x2aac9b]
	(No symbol) [0x0x2f3052]
	(No symbol) [0x0x2cf4b4]
	(No symbol) [0x0x2f087a]
	(No symbol) [0x0x2cf266]
	(No symbol) [0x0x29e852]
	(No symbol) [0x0x29f6f4]
	GetHandleVerifier [0x0x694793+2619075]
	GetHandleVerifier [0x0x68fbaa+2599642]
	GetHandleVerifier [0x0x44b04a+221050]
	GetHandleVerifier [0x0x43b2c8+156152]
	GetHandleVerifier [0x0x441c7d+183213]
	GetHandleVerifier [0x0x42c388+94904]
	GetHandleVerifier [0x0x42c512+95298]
	GetHandleVerifier [0x0x41766a+9626]
	BaseThreadInitThunk [0x0x768ffcc9+25]
	RtlGetAppContainerNamedObjectPath [0x0x771582ae+286]
	RtlGetAppContainerNamedObjectPath [0x0x7715827e+238]

2025-07-21 16:45:01,748 - property_scraper - INFO - Selecting 'मुंबई' from dropdown 'district'
2025-07-21 16:45:01,926 - property_scraper - INFO - Saved screenshot before dropdown interaction: dropdown_debug/before_district_1753096501.png
2025-07-21 16:45:23,035 - property_scraper - ERROR - Error selecting option 'मुंबई' from dropdown 'district': Message: 
Stacktrace:
	GetHandleVerifier [0x0x4244a3+62419]
	GetHandleVerifier [0x0x4244e4+62484]
	(No symbol) [0x0x262133]
	(No symbol) [0x0x2aa8fe]
	(No symbol) [0x0x2aac9b]
	(No symbol) [0x0x2f3052]
	(No symbol) [0x0x2cf4b4]
	(No symbol) [0x0x2f087a]
	(No symbol) [0x0x2cf266]
	(No symbol) [0x0x29e852]
	(No symbol) [0x0x29f6f4]
	GetHandleVerifier [0x0x694793+2619075]
	GetHandleVerifier [0x0x68fbaa+2599642]
	GetHandleVerifier [0x0x44b04a+221050]
	GetHandleVerifier [0x0x43b2c8+156152]
	GetHandleVerifier [0x0x441c7d+183213]
	GetHandleVerifier [0x0x42c388+94904]
	GetHandleVerifier [0x0x42c512+95298]
	GetHandleVerifier [0x0x41766a+9626]
	BaseThreadInitThunk [0x0x768ffcc9+25]
	RtlGetAppContainerNamedObjectPath [0x0x771582ae+286]
	RtlGetAppContainerNamedObjectPath [0x0x7715827e+238]

2025-07-21 16:45:24,036 - property_scraper - INFO - Selecting 'Mumbai' from dropdown 'taluka'
2025-07-21 16:45:24,185 - property_scraper - INFO - Saved screenshot before dropdown interaction: dropdown_debug/before_taluka_1753096524.png
2025-07-21 16:45:45,248 - property_scraper - ERROR - Error selecting option 'Mumbai' from dropdown 'taluka': Message: 
Stacktrace:
	GetHandleVerifier [0x0x4244a3+62419]
	GetHandleVerifier [0x0x4244e4+62484]
	(No symbol) [0x0x262133]
	(No symbol) [0x0x2aa8fe]
	(No symbol) [0x0x2aac9b]
	(No symbol) [0x0x2f3052]
	(No symbol) [0x0x2cf4b4]
	(No symbol) [0x0x2f087a]
	(No symbol) [0x0x2cf266]
	(No symbol) [0x0x29e852]
	(No symbol) [0x0x29f6f4]
	GetHandleVerifier [0x0x694793+2619075]
	GetHandleVerifier [0x0x68fbaa+2599642]
	GetHandleVerifier [0x0x44b04a+221050]
	GetHandleVerifier [0x0x43b2c8+156152]
	GetHandleVerifier [0x0x441c7d+183213]
	GetHandleVerifier [0x0x42c388+94904]
	GetHandleVerifier [0x0x42c512+95298]
	GetHandleVerifier [0x0x41766a+9626]
	BaseThreadInitThunk [0x0x768ffcc9+25]
	RtlGetAppContainerNamedObjectPath [0x0x771582ae+286]
	RtlGetAppContainerNamedObjectPath [0x0x7715827e+238]

2025-07-21 16:45:46,249 - property_scraper - INFO - Selecting 'तिरंदाज' from dropdown 'village'
2025-07-21 16:45:46,387 - property_scraper - INFO - Saved screenshot before dropdown interaction: dropdown_debug/before_village_1753096546.png
2025-07-21 16:46:07,412 - property_scraper - ERROR - Error selecting option 'तिरंदाज' from dropdown 'village': Message: 
Stacktrace:
	GetHandleVerifier [0x0x4244a3+62419]
	GetHandleVerifier [0x0x4244e4+62484]
	(No symbol) [0x0x262133]
	(No symbol) [0x0x2aa8fe]
	(No symbol) [0x0x2aac9b]
	(No symbol) [0x0x2f3052]
	(No symbol) [0x0x2cf4b4]
	(No symbol) [0x0x2f087a]
	(No symbol) [0x0x2cf266]
	(No symbol) [0x0x29e852]
	(No symbol) [0x0x29f6f4]
	GetHandleVerifier [0x0x694793+2619075]
	GetHandleVerifier [0x0x68fbaa+2599642]
	GetHandleVerifier [0x0x44b04a+221050]
	GetHandleVerifier [0x0x43b2c8+156152]
	GetHandleVerifier [0x0x441c7d+183213]
	GetHandleVerifier [0x0x42c388+94904]
	GetHandleVerifier [0x0x42c512+95298]
	GetHandleVerifier [0x0x41766a+9626]
	BaseThreadInitThunk [0x0x768ffcc9+25]
	RtlGetAppContainerNamedObjectPath [0x0x771582ae+286]
	RtlGetAppContainerNamedObjectPath [0x0x7715827e+238]

2025-07-21 16:46:29,529 - property_scraper - INFO - Entered document number: 1
2025-07-21 16:46:29,530 - property_scraper - INFO - Processing combination: 1989_मुंबई_Mumbai_तिरंदाज_1
2025-07-21 16:46:29,531 - property_scraper - INFO - Processing: Year=1989, District=मुंबई, Taluka=Mumbai, Village=तिरंदाज, Doc#=1
2025-07-21 16:46:29,531 - property_scraper - INFO - Selecting '1989' from dropdown 'year'
2025-07-21 16:46:29,699 - property_scraper - INFO - Saved screenshot before dropdown interaction: dropdown_debug/before_year_1753096589.png
2025-07-21 16:46:50,831 - property_scraper - ERROR - Error selecting option '1989' from dropdown 'year': Message: 
Stacktrace:
	GetHandleVerifier [0x0x4244a3+62419]
	GetHandleVerifier [0x0x4244e4+62484]
	(No symbol) [0x0x262133]
	(No symbol) [0x0x2aa8fe]
	(No symbol) [0x0x2aac9b]
	(No symbol) [0x0x2f3052]
	(No symbol) [0x0x2cf4b4]
	(No symbol) [0x0x2f087a]
	(No symbol) [0x0x2cf266]
	(No symbol) [0x0x29e852]
	(No symbol) [0x0x29f6f4]
	GetHandleVerifier [0x0x694793+2619075]
	GetHandleVerifier [0x0x68fbaa+2599642]
	GetHandleVerifier [0x0x44b04a+221050]
	GetHandleVerifier [0x0x43b2c8+156152]
	GetHandleVerifier [0x0x441c7d+183213]
	GetHandleVerifier [0x0x42c388+94904]
	GetHandleVerifier [0x0x42c512+95298]
	GetHandleVerifier [0x0x41766a+9626]
	BaseThreadInitThunk [0x0x768ffcc9+25]
	RtlGetAppContainerNamedObjectPath [0x0x771582ae+286]
	RtlGetAppContainerNamedObjectPath [0x0x7715827e+238]

2025-07-21 16:46:50,831 - property_scraper - INFO - Selecting 'मुंबई' from dropdown 'district'
2025-07-21 16:46:51,007 - property_scraper - INFO - Saved screenshot before dropdown interaction: dropdown_debug/before_district_1753096610.png
2025-07-21 16:47:12,086 - property_scraper - ERROR - Error selecting option 'मुंबई' from dropdown 'district': Message: 
Stacktrace:
	GetHandleVerifier [0x0x4244a3+62419]
	GetHandleVerifier [0x0x4244e4+62484]
	(No symbol) [0x0x262133]
	(No symbol) [0x0x2aa8fe]
	(No symbol) [0x0x2aac9b]
	(No symbol) [0x0x2f3052]
	(No symbol) [0x0x2cf4b4]
	(No symbol) [0x0x2f087a]
	(No symbol) [0x0x2cf266]
	(No symbol) [0x0x29e852]
	(No symbol) [0x0x29f6f4]
	GetHandleVerifier [0x0x694793+2619075]
	GetHandleVerifier [0x0x68fbaa+2599642]
	GetHandleVerifier [0x0x44b04a+221050]
	GetHandleVerifier [0x0x43b2c8+156152]
	GetHandleVerifier [0x0x441c7d+183213]
	GetHandleVerifier [0x0x42c388+94904]
	GetHandleVerifier [0x0x42c512+95298]
	GetHandleVerifier [0x0x41766a+9626]
	BaseThreadInitThunk [0x0x768ffcc9+25]
	RtlGetAppContainerNamedObjectPath [0x0x771582ae+286]
	RtlGetAppContainerNamedObjectPath [0x0x7715827e+238]

2025-07-21 16:47:12,086 - property_scraper - INFO - Selecting 'Mumbai' from dropdown 'taluka'
2025-07-21 16:47:12,232 - property_scraper - INFO - Saved screenshot before dropdown interaction: dropdown_debug/before_taluka_1753096632.png
2025-07-21 16:47:33,264 - property_scraper - ERROR - Error selecting option 'Mumbai' from dropdown 'taluka': Message: 
Stacktrace:
	GetHandleVerifier [0x0x4244a3+62419]
	GetHandleVerifier [0x0x4244e4+62484]
	(No symbol) [0x0x262133]
	(No symbol) [0x0x2aa8fe]
	(No symbol) [0x0x2aac9b]
	(No symbol) [0x0x2f3052]
	(No symbol) [0x0x2cf4b4]
	(No symbol) [0x0x2f087a]
	(No symbol) [0x0x2cf266]
	(No symbol) [0x0x29e852]
	(No symbol) [0x0x29f6f4]
	GetHandleVerifier [0x0x694793+2619075]
	GetHandleVerifier [0x0x68fbaa+2599642]
	GetHandleVerifier [0x0x44b04a+221050]
	GetHandleVerifier [0x0x43b2c8+156152]
	GetHandleVerifier [0x0x441c7d+183213]
	GetHandleVerifier [0x0x42c388+94904]
	GetHandleVerifier [0x0x42c512+95298]
	GetHandleVerifier [0x0x41766a+9626]
	BaseThreadInitThunk [0x0x768ffcc9+25]
	RtlGetAppContainerNamedObjectPath [0x0x771582ae+286]
	RtlGetAppContainerNamedObjectPath [0x0x7715827e+238]

2025-07-21 16:47:33,264 - property_scraper - INFO - Selecting 'तिरंदाज' from dropdown 'village'
2025-07-21 16:47:33,386 - property_scraper - INFO - Saved screenshot before dropdown interaction: dropdown_debug/before_village_1753096653.png
2025-07-21 16:47:54,461 - property_scraper - ERROR - Error selecting option 'तिरंदाज' from dropdown 'village': Message: 
Stacktrace:
	GetHandleVerifier [0x0x4244a3+62419]
	GetHandleVerifier [0x0x4244e4+62484]
	(No symbol) [0x0x262133]
	(No symbol) [0x0x2aa8fe]
	(No symbol) [0x0x2aac9b]
	(No symbol) [0x0x2f3052]
	(No symbol) [0x0x2cf4b4]
	(No symbol) [0x0x2f087a]
	(No symbol) [0x0x2cf266]
	(No symbol) [0x0x29e852]
	(No symbol) [0x0x29f6f4]
	GetHandleVerifier [0x0x694793+2619075]
	GetHandleVerifier [0x0x68fbaa+2599642]
	GetHandleVerifier [0x0x44b04a+221050]
	GetHandleVerifier [0x0x43b2c8+156152]
	GetHandleVerifier [0x0x441c7d+183213]
	GetHandleVerifier [0x0x42c388+94904]
	GetHandleVerifier [0x0x42c512+95298]
	GetHandleVerifier [0x0x41766a+9626]
	BaseThreadInitThunk [0x0x768ffcc9+25]
	RtlGetAppContainerNamedObjectPath [0x0x771582ae+286]
	RtlGetAppContainerNamedObjectPath [0x0x7715827e+238]

2025-07-21 16:48:15,578 - property_scraper - INFO - Entered document number: 1
2025-07-21 16:48:15,578 - property_scraper - INFO - Looking for captcha...
2025-07-21 16:48:17,595 - property_scraper - INFO - Found district screenshot: dropdown_debug\after_district_1753096250.png
2025-07-21 16:48:17,595 - property_scraper - INFO - Using existing district screenshot for captcha extraction: dropdown_debug\after_district_1753096250.png
2025-07-21 16:48:17,595 - property_scraper - INFO - Extracting captcha from screenshot: dropdown_debug\after_district_1753096250.png
2025-07-21 16:48:17,606 - property_scraper - INFO - Image opened successfully: PNG, (782, 495), RGB
2025-07-21 16:48:17,611 - property_scraper - INFO - Saved captcha image to: captcha_extracts\captcha_after_district_1753096250.png
2025-07-21 16:48:17,921 - property_scraper - WARNING - OCR returned empty text
2025-07-21 16:48:17,921 - property_scraper - WARNING - Failed to extract captcha text from district screenshot
2025-07-21 16:48:17,921 - property_scraper - INFO - Using random captcha text as fallback: 4JL6VT
2025-07-21 16:48:19,016 - property_scraper - INFO - Cleared captcha input field
2025-07-21 16:48:20,379 - property_scraper - INFO - Entered captcha text: 4JL6VT
2025-07-21 16:48:22,663 - property_scraper - INFO - Clicked search button
2025-07-21 16:48:22,673 - property_scraper - INFO - Selecting 'All' entries per page from dropdown...
2025-07-21 16:48:33,205 - property_scraper - WARNING - Could not select entries per page: Message: 
Stacktrace:
	GetHandleVerifier [0x0x4244a3+62419]
	GetHandleVerifier [0x0x4244e4+62484]
	(No symbol) [0x0x262133]
	(No symbol) [0x0x2aa8fe]
	(No symbol) [0x0x2aac9b]
	(No symbol) [0x0x2f3052]
	(No symbol) [0x0x2cf4b4]
	(No symbol) [0x0x2f087a]
	(No symbol) [0x0x2cf266]
	(No symbol) [0x0x29e852]
	(No symbol) [0x0x29f6f4]
	GetHandleVerifier [0x0x694793+2619075]
	GetHandleVerifier [0x0x68fbaa+2599642]
	GetHandleVerifier [0x0x44b04a+221050]
	GetHandleVerifier [0x0x43b2c8+156152]
	GetHandleVerifier [0x0x441c7d+183213]
	GetHandleVerifier [0x0x42c388+94904]
	GetHandleVerifier [0x0x42c512+95298]
	GetHandleVerifier [0x0x41766a+9626]
	BaseThreadInitThunk [0x0x768ffcc9+25]
	RtlGetAppContainerNamedObjectPath [0x0x771582ae+286]
	RtlGetAppContainerNamedObjectPath [0x0x7715827e+238]

2025-07-21 16:48:33,205 - property_scraper - INFO - Looking for 'List No. 2' buttons in the search results table...
2025-07-21 16:48:43,458 - property_scraper - WARNING - No 'List No. 2' buttons found in the search results table
2025-07-21 16:48:43,459 - property_scraper - INFO - Successfully processed combination: 1989_मुंबई_Mumbai_तिरंदाज_1
2025-07-21 16:48:43,459 - property_scraper - INFO - Daily requests: 1/5
2025-07-21 16:48:43,459 - property_scraper - INFO - Waiting 3.78 seconds before next request...
2025-07-21 16:48:48,383 - property_scraper - INFO - Looking for available tasks...
2025-07-21 16:48:48,384 - property_scraper - INFO - No current task to continue. Need to get dropdown options from website.
2025-07-21 16:48:48,384 - property_scraper - INFO - No available tasks found. Getting dropdown options from website...
2025-07-21 16:48:48,526 - property_scraper - INFO - Saved screenshot before dropdown interactions: dropdown_debug/before_dropdowns_1753096728.png
2025-07-21 16:49:00,507 - property_scraper - INFO - Selected Year: 1994
2025-07-21 16:49:04,029 - property_scraper - INFO - Saved screenshot after year selection: dropdown_debug/after_year_1753096743.png
2025-07-21 16:49:15,345 - property_scraper - INFO - Selected District: मुंबई
2025-07-21 16:49:18,611 - property_scraper - INFO - Saved screenshot after district selection: dropdown_debug/after_district_1753096758.png
2025-07-21 16:49:29,210 - property_scraper - INFO - Selected Taluka: Mumbai
2025-07-21 16:49:32,462 - property_scraper - INFO - Saved screenshot after taluka selection: dropdown_debug/after_taluka_1753096772.png
2025-07-21 16:49:45,338 - property_scraper - INFO - Selected Village: कान्हेरी
2025-07-21 16:49:48,734 - property_scraper - INFO - Saved screenshot after village selection: dropdown_debug/after_village_1753096788.png
2025-07-21 16:49:48,735 - property_scraper - INFO - Processing combination: 1994_मुंबई_Mumbai_कान्हेरी_9
2025-07-21 16:49:48,736 - property_scraper - INFO - Processing: Year=1994, District=मुंबई, Taluka=Mumbai, Village=कान्हेरी, Doc#=9
2025-07-21 16:49:48,736 - property_scraper - INFO - Selecting '1994' from dropdown 'year'
2025-07-21 16:49:48,949 - property_scraper - INFO - Saved screenshot before dropdown interaction: dropdown_debug/before_year_1753096788.png
2025-07-21 16:50:10,035 - property_scraper - ERROR - Error selecting option '1994' from dropdown 'year': Message: 
Stacktrace:
	GetHandleVerifier [0x0x4244a3+62419]
	GetHandleVerifier [0x0x4244e4+62484]
	(No symbol) [0x0x262133]
	(No symbol) [0x0x2aa8fe]
	(No symbol) [0x0x2aac9b]
	(No symbol) [0x0x2f3052]
	(No symbol) [0x0x2cf4b4]
	(No symbol) [0x0x2f087a]
	(No symbol) [0x0x2cf266]
	(No symbol) [0x0x29e852]
	(No symbol) [0x0x29f6f4]
	GetHandleVerifier [0x0x694793+2619075]
	GetHandleVerifier [0x0x68fbaa+2599642]
	GetHandleVerifier [0x0x44b04a+221050]
	GetHandleVerifier [0x0x43b2c8+156152]
	GetHandleVerifier [0x0x441c7d+183213]
	GetHandleVerifier [0x0x42c388+94904]
	GetHandleVerifier [0x0x42c512+95298]
	GetHandleVerifier [0x0x41766a+9626]
	BaseThreadInitThunk [0x0x768ffcc9+25]
	RtlGetAppContainerNamedObjectPath [0x0x771582ae+286]
	RtlGetAppContainerNamedObjectPath [0x0x7715827e+238]

2025-07-21 16:50:10,035 - property_scraper - INFO - Selecting 'मुंबई' from dropdown 'district'
2025-07-21 16:50:10,161 - property_scraper - INFO - Saved screenshot before dropdown interaction: dropdown_debug/before_district_1753096810.png
2025-07-21 16:50:31,310 - property_scraper - ERROR - Error selecting option 'मुंबई' from dropdown 'district': Message: 
Stacktrace:
	GetHandleVerifier [0x0x4244a3+62419]
	GetHandleVerifier [0x0x4244e4+62484]
	(No symbol) [0x0x262133]
	(No symbol) [0x0x2aa8fe]
	(No symbol) [0x0x2aac9b]
	(No symbol) [0x0x2f3052]
	(No symbol) [0x0x2cf4b4]
	(No symbol) [0x0x2f087a]
	(No symbol) [0x0x2cf266]
	(No symbol) [0x0x29e852]
	(No symbol) [0x0x29f6f4]
	GetHandleVerifier [0x0x694793+2619075]
	GetHandleVerifier [0x0x68fbaa+2599642]
	GetHandleVerifier [0x0x44b04a+221050]
	GetHandleVerifier [0x0x43b2c8+156152]
	GetHandleVerifier [0x0x441c7d+183213]
	GetHandleVerifier [0x0x42c388+94904]
	GetHandleVerifier [0x0x42c512+95298]
	GetHandleVerifier [0x0x41766a+9626]
	BaseThreadInitThunk [0x0x768ffcc9+25]
	RtlGetAppContainerNamedObjectPath [0x0x771582ae+286]
	RtlGetAppContainerNamedObjectPath [0x0x7715827e+238]

2025-07-21 16:50:31,310 - property_scraper - INFO - Selecting 'Mumbai' from dropdown 'taluka'
2025-07-21 16:50:31,442 - property_scraper - INFO - Saved screenshot before dropdown interaction: dropdown_debug/before_taluka_1753096831.png
2025-07-21 16:50:52,520 - property_scraper - ERROR - Error selecting option 'Mumbai' from dropdown 'taluka': Message: 
Stacktrace:
	GetHandleVerifier [0x0x4244a3+62419]
	GetHandleVerifier [0x0x4244e4+62484]
	(No symbol) [0x0x262133]
	(No symbol) [0x0x2aa8fe]
	(No symbol) [0x0x2aac9b]
	(No symbol) [0x0x2f3052]
	(No symbol) [0x0x2cf4b4]
	(No symbol) [0x0x2f087a]
	(No symbol) [0x0x2cf266]
	(No symbol) [0x0x29e852]
	(No symbol) [0x0x29f6f4]
	GetHandleVerifier [0x0x694793+2619075]
	GetHandleVerifier [0x0x68fbaa+2599642]
	GetHandleVerifier [0x0x44b04a+221050]
	GetHandleVerifier [0x0x43b2c8+156152]
	GetHandleVerifier [0x0x441c7d+183213]
	GetHandleVerifier [0x0x42c388+94904]
	GetHandleVerifier [0x0x42c512+95298]
	GetHandleVerifier [0x0x41766a+9626]
	BaseThreadInitThunk [0x0x768ffcc9+25]
	RtlGetAppContainerNamedObjectPath [0x0x771582ae+286]
	RtlGetAppContainerNamedObjectPath [0x0x7715827e+238]

2025-07-21 16:50:52,520 - property_scraper - INFO - Selecting 'कान्हेरी' from dropdown 'village'
2025-07-21 16:50:52,645 - property_scraper - INFO - Saved screenshot before dropdown interaction: dropdown_debug/before_village_1753096852.png
2025-07-21 16:51:13,752 - property_scraper - ERROR - Error selecting option 'कान्हेरी' from dropdown 'village': Message: 
Stacktrace:
	GetHandleVerifier [0x0x4244a3+62419]
	GetHandleVerifier [0x0x4244e4+62484]
	(No symbol) [0x0x262133]
	(No symbol) [0x0x2aa8fe]
	(No symbol) [0x0x2aac9b]
	(No symbol) [0x0x2f3052]
	(No symbol) [0x0x2cf4b4]
	(No symbol) [0x0x2f087a]
	(No symbol) [0x0x2cf266]
	(No symbol) [0x0x29e852]
	(No symbol) [0x0x29f6f4]
	GetHandleVerifier [0x0x694793+2619075]
	GetHandleVerifier [0x0x68fbaa+2599642]
	GetHandleVerifier [0x0x44b04a+221050]
	GetHandleVerifier [0x0x43b2c8+156152]
	GetHandleVerifier [0x0x441c7d+183213]
	GetHandleVerifier [0x0x42c388+94904]
	GetHandleVerifier [0x0x42c512+95298]
	GetHandleVerifier [0x0x41766a+9626]
	BaseThreadInitThunk [0x0x768ffcc9+25]
	RtlGetAppContainerNamedObjectPath [0x0x771582ae+286]
	RtlGetAppContainerNamedObjectPath [0x0x7715827e+238]

2025-07-21 16:51:34,865 - property_scraper - INFO - Entered document number: 9
2025-07-21 16:51:34,865 - property_scraper - INFO - Looking for captcha...
2025-07-21 16:51:36,883 - property_scraper - INFO - Found district screenshot: dropdown_debug\after_district_1753096758.png
2025-07-21 16:51:36,883 - property_scraper - INFO - Using existing district screenshot for captcha extraction: dropdown_debug\after_district_1753096758.png
2025-07-21 16:51:36,884 - property_scraper - INFO - Extracting captcha from screenshot: dropdown_debug\after_district_1753096758.png
2025-07-21 16:51:36,890 - property_scraper - INFO - Image opened successfully: PNG, (782, 495), RGB
2025-07-21 16:51:36,895 - property_scraper - INFO - Saved captcha image to: captcha_extracts\captcha_after_district_1753096758.png
2025-07-21 16:51:37,062 - property_scraper - WARNING - OCR returned empty text
2025-07-21 16:51:37,063 - property_scraper - WARNING - Failed to extract captcha text from district screenshot
2025-07-21 16:51:37,063 - property_scraper - INFO - Using random captcha text as fallback: OV9N2G
2025-07-21 16:51:38,189 - property_scraper - INFO - Cleared captcha input field
2025-07-21 16:51:39,545 - property_scraper - INFO - Entered captcha text: OV9N2G
2025-07-21 16:51:42,955 - property_scraper - INFO - Clicked search button
2025-07-21 16:51:42,967 - property_scraper - INFO - Selecting 'All' entries per page from dropdown...
2025-07-21 16:51:53,522 - property_scraper - WARNING - Could not select entries per page: Message: 
Stacktrace:
	GetHandleVerifier [0x0x4244a3+62419]
	GetHandleVerifier [0x0x4244e4+62484]
	(No symbol) [0x0x262133]
	(No symbol) [0x0x2aa8fe]
	(No symbol) [0x0x2aac9b]
	(No symbol) [0x0x2f3052]
	(No symbol) [0x0x2cf4b4]
	(No symbol) [0x0x2f087a]
	(No symbol) [0x0x2cf266]
	(No symbol) [0x0x29e852]
	(No symbol) [0x0x29f6f4]
	GetHandleVerifier [0x0x694793+2619075]
	GetHandleVerifier [0x0x68fbaa+2599642]
	GetHandleVerifier [0x0x44b04a+221050]
	GetHandleVerifier [0x0x43b2c8+156152]
	GetHandleVerifier [0x0x441c7d+183213]
	GetHandleVerifier [0x0x42c388+94904]
	GetHandleVerifier [0x0x42c512+95298]
	GetHandleVerifier [0x0x41766a+9626]
	BaseThreadInitThunk [0x0x768ffcc9+25]
	RtlGetAppContainerNamedObjectPath [0x0x771582ae+286]
	RtlGetAppContainerNamedObjectPath [0x0x7715827e+238]

2025-07-21 16:51:53,522 - property_scraper - INFO - Looking for 'List No. 2' buttons in the search results table...
