2025-07-22 12:47:51,957 - property_scraper - INFO - Instance ID: local_83a79c75
2025-07-22 12:47:51,958 - property_scraper - INFO - Tesseract path set to: C:\Program Files\Tesseract-OCR\tesseract.exe
2025-07-22 12:47:51,959 - property_scraper - INFO - Running property scraper
2025-07-22 12:47:51,959 - property_scraper - INFO - Starting property scraper...
2025-07-22 12:47:51,959 - property_scraper - INFO - Instance ID: local_83a79c75
2025-07-22 12:47:51,959 - property_scraper - INFO - Setting up Chrome WebDriver...
2025-07-22 12:47:52,087 - property_scraper - INFO - Using user agent: Mozilla/5.0 (Windows NT 10.0; Win64; x64; rv:89.0) Gecko/20100101 Firefox/89.0
2025-07-22 12:47:52,087 - property_scraper - INFO - Creating Chrome driver using undetected_chromedriver with enhanced settings
2025-07-22 12:47:53,486 - property_scraper - INFO - Chrome WebDriver set up successfully
2025-07-22 12:47:53,487 - property_scraper - INFO - Navigating to https://pay2igr.igrmaharashtra.gov.in/eDisplay/Propertydetails/index
2025-07-22 12:48:00,184 - property_scraper - INFO - Saved initial page screenshot to captcha_debug/initial_page_1753168680.png
2025-07-22 12:48:01,337 - property_scraper - INFO - Looking for available tasks...
2025-07-22 12:48:01,337 - property_scraper - INFO - No current task to continue. Need to get dropdown options from website.
2025-07-22 12:48:01,337 - property_scraper - INFO - No available tasks found. Getting dropdown options from website...
2025-07-22 12:48:01,485 - property_scraper - INFO - Saved screenshot before dropdown interactions: dropdown_debug/before_dropdowns_1753168681.png
2025-07-22 12:48:12,690 - property_scraper - INFO - Selected Year: 1994
2025-07-22 12:48:15,968 - property_scraper - INFO - Saved screenshot after year selection: dropdown_debug/after_year_1753168695.png
2025-07-22 12:48:27,224 - property_scraper - INFO - Selected District: मुंबई
2025-07-22 12:48:30,484 - property_scraper - INFO - Saved screenshot after district selection: dropdown_debug/after_district_1753168710.png
2025-07-22 12:48:41,102 - property_scraper - INFO - Selected Taluka: Mumbai
2025-07-22 12:48:44,319 - property_scraper - INFO - Saved screenshot after taluka selection: dropdown_debug/after_taluka_1753168724.png
2025-07-22 12:48:57,107 - property_scraper - INFO - Selected Village: मांडवी
2025-07-22 12:49:00,336 - property_scraper - INFO - Saved screenshot after village selection: dropdown_debug/after_village_1753168740.png
2025-07-22 12:49:00,337 - property_scraper - INFO - Processing combination: 1994_मुंबई_Mumbai_मांडवी_2
2025-07-22 12:49:00,337 - property_scraper - INFO - Processing: Year=1994, District=मुंबई, Taluka=Mumbai, Village=मांडवी, Doc#=2
2025-07-22 12:49:00,338 - property_scraper - INFO - Selecting '1994' from dropdown 'year'
2025-07-22 12:49:00,454 - property_scraper - INFO - Saved screenshot before dropdown interaction: dropdown_debug/before_year_1753168740.png
2025-07-22 12:49:21,580 - property_scraper - ERROR - Error selecting option '1994' from dropdown 'year': Message: 
Stacktrace:
	GetHandleVerifier [0x0x4244a3+62419]
	GetHandleVerifier [0x0x4244e4+62484]
	(No symbol) [0x0x262133]
	(No symbol) [0x0x2aa8fe]
	(No symbol) [0x0x2aac9b]
	(No symbol) [0x0x2f3052]
	(No symbol) [0x0x2cf4b4]
	(No symbol) [0x0x2f087a]
	(No symbol) [0x0x2cf266]
	(No symbol) [0x0x29e852]
	(No symbol) [0x0x29f6f4]
	GetHandleVerifier [0x0x694793+2619075]
	GetHandleVerifier [0x0x68fbaa+2599642]
	GetHandleVerifier [0x0x44b04a+221050]
	GetHandleVerifier [0x0x43b2c8+156152]
	GetHandleVerifier [0x0x441c7d+183213]
	GetHandleVerifier [0x0x42c388+94904]
	GetHandleVerifier [0x0x42c512+95298]
	GetHandleVerifier [0x0x41766a+9626]
	BaseThreadInitThunk [0x0x768ffcc9+25]
	RtlGetAppContainerNamedObjectPath [0x0x771582ae+286]
	RtlGetAppContainerNamedObjectPath [0x0x7715827e+238]

2025-07-22 12:49:21,580 - property_scraper - ERROR - Failed to select year: 1994
2025-07-22 12:49:21,581 - property_scraper - INFO - Retrying with a new session...
2025-07-22 12:49:21,582 - property_scraper - INFO - Processing: Year=1994, District=मुंबई, Taluka=Mumbai, Village=मांडवी, Doc#=2
2025-07-22 12:49:21,583 - property_scraper - INFO - Selecting '1994' from dropdown 'year'
2025-07-22 12:49:21,729 - property_scraper - INFO - Saved screenshot before dropdown interaction: dropdown_debug/before_year_1753168761.png
2025-07-22 12:49:42,786 - property_scraper - ERROR - Error selecting option '1994' from dropdown 'year': Message: 
Stacktrace:
	GetHandleVerifier [0x0x4244a3+62419]
	GetHandleVerifier [0x0x4244e4+62484]
	(No symbol) [0x0x262133]
	(No symbol) [0x0x2aa8fe]
	(No symbol) [0x0x2aac9b]
	(No symbol) [0x0x2f3052]
	(No symbol) [0x0x2cf4b4]
	(No symbol) [0x0x2f087a]
	(No symbol) [0x0x2cf266]
	(No symbol) [0x0x29e852]
	(No symbol) [0x0x29f6f4]
	GetHandleVerifier [0x0x694793+2619075]
	GetHandleVerifier [0x0x68fbaa+2599642]
	GetHandleVerifier [0x0x44b04a+221050]
	GetHandleVerifier [0x0x43b2c8+156152]
	GetHandleVerifier [0x0x441c7d+183213]
	GetHandleVerifier [0x0x42c388+94904]
	GetHandleVerifier [0x0x42c512+95298]
	GetHandleVerifier [0x0x41766a+9626]
	BaseThreadInitThunk [0x0x768ffcc9+25]
	RtlGetAppContainerNamedObjectPath [0x0x771582ae+286]
	RtlGetAppContainerNamedObjectPath [0x0x7715827e+238]

2025-07-22 12:49:42,788 - property_scraper - ERROR - Failed to select year: 1994
2025-07-22 12:49:42,788 - property_scraper - ERROR - Failed to process combination 1994_मुंबई_Mumbai_मांडवी_2 after retry. Skipping.
2025-07-22 12:49:44,141 - property_scraper - INFO - Looking for available tasks...
2025-07-22 12:49:44,141 - property_scraper - INFO - Continuing with previous task: 1994_मुंबई_Mumbai_मांडवी_2
2025-07-22 12:49:44,141 - property_scraper - INFO - Found available task: 1994_मुंबई_Mumbai_मांडवी_2
2025-07-22 12:49:44,141 - property_scraper - INFO - Selecting '1994' from dropdown 'year'
2025-07-22 12:49:44,289 - property_scraper - INFO - Saved screenshot before dropdown interaction: dropdown_debug/before_year_1753168784.png
2025-07-22 12:50:05,365 - property_scraper - ERROR - Error selecting option '1994' from dropdown 'year': Message: 
Stacktrace:
	GetHandleVerifier [0x0x4244a3+62419]
	GetHandleVerifier [0x0x4244e4+62484]
	(No symbol) [0x0x262133]
	(No symbol) [0x0x2aa8fe]
	(No symbol) [0x0x2aac9b]
	(No symbol) [0x0x2f3052]
	(No symbol) [0x0x2cf4b4]
	(No symbol) [0x0x2f087a]
	(No symbol) [0x0x2cf266]
	(No symbol) [0x0x29e852]
	(No symbol) [0x0x29f6f4]
	GetHandleVerifier [0x0x694793+2619075]
	GetHandleVerifier [0x0x68fbaa+2599642]
	GetHandleVerifier [0x0x44b04a+221050]
	GetHandleVerifier [0x0x43b2c8+156152]
	GetHandleVerifier [0x0x441c7d+183213]
	GetHandleVerifier [0x0x42c388+94904]
	GetHandleVerifier [0x0x42c512+95298]
	GetHandleVerifier [0x0x41766a+9626]
	BaseThreadInitThunk [0x0x768ffcc9+25]
	RtlGetAppContainerNamedObjectPath [0x0x771582ae+286]
	RtlGetAppContainerNamedObjectPath [0x0x7715827e+238]

2025-07-22 12:50:06,367 - property_scraper - INFO - Selecting 'मुंबई' from dropdown 'district'
2025-07-22 12:50:06,525 - property_scraper - INFO - Saved screenshot before dropdown interaction: dropdown_debug/before_district_1753168806.png
2025-07-22 12:50:09,678 - property_scraper - ERROR - Error selecting option 'मुंबई' from dropdown 'district': Message: invalid session id: session deleted as the browser has closed the connection
from disconnected: unable to send message to renderer
  (Session info: chrome=138.0.7204.158)
Stacktrace:
	GetHandleVerifier [0x0x4244a3+62419]
	GetHandleVerifier [0x0x4244e4+62484]
	(No symbol) [0x0x262133]
	(No symbol) [0x0x2520c0]
	(No symbol) [0x0x252046]
	(No symbol) [0x0x250963]
	(No symbol) [0x0x25162d]
	(No symbol) [0x0x266cc7]
	(No symbol) [0x0x26745b]
	(No symbol) [0x0x26ac7a]
	(No symbol) [0x0x26acf7]
	(No symbol) [0x0x2aa194]
	(No symbol) [0x0x2aac9b]
	(No symbol) [0x0x2f3052]
	(No symbol) [0x0x2cf4b4]
	(No symbol) [0x0x2f087a]
	(No symbol) [0x0x2cf266]
	(No symbol) [0x0x29e852]
	(No symbol) [0x0x29f6f4]
	GetHandleVerifier [0x0x694793+2619075]
	GetHandleVerifier [0x0x68fbaa+2599642]
	GetHandleVerifier [0x0x44b04a+221050]
	GetHandleVerifier [0x0x43b2c8+156152]
	GetHandleVerifier [0x0x441c7d+183213]
	GetHandleVerifier [0x0x42c388+94904]
	GetHandleVerifier [0x0x42c512+95298]
	GetHandleVerifier [0x0x41766a+9626]
	BaseThreadInitThunk [0x0x768ffcc9+25]
	RtlGetAppContainerNamedObjectPath [0x0x771582ae+286]
	RtlGetAppContainerNamedObjectPath [0x0x7715827e+238]

2025-07-22 12:50:09,683 - property_scraper - ERROR - Failed to select district: मुंबई
2025-07-22 12:50:09,689 - property_scraper - ERROR - Error in main run loop: Message: invalid session id
Stacktrace:
	GetHandleVerifier [0x0x4244a3+62419]
	GetHandleVerifier [0x0x4244e4+62484]
	(No symbol) [0x0x261f90]
	(No symbol) [0x0x29db48]
	(No symbol) [0x0x2cf326]
	(No symbol) [0x0x2caf15]
	(No symbol) [0x0x2ca496]
	(No symbol) [0x0x233a45]
	(No symbol) [0x0x233f9e]
	(No symbol) [0x0x23442d]
	GetHandleVerifier [0x0x694793+2619075]
	GetHandleVerifier [0x0x68fbaa+2599642]
	GetHandleVerifier [0x0x44b04a+221050]
	GetHandleVerifier [0x0x43b2c8+156152]
	GetHandleVerifier [0x0x441c7d+183213]
	(No symbol) [0x0x233710]
	(No symbol) [0x0x232f1d]
	GetHandleVerifier [0x0x7c8aec+3881500]
	BaseThreadInitThunk [0x0x768ffcc9+25]
	RtlGetAppContainerNamedObjectPath [0x0x771582ae+286]
	RtlGetAppContainerNamedObjectPath [0x0x7715827e+238]

2025-07-22 12:50:10,271 - uc - INFO - ensuring close
