2025-07-22 13:45:34,449 - property_scraper - INFO - Instance ID: local_d9003866
2025-07-22 13:45:34,449 - property_scraper - INFO - Tesseract path set to: C:\Program Files\Tesseract-OCR\tesseract.exe
2025-07-22 13:45:34,450 - property_scraper - INFO - Running property scraper
2025-07-22 13:45:34,451 - property_scraper - INFO - Starting property scraper...
2025-07-22 13:45:34,451 - property_scraper - INFO - Instance ID: local_d9003866
2025-07-22 13:45:34,451 - property_scraper - INFO - Setting up Chrome WebDriver...
2025-07-22 13:45:34,651 - property_scraper - INFO - Using user agent: Mozilla/5.0 (X11; Linux x86_64) AppleWebKit/537.36 (KHTML, like Gecko) Chrome/91.0.4472.124 Safari/537.36
2025-07-22 13:45:34,651 - property_scraper - INFO - Creating Chrome driver using undetected_chromedriver with enhanced settings
2025-07-22 13:45:36,258 - property_scraper - INFO - Chrome WebDriver set up successfully
2025-07-22 13:45:36,259 - property_scraper - INFO - Navigating to https://pay2igr.igrmaharashtra.gov.in/eDisplay/Propertydetails/index
2025-07-22 13:45:42,830 - property_scraper - INFO - Saved initial page screenshot to captcha_debug/initial_page_1753172142.png
2025-07-22 13:45:44,109 - property_scraper - INFO - Looking for available tasks...
2025-07-22 13:45:44,109 - property_scraper - INFO - No current task to continue. Need to get dropdown options from website.
2025-07-22 13:45:44,110 - property_scraper - INFO - No available tasks found. Getting dropdown options from website...
2025-07-22 13:45:44,269 - property_scraper - INFO - Saved screenshot before dropdown interactions: dropdown_debug/before_dropdowns_1753172144.png
2025-07-22 13:45:55,537 - property_scraper - INFO - Selected Year: 1995
2025-07-22 13:45:58,838 - property_scraper - INFO - Saved screenshot after year selection: dropdown_debug/after_year_1753172158.png
2025-07-22 13:46:10,091 - property_scraper - INFO - Selected District: मुंबई
2025-07-22 13:46:13,396 - property_scraper - INFO - Saved screenshot after district selection: dropdown_debug/after_district_1753172173.png
2025-07-22 13:46:23,962 - property_scraper - INFO - Selected Taluka: Mumbai
2025-07-22 13:46:27,270 - property_scraper - INFO - Saved screenshot after taluka selection: dropdown_debug/after_taluka_1753172187.png
2025-07-22 13:46:40,181 - property_scraper - INFO - Selected Village: कोपरी
2025-07-22 13:46:43,711 - property_scraper - INFO - Saved screenshot after village selection: dropdown_debug/after_village_1753172203.png
2025-07-22 13:46:43,711 - property_scraper - INFO - Processing combination: 1995_मुंबई_Mumbai_कोपरी_2
2025-07-22 13:46:43,712 - property_scraper - INFO - Processing: Year=1995, District=मुंबई, Taluka=Mumbai, Village=कोपरी, Doc#=2
2025-07-22 13:46:43,712 - property_scraper - INFO - Getting current dropdown selections
2025-07-22 13:46:43,734 - property_scraper - INFO - Current dropdown selections: {'year': None, 'district': None, 'taluka': None, 'village': None}
2025-07-22 13:46:43,734 - property_scraper - INFO - Need to select year: 1995 (current: None)
2025-07-22 13:46:43,734 - property_scraper - INFO - Need to select district: मुंबई (current: None)
2025-07-22 13:46:43,734 - property_scraper - INFO - Need to select taluka: Mumbai (current: None)
2025-07-22 13:46:43,734 - property_scraper - INFO - Need to select village: कोपरी (current: None)
2025-07-22 13:46:43,734 - property_scraper - INFO - Some dropdown selections need to be updated. Navigating to main page...
2025-07-22 13:46:48,273 - property_scraper - INFO - Selecting '1995' from dropdown 'year'
2025-07-22 13:46:48,427 - property_scraper - INFO - Saved screenshot before dropdown interaction: dropdown_debug/before_year_1753172208.png
2025-07-22 13:46:48,433 - property_scraper - WARNING - Page appears to have changed or refreshed. Reloading...
2025-07-22 13:46:52,683 - property_scraper - INFO - Using special handling for year dropdown
2025-07-22 13:46:52,683 - property_scraper - INFO - Using specialized year selection method for year: 1995
2025-07-22 13:46:52,683 - property_scraper - INFO - Approach 1: Direct XPath selection
2025-07-22 13:47:03,233 - property_scraper - WARNING - Approach 1 failed: Message: 
Stacktrace:
	GetHandleVerifier [0x0x4244a3+62419]
	GetHandleVerifier [0x0x4244e4+62484]
	(No symbol) [0x0x262133]
	(No symbol) [0x0x2aa8fe]
	(No symbol) [0x0x2aac9b]
	(No symbol) [0x0x2f3052]
	(No symbol) [0x0x2cf4b4]
	(No symbol) [0x0x2f087a]
	(No symbol) [0x0x2cf266]
	(No symbol) [0x0x29e852]
	(No symbol) [0x0x29f6f4]
	GetHandleVerifier [0x0x694793+2619075]
	GetHandleVerifier [0x0x68fbaa+2599642]
	GetHandleVerifier [0x0x44b04a+221050]
	GetHandleVerifier [0x0x43b2c8+156152]
	GetHandleVerifier [0x0x441c7d+183213]
	GetHandleVerifier [0x0x42c388+94904]
	GetHandleVerifier [0x0x42c512+95298]
	GetHandleVerifier [0x0x41766a+9626]
	BaseThreadInitThunk [0x0x768ffcc9+25]
	RtlGetAppContainerNamedObjectPath [0x0x771582ae+286]
	RtlGetAppContainerNamedObjectPath [0x0x7715827e+238]

2025-07-22 13:47:03,233 - property_scraper - INFO - Approach 2: Select class with explicit wait
2025-07-22 13:47:13,765 - property_scraper - WARNING - Approach 2 failed: Message: 
Stacktrace:
	GetHandleVerifier [0x0x4244a3+62419]
	GetHandleVerifier [0x0x4244e4+62484]
	(No symbol) [0x0x262133]
	(No symbol) [0x0x2aa8fe]
	(No symbol) [0x0x2aac9b]
	(No symbol) [0x0x2f3052]
	(No symbol) [0x0x2cf4b4]
	(No symbol) [0x0x2f087a]
	(No symbol) [0x0x2cf266]
	(No symbol) [0x0x29e852]
	(No symbol) [0x0x29f6f4]
	GetHandleVerifier [0x0x694793+2619075]
	GetHandleVerifier [0x0x68fbaa+2599642]
	GetHandleVerifier [0x0x44b04a+221050]
	GetHandleVerifier [0x0x43b2c8+156152]
	GetHandleVerifier [0x0x441c7d+183213]
	GetHandleVerifier [0x0x42c388+94904]
	GetHandleVerifier [0x0x42c512+95298]
	GetHandleVerifier [0x0x41766a+9626]
	BaseThreadInitThunk [0x0x768ffcc9+25]
	RtlGetAppContainerNamedObjectPath [0x0x771582ae+286]
	RtlGetAppContainerNamedObjectPath [0x0x7715827e+238]

2025-07-22 13:47:13,765 - property_scraper - INFO - Approach 3: Pure JavaScript approach
2025-07-22 13:47:13,772 - property_scraper - WARNING - Approach 3 failed: Message: javascript error: Cannot read properties of null (reading 'options')
  (Session info: chrome=138.0.7204.158)
Stacktrace:
	GetHandleVerifier [0x0x4244a3+62419]
	GetHandleVerifier [0x0x4244e4+62484]
	(No symbol) [0x0x262133]
	(No symbol) [0x0x268909]
	(No symbol) [0x0x26aec3]
	(No symbol) [0x0x2f1874]
	(No symbol) [0x0x2cf46c]
	(No symbol) [0x0x2f087a]
	(No symbol) [0x0x2cf266]
	(No symbol) [0x0x29e852]
	(No symbol) [0x0x29f6f4]
	GetHandleVerifier [0x0x694793+2619075]
	GetHandleVerifier [0x0x68fbaa+2599642]
	GetHandleVerifier [0x0x44b04a+221050]
	GetHandleVerifier [0x0x43b2c8+156152]
	GetHandleVerifier [0x0x441c7d+183213]
	GetHandleVerifier [0x0x42c388+94904]
	GetHandleVerifier [0x0x42c512+95298]
	GetHandleVerifier [0x0x41766a+9626]
	BaseThreadInitThunk [0x0x768ffcc9+25]
	RtlGetAppContainerNamedObjectPath [0x0x771582ae+286]
	RtlGetAppContainerNamedObjectPath [0x0x7715827e+238]

2025-07-22 13:47:13,772 - property_scraper - INFO - Approach 4: ActionChains approach
2025-07-22 13:47:24,300 - property_scraper - WARNING - Approach 4 failed: Message: 
Stacktrace:
	GetHandleVerifier [0x0x4244a3+62419]
	GetHandleVerifier [0x0x4244e4+62484]
	(No symbol) [0x0x262133]
	(No symbol) [0x0x2aa8fe]
	(No symbol) [0x0x2aac9b]
	(No symbol) [0x0x2f3052]
	(No symbol) [0x0x2cf4b4]
	(No symbol) [0x0x2f087a]
	(No symbol) [0x0x2cf266]
	(No symbol) [0x0x29e852]
	(No symbol) [0x0x29f6f4]
	GetHandleVerifier [0x0x694793+2619075]
	GetHandleVerifier [0x0x68fbaa+2599642]
	GetHandleVerifier [0x0x44b04a+221050]
	GetHandleVerifier [0x0x43b2c8+156152]
	GetHandleVerifier [0x0x441c7d+183213]
	GetHandleVerifier [0x0x42c388+94904]
	GetHandleVerifier [0x0x42c512+95298]
	GetHandleVerifier [0x0x41766a+9626]
	BaseThreadInitThunk [0x0x768ffcc9+25]
	RtlGetAppContainerNamedObjectPath [0x0x771582ae+286]
	RtlGetAppContainerNamedObjectPath [0x0x7715827e+238]

2025-07-22 13:47:24,300 - property_scraper - INFO - Approach 5: Advanced DOM manipulation with mutation observer
2025-07-22 13:47:24,306 - property_scraper - INFO - Approach 5 result: False
2025-07-22 13:47:24,307 - property_scraper - INFO - All approaches failed. Refreshing page and retrying... (2 retries left)
2025-07-22 13:47:28,620 - property_scraper - INFO - Using specialized year selection method for year: 1995
2025-07-22 13:47:28,620 - property_scraper - INFO - Approach 1: Direct XPath selection
2025-07-22 13:47:39,183 - property_scraper - WARNING - Approach 1 failed: Message: 
Stacktrace:
	GetHandleVerifier [0x0x4244a3+62419]
	GetHandleVerifier [0x0x4244e4+62484]
	(No symbol) [0x0x262133]
	(No symbol) [0x0x2aa8fe]
	(No symbol) [0x0x2aac9b]
	(No symbol) [0x0x2f3052]
	(No symbol) [0x0x2cf4b4]
	(No symbol) [0x0x2f087a]
	(No symbol) [0x0x2cf266]
	(No symbol) [0x0x29e852]
	(No symbol) [0x0x29f6f4]
	GetHandleVerifier [0x0x694793+2619075]
	GetHandleVerifier [0x0x68fbaa+2599642]
	GetHandleVerifier [0x0x44b04a+221050]
	GetHandleVerifier [0x0x43b2c8+156152]
	GetHandleVerifier [0x0x441c7d+183213]
	GetHandleVerifier [0x0x42c388+94904]
	GetHandleVerifier [0x0x42c512+95298]
	GetHandleVerifier [0x0x41766a+9626]
	BaseThreadInitThunk [0x0x768ffcc9+25]
	RtlGetAppContainerNamedObjectPath [0x0x771582ae+286]
	RtlGetAppContainerNamedObjectPath [0x0x7715827e+238]

2025-07-22 13:47:39,183 - property_scraper - INFO - Approach 2: Select class with explicit wait
2025-07-22 13:47:49,710 - property_scraper - WARNING - Approach 2 failed: Message: 
Stacktrace:
	GetHandleVerifier [0x0x4244a3+62419]
	GetHandleVerifier [0x0x4244e4+62484]
	(No symbol) [0x0x262133]
	(No symbol) [0x0x2aa8fe]
	(No symbol) [0x0x2aac9b]
	(No symbol) [0x0x2f3052]
	(No symbol) [0x0x2cf4b4]
	(No symbol) [0x0x2f087a]
	(No symbol) [0x0x2cf266]
	(No symbol) [0x0x29e852]
	(No symbol) [0x0x29f6f4]
	GetHandleVerifier [0x0x694793+2619075]
	GetHandleVerifier [0x0x68fbaa+2599642]
	GetHandleVerifier [0x0x44b04a+221050]
	GetHandleVerifier [0x0x43b2c8+156152]
	GetHandleVerifier [0x0x441c7d+183213]
	GetHandleVerifier [0x0x42c388+94904]
	GetHandleVerifier [0x0x42c512+95298]
	GetHandleVerifier [0x0x41766a+9626]
	BaseThreadInitThunk [0x0x768ffcc9+25]
	RtlGetAppContainerNamedObjectPath [0x0x771582ae+286]
	RtlGetAppContainerNamedObjectPath [0x0x7715827e+238]

2025-07-22 13:47:49,710 - property_scraper - INFO - Approach 3: Pure JavaScript approach
2025-07-22 13:47:49,717 - property_scraper - WARNING - Approach 3 failed: Message: javascript error: Cannot read properties of null (reading 'options')
  (Session info: chrome=138.0.7204.158)
Stacktrace:
	GetHandleVerifier [0x0x4244a3+62419]
	GetHandleVerifier [0x0x4244e4+62484]
	(No symbol) [0x0x262133]
	(No symbol) [0x0x268909]
	(No symbol) [0x0x26aec3]
	(No symbol) [0x0x2f1874]
	(No symbol) [0x0x2cf46c]
	(No symbol) [0x0x2f087a]
	(No symbol) [0x0x2cf266]
	(No symbol) [0x0x29e852]
	(No symbol) [0x0x29f6f4]
	GetHandleVerifier [0x0x694793+2619075]
	GetHandleVerifier [0x0x68fbaa+2599642]
	GetHandleVerifier [0x0x44b04a+221050]
	GetHandleVerifier [0x0x43b2c8+156152]
	GetHandleVerifier [0x0x441c7d+183213]
	GetHandleVerifier [0x0x42c388+94904]
	GetHandleVerifier [0x0x42c512+95298]
	GetHandleVerifier [0x0x41766a+9626]
	BaseThreadInitThunk [0x0x768ffcc9+25]
	RtlGetAppContainerNamedObjectPath [0x0x771582ae+286]
	RtlGetAppContainerNamedObjectPath [0x0x7715827e+238]

2025-07-22 13:47:49,717 - property_scraper - INFO - Approach 4: ActionChains approach
2025-07-22 13:48:00,231 - property_scraper - WARNING - Approach 4 failed: Message: 
Stacktrace:
	GetHandleVerifier [0x0x4244a3+62419]
	GetHandleVerifier [0x0x4244e4+62484]
	(No symbol) [0x0x262133]
	(No symbol) [0x0x2aa8fe]
	(No symbol) [0x0x2aac9b]
	(No symbol) [0x0x2f3052]
	(No symbol) [0x0x2cf4b4]
	(No symbol) [0x0x2f087a]
	(No symbol) [0x0x2cf266]
	(No symbol) [0x0x29e852]
	(No symbol) [0x0x29f6f4]
	GetHandleVerifier [0x0x694793+2619075]
	GetHandleVerifier [0x0x68fbaa+2599642]
	GetHandleVerifier [0x0x44b04a+221050]
	GetHandleVerifier [0x0x43b2c8+156152]
	GetHandleVerifier [0x0x441c7d+183213]
	GetHandleVerifier [0x0x42c388+94904]
	GetHandleVerifier [0x0x42c512+95298]
	GetHandleVerifier [0x0x41766a+9626]
	BaseThreadInitThunk [0x0x768ffcc9+25]
	RtlGetAppContainerNamedObjectPath [0x0x771582ae+286]
	RtlGetAppContainerNamedObjectPath [0x0x7715827e+238]

2025-07-22 13:48:00,231 - property_scraper - INFO - Approach 5: Advanced DOM manipulation with mutation observer
2025-07-22 13:48:00,237 - property_scraper - INFO - Approach 5 result: False
2025-07-22 13:48:00,237 - property_scraper - INFO - All approaches failed. Refreshing page and retrying... (1 retries left)
2025-07-22 13:48:04,622 - property_scraper - INFO - Using specialized year selection method for year: 1995
2025-07-22 13:48:04,622 - property_scraper - INFO - Approach 1: Direct XPath selection
2025-07-22 13:48:15,172 - property_scraper - WARNING - Approach 1 failed: Message: 
Stacktrace:
	GetHandleVerifier [0x0x4244a3+62419]
	GetHandleVerifier [0x0x4244e4+62484]
	(No symbol) [0x0x262133]
	(No symbol) [0x0x2aa8fe]
	(No symbol) [0x0x2aac9b]
	(No symbol) [0x0x2f3052]
	(No symbol) [0x0x2cf4b4]
	(No symbol) [0x0x2f087a]
	(No symbol) [0x0x2cf266]
	(No symbol) [0x0x29e852]
	(No symbol) [0x0x29f6f4]
	GetHandleVerifier [0x0x694793+2619075]
	GetHandleVerifier [0x0x68fbaa+2599642]
	GetHandleVerifier [0x0x44b04a+221050]
	GetHandleVerifier [0x0x43b2c8+156152]
	GetHandleVerifier [0x0x441c7d+183213]
	GetHandleVerifier [0x0x42c388+94904]
	GetHandleVerifier [0x0x42c512+95298]
	GetHandleVerifier [0x0x41766a+9626]
	BaseThreadInitThunk [0x0x768ffcc9+25]
	RtlGetAppContainerNamedObjectPath [0x0x771582ae+286]
	RtlGetAppContainerNamedObjectPath [0x0x7715827e+238]

2025-07-22 13:48:15,172 - property_scraper - INFO - Approach 2: Select class with explicit wait
2025-07-22 13:48:25,729 - property_scraper - WARNING - Approach 2 failed: Message: 
Stacktrace:
	GetHandleVerifier [0x0x4244a3+62419]
	GetHandleVerifier [0x0x4244e4+62484]
	(No symbol) [0x0x262133]
	(No symbol) [0x0x2aa8fe]
	(No symbol) [0x0x2aac9b]
	(No symbol) [0x0x2f3052]
	(No symbol) [0x0x2cf4b4]
	(No symbol) [0x0x2f087a]
	(No symbol) [0x0x2cf266]
	(No symbol) [0x0x29e852]
	(No symbol) [0x0x29f6f4]
	GetHandleVerifier [0x0x694793+2619075]
	GetHandleVerifier [0x0x68fbaa+2599642]
	GetHandleVerifier [0x0x44b04a+221050]
	GetHandleVerifier [0x0x43b2c8+156152]
	GetHandleVerifier [0x0x441c7d+183213]
	GetHandleVerifier [0x0x42c388+94904]
	GetHandleVerifier [0x0x42c512+95298]
	GetHandleVerifier [0x0x41766a+9626]
	BaseThreadInitThunk [0x0x768ffcc9+25]
	RtlGetAppContainerNamedObjectPath [0x0x771582ae+286]
	RtlGetAppContainerNamedObjectPath [0x0x7715827e+238]

2025-07-22 13:48:25,729 - property_scraper - INFO - Approach 3: Pure JavaScript approach
2025-07-22 13:48:25,734 - property_scraper - WARNING - Approach 3 failed: Message: javascript error: Cannot read properties of null (reading 'options')
  (Session info: chrome=138.0.7204.158)
Stacktrace:
	GetHandleVerifier [0x0x4244a3+62419]
	GetHandleVerifier [0x0x4244e4+62484]
	(No symbol) [0x0x262133]
	(No symbol) [0x0x268909]
	(No symbol) [0x0x26aec3]
	(No symbol) [0x0x2f1874]
	(No symbol) [0x0x2cf46c]
	(No symbol) [0x0x2f087a]
	(No symbol) [0x0x2cf266]
	(No symbol) [0x0x29e852]
	(No symbol) [0x0x29f6f4]
	GetHandleVerifier [0x0x694793+2619075]
	GetHandleVerifier [0x0x68fbaa+2599642]
	GetHandleVerifier [0x0x44b04a+221050]
	GetHandleVerifier [0x0x43b2c8+156152]
	GetHandleVerifier [0x0x441c7d+183213]
	GetHandleVerifier [0x0x42c388+94904]
	GetHandleVerifier [0x0x42c512+95298]
	GetHandleVerifier [0x0x41766a+9626]
	BaseThreadInitThunk [0x0x768ffcc9+25]
	RtlGetAppContainerNamedObjectPath [0x0x771582ae+286]
	RtlGetAppContainerNamedObjectPath [0x0x7715827e+238]

2025-07-22 13:48:25,734 - property_scraper - INFO - Approach 4: ActionChains approach
2025-07-22 13:48:36,256 - property_scraper - WARNING - Approach 4 failed: Message: 
Stacktrace:
	GetHandleVerifier [0x0x4244a3+62419]
	GetHandleVerifier [0x0x4244e4+62484]
	(No symbol) [0x0x262133]
	(No symbol) [0x0x2aa8fe]
	(No symbol) [0x0x2aac9b]
	(No symbol) [0x0x2f3052]
	(No symbol) [0x0x2cf4b4]
	(No symbol) [0x0x2f087a]
	(No symbol) [0x0x2cf266]
	(No symbol) [0x0x29e852]
	(No symbol) [0x0x29f6f4]
	GetHandleVerifier [0x0x694793+2619075]
	GetHandleVerifier [0x0x68fbaa+2599642]
	GetHandleVerifier [0x0x44b04a+221050]
	GetHandleVerifier [0x0x43b2c8+156152]
	GetHandleVerifier [0x0x441c7d+183213]
	GetHandleVerifier [0x0x42c388+94904]
	GetHandleVerifier [0x0x42c512+95298]
	GetHandleVerifier [0x0x41766a+9626]
	BaseThreadInitThunk [0x0x768ffcc9+25]
	RtlGetAppContainerNamedObjectPath [0x0x771582ae+286]
	RtlGetAppContainerNamedObjectPath [0x0x7715827e+238]

2025-07-22 13:48:36,256 - property_scraper - INFO - Approach 5: Advanced DOM manipulation with mutation observer
2025-07-22 13:48:36,261 - property_scraper - INFO - Approach 5 result: False
2025-07-22 13:48:36,261 - property_scraper - ERROR - All specialized year selection approaches failed
2025-07-22 13:48:36,261 - property_scraper - WARNING - Special year handling failed, falling back to standard methods
2025-07-22 13:48:57,386 - property_scraper - ERROR - Error selecting option '1995' from dropdown 'year': Message: 
Stacktrace:
	GetHandleVerifier [0x0x4244a3+62419]
	GetHandleVerifier [0x0x4244e4+62484]
	(No symbol) [0x0x262133]
	(No symbol) [0x0x2aa8fe]
	(No symbol) [0x0x2aac9b]
	(No symbol) [0x0x2f3052]
	(No symbol) [0x0x2cf4b4]
	(No symbol) [0x0x2f087a]
	(No symbol) [0x0x2cf266]
	(No symbol) [0x0x29e852]
	(No symbol) [0x0x29f6f4]
	GetHandleVerifier [0x0x694793+2619075]
	GetHandleVerifier [0x0x68fbaa+2599642]
	GetHandleVerifier [0x0x44b04a+221050]
	GetHandleVerifier [0x0x43b2c8+156152]
	GetHandleVerifier [0x0x441c7d+183213]
	GetHandleVerifier [0x0x42c388+94904]
	GetHandleVerifier [0x0x42c512+95298]
	GetHandleVerifier [0x0x41766a+9626]
	BaseThreadInitThunk [0x0x768ffcc9+25]
	RtlGetAppContainerNamedObjectPath [0x0x771582ae+286]
	RtlGetAppContainerNamedObjectPath [0x0x7715827e+238]

2025-07-22 13:48:57,386 - property_scraper - INFO - Attempting last-resort approach for year dropdown
2025-07-22 13:49:00,394 - property_scraper - INFO - Last-resort year selection attempt completed
2025-07-22 13:49:00,644 - property_scraper - INFO - Saved screenshot after last resort attempt: dropdown_debug/last_resort_year_1753172340.png
2025-07-22 13:49:02,645 - property_scraper - INFO - Selecting 'मुंबई' from dropdown 'district'
2025-07-22 13:49:02,874 - property_scraper - INFO - Saved screenshot before dropdown interaction: dropdown_debug/before_district_1753172342.png
2025-07-22 13:49:02,882 - property_scraper - WARNING - Page appears to have changed or refreshed. Reloading...
2025-07-22 13:49:28,528 - property_scraper - ERROR - Error selecting option 'मुंबई' from dropdown 'district': Message: 
Stacktrace:
	GetHandleVerifier [0x0x4244a3+62419]
	GetHandleVerifier [0x0x4244e4+62484]
	(No symbol) [0x0x262133]
	(No symbol) [0x0x2aa8fe]
	(No symbol) [0x0x2aac9b]
	(No symbol) [0x0x2f3052]
	(No symbol) [0x0x2cf4b4]
	(No symbol) [0x0x2f087a]
	(No symbol) [0x0x2cf266]
	(No symbol) [0x0x29e852]
	(No symbol) [0x0x29f6f4]
	GetHandleVerifier [0x0x694793+2619075]
	GetHandleVerifier [0x0x68fbaa+2599642]
	GetHandleVerifier [0x0x44b04a+221050]
	GetHandleVerifier [0x0x43b2c8+156152]
	GetHandleVerifier [0x0x441c7d+183213]
	GetHandleVerifier [0x0x42c388+94904]
	GetHandleVerifier [0x0x42c512+95298]
	GetHandleVerifier [0x0x41766a+9626]
	BaseThreadInitThunk [0x0x768ffcc9+25]
	RtlGetAppContainerNamedObjectPath [0x0x771582ae+286]
	RtlGetAppContainerNamedObjectPath [0x0x7715827e+238]

2025-07-22 13:49:28,528 - property_scraper - INFO - Retrying after exception with 3 attempts remaining. Waiting 1 seconds...
2025-07-22 13:49:33,740 - property_scraper - INFO - Selecting 'मुंबई' from dropdown 'district'
2025-07-22 13:49:33,929 - property_scraper - INFO - Saved screenshot before dropdown interaction: dropdown_debug/before_district_1753172373.png
2025-07-22 13:49:33,933 - property_scraper - WARNING - Page appears to have changed or refreshed. Reloading...
2025-07-22 13:49:59,097 - property_scraper - ERROR - Error selecting option 'मुंबई' from dropdown 'district': Message: 
Stacktrace:
	GetHandleVerifier [0x0x4244a3+62419]
	GetHandleVerifier [0x0x4244e4+62484]
	(No symbol) [0x0x262133]
	(No symbol) [0x0x2aa8fe]
	(No symbol) [0x0x2aac9b]
	(No symbol) [0x0x2f3052]
	(No symbol) [0x0x2cf4b4]
	(No symbol) [0x0x2f087a]
	(No symbol) [0x0x2cf266]
	(No symbol) [0x0x29e852]
	(No symbol) [0x0x29f6f4]
	GetHandleVerifier [0x0x694793+2619075]
	GetHandleVerifier [0x0x68fbaa+2599642]
	GetHandleVerifier [0x0x44b04a+221050]
	GetHandleVerifier [0x0x43b2c8+156152]
	GetHandleVerifier [0x0x441c7d+183213]
	GetHandleVerifier [0x0x42c388+94904]
	GetHandleVerifier [0x0x42c512+95298]
	GetHandleVerifier [0x0x41766a+9626]
	BaseThreadInitThunk [0x0x768ffcc9+25]
	RtlGetAppContainerNamedObjectPath [0x0x771582ae+286]
	RtlGetAppContainerNamedObjectPath [0x0x7715827e+238]

2025-07-22 13:49:59,097 - property_scraper - INFO - Retrying after exception with 2 attempts remaining. Waiting 2 seconds...
2025-07-22 13:50:05,445 - property_scraper - INFO - Selecting 'मुंबई' from dropdown 'district'
2025-07-22 13:50:05,685 - property_scraper - INFO - Saved screenshot before dropdown interaction: dropdown_debug/before_district_1753172405.png
2025-07-22 13:50:05,821 - property_scraper - WARNING - Page appears to have changed or refreshed. Reloading...
2025-07-22 13:50:31,059 - property_scraper - ERROR - Error selecting option 'मुंबई' from dropdown 'district': Message: 
Stacktrace:
	GetHandleVerifier [0x0x4244a3+62419]
	GetHandleVerifier [0x0x4244e4+62484]
	(No symbol) [0x0x262133]
	(No symbol) [0x0x2aa8fe]
	(No symbol) [0x0x2aac9b]
	(No symbol) [0x0x2f3052]
	(No symbol) [0x0x2cf4b4]
	(No symbol) [0x0x2f087a]
	(No symbol) [0x0x2cf266]
	(No symbol) [0x0x29e852]
	(No symbol) [0x0x29f6f4]
	GetHandleVerifier [0x0x694793+2619075]
	GetHandleVerifier [0x0x68fbaa+2599642]
	GetHandleVerifier [0x0x44b04a+221050]
	GetHandleVerifier [0x0x43b2c8+156152]
	GetHandleVerifier [0x0x441c7d+183213]
	GetHandleVerifier [0x0x42c388+94904]
	GetHandleVerifier [0x0x42c512+95298]
	GetHandleVerifier [0x0x41766a+9626]
	BaseThreadInitThunk [0x0x768ffcc9+25]
	RtlGetAppContainerNamedObjectPath [0x0x771582ae+286]
	RtlGetAppContainerNamedObjectPath [0x0x7715827e+238]

2025-07-22 13:50:31,059 - property_scraper - INFO - Retrying after exception with 1 attempts remaining. Waiting 4 seconds...
2025-07-22 13:50:39,357 - property_scraper - INFO - Selecting 'मुंबई' from dropdown 'district'
2025-07-22 13:50:39,606 - property_scraper - INFO - Saved screenshot before dropdown interaction: dropdown_debug/before_district_1753172439.png
2025-07-22 13:50:39,614 - property_scraper - WARNING - Page appears to have changed or refreshed. Reloading...
2025-07-22 13:51:05,131 - property_scraper - ERROR - Error selecting option 'मुंबई' from dropdown 'district': Message: 
Stacktrace:
	GetHandleVerifier [0x0x4244a3+62419]
	GetHandleVerifier [0x0x4244e4+62484]
	(No symbol) [0x0x262133]
	(No symbol) [0x0x2aa8fe]
	(No symbol) [0x0x2aac9b]
	(No symbol) [0x0x2f3052]
	(No symbol) [0x0x2cf4b4]
	(No symbol) [0x0x2f087a]
	(No symbol) [0x0x2cf266]
	(No symbol) [0x0x29e852]
	(No symbol) [0x0x29f6f4]
	GetHandleVerifier [0x0x694793+2619075]
	GetHandleVerifier [0x0x68fbaa+2599642]
	GetHandleVerifier [0x0x44b04a+221050]
	GetHandleVerifier [0x0x43b2c8+156152]
	GetHandleVerifier [0x0x441c7d+183213]
	GetHandleVerifier [0x0x42c388+94904]
	GetHandleVerifier [0x0x42c512+95298]
	GetHandleVerifier [0x0x41766a+9626]
	BaseThreadInitThunk [0x0x768ffcc9+25]
	RtlGetAppContainerNamedObjectPath [0x0x771582ae+286]
	RtlGetAppContainerNamedObjectPath [0x0x7715827e+238]

2025-07-22 13:51:05,131 - property_scraper - WARNING - Standard selection failed for district: मुंबई. Trying forced selection...
2025-07-22 13:51:05,131 - property_scraper - INFO - LAST RESORT: Forcing selection of 'मुंबई' in dropdown 'district'
2025-07-22 13:51:05,299 - property_scraper - INFO - Saved screenshot before forced selection: dropdown_debug/before_force_district_1753172465.png
2025-07-22 13:51:05,313 - property_scraper - ERROR - Could not find dropdown with ID 'district'
2025-07-22 13:51:05,313 - property_scraper - ERROR - Failed to select district: मुंबई after all attempts
2025-07-22 13:51:05,313 - property_scraper - INFO - Retrying with a new session...
2025-07-22 13:51:05,314 - property_scraper - INFO - Processing: Year=1995, District=मुंबई, Taluka=Mumbai, Village=कोपरी, Doc#=2
2025-07-22 13:51:05,314 - property_scraper - INFO - Getting current dropdown selections
2025-07-22 13:51:05,341 - property_scraper - INFO - Current dropdown selections: {'year': None, 'district': None, 'taluka': None, 'village': None}
2025-07-22 13:51:05,342 - property_scraper - INFO - Need to select year: 1995 (current: None)
2025-07-22 13:51:05,342 - property_scraper - INFO - Need to select district: मुंबई (current: None)
2025-07-22 13:51:05,342 - property_scraper - INFO - Need to select taluka: Mumbai (current: None)
2025-07-22 13:51:05,342 - property_scraper - INFO - Need to select village: कोपरी (current: None)
2025-07-22 13:51:05,342 - property_scraper - INFO - Some dropdown selections need to be updated. Navigating to main page...
2025-07-22 13:51:09,572 - property_scraper - INFO - Selecting '1995' from dropdown 'year'
2025-07-22 13:51:09,822 - property_scraper - INFO - Saved screenshot before dropdown interaction: dropdown_debug/before_year_1753172469.png
2025-07-22 13:51:09,826 - property_scraper - WARNING - Page appears to have changed or refreshed. Reloading...
2025-07-22 13:51:13,995 - property_scraper - INFO - Using special handling for year dropdown
2025-07-22 13:51:13,995 - property_scraper - INFO - Using specialized year selection method for year: 1995
2025-07-22 13:51:13,995 - property_scraper - INFO - Approach 1: Direct XPath selection
2025-07-22 13:51:24,535 - property_scraper - WARNING - Approach 1 failed: Message: 
Stacktrace:
	GetHandleVerifier [0x0x4244a3+62419]
	GetHandleVerifier [0x0x4244e4+62484]
	(No symbol) [0x0x262133]
	(No symbol) [0x0x2aa8fe]
	(No symbol) [0x0x2aac9b]
	(No symbol) [0x0x2f3052]
	(No symbol) [0x0x2cf4b4]
	(No symbol) [0x0x2f087a]
	(No symbol) [0x0x2cf266]
	(No symbol) [0x0x29e852]
	(No symbol) [0x0x29f6f4]
	GetHandleVerifier [0x0x694793+2619075]
	GetHandleVerifier [0x0x68fbaa+2599642]
	GetHandleVerifier [0x0x44b04a+221050]
	GetHandleVerifier [0x0x43b2c8+156152]
	GetHandleVerifier [0x0x441c7d+183213]
	GetHandleVerifier [0x0x42c388+94904]
	GetHandleVerifier [0x0x42c512+95298]
	GetHandleVerifier [0x0x41766a+9626]
	BaseThreadInitThunk [0x0x768ffcc9+25]
	RtlGetAppContainerNamedObjectPath [0x0x771582ae+286]
	RtlGetAppContainerNamedObjectPath [0x0x7715827e+238]

2025-07-22 13:51:24,535 - property_scraper - INFO - Approach 2: Select class with explicit wait
2025-07-22 13:51:35,068 - property_scraper - WARNING - Approach 2 failed: Message: 
Stacktrace:
	GetHandleVerifier [0x0x4244a3+62419]
	GetHandleVerifier [0x0x4244e4+62484]
	(No symbol) [0x0x262133]
	(No symbol) [0x0x2aa8fe]
	(No symbol) [0x0x2aac9b]
	(No symbol) [0x0x2f3052]
	(No symbol) [0x0x2cf4b4]
	(No symbol) [0x0x2f087a]
	(No symbol) [0x0x2cf266]
	(No symbol) [0x0x29e852]
	(No symbol) [0x0x29f6f4]
	GetHandleVerifier [0x0x694793+2619075]
	GetHandleVerifier [0x0x68fbaa+2599642]
	GetHandleVerifier [0x0x44b04a+221050]
	GetHandleVerifier [0x0x43b2c8+156152]
	GetHandleVerifier [0x0x441c7d+183213]
	GetHandleVerifier [0x0x42c388+94904]
	GetHandleVerifier [0x0x42c512+95298]
	GetHandleVerifier [0x0x41766a+9626]
	BaseThreadInitThunk [0x0x768ffcc9+25]
	RtlGetAppContainerNamedObjectPath [0x0x771582ae+286]
	RtlGetAppContainerNamedObjectPath [0x0x7715827e+238]

2025-07-22 13:51:35,068 - property_scraper - INFO - Approach 3: Pure JavaScript approach
2025-07-22 13:51:35,176 - property_scraper - WARNING - Approach 3 failed: Message: javascript error: Cannot read properties of null (reading 'options')
  (Session info: chrome=138.0.7204.158)
Stacktrace:
	GetHandleVerifier [0x0x4244a3+62419]
	GetHandleVerifier [0x0x4244e4+62484]
	(No symbol) [0x0x262133]
	(No symbol) [0x0x268909]
	(No symbol) [0x0x26aec3]
	(No symbol) [0x0x2f1874]
	(No symbol) [0x0x2cf46c]
	(No symbol) [0x0x2f087a]
	(No symbol) [0x0x2cf266]
	(No symbol) [0x0x29e852]
	(No symbol) [0x0x29f6f4]
	GetHandleVerifier [0x0x694793+2619075]
	GetHandleVerifier [0x0x68fbaa+2599642]
	GetHandleVerifier [0x0x44b04a+221050]
	GetHandleVerifier [0x0x43b2c8+156152]
	GetHandleVerifier [0x0x441c7d+183213]
	GetHandleVerifier [0x0x42c388+94904]
	GetHandleVerifier [0x0x42c512+95298]
	GetHandleVerifier [0x0x41766a+9626]
	BaseThreadInitThunk [0x0x768ffcc9+25]
	RtlGetAppContainerNamedObjectPath [0x0x771582ae+286]
	RtlGetAppContainerNamedObjectPath [0x0x7715827e+238]

2025-07-22 13:51:35,176 - property_scraper - INFO - Approach 4: ActionChains approach
2025-07-22 13:51:46,208 - property_scraper - WARNING - Approach 4 failed: Message: 
Stacktrace:
	GetHandleVerifier [0x0x4244a3+62419]
	GetHandleVerifier [0x0x4244e4+62484]
	(No symbol) [0x0x262133]
	(No symbol) [0x0x2aa8fe]
	(No symbol) [0x0x2aac9b]
	(No symbol) [0x0x2f3052]
	(No symbol) [0x0x2cf4b4]
	(No symbol) [0x0x2f087a]
	(No symbol) [0x0x2cf266]
	(No symbol) [0x0x29e852]
	(No symbol) [0x0x29f6f4]
	GetHandleVerifier [0x0x694793+2619075]
	GetHandleVerifier [0x0x68fbaa+2599642]
	GetHandleVerifier [0x0x44b04a+221050]
	GetHandleVerifier [0x0x43b2c8+156152]
	GetHandleVerifier [0x0x441c7d+183213]
	GetHandleVerifier [0x0x42c388+94904]
	GetHandleVerifier [0x0x42c512+95298]
	GetHandleVerifier [0x0x41766a+9626]
	BaseThreadInitThunk [0x0x768ffcc9+25]
	RtlGetAppContainerNamedObjectPath [0x0x771582ae+286]
	RtlGetAppContainerNamedObjectPath [0x0x7715827e+238]

2025-07-22 13:51:46,209 - property_scraper - INFO - Approach 5: Advanced DOM manipulation with mutation observer
2025-07-22 13:51:46,894 - property_scraper - INFO - Approach 5 result: False
2025-07-22 13:51:46,895 - property_scraper - INFO - All approaches failed. Refreshing page and retrying... (2 retries left)
2025-07-22 13:51:51,660 - property_scraper - INFO - Using specialized year selection method for year: 1995
2025-07-22 13:51:51,660 - property_scraper - INFO - Approach 1: Direct XPath selection
2025-07-22 13:52:02,216 - property_scraper - WARNING - Approach 1 failed: Message: 
Stacktrace:
	GetHandleVerifier [0x0x4244a3+62419]
	GetHandleVerifier [0x0x4244e4+62484]
	(No symbol) [0x0x262133]
	(No symbol) [0x0x2aa8fe]
	(No symbol) [0x0x2aac9b]
	(No symbol) [0x0x2f3052]
	(No symbol) [0x0x2cf4b4]
	(No symbol) [0x0x2f087a]
	(No symbol) [0x0x2cf266]
	(No symbol) [0x0x29e852]
	(No symbol) [0x0x29f6f4]
	GetHandleVerifier [0x0x694793+2619075]
	GetHandleVerifier [0x0x68fbaa+2599642]
	GetHandleVerifier [0x0x44b04a+221050]
	GetHandleVerifier [0x0x43b2c8+156152]
	GetHandleVerifier [0x0x441c7d+183213]
	GetHandleVerifier [0x0x42c388+94904]
	GetHandleVerifier [0x0x42c512+95298]
	GetHandleVerifier [0x0x41766a+9626]
	BaseThreadInitThunk [0x0x768ffcc9+25]
	RtlGetAppContainerNamedObjectPath [0x0x771582ae+286]
	RtlGetAppContainerNamedObjectPath [0x0x7715827e+238]

2025-07-22 13:52:02,216 - property_scraper - INFO - Approach 2: Select class with explicit wait
2025-07-22 13:52:12,778 - property_scraper - WARNING - Approach 2 failed: Message: 
Stacktrace:
	GetHandleVerifier [0x0x4244a3+62419]
	GetHandleVerifier [0x0x4244e4+62484]
	(No symbol) [0x0x262133]
	(No symbol) [0x0x2aa8fe]
	(No symbol) [0x0x2aac9b]
	(No symbol) [0x0x2f3052]
	(No symbol) [0x0x2cf4b4]
	(No symbol) [0x0x2f087a]
	(No symbol) [0x0x2cf266]
	(No symbol) [0x0x29e852]
	(No symbol) [0x0x29f6f4]
	GetHandleVerifier [0x0x694793+2619075]
	GetHandleVerifier [0x0x68fbaa+2599642]
	GetHandleVerifier [0x0x44b04a+221050]
	GetHandleVerifier [0x0x43b2c8+156152]
	GetHandleVerifier [0x0x441c7d+183213]
	GetHandleVerifier [0x0x42c388+94904]
	GetHandleVerifier [0x0x42c512+95298]
	GetHandleVerifier [0x0x41766a+9626]
	BaseThreadInitThunk [0x0x768ffcc9+25]
	RtlGetAppContainerNamedObjectPath [0x0x771582ae+286]
	RtlGetAppContainerNamedObjectPath [0x0x7715827e+238]

2025-07-22 13:52:12,778 - property_scraper - INFO - Approach 3: Pure JavaScript approach
2025-07-22 13:52:12,784 - property_scraper - WARNING - Approach 3 failed: Message: javascript error: Cannot read properties of null (reading 'options')
  (Session info: chrome=138.0.7204.158)
Stacktrace:
	GetHandleVerifier [0x0x4244a3+62419]
	GetHandleVerifier [0x0x4244e4+62484]
	(No symbol) [0x0x262133]
	(No symbol) [0x0x268909]
	(No symbol) [0x0x26aec3]
	(No symbol) [0x0x2f1874]
	(No symbol) [0x0x2cf46c]
	(No symbol) [0x0x2f087a]
	(No symbol) [0x0x2cf266]
	(No symbol) [0x0x29e852]
	(No symbol) [0x0x29f6f4]
	GetHandleVerifier [0x0x694793+2619075]
	GetHandleVerifier [0x0x68fbaa+2599642]
	GetHandleVerifier [0x0x44b04a+221050]
	GetHandleVerifier [0x0x43b2c8+156152]
	GetHandleVerifier [0x0x441c7d+183213]
	GetHandleVerifier [0x0x42c388+94904]
	GetHandleVerifier [0x0x42c512+95298]
	GetHandleVerifier [0x0x41766a+9626]
	BaseThreadInitThunk [0x0x768ffcc9+25]
	RtlGetAppContainerNamedObjectPath [0x0x771582ae+286]
	RtlGetAppContainerNamedObjectPath [0x0x7715827e+238]

2025-07-22 13:52:12,784 - property_scraper - INFO - Approach 4: ActionChains approach
2025-07-22 13:52:23,307 - property_scraper - WARNING - Approach 4 failed: Message: 
Stacktrace:
	GetHandleVerifier [0x0x4244a3+62419]
	GetHandleVerifier [0x0x4244e4+62484]
	(No symbol) [0x0x262133]
	(No symbol) [0x0x2aa8fe]
	(No symbol) [0x0x2aac9b]
	(No symbol) [0x0x2f3052]
	(No symbol) [0x0x2cf4b4]
	(No symbol) [0x0x2f087a]
	(No symbol) [0x0x2cf266]
	(No symbol) [0x0x29e852]
	(No symbol) [0x0x29f6f4]
	GetHandleVerifier [0x0x694793+2619075]
	GetHandleVerifier [0x0x68fbaa+2599642]
	GetHandleVerifier [0x0x44b04a+221050]
	GetHandleVerifier [0x0x43b2c8+156152]
	GetHandleVerifier [0x0x441c7d+183213]
	GetHandleVerifier [0x0x42c388+94904]
	GetHandleVerifier [0x0x42c512+95298]
	GetHandleVerifier [0x0x41766a+9626]
	BaseThreadInitThunk [0x0x768ffcc9+25]
	RtlGetAppContainerNamedObjectPath [0x0x771582ae+286]
	RtlGetAppContainerNamedObjectPath [0x0x7715827e+238]

2025-07-22 13:52:23,307 - property_scraper - INFO - Approach 5: Advanced DOM manipulation with mutation observer
2025-07-22 13:52:23,312 - property_scraper - INFO - Approach 5 result: False
2025-07-22 13:52:23,312 - property_scraper - INFO - All approaches failed. Refreshing page and retrying... (1 retries left)
2025-07-22 13:52:27,875 - property_scraper - INFO - Using specialized year selection method for year: 1995
2025-07-22 13:52:27,875 - property_scraper - INFO - Approach 1: Direct XPath selection
2025-07-22 13:52:38,410 - property_scraper - WARNING - Approach 1 failed: Message: 
Stacktrace:
	GetHandleVerifier [0x0x4244a3+62419]
	GetHandleVerifier [0x0x4244e4+62484]
	(No symbol) [0x0x262133]
	(No symbol) [0x0x2aa8fe]
	(No symbol) [0x0x2aac9b]
	(No symbol) [0x0x2f3052]
	(No symbol) [0x0x2cf4b4]
	(No symbol) [0x0x2f087a]
	(No symbol) [0x0x2cf266]
	(No symbol) [0x0x29e852]
	(No symbol) [0x0x29f6f4]
	GetHandleVerifier [0x0x694793+2619075]
	GetHandleVerifier [0x0x68fbaa+2599642]
	GetHandleVerifier [0x0x44b04a+221050]
	GetHandleVerifier [0x0x43b2c8+156152]
	GetHandleVerifier [0x0x441c7d+183213]
	GetHandleVerifier [0x0x42c388+94904]
	GetHandleVerifier [0x0x42c512+95298]
	GetHandleVerifier [0x0x41766a+9626]
	BaseThreadInitThunk [0x0x768ffcc9+25]
	RtlGetAppContainerNamedObjectPath [0x0x771582ae+286]
	RtlGetAppContainerNamedObjectPath [0x0x7715827e+238]

2025-07-22 13:52:38,410 - property_scraper - INFO - Approach 2: Select class with explicit wait
2025-07-22 13:52:48,958 - property_scraper - WARNING - Approach 2 failed: Message: 
Stacktrace:
	GetHandleVerifier [0x0x4244a3+62419]
	GetHandleVerifier [0x0x4244e4+62484]
	(No symbol) [0x0x262133]
	(No symbol) [0x0x2aa8fe]
	(No symbol) [0x0x2aac9b]
	(No symbol) [0x0x2f3052]
	(No symbol) [0x0x2cf4b4]
	(No symbol) [0x0x2f087a]
	(No symbol) [0x0x2cf266]
	(No symbol) [0x0x29e852]
	(No symbol) [0x0x29f6f4]
	GetHandleVerifier [0x0x694793+2619075]
	GetHandleVerifier [0x0x68fbaa+2599642]
	GetHandleVerifier [0x0x44b04a+221050]
	GetHandleVerifier [0x0x43b2c8+156152]
	GetHandleVerifier [0x0x441c7d+183213]
	GetHandleVerifier [0x0x42c388+94904]
	GetHandleVerifier [0x0x42c512+95298]
	GetHandleVerifier [0x0x41766a+9626]
	BaseThreadInitThunk [0x0x768ffcc9+25]
	RtlGetAppContainerNamedObjectPath [0x0x771582ae+286]
	RtlGetAppContainerNamedObjectPath [0x0x7715827e+238]

2025-07-22 13:52:48,958 - property_scraper - INFO - Approach 3: Pure JavaScript approach
2025-07-22 13:52:48,964 - property_scraper - WARNING - Approach 3 failed: Message: javascript error: Cannot read properties of null (reading 'options')
  (Session info: chrome=138.0.7204.158)
Stacktrace:
	GetHandleVerifier [0x0x4244a3+62419]
	GetHandleVerifier [0x0x4244e4+62484]
	(No symbol) [0x0x262133]
	(No symbol) [0x0x268909]
	(No symbol) [0x0x26aec3]
	(No symbol) [0x0x2f1874]
	(No symbol) [0x0x2cf46c]
	(No symbol) [0x0x2f087a]
	(No symbol) [0x0x2cf266]
	(No symbol) [0x0x29e852]
	(No symbol) [0x0x29f6f4]
	GetHandleVerifier [0x0x694793+2619075]
	GetHandleVerifier [0x0x68fbaa+2599642]
	GetHandleVerifier [0x0x44b04a+221050]
	GetHandleVerifier [0x0x43b2c8+156152]
	GetHandleVerifier [0x0x441c7d+183213]
	GetHandleVerifier [0x0x42c388+94904]
	GetHandleVerifier [0x0x42c512+95298]
	GetHandleVerifier [0x0x41766a+9626]
	BaseThreadInitThunk [0x0x768ffcc9+25]
	RtlGetAppContainerNamedObjectPath [0x0x771582ae+286]
	RtlGetAppContainerNamedObjectPath [0x0x7715827e+238]

2025-07-22 13:52:48,964 - property_scraper - INFO - Approach 4: ActionChains approach
2025-07-22 13:52:59,493 - property_scraper - WARNING - Approach 4 failed: Message: 
Stacktrace:
	GetHandleVerifier [0x0x4244a3+62419]
	GetHandleVerifier [0x0x4244e4+62484]
	(No symbol) [0x0x262133]
	(No symbol) [0x0x2aa8fe]
	(No symbol) [0x0x2aac9b]
	(No symbol) [0x0x2f3052]
	(No symbol) [0x0x2cf4b4]
	(No symbol) [0x0x2f087a]
	(No symbol) [0x0x2cf266]
	(No symbol) [0x0x29e852]
	(No symbol) [0x0x29f6f4]
	GetHandleVerifier [0x0x694793+2619075]
	GetHandleVerifier [0x0x68fbaa+2599642]
	GetHandleVerifier [0x0x44b04a+221050]
	GetHandleVerifier [0x0x43b2c8+156152]
	GetHandleVerifier [0x0x441c7d+183213]
	GetHandleVerifier [0x0x42c388+94904]
	GetHandleVerifier [0x0x42c512+95298]
	GetHandleVerifier [0x0x41766a+9626]
	BaseThreadInitThunk [0x0x768ffcc9+25]
	RtlGetAppContainerNamedObjectPath [0x0x771582ae+286]
	RtlGetAppContainerNamedObjectPath [0x0x7715827e+238]

2025-07-22 13:52:59,493 - property_scraper - INFO - Approach 5: Advanced DOM manipulation with mutation observer
2025-07-22 13:52:59,498 - property_scraper - INFO - Approach 5 result: False
2025-07-22 13:52:59,498 - property_scraper - ERROR - All specialized year selection approaches failed
2025-07-22 13:52:59,498 - property_scraper - WARNING - Special year handling failed, falling back to standard methods
2025-07-22 13:53:20,558 - property_scraper - ERROR - Error selecting option '1995' from dropdown 'year': Message: 
Stacktrace:
	GetHandleVerifier [0x0x4244a3+62419]
	GetHandleVerifier [0x0x4244e4+62484]
	(No symbol) [0x0x262133]
	(No symbol) [0x0x2aa8fe]
	(No symbol) [0x0x2aac9b]
	(No symbol) [0x0x2f3052]
	(No symbol) [0x0x2cf4b4]
	(No symbol) [0x0x2f087a]
	(No symbol) [0x0x2cf266]
	(No symbol) [0x0x29e852]
	(No symbol) [0x0x29f6f4]
	GetHandleVerifier [0x0x694793+2619075]
	GetHandleVerifier [0x0x68fbaa+2599642]
	GetHandleVerifier [0x0x44b04a+221050]
	GetHandleVerifier [0x0x43b2c8+156152]
	GetHandleVerifier [0x0x441c7d+183213]
	GetHandleVerifier [0x0x42c388+94904]
	GetHandleVerifier [0x0x42c512+95298]
	GetHandleVerifier [0x0x41766a+9626]
	BaseThreadInitThunk [0x0x768ffcc9+25]
	RtlGetAppContainerNamedObjectPath [0x0x771582ae+286]
	RtlGetAppContainerNamedObjectPath [0x0x7715827e+238]

2025-07-22 13:53:20,558 - property_scraper - INFO - Attempting last-resort approach for year dropdown
2025-07-22 13:53:23,564 - property_scraper - INFO - Last-resort year selection attempt completed
2025-07-22 13:53:23,716 - property_scraper - INFO - Saved screenshot after last resort attempt: dropdown_debug/last_resort_year_1753172603.png
2025-07-22 13:53:25,717 - property_scraper - INFO - Selecting 'मुंबई' from dropdown 'district'
2025-07-22 13:53:25,881 - property_scraper - INFO - Saved screenshot before dropdown interaction: dropdown_debug/before_district_1753172605.png
2025-07-22 13:53:25,887 - property_scraper - WARNING - Page appears to have changed or refreshed. Reloading...
