2025-07-22 12:42:34,712 - property_scraper - INFO - Instance ID: local_e60005d2
2025-07-22 12:42:34,713 - property_scraper - INFO - Tesseract path set to: C:\Program Files\Tesseract-OCR\tesseract.exe
2025-07-22 12:42:34,713 - property_scraper - INFO - Running property scraper
2025-07-22 12:42:34,713 - property_scraper - INFO - Starting property scraper...
2025-07-22 12:42:34,714 - property_scraper - INFO - Instance ID: local_e60005d2
2025-07-22 12:42:34,714 - property_scraper - INFO - Setting up Chrome WebDriver...
2025-07-22 12:42:34,841 - property_scraper - INFO - Using user agent: Mozilla/5.0 (Windows NT 10.0; Win64; x64) AppleWebKit/537.36 (KHTML, like Gecko) Chrome/92.0.4515.107 Safari/537.36 Edg/92.0.902.55
2025-07-22 12:42:34,842 - property_scraper - INFO - Creating Chrome driver using undetected_chromedriver with enhanced settings
2025-07-22 12:42:36,309 - property_scraper - INFO - Chrome WebDriver set up successfully
2025-07-22 12:42:36,309 - property_scraper - INFO - Navigating to https://pay2igr.igrmaharashtra.gov.in/eDisplay/Propertydetails/index
2025-07-22 12:42:42,881 - property_scraper - INFO - Saved initial page screenshot to captcha_debug/initial_page_1753168362.png
2025-07-22 12:42:43,910 - property_scraper - INFO - Looking for available tasks...
2025-07-22 12:42:43,910 - property_scraper - INFO - No current task to continue. Need to get dropdown options from website.
2025-07-22 12:42:43,910 - property_scraper - INFO - No available tasks found. Getting dropdown options from website...
2025-07-22 12:42:44,070 - property_scraper - INFO - Saved screenshot before dropdown interactions: dropdown_debug/before_dropdowns_1753168363.png
2025-07-22 12:42:55,343 - property_scraper - INFO - Selected Year: 1996
2025-07-22 12:42:58,641 - property_scraper - INFO - Saved screenshot after year selection: dropdown_debug/after_year_1753168378.png
2025-07-22 12:43:09,874 - property_scraper - INFO - Selected District: मुंबई
2025-07-22 12:43:13,228 - property_scraper - INFO - Saved screenshot after district selection: dropdown_debug/after_district_1753168393.png
2025-07-22 12:43:23,845 - property_scraper - INFO - Selected Taluka: Mumbai
2025-07-22 12:43:27,107 - property_scraper - INFO - Saved screenshot after taluka selection: dropdown_debug/after_taluka_1753168406.png
2025-07-22 12:43:40,009 - property_scraper - INFO - Selected Village: नाहूर
2025-07-22 12:43:43,303 - property_scraper - INFO - Saved screenshot after village selection: dropdown_debug/after_village_1753168423.png
2025-07-22 12:43:43,304 - property_scraper - INFO - Processing combination: 1996_मुंबई_Mumbai_नाहूर_4
2025-07-22 12:43:43,304 - property_scraper - INFO - Processing: Year=1996, District=मुंबई, Taluka=Mumbai, Village=नाहूर, Doc#=4
2025-07-22 12:43:43,305 - property_scraper - INFO - Selecting '1996' from dropdown 'year'
2025-07-22 12:43:43,434 - property_scraper - INFO - Saved screenshot before dropdown interaction: dropdown_debug/before_year_1753168423.png
2025-07-22 12:44:04,513 - property_scraper - ERROR - Error selecting option '1996' from dropdown 'year': Message: 
Stacktrace:
	GetHandleVerifier [0x0x4244a3+62419]
	GetHandleVerifier [0x0x4244e4+62484]
	(No symbol) [0x0x262133]
	(No symbol) [0x0x2aa8fe]
	(No symbol) [0x0x2aac9b]
	(No symbol) [0x0x2f3052]
	(No symbol) [0x0x2cf4b4]
	(No symbol) [0x0x2f087a]
	(No symbol) [0x0x2cf266]
	(No symbol) [0x0x29e852]
	(No symbol) [0x0x29f6f4]
	GetHandleVerifier [0x0x694793+2619075]
	GetHandleVerifier [0x0x68fbaa+2599642]
	GetHandleVerifier [0x0x44b04a+221050]
	GetHandleVerifier [0x0x43b2c8+156152]
	GetHandleVerifier [0x0x441c7d+183213]
	GetHandleVerifier [0x0x42c388+94904]
	GetHandleVerifier [0x0x42c512+95298]
	GetHandleVerifier [0x0x41766a+9626]
	BaseThreadInitThunk [0x0x768ffcc9+25]
	RtlGetAppContainerNamedObjectPath [0x0x771582ae+286]
	RtlGetAppContainerNamedObjectPath [0x0x7715827e+238]

2025-07-22 12:44:04,514 - property_scraper - ERROR - Failed to select year: 1996
2025-07-22 12:44:04,514 - property_scraper - INFO - Retrying with a new session...
2025-07-22 12:44:04,515 - property_scraper - INFO - Processing: Year=1996, District=मुंबई, Taluka=Mumbai, Village=नाहूर, Doc#=4
2025-07-22 12:44:04,515 - property_scraper - INFO - Selecting '1996' from dropdown 'year'
2025-07-22 12:44:04,643 - property_scraper - INFO - Saved screenshot before dropdown interaction: dropdown_debug/before_year_1753168444.png
2025-07-22 12:44:25,736 - property_scraper - ERROR - Error selecting option '1996' from dropdown 'year': Message: 
Stacktrace:
	GetHandleVerifier [0x0x4244a3+62419]
	GetHandleVerifier [0x0x4244e4+62484]
	(No symbol) [0x0x262133]
	(No symbol) [0x0x2aa8fe]
	(No symbol) [0x0x2aac9b]
	(No symbol) [0x0x2f3052]
	(No symbol) [0x0x2cf4b4]
	(No symbol) [0x0x2f087a]
	(No symbol) [0x0x2cf266]
	(No symbol) [0x0x29e852]
	(No symbol) [0x0x29f6f4]
	GetHandleVerifier [0x0x694793+2619075]
	GetHandleVerifier [0x0x68fbaa+2599642]
	GetHandleVerifier [0x0x44b04a+221050]
	GetHandleVerifier [0x0x43b2c8+156152]
	GetHandleVerifier [0x0x441c7d+183213]
	GetHandleVerifier [0x0x42c388+94904]
	GetHandleVerifier [0x0x42c512+95298]
	GetHandleVerifier [0x0x41766a+9626]
	BaseThreadInitThunk [0x0x768ffcc9+25]
	RtlGetAppContainerNamedObjectPath [0x0x771582ae+286]
	RtlGetAppContainerNamedObjectPath [0x0x7715827e+238]

2025-07-22 12:44:25,739 - property_scraper - ERROR - Failed to select year: 1996
2025-07-22 12:44:25,740 - property_scraper - ERROR - Failed to process combination 1996_मुंबई_Mumbai_नाहूर_4 after retry. Skipping.
2025-07-22 12:44:27,099 - property_scraper - INFO - Looking for available tasks...
2025-07-22 12:44:27,100 - property_scraper - INFO - Continuing with previous task: 1996_मुंबई_Mumbai_नाहूर_4
2025-07-22 12:44:27,100 - property_scraper - INFO - Found available task: 1996_मुंबई_Mumbai_नाहूर_4
2025-07-22 12:44:27,100 - property_scraper - INFO - Selecting '1996' from dropdown 'year'
2025-07-22 12:44:27,254 - property_scraper - INFO - Saved screenshot before dropdown interaction: dropdown_debug/before_year_1753168467.png
2025-07-22 12:44:48,357 - property_scraper - ERROR - Error selecting option '1996' from dropdown 'year': Message: 
Stacktrace:
	GetHandleVerifier [0x0x4244a3+62419]
	GetHandleVerifier [0x0x4244e4+62484]
	(No symbol) [0x0x262133]
	(No symbol) [0x0x2aa8fe]
	(No symbol) [0x0x2aac9b]
	(No symbol) [0x0x2f3052]
	(No symbol) [0x0x2cf4b4]
	(No symbol) [0x0x2f087a]
	(No symbol) [0x0x2cf266]
	(No symbol) [0x0x29e852]
	(No symbol) [0x0x29f6f4]
	GetHandleVerifier [0x0x694793+2619075]
	GetHandleVerifier [0x0x68fbaa+2599642]
	GetHandleVerifier [0x0x44b04a+221050]
	GetHandleVerifier [0x0x43b2c8+156152]
	GetHandleVerifier [0x0x441c7d+183213]
	GetHandleVerifier [0x0x42c388+94904]
	GetHandleVerifier [0x0x42c512+95298]
	GetHandleVerifier [0x0x41766a+9626]
	BaseThreadInitThunk [0x0x768ffcc9+25]
	RtlGetAppContainerNamedObjectPath [0x0x771582ae+286]
	RtlGetAppContainerNamedObjectPath [0x0x7715827e+238]

2025-07-22 12:44:49,359 - property_scraper - INFO - Selecting 'मुंबई' from dropdown 'district'
2025-07-22 12:44:49,622 - property_scraper - INFO - Saved screenshot before dropdown interaction: dropdown_debug/before_district_1753168489.png
2025-07-22 12:45:10,702 - property_scraper - ERROR - Error selecting option 'मुंबई' from dropdown 'district': Message: 
Stacktrace:
	GetHandleVerifier [0x0x4244a3+62419]
	GetHandleVerifier [0x0x4244e4+62484]
	(No symbol) [0x0x262133]
	(No symbol) [0x0x2aa8fe]
	(No symbol) [0x0x2aac9b]
	(No symbol) [0x0x2f3052]
	(No symbol) [0x0x2cf4b4]
	(No symbol) [0x0x2f087a]
	(No symbol) [0x0x2cf266]
	(No symbol) [0x0x29e852]
	(No symbol) [0x0x29f6f4]
	GetHandleVerifier [0x0x694793+2619075]
	GetHandleVerifier [0x0x68fbaa+2599642]
	GetHandleVerifier [0x0x44b04a+221050]
	GetHandleVerifier [0x0x43b2c8+156152]
	GetHandleVerifier [0x0x441c7d+183213]
	GetHandleVerifier [0x0x42c388+94904]
	GetHandleVerifier [0x0x42c512+95298]
	GetHandleVerifier [0x0x41766a+9626]
	BaseThreadInitThunk [0x0x768ffcc9+25]
	RtlGetAppContainerNamedObjectPath [0x0x771582ae+286]
	RtlGetAppContainerNamedObjectPath [0x0x7715827e+238]

2025-07-22 12:45:10,703 - property_scraper - ERROR - Failed to select district: मुंबई
2025-07-22 12:45:11,994 - property_scraper - INFO - Looking for available tasks...
2025-07-22 12:45:11,995 - property_scraper - INFO - Continuing with previous task: 1996_मुंबई_Mumbai_नाहूर_4
2025-07-22 12:45:11,995 - property_scraper - INFO - Found available task: 1996_मुंबई_Mumbai_नाहूर_4
2025-07-22 12:45:11,995 - property_scraper - INFO - Selecting '1996' from dropdown 'year'
2025-07-22 12:45:12,151 - property_scraper - INFO - Saved screenshot before dropdown interaction: dropdown_debug/before_year_1753168511.png
2025-07-22 12:45:33,229 - property_scraper - ERROR - Error selecting option '1996' from dropdown 'year': Message: 
Stacktrace:
	GetHandleVerifier [0x0x4244a3+62419]
	GetHandleVerifier [0x0x4244e4+62484]
	(No symbol) [0x0x262133]
	(No symbol) [0x0x2aa8fe]
	(No symbol) [0x0x2aac9b]
	(No symbol) [0x0x2f3052]
	(No symbol) [0x0x2cf4b4]
	(No symbol) [0x0x2f087a]
	(No symbol) [0x0x2cf266]
	(No symbol) [0x0x29e852]
	(No symbol) [0x0x29f6f4]
	GetHandleVerifier [0x0x694793+2619075]
	GetHandleVerifier [0x0x68fbaa+2599642]
	GetHandleVerifier [0x0x44b04a+221050]
	GetHandleVerifier [0x0x43b2c8+156152]
	GetHandleVerifier [0x0x441c7d+183213]
	GetHandleVerifier [0x0x42c388+94904]
	GetHandleVerifier [0x0x42c512+95298]
	GetHandleVerifier [0x0x41766a+9626]
	BaseThreadInitThunk [0x0x768ffcc9+25]
	RtlGetAppContainerNamedObjectPath [0x0x771582ae+286]
	RtlGetAppContainerNamedObjectPath [0x0x7715827e+238]

2025-07-22 12:45:34,231 - property_scraper - INFO - Selecting 'मुंबई' from dropdown 'district'
2025-07-22 12:45:34,367 - property_scraper - INFO - Saved screenshot before dropdown interaction: dropdown_debug/before_district_1753168534.png
2025-07-22 12:45:55,440 - property_scraper - ERROR - Error selecting option 'मुंबई' from dropdown 'district': Message: 
Stacktrace:
	GetHandleVerifier [0x0x4244a3+62419]
	GetHandleVerifier [0x0x4244e4+62484]
	(No symbol) [0x0x262133]
	(No symbol) [0x0x2aa8fe]
	(No symbol) [0x0x2aac9b]
	(No symbol) [0x0x2f3052]
	(No symbol) [0x0x2cf4b4]
	(No symbol) [0x0x2f087a]
	(No symbol) [0x0x2cf266]
	(No symbol) [0x0x29e852]
	(No symbol) [0x0x29f6f4]
	GetHandleVerifier [0x0x694793+2619075]
	GetHandleVerifier [0x0x68fbaa+2599642]
	GetHandleVerifier [0x0x44b04a+221050]
	GetHandleVerifier [0x0x43b2c8+156152]
	GetHandleVerifier [0x0x441c7d+183213]
	GetHandleVerifier [0x0x42c388+94904]
	GetHandleVerifier [0x0x42c512+95298]
	GetHandleVerifier [0x0x41766a+9626]
	BaseThreadInitThunk [0x0x768ffcc9+25]
	RtlGetAppContainerNamedObjectPath [0x0x771582ae+286]
	RtlGetAppContainerNamedObjectPath [0x0x7715827e+238]

2025-07-22 12:45:55,442 - property_scraper - ERROR - Failed to select district: मुंबई
2025-07-22 12:45:56,746 - property_scraper - INFO - Looking for available tasks...
2025-07-22 12:45:56,746 - property_scraper - INFO - Continuing with previous task: 1996_मुंबई_Mumbai_नाहूर_4
2025-07-22 12:45:56,747 - property_scraper - INFO - Found available task: 1996_मुंबई_Mumbai_नाहूर_4
2025-07-22 12:45:56,747 - property_scraper - INFO - Selecting '1996' from dropdown 'year'
2025-07-22 12:45:56,895 - property_scraper - INFO - Saved screenshot before dropdown interaction: dropdown_debug/before_year_1753168556.png
2025-07-22 12:46:11,430 - uc - INFO - ensuring close
